Read1 before filtering:
total reads: 1324354
total bases: 98250053
Q20 bases: 95395487(97.0946%)
Q30 bases: 94014761(95.6893%)

Read2 before filtering:
total reads: 1324354
total bases: 97240600
Q20 bases: 92845243(95.4799%)
Q30 bases: 89927726(92.4796%)

Read1 after filtering:
total reads: 1323193
total bases: 98056835
Q20 bases: 95219352(97.1063%)
Q30 bases: 93845093(95.7048%)

Read2 after filtering:
total reads: 1323193
total bases: 97055216
Q20 bases: 92693044(95.5055%)
Q30 bases: 89787356(92.5116%)

Filtering result:
reads passed filter: 2646386
reads failed due to low quality: 2200
reads failed due to too many N: 122
reads failed due to too short: 0
reads with adapter trimmed: 60010
bases trimmed due to adapters: 240891

Duplication rate: 4.39867%

Insert size peak (evaluated by paired-end reads): 116

JSON report: /home/zhou/raid/IO_RNA/PHS003284/fq/SRR5634698_fastp.json
HTML report: /home/zhou/raid/IO_RNA/PHS003284/fq/SRR5634698_fastp.html

/home/circrna/miniconda3/bin/fastp -i /home/zhou/raid/ncbi/dbGaP-24835/RNA_phs003284/raw/SRR5634698_1.fastq.gz -I /home/zhou/raid/ncbi/dbGaP-24835/RNA_phs003284/raw/SRR5634698_2.fastq.gz -o /home/zhou/raid/IO_RNA/PHS003284/fq/SRR5634698_1.fastq.gz -O /home/zhou/raid/IO_RNA/PHS003284/fq/SRR5634698_2.fastq.gz -j /home/zhou/raid/IO_RNA/PHS003284/fq/SRR5634698_fastp.json -h /home/zhou/raid/IO_RNA/PHS003284/fq/SRR5634698_fastp.html -w 8 
fastp v0.23.4, time used: 7 seconds
Read1 before filtering:
total reads: 1455818
total bases: 108789881
Q20 bases: 106447115(97.8465%)
Q30 bases: 105267121(96.7619%)

Read2 before filtering:
total reads: 1455818
total bases: 107886062
Q20 bases: 103541750(95.9732%)
Q30 bases: 101480714(94.0629%)

Read1 after filtering:
total reads: 1454317
total bases: 108590081
Q20 bases: 106265552(97.8594%)
Q30 bases: 105092173(96.7788%)

Read2 after filtering:
total reads: 1454317
total bases: 107702401
Q20 bases: 103397368(96.0028%)
Q30 bases: 101344962(94.0972%)

Filtering result:
reads passed filter: 2908634
reads failed due to low quality: 2854
reads failed due to too many N: 148
reads failed due to too short: 0
reads with adapter trimmed: 51630
bases trimmed due to adapters: 200657

Duplication rate: 3.9542%

Insert size peak (evaluated by paired-end reads): 117

JSON report: /home/zhou/raid/IO_RNA/PHS003284/fq/SRR5634706_fastp.json
HTML report: /home/zhou/raid/IO_RNA/PHS003284/fq/SRR5634706_fastp.html

/home/circrna/miniconda3/bin/fastp -i /home/zhou/raid/ncbi/dbGaP-24835/RNA_phs003284/raw/SRR5634706_1.fastq.gz -I /home/zhou/raid/ncbi/dbGaP-24835/RNA_phs003284/raw/SRR5634706_2.fastq.gz -o /home/zhou/raid/IO_RNA/PHS003284/fq/SRR5634706_1.fastq.gz -O /home/zhou/raid/IO_RNA/PHS003284/fq/SRR5634706_2.fastq.gz -j /home/zhou/raid/IO_RNA/PHS003284/fq/SRR5634706_fastp.json -h /home/zhou/raid/IO_RNA/PHS003284/fq/SRR5634706_fastp.html -w 8 
fastp v0.23.4, time used: 6 seconds
Read1 before filtering:
total reads: 896320
total bases: 64906542
Q20 bases: 63866791(98.3981%)
Q30 bases: 63177671(97.3364%)

Read2 before filtering:
total reads: 896320
total bases: 64497014
Q20 bases: 62266529(96.5417%)
Q30 bases: 60930332(94.47%)

Read1 after filtering:
total reads: 895634
total bases: 64665104
Q20 bases: 63637702(98.4112%)
Q30 bases: 62956411(97.3576%)

Read2 after filtering:
total reads: 895634
total bases: 64249492
Q20 bases: 62045017(96.5689%)
Q30 bases: 60722416(94.5103%)

Filtering result:
reads passed filter: 1791268
reads failed due to low quality: 1318
reads failed due to too many N: 54
reads failed due to too short: 0
reads with adapter trimmed: 104088
bases trimmed due to adapters: 408571

Duplication rate: 10.9331%

Insert size peak (evaluated by paired-end reads): 76

JSON report: /home/zhou/raid/IO_RNA/PHS003284/fq/SRR5634648_fastp.json
HTML report: /home/zhou/raid/IO_RNA/PHS003284/fq/SRR5634648_fastp.html

/home/circrna/miniconda3/bin/fastp -i /home/zhou/raid/ncbi/dbGaP-24835/RNA_phs003284/raw/SRR5634648_1.fastq.gz -I /home/zhou/raid/ncbi/dbGaP-24835/RNA_phs003284/raw/SRR5634648_2.fastq.gz -o /home/zhou/raid/IO_RNA/PHS003284/fq/SRR5634648_1.fastq.gz -O /home/zhou/raid/IO_RNA/PHS003284/fq/SRR5634648_2.fastq.gz -j /home/zhou/raid/IO_RNA/PHS003284/fq/SRR5634648_fastp.json -h /home/zhou/raid/IO_RNA/PHS003284/fq/SRR5634648_fastp.html -w 8 
fastp v0.23.4, time used: 4 seconds
Read1 before filtering:
total reads: 872072
total bases: 64891406
Q20 bases: 63467023(97.805%)
Q30 bases: 62745751(96.6935%)

Read2 before filtering:
total reads: 872072
total bases: 64331936
Q20 bases: 61461013(95.5373%)
Q30 bases: 60126330(93.4626%)

Read1 after filtering:
total reads: 871238
total bases: 64781026
Q20 bases: 63366664(97.8167%)
Q30 bases: 62648960(96.7088%)

Read2 after filtering:
total reads: 871238
total bases: 64227183
Q20 bases: 61379058(95.5655%)
Q30 bases: 60049253(93.4951%)

Filtering result:
reads passed filter: 1742476
reads failed due to low quality: 1574
reads failed due to too many N: 94
reads failed due to too short: 0
reads with adapter trimmed: 33394
bases trimmed due to adapters: 114206

Duplication rate: 26.3481%

Insert size peak (evaluated by paired-end reads): 118

JSON report: /home/zhou/raid/IO_RNA/PHS003284/fq/SRR5634659_fastp.json
HTML report: /home/zhou/raid/IO_RNA/PHS003284/fq/SRR5634659_fastp.html

/home/circrna/miniconda3/bin/fastp -i /home/zhou/raid/ncbi/dbGaP-24835/RNA_phs003284/raw/SRR5634659_1.fastq.gz -I /home/zhou/raid/ncbi/dbGaP-24835/RNA_phs003284/raw/SRR5634659_2.fastq.gz -o /home/zhou/raid/IO_RNA/PHS003284/fq/SRR5634659_1.fastq.gz -O /home/zhou/raid/IO_RNA/PHS003284/fq/SRR5634659_2.fastq.gz -j /home/zhou/raid/IO_RNA/PHS003284/fq/SRR5634659_fastp.json -h /home/zhou/raid/IO_RNA/PHS003284/fq/SRR5634659_fastp.html -w 8 
fastp v0.23.4, time used: 5 seconds
Read1 before filtering:
total reads: 1236399
total bases: 91521096
Q20 bases: 89467410(97.7561%)
Q30 bases: 88433230(96.6261%)

Read2 before filtering:
total reads: 1236399
total bases: 90661110
Q20 bases: 86541462(95.456%)
Q30 bases: 84661224(93.3821%)

Read1 after filtering:
total reads: 1234695
total bases: 91303372
Q20 bases: 89270017(97.773%)
Q30 bases: 88243470(96.6486%)

Read2 after filtering:
total reads: 1234695
total bases: 90456476
Q20 bases: 86382909(95.4967%)
Q30 bases: 84512783(93.4292%)

Filtering result:
reads passed filter: 2469390
reads failed due to low quality: 3276
reads failed due to too many N: 132
reads failed due to too short: 0
reads with adapter trimmed: 65484
bases trimmed due to adapters: 216766

Duplication rate: 12.6678%

Insert size peak (evaluated by paired-end reads): 85

JSON report: /home/zhou/raid/IO_RNA/PHS003284/fq/SRR5634710_fastp.json
HTML report: /home/zhou/raid/IO_RNA/PHS003284/fq/SRR5634710_fastp.html

/home/circrna/miniconda3/bin/fastp -i /home/zhou/raid/ncbi/dbGaP-24835/RNA_phs003284/raw/SRR5634710_1.fastq.gz -I /home/zhou/raid/ncbi/dbGaP-24835/RNA_phs003284/raw/SRR5634710_2.fastq.gz -o /home/zhou/raid/IO_RNA/PHS003284/fq/SRR5634710_1.fastq.gz -O /home/zhou/raid/IO_RNA/PHS003284/fq/SRR5634710_2.fastq.gz -j /home/zhou/raid/IO_RNA/PHS003284/fq/SRR5634710_fastp.json -h /home/zhou/raid/IO_RNA/PHS003284/fq/SRR5634710_fastp.html -w 8 
fastp v0.23.4, time used: 6 seconds
Read1 before filtering:
total reads: 859847
total bases: 64005738
Q20 bases: 62648223(97.8791%)
Q30 bases: 61965944(96.8131%)

Read2 before filtering:
total reads: 859847
total bases: 63524682
Q20 bases: 60916030(95.8935%)
Q30 bases: 59697821(93.9758%)

Read1 after filtering:
total reads: 858978
total bases: 63880684
Q20 bases: 62534573(97.8928%)
Q30 bases: 61856412(96.8312%)

Read2 after filtering:
total reads: 858978
total bases: 63405223
Q20 bases: 60821898(95.9257%)
Q30 bases: 59609526(94.0136%)

Filtering result:
reads passed filter: 1717956
reads failed due to low quality: 1646
reads failed due to too many N: 92
reads failed due to too short: 0
reads with adapter trimmed: 45980
bases trimmed due to adapters: 140058

Duplication rate: 30.681%

Insert size peak (evaluated by paired-end reads): 97

JSON report: /home/zhou/raid/IO_RNA/PHS003284/fq/SRR5634707_fastp.json
HTML report: /home/zhou/raid/IO_RNA/PHS003284/fq/SRR5634707_fastp.html

/home/circrna/miniconda3/bin/fastp -i /home/zhou/raid/ncbi/dbGaP-24835/RNA_phs003284/raw/SRR5634707_1.fastq.gz -I /home/zhou/raid/ncbi/dbGaP-24835/RNA_phs003284/raw/SRR5634707_2.fastq.gz -o /home/zhou/raid/IO_RNA/PHS003284/fq/SRR5634707_1.fastq.gz -O /home/zhou/raid/IO_RNA/PHS003284/fq/SRR5634707_2.fastq.gz -j /home/zhou/raid/IO_RNA/PHS003284/fq/SRR5634707_fastp.json -h /home/zhou/raid/IO_RNA/PHS003284/fq/SRR5634707_fastp.html -w 8 
fastp v0.23.4, time used: 6 seconds
Read1 before filtering:
total reads: 1587467
total bases: 117452068
Q20 bases: 114853390(97.7875%)
Q30 bases: 113531860(96.6623%)

Read2 before filtering:
total reads: 1587467
total bases: 116462114
Q20 bases: 111442714(95.6901%)
Q30 bases: 109091800(93.6715%)

Read1 after filtering:
total reads: 1585984
total bases: 117210581
Q20 bases: 114631325(97.7995%)
Q30 bases: 113316877(96.678%)

Read2 after filtering:
total reads: 1585984
total bases: 116230744
Q20 bases: 111253979(95.7182%)
Q30 bases: 108913575(93.7046%)

Filtering result:
reads passed filter: 3171968
reads failed due to low quality: 2796
reads failed due to too many N: 170
reads failed due to too short: 0
reads with adapter trimmed: 75730
bases trimmed due to adapters: 293863

Duplication rate: 2.81518%

Insert size peak (evaluated by paired-end reads): 92

JSON report: /home/zhou/raid/IO_RNA/PHS003284/fq/SRR5634654_fastp.json
HTML report: /home/zhou/raid/IO_RNA/PHS003284/fq/SRR5634654_fastp.html

/home/circrna/miniconda3/bin/fastp -i /home/zhou/raid/ncbi/dbGaP-24835/RNA_phs003284/raw/SRR5634654_1.fastq.gz -I /home/zhou/raid/ncbi/dbGaP-24835/RNA_phs003284/raw/SRR5634654_2.fastq.gz -o /home/zhou/raid/IO_RNA/PHS003284/fq/SRR5634654_1.fastq.gz -O /home/zhou/raid/IO_RNA/PHS003284/fq/SRR5634654_2.fastq.gz -j /home/zhou/raid/IO_RNA/PHS003284/fq/SRR5634654_fastp.json -h /home/zhou/raid/IO_RNA/PHS003284/fq/SRR5634654_fastp.html -w 8 
fastp v0.23.4, time used: 6 seconds
Read1 before filtering:
total reads: 1707087
total bases: 127189998
Q20 bases: 124304743(97.7315%)
Q30 bases: 122836175(96.5769%)

Read2 before filtering:
total reads: 1707087
total bases: 125864374
Q20 bases: 119961923(95.3105%)
Q30 bases: 117257150(93.1615%)

Read1 after filtering:
total reads: 1704840
total bases: 126913422
Q20 bases: 124054223(97.7471%)
Q30 bases: 122594828(96.5972%)

Read2 after filtering:
total reads: 1704840
total bases: 125616786
Q20 bases: 119771807(95.347%)
Q30 bases: 117078971(93.2033%)

Filtering result:
reads passed filter: 3409680
reads failed due to low quality: 4328
reads failed due to too many N: 166
reads failed due to too short: 0
reads with adapter trimmed: 65220
bases trimmed due to adapters: 252029

Duplication rate: 2.84075%

Insert size peak (evaluated by paired-end reads): 117

JSON report: /home/zhou/raid/IO_RNA/PHS003284/fq/SRR5634702_fastp.json
HTML report: /home/zhou/raid/IO_RNA/PHS003284/fq/SRR5634702_fastp.html

/home/circrna/miniconda3/bin/fastp -i /home/zhou/raid/ncbi/dbGaP-24835/RNA_phs003284/raw/SRR5634702_1.fastq.gz -I /home/zhou/raid/ncbi/dbGaP-24835/RNA_phs003284/raw/SRR5634702_2.fastq.gz -o /home/zhou/raid/IO_RNA/PHS003284/fq/SRR5634702_1.fastq.gz -O /home/zhou/raid/IO_RNA/PHS003284/fq/SRR5634702_2.fastq.gz -j /home/zhou/raid/IO_RNA/PHS003284/fq/SRR5634702_fastp.json -h /home/zhou/raid/IO_RNA/PHS003284/fq/SRR5634702_fastp.html -w 8 
fastp v0.23.4, time used: 8 seconds
Read1 before filtering:
total reads: 1563107
total bases: 116672532
Q20 bases: 114213248(97.8921%)
Q30 bases: 112963489(96.821%)

Read2 before filtering:
total reads: 1563107
total bases: 115804230
Q20 bases: 111215901(96.0379%)
Q30 bases: 109021183(94.1427%)

Read1 after filtering:
total reads: 1561668
total bases: 116478079
Q20 bases: 114036362(97.9037%)
Q30 bases: 112792792(96.8361%)

Read2 after filtering:
total reads: 1561668
total bases: 115622480
Q20 bases: 111071247(96.0637%)
Q30 bases: 108884956(94.1728%)

Filtering result:
reads passed filter: 3123336
reads failed due to low quality: 2684
reads failed due to too many N: 194
reads failed due to too short: 0
reads with adapter trimmed: 51852
bases trimmed due to adapters: 200852

Duplication rate: 7.2814%

Insert size peak (evaluated by paired-end reads): 109

JSON report: /home/zhou/raid/IO_RNA/PHS003284/fq/SRR5634647_fastp.json
HTML report: /home/zhou/raid/IO_RNA/PHS003284/fq/SRR5634647_fastp.html

/home/circrna/miniconda3/bin/fastp -i /home/zhou/raid/ncbi/dbGaP-24835/RNA_phs003284/raw/SRR5634647_1.fastq.gz -I /home/zhou/raid/ncbi/dbGaP-24835/RNA_phs003284/raw/SRR5634647_2.fastq.gz -o /home/zhou/raid/IO_RNA/PHS003284/fq/SRR5634647_1.fastq.gz -O /home/zhou/raid/IO_RNA/PHS003284/fq/SRR5634647_2.fastq.gz -j /home/zhou/raid/IO_RNA/PHS003284/fq/SRR5634647_fastp.json -h /home/zhou/raid/IO_RNA/PHS003284/fq/SRR5634647_fastp.html -w 8 
fastp v0.23.4, time used: 7 seconds
Read1 before filtering:
total reads: 1514490
total bases: 113471431
Q20 bases: 112064553(98.7601%)
Q30 bases: 110977842(97.8025%)

Read2 before filtering:
total reads: 1514490
total bases: 112476646
Q20 bases: 108183769(96.1833%)
Q30 bases: 105476982(93.7768%)

Read1 after filtering:
total reads: 1513153
total bases: 113253750
Q20 bases: 111863236(98.7722%)
Q30 bases: 110785442(97.8206%)

Read2 after filtering:
total reads: 1513153
total bases: 112278074
Q20 bases: 108021491(96.2089%)
Q30 bases: 105328222(93.8101%)

Filtering result:
reads passed filter: 3026306
reads failed due to low quality: 2578
reads failed due to too many N: 96
reads failed due to too short: 0
reads with adapter trimmed: 65938
bases trimmed due to adapters: 256869

Duplication rate: 3.09358%

Insert size peak (evaluated by paired-end reads): 106

JSON report: /home/zhou/raid/IO_RNA/PHS003284/fq/SRR5634655_fastp.json
HTML report: /home/zhou/raid/IO_RNA/PHS003284/fq/SRR5634655_fastp.html

/home/circrna/miniconda3/bin/fastp -i /home/zhou/raid/ncbi/dbGaP-24835/RNA_phs003284/raw/SRR5634655_1.fastq.gz -I /home/zhou/raid/ncbi/dbGaP-24835/RNA_phs003284/raw/SRR5634655_2.fastq.gz -o /home/zhou/raid/IO_RNA/PHS003284/fq/SRR5634655_1.fastq.gz -O /home/zhou/raid/IO_RNA/PHS003284/fq/SRR5634655_2.fastq.gz -j /home/zhou/raid/IO_RNA/PHS003284/fq/SRR5634655_fastp.json -h /home/zhou/raid/IO_RNA/PHS003284/fq/SRR5634655_fastp.html -w 8 
fastp v0.23.4, time used: 7 seconds
Read1 before filtering:
total reads: 2936137
total bases: 219509414
Q20 bases: 214737437(97.8261%)
Q30 bases: 212322186(96.7258%)

Read2 before filtering:
total reads: 2936137
total bases: 217746792
Q20 bases: 208755067(95.8706%)
Q30 bases: 204510024(93.921%)

Read1 after filtering:
total reads: 2933302
total bases: 219110841
Q20 bases: 214373942(97.8381%)
Q30 bases: 211971210(96.7415%)

Read2 after filtering:
total reads: 2933302
total bases: 217375931
Q20 bases: 208461772(95.8992%)
Q30 bases: 204234070(93.9543%)

Filtering result:
reads passed filter: 5866604
reads failed due to low quality: 5330
reads failed due to too many N: 340
reads failed due to too short: 0
reads with adapter trimmed: 107566
bases trimmed due to adapters: 424430

Duplication rate: 5.81053%

Insert size peak (evaluated by paired-end reads): 117

JSON report: /home/zhou/raid/IO_RNA/PHS003284/fq/SRR5634653_fastp.json
HTML report: /home/zhou/raid/IO_RNA/PHS003284/fq/SRR5634653_fastp.html

/home/circrna/miniconda3/bin/fastp -i /home/zhou/raid/ncbi/dbGaP-24835/RNA_phs003284/raw/SRR5634653_1.fastq.gz -I /home/zhou/raid/ncbi/dbGaP-24835/RNA_phs003284/raw/SRR5634653_2.fastq.gz -o /home/zhou/raid/IO_RNA/PHS003284/fq/SRR5634653_1.fastq.gz -O /home/zhou/raid/IO_RNA/PHS003284/fq/SRR5634653_2.fastq.gz -j /home/zhou/raid/IO_RNA/PHS003284/fq/SRR5634653_fastp.json -h /home/zhou/raid/IO_RNA/PHS003284/fq/SRR5634653_fastp.html -w 8 
fastp v0.23.4, time used: 11 seconds
Read1 before filtering:
total reads: 1960604
total bases: 146374535
Q20 bases: 144232561(98.5366%)
Q30 bases: 143257147(97.8703%)

Read2 before filtering:
total reads: 1960604
total bases: 145613454
Q20 bases: 141620338(97.2577%)
Q30 bases: 139540676(95.8295%)

Read1 after filtering:
total reads: 1959189
total bases: 146267407
Q20 bases: 144140637(98.546%)
Q30 bases: 143169039(97.8817%)

Read2 after filtering:
total reads: 1959189
total bases: 145521372
Q20 bases: 141562880(97.2798%)
Q30 bases: 139488036(95.854%)

Filtering result:
reads passed filter: 3918378
reads failed due to low quality: 2700
reads failed due to too many N: 130
reads failed due to too short: 0
reads with adapter trimmed: 6994
bases trimmed due to adapters: 25543

Duplication rate: 3.67116%

Insert size peak (evaluated by paired-end reads): 107

JSON report: /home/zhou/raid/IO_RNA/PHS003284/fq/SRR5634696_fastp.json
HTML report: /home/zhou/raid/IO_RNA/PHS003284/fq/SRR5634696_fastp.html

/home/circrna/miniconda3/bin/fastp -i /home/zhou/raid/ncbi/dbGaP-24835/RNA_phs003284/raw/SRR5634696_1.fastq.gz -I /home/zhou/raid/ncbi/dbGaP-24835/RNA_phs003284/raw/SRR5634696_2.fastq.gz -o /home/zhou/raid/IO_RNA/PHS003284/fq/SRR5634696_1.fastq.gz -O /home/zhou/raid/IO_RNA/PHS003284/fq/SRR5634696_2.fastq.gz -j /home/zhou/raid/IO_RNA/PHS003284/fq/SRR5634696_fastp.json -h /home/zhou/raid/IO_RNA/PHS003284/fq/SRR5634696_fastp.html -w 8 
fastp v0.23.4, time used: 9 seconds
Read1 before filtering:
total reads: 460644
total bases: 32904965
Q20 bases: 32397164(98.4568%)
Q30 bases: 32044502(97.385%)

Read2 before filtering:
total reads: 460644
total bases: 32693717
Q20 bases: 31450508(96.1974%)
Q30 bases: 30639348(93.7163%)

Read1 after filtering:
total reads: 460266
total bases: 32756222
Q20 bases: 32255996(98.4729%)
Q30 bases: 31908196(97.4111%)

Read2 after filtering:
total reads: 460266
total bases: 32539853
Q20 bases: 31312912(96.2294%)
Q30 bases: 30512550(93.7698%)

Filtering result:
reads passed filter: 920532
reads failed due to low quality: 738
reads failed due to too many N: 18
reads failed due to too short: 0
reads with adapter trimmed: 64626
bases trimmed due to adapters: 259520

Duplication rate: 5.75477%

Insert size peak (evaluated by paired-end reads): 76

JSON report: /home/zhou/raid/IO_RNA/PHS003284/fq/SRR5634650_fastp.json
HTML report: /home/zhou/raid/IO_RNA/PHS003284/fq/SRR5634650_fastp.html

/home/circrna/miniconda3/bin/fastp -i /home/zhou/raid/ncbi/dbGaP-24835/RNA_phs003284/raw/SRR5634650_1.fastq.gz -I /home/zhou/raid/ncbi/dbGaP-24835/RNA_phs003284/raw/SRR5634650_2.fastq.gz -o /home/zhou/raid/IO_RNA/PHS003284/fq/SRR5634650_1.fastq.gz -O /home/zhou/raid/IO_RNA/PHS003284/fq/SRR5634650_2.fastq.gz -j /home/zhou/raid/IO_RNA/PHS003284/fq/SRR5634650_fastp.json -h /home/zhou/raid/IO_RNA/PHS003284/fq/SRR5634650_fastp.html -w 8 
fastp v0.23.4, time used: 3 seconds
Read1 before filtering:
total reads: 1305892
total bases: 97087170
Q20 bases: 94935722(97.784%)
Q30 bases: 93846686(96.6623%)

Read2 before filtering:
total reads: 1305892
total bases: 96279897
Q20 bases: 92085022(95.643%)
Q30 bases: 90126892(93.6093%)

Read1 after filtering:
total reads: 1304603
total bases: 96893230
Q20 bases: 94758880(97.7972%)
Q30 bases: 93675944(96.6796%)

Read2 after filtering:
total reads: 1304603
total bases: 96095296
Q20 bases: 91937141(95.6729%)
Q30 bases: 89987502(93.644%)

Filtering result:
reads passed filter: 2609206
reads failed due to low quality: 2454
reads failed due to too many N: 124
reads failed due to too short: 0
reads with adapter trimmed: 55544
bases trimmed due to adapters: 221395

Duplication rate: 3.73637%

Insert size peak (evaluated by paired-end reads): 107

JSON report: /home/zhou/raid/IO_RNA/PHS003284/fq/SRR5634657_fastp.json
HTML report: /home/zhou/raid/IO_RNA/PHS003284/fq/SRR5634657_fastp.html

/home/circrna/miniconda3/bin/fastp -i /home/zhou/raid/ncbi/dbGaP-24835/RNA_phs003284/raw/SRR5634657_1.fastq.gz -I /home/zhou/raid/ncbi/dbGaP-24835/RNA_phs003284/raw/SRR5634657_2.fastq.gz -o /home/zhou/raid/IO_RNA/PHS003284/fq/SRR5634657_1.fastq.gz -O /home/zhou/raid/IO_RNA/PHS003284/fq/SRR5634657_2.fastq.gz -j /home/zhou/raid/IO_RNA/PHS003284/fq/SRR5634657_fastp.json -h /home/zhou/raid/IO_RNA/PHS003284/fq/SRR5634657_fastp.html -w 8 
fastp v0.23.4, time used: 7 seconds
Read1 before filtering:
total reads: 1384219
total bases: 102828412
Q20 bases: 101044277(98.2649%)
Q30 bases: 99731998(96.9888%)

Read2 before filtering:
total reads: 1384219
total bases: 101236611
Q20 bases: 96093965(94.9202%)
Q30 bases: 92140645(91.0151%)

Read1 after filtering:
total reads: 1383082
total bases: 102590395
Q20 bases: 100823349(98.2776%)
Q30 bases: 99521425(97.0085%)

Read2 after filtering:
total reads: 1383082
total bases: 101009526
Q20 bases: 95900607(94.9421%)
Q30 bases: 91963413(91.0443%)

Filtering result:
reads passed filter: 2766164
reads failed due to low quality: 2224
reads failed due to too many N: 50
reads failed due to too short: 0
reads with adapter trimmed: 82502
bases trimmed due to adapters: 332661

Duplication rate: 3.19848%

Insert size peak (evaluated by paired-end reads): 92

JSON report: /home/zhou/raid/IO_RNA/PHS003284/fq/SRR5634709_fastp.json
HTML report: /home/zhou/raid/IO_RNA/PHS003284/fq/SRR5634709_fastp.html

/home/circrna/miniconda3/bin/fastp -i /home/zhou/raid/ncbi/dbGaP-24835/RNA_phs003284/raw/SRR5634709_1.fastq.gz -I /home/zhou/raid/ncbi/dbGaP-24835/RNA_phs003284/raw/SRR5634709_2.fastq.gz -o /home/zhou/raid/IO_RNA/PHS003284/fq/SRR5634709_1.fastq.gz -O /home/zhou/raid/IO_RNA/PHS003284/fq/SRR5634709_2.fastq.gz -j /home/zhou/raid/IO_RNA/PHS003284/fq/SRR5634709_fastp.json -h /home/zhou/raid/IO_RNA/PHS003284/fq/SRR5634709_fastp.html -w 8 
fastp v0.23.4, time used: 6 seconds
Read1 before filtering:
total reads: 853642
total bases: 64108976
Q20 bases: 62558692(97.5818%)
Q30 bases: 61752231(96.3238%)

Read2 before filtering:
total reads: 853642
total bases: 63110491
Q20 bases: 59186686(93.7826%)
Q30 bases: 57497713(91.1064%)

Read1 after filtering:
total reads: 852063
total bases: 63977729
Q20 bases: 62443533(97.602%)
Q30 bases: 61642772(96.3504%)

Read2 after filtering:
total reads: 852063
total bases: 63006469
Q20 bases: 59118728(93.8296%)
Q30 bases: 57435279(91.1577%)

Filtering result:
reads passed filter: 1704126
reads failed due to low quality: 3090
reads failed due to too many N: 68
reads failed due to too short: 0
reads with adapter trimmed: 14568
bases trimmed due to adapters: 43496

Duplication rate: 23.693%

Insert size peak (evaluated by paired-end reads): 97

JSON report: /home/zhou/raid/IO_RNA/PHS003284/fq/SRR5634656_fastp.json
HTML report: /home/zhou/raid/IO_RNA/PHS003284/fq/SRR5634656_fastp.html

/home/circrna/miniconda3/bin/fastp -i /home/zhou/raid/ncbi/dbGaP-24835/RNA_phs003284/raw/SRR5634656_1.fastq.gz -I /home/zhou/raid/ncbi/dbGaP-24835/RNA_phs003284/raw/SRR5634656_2.fastq.gz -o /home/zhou/raid/IO_RNA/PHS003284/fq/SRR5634656_1.fastq.gz -O /home/zhou/raid/IO_RNA/PHS003284/fq/SRR5634656_2.fastq.gz -j /home/zhou/raid/IO_RNA/PHS003284/fq/SRR5634656_fastp.json -h /home/zhou/raid/IO_RNA/PHS003284/fq/SRR5634656_fastp.html -w 8 
fastp v0.23.4, time used: 5 seconds
Read1 before filtering:
total reads: 1363381
total bases: 101200422
Q20 bases: 99971367(98.7855%)
Q30 bases: 99026586(97.8519%)

Read2 before filtering:
total reads: 1363381
total bases: 100540657
Q20 bases: 97102961(96.5808%)
Q30 bases: 94787136(94.2774%)

Read1 after filtering:
total reads: 1362394
total bases: 100936538
Q20 bases: 99722397(98.7971%)
Q30 bases: 98786911(97.8703%)

Read2 after filtering:
total reads: 1362394
total bases: 100277379
Q20 bases: 96874908(96.6069%)
Q30 bases: 94578349(94.3167%)

Filtering result:
reads passed filter: 2724788
reads failed due to low quality: 1904
reads failed due to too many N: 70
reads failed due to too short: 0
reads with adapter trimmed: 102408
bases trimmed due to adapters: 410495

Duplication rate: 7.76775%

Insert size peak (evaluated by paired-end reads): 111

JSON report: /home/zhou/raid/IO_RNA/PHS003284/fq/SRR5634700_fastp.json
HTML report: /home/zhou/raid/IO_RNA/PHS003284/fq/SRR5634700_fastp.html

/home/circrna/miniconda3/bin/fastp -i /home/zhou/raid/ncbi/dbGaP-24835/RNA_phs003284/raw/SRR5634700_1.fastq.gz -I /home/zhou/raid/ncbi/dbGaP-24835/RNA_phs003284/raw/SRR5634700_2.fastq.gz -o /home/zhou/raid/IO_RNA/PHS003284/fq/SRR5634700_1.fastq.gz -O /home/zhou/raid/IO_RNA/PHS003284/fq/SRR5634700_2.fastq.gz -j /home/zhou/raid/IO_RNA/PHS003284/fq/SRR5634700_fastp.json -h /home/zhou/raid/IO_RNA/PHS003284/fq/SRR5634700_fastp.html -w 8 
fastp v0.23.4, time used: 6 seconds
Read1 before filtering:
total reads: 1336698
total bases: 96727716
Q20 bases: 95453774(98.683%)
Q30 bases: 94478571(97.6748%)

Read2 before filtering:
total reads: 1336698
total bases: 96090642
Q20 bases: 92842468(96.6197%)
Q30 bases: 90688349(94.3779%)

Read1 after filtering:
total reads: 1335864
total bases: 96382762
Q20 bases: 95126119(98.6962%)
Q30 bases: 94162422(97.6963%)

Read2 after filtering:
total reads: 1335864
total bases: 95743118
Q20 bases: 92532066(96.6462%)
Q30 bases: 90400757(94.4201%)

Filtering result:
reads passed filter: 2671728
reads failed due to low quality: 1626
reads failed due to too many N: 42
reads failed due to too short: 0
reads with adapter trimmed: 147686
bases trimmed due to adapters: 595903

Duplication rate: 9.52414%

Insert size peak (evaluated by paired-end reads): 82

JSON report: /home/zhou/raid/IO_RNA/PHS003284/fq/SRR5634658_fastp.json
HTML report: /home/zhou/raid/IO_RNA/PHS003284/fq/SRR5634658_fastp.html

/home/circrna/miniconda3/bin/fastp -i /home/zhou/raid/ncbi/dbGaP-24835/RNA_phs003284/raw/SRR5634658_1.fastq.gz -I /home/zhou/raid/ncbi/dbGaP-24835/RNA_phs003284/raw/SRR5634658_2.fastq.gz -o /home/zhou/raid/IO_RNA/PHS003284/fq/SRR5634658_1.fastq.gz -O /home/zhou/raid/IO_RNA/PHS003284/fq/SRR5634658_2.fastq.gz -j /home/zhou/raid/IO_RNA/PHS003284/fq/SRR5634658_fastp.json -h /home/zhou/raid/IO_RNA/PHS003284/fq/SRR5634658_fastp.html -w 8 
fastp v0.23.4, time used: 6 seconds
Read1 before filtering:
total reads: 1484456
total bases: 110266786
Q20 bases: 108763180(98.6364%)
Q30 bases: 107602724(97.584%)

Read2 before filtering:
total reads: 1484456
total bases: 109197575
Q20 bases: 104674332(95.8577%)
Q30 bases: 101865932(93.2859%)

Read1 after filtering:
total reads: 1483001
total bases: 109992518
Q20 bases: 108509398(98.6516%)
Q30 bases: 107360476(97.6071%)

Read2 after filtering:
total reads: 1483001
total bases: 108939712
Q20 bases: 104461494(95.8893%)
Q30 bases: 101673047(93.3296%)

Filtering result:
reads passed filter: 2966002
reads failed due to low quality: 2826
reads failed due to too many N: 84
reads failed due to too short: 0
reads with adapter trimmed: 88134
bases trimmed due to adapters: 359246

Duplication rate: 8.53215%

Insert size peak (evaluated by paired-end reads): 92

JSON report: /home/zhou/raid/IO_RNA/PHS003284/fq/SRR5634651_fastp.json
HTML report: /home/zhou/raid/IO_RNA/PHS003284/fq/SRR5634651_fastp.html

/home/circrna/miniconda3/bin/fastp -i /home/zhou/raid/ncbi/dbGaP-24835/RNA_phs003284/raw/SRR5634651_1.fastq.gz -I /home/zhou/raid/ncbi/dbGaP-24835/RNA_phs003284/raw/SRR5634651_2.fastq.gz -o /home/zhou/raid/IO_RNA/PHS003284/fq/SRR5634651_1.fastq.gz -O /home/zhou/raid/IO_RNA/PHS003284/fq/SRR5634651_2.fastq.gz -j /home/zhou/raid/IO_RNA/PHS003284/fq/SRR5634651_fastp.json -h /home/zhou/raid/IO_RNA/PHS003284/fq/SRR5634651_fastp.html -w 8 
fastp v0.23.4, time used: 7 seconds
Read1 before filtering:
total reads: 2233835
total bases: 165874439
Q20 bases: 162354055(97.8777%)
Q30 bases: 160554931(96.7931%)

Read2 before filtering:
total reads: 2233835
total bases: 164308874
Q20 bases: 156907145(95.4952%)
Q30 bases: 153498130(93.4205%)

Read1 after filtering:
total reads: 2231224
total bases: 165500550
Q20 bases: 162011978(97.8921%)
Q30 bases: 160224315(96.812%)

Read2 after filtering:
total reads: 2231224
total bases: 163959788
Q20 bases: 156628948(95.5289%)
Q30 bases: 153236080(93.4595%)

Filtering result:
reads passed filter: 4462448
reads failed due to low quality: 4978
reads failed due to too many N: 244
reads failed due to too short: 0
reads with adapter trimmed: 105350
bases trimmed due to adapters: 405204

Duplication rate: 3.84787%

Insert size peak (evaluated by paired-end reads): 109

JSON report: /home/zhou/raid/IO_RNA/PHS003284/fq/SRR5634697_fastp.json
HTML report: /home/zhou/raid/IO_RNA/PHS003284/fq/SRR5634697_fastp.html

/home/circrna/miniconda3/bin/fastp -i /home/zhou/raid/ncbi/dbGaP-24835/RNA_phs003284/raw/SRR5634697_1.fastq.gz -I /home/zhou/raid/ncbi/dbGaP-24835/RNA_phs003284/raw/SRR5634697_2.fastq.gz -o /home/zhou/raid/IO_RNA/PHS003284/fq/SRR5634697_1.fastq.gz -O /home/zhou/raid/IO_RNA/PHS003284/fq/SRR5634697_2.fastq.gz -j /home/zhou/raid/IO_RNA/PHS003284/fq/SRR5634697_fastp.json -h /home/zhou/raid/IO_RNA/PHS003284/fq/SRR5634697_fastp.html -w 8 
fastp v0.23.4, time used: 9 seconds
Read1 before filtering:
total reads: 6503877
total bases: 486909890
Q20 bases: 475997657(97.7589%)
Q30 bases: 470390587(96.6073%)

Read2 before filtering:
total reads: 6503877
total bases: 481623496
Q20 bases: 457989391(95.0928%)
Q30 bases: 447223371(92.8575%)

Read1 after filtering:
total reads: 6495768
total bases: 486027189
Q20 bases: 475206255(97.7736%)
Q30 bases: 469631551(96.6266%)

Read2 after filtering:
total reads: 6495768
total bases: 480853257
Q20 bases: 457417983(95.1263%)
Q30 bases: 446688388(92.8949%)

Filtering result:
reads passed filter: 12991536
reads failed due to low quality: 15508
reads failed due to too many N: 710
reads failed due to too short: 0
reads with adapter trimmed: 166642
bases trimmed due to adapters: 665502

Duplication rate: 3.75353%

Insert size peak (evaluated by paired-end reads): 118

JSON report: /home/zhou/raid/IO_RNA/PHS003284/fq/SRR5634705_fastp.json
HTML report: /home/zhou/raid/IO_RNA/PHS003284/fq/SRR5634705_fastp.html

/home/circrna/miniconda3/bin/fastp -i /home/zhou/raid/ncbi/dbGaP-24835/RNA_phs003284/raw/SRR5634705_1.fastq.gz -I /home/zhou/raid/ncbi/dbGaP-24835/RNA_phs003284/raw/SRR5634705_2.fastq.gz -o /home/zhou/raid/IO_RNA/PHS003284/fq/SRR5634705_1.fastq.gz -O /home/zhou/raid/IO_RNA/PHS003284/fq/SRR5634705_2.fastq.gz -j /home/zhou/raid/IO_RNA/PHS003284/fq/SRR5634705_fastp.json -h /home/zhou/raid/IO_RNA/PHS003284/fq/SRR5634705_fastp.html -w 8 
fastp v0.23.4, time used: 22 seconds
Read1 before filtering:
total reads: 1750874
total bases: 129671062
Q20 bases: 126901029(97.8638%)
Q30 bases: 125500687(96.7839%)

Read2 before filtering:
total reads: 1750874
total bases: 128629210
Q20 bases: 123525631(96.0323%)
Q30 bases: 121092553(94.1408%)

Read1 after filtering:
total reads: 1749095
total bases: 129358597
Q20 bases: 126611806(97.8766%)
Q30 bases: 125220172(96.8008%)

Read2 after filtering:
total reads: 1749095
total bases: 128329085
Q20 bases: 123276263(96.0626%)
Q30 bases: 120856663(94.1771%)

Filtering result:
reads passed filter: 3498190
reads failed due to low quality: 3360
reads failed due to too many N: 198
reads failed due to too short: 0
reads with adapter trimmed: 102626
bases trimmed due to adapters: 396917

Duplication rate: 5.80099%

Insert size peak (evaluated by paired-end reads): 99

JSON report: /home/zhou/raid/IO_RNA/PHS003284/fq/SRR5634701_fastp.json
HTML report: /home/zhou/raid/IO_RNA/PHS003284/fq/SRR5634701_fastp.html

/home/circrna/miniconda3/bin/fastp -i /home/zhou/raid/ncbi/dbGaP-24835/RNA_phs003284/raw/SRR5634701_1.fastq.gz -I /home/zhou/raid/ncbi/dbGaP-24835/RNA_phs003284/raw/SRR5634701_2.fastq.gz -o /home/zhou/raid/IO_RNA/PHS003284/fq/SRR5634701_1.fastq.gz -O /home/zhou/raid/IO_RNA/PHS003284/fq/SRR5634701_2.fastq.gz -j /home/zhou/raid/IO_RNA/PHS003284/fq/SRR5634701_fastp.json -h /home/zhou/raid/IO_RNA/PHS003284/fq/SRR5634701_fastp.html -w 8 
fastp v0.23.4, time used: 7 seconds
Read1 before filtering:
total reads: 1301934
total bases: 96470792
Q20 bases: 94200959(97.6471%)
Q30 bases: 93086493(96.4919%)

Read2 before filtering:
total reads: 1301934
total bases: 95524343
Q20 bases: 91011945(95.2762%)
Q30 bases: 88970383(93.139%)

Read1 after filtering:
total reads: 1300569
total bases: 96232574
Q20 bases: 93999019(97.679%)
Q30 bases: 92894523(96.5313%)

Read2 after filtering:
total reads: 1300569
total bases: 95267565
Q20 bases: 90824431(95.3362%)
Q30 bases: 88797854(93.2089%)

Filtering result:
reads passed filter: 2601138
reads failed due to low quality: 2590
reads failed due to too many N: 140
reads failed due to too short: 0
reads with adapter trimmed: 62850
bases trimmed due to adapters: 328104

Duplication rate: 5.16101%

Insert size peak (evaluated by paired-end reads): 76

JSON report: /home/zhou/raid/IO_RNA/PHS003284/fq/SRR5634649_fastp.json
HTML report: /home/zhou/raid/IO_RNA/PHS003284/fq/SRR5634649_fastp.html

/home/circrna/miniconda3/bin/fastp -i /home/zhou/raid/ncbi/dbGaP-24835/RNA_phs003284/raw/SRR5634649_1.fastq.gz -I /home/zhou/raid/ncbi/dbGaP-24835/RNA_phs003284/raw/SRR5634649_2.fastq.gz -o /home/zhou/raid/IO_RNA/PHS003284/fq/SRR5634649_1.fastq.gz -O /home/zhou/raid/IO_RNA/PHS003284/fq/SRR5634649_2.fastq.gz -j /home/zhou/raid/IO_RNA/PHS003284/fq/SRR5634649_fastp.json -h /home/zhou/raid/IO_RNA/PHS003284/fq/SRR5634649_fastp.html -w 8 
fastp v0.23.4, time used: 6 seconds
Read1 before filtering:
total reads: 1275639
total bases: 95154016
Q20 bases: 94046073(98.8356%)
Q30 bases: 93535015(98.2985%)

Read2 before filtering:
total reads: 1275639
total bases: 94529053
Q20 bases: 91636479(96.94%)
Q30 bases: 90417452(95.6504%)

Read1 after filtering:
total reads: 1274454
total bases: 95064101
Q20 bases: 93968654(98.8477%)
Q30 bases: 93461118(98.3138%)

Read2 after filtering:
total reads: 1274454
total bases: 94453792
Q20 bases: 91590410(96.9685%)
Q30 bases: 90374988(95.6817%)

Filtering result:
reads passed filter: 2548908
reads failed due to low quality: 2264
reads failed due to too many N: 106
reads failed due to too short: 0
reads with adapter trimmed: 5090
bases trimmed due to adapters: 19237

Duplication rate: 5.12355%

Insert size peak (evaluated by paired-end reads): 106

JSON report: /home/zhou/raid/IO_RNA/PHS003284/fq/SRR5634695_fastp.json
HTML report: /home/zhou/raid/IO_RNA/PHS003284/fq/SRR5634695_fastp.html

/home/circrna/miniconda3/bin/fastp -i /home/zhou/raid/ncbi/dbGaP-24835/RNA_phs003284/raw/SRR5634695_1.fastq.gz -I /home/zhou/raid/ncbi/dbGaP-24835/RNA_phs003284/raw/SRR5634695_2.fastq.gz -o /home/zhou/raid/IO_RNA/PHS003284/fq/SRR5634695_1.fastq.gz -O /home/zhou/raid/IO_RNA/PHS003284/fq/SRR5634695_2.fastq.gz -j /home/zhou/raid/IO_RNA/PHS003284/fq/SRR5634695_fastp.json -h /home/zhou/raid/IO_RNA/PHS003284/fq/SRR5634695_fastp.html -w 8 
fastp v0.23.4, time used: 6 seconds
Read1 before filtering:
total reads: 2255495
total bases: 167808889
Q20 bases: 165079575(98.3736%)
Q30 bases: 163318302(97.324%)

Read2 before filtering:
total reads: 2255495
total bases: 166326988
Q20 bases: 159547520(95.924%)
Q30 bases: 155727731(93.6275%)

Read1 after filtering:
total reads: 2253159
total bases: 167422521
Q20 bases: 164724940(98.3888%)
Q30 bases: 162979195(97.346%)

Read2 after filtering:
total reads: 2253159
total bases: 165964535
Q20 bases: 159252248(95.9556%)
Q30 bases: 155455040(93.6676%)

Filtering result:
reads passed filter: 4506318
reads failed due to low quality: 4518
reads failed due to too many N: 154
reads failed due to too short: 0
reads with adapter trimmed: 127190
bases trimmed due to adapters: 469927

Duplication rate: 21.423%

Insert size peak (evaluated by paired-end reads): 107

JSON report: /home/zhou/raid/IO_RNA/PHS003284/fq/SRR5634708_fastp.json
HTML report: /home/zhou/raid/IO_RNA/PHS003284/fq/SRR5634708_fastp.html

/home/circrna/miniconda3/bin/fastp -i /home/zhou/raid/ncbi/dbGaP-24835/RNA_phs003284/raw/SRR5634708_1.fastq.gz -I /home/zhou/raid/ncbi/dbGaP-24835/RNA_phs003284/raw/SRR5634708_2.fastq.gz -o /home/zhou/raid/IO_RNA/PHS003284/fq/SRR5634708_1.fastq.gz -O /home/zhou/raid/IO_RNA/PHS003284/fq/SRR5634708_2.fastq.gz -j /home/zhou/raid/IO_RNA/PHS003284/fq/SRR5634708_fastp.json -h /home/zhou/raid/IO_RNA/PHS003284/fq/SRR5634708_fastp.html -w 8 
fastp v0.23.4, time used: 9 seconds
Read1 before filtering:
total reads: 1467610
total bases: 109563408
Q20 bases: 108149162(98.7092%)
Q30 bases: 107060257(97.7153%)

Read2 before filtering:
total reads: 1467610
total bases: 108552134
Q20 bases: 104250501(96.0373%)
Q30 bases: 101597911(93.5937%)

Read1 after filtering:
total reads: 1466348
total bases: 109341284
Q20 bases: 107943093(98.7213%)
Q30 bases: 106863152(97.7336%)

Read2 after filtering:
total reads: 1466348
total bases: 108345809
Q20 bases: 104080301(96.0631%)
Q30 bases: 101441767(93.6278%)

Filtering result:
reads passed filter: 2932696
reads failed due to low quality: 2456
reads failed due to too many N: 68
reads failed due to too short: 0
reads with adapter trimmed: 69854
bases trimmed due to adapters: 278148

Duplication rate: 2.99248%

Insert size peak (evaluated by paired-end reads): 112

JSON report: /home/zhou/raid/IO_RNA/PHS003284/fq/SRR5634704_fastp.json
HTML report: /home/zhou/raid/IO_RNA/PHS003284/fq/SRR5634704_fastp.html

/home/circrna/miniconda3/bin/fastp -i /home/zhou/raid/ncbi/dbGaP-24835/RNA_phs003284/raw/SRR5634704_1.fastq.gz -I /home/zhou/raid/ncbi/dbGaP-24835/RNA_phs003284/raw/SRR5634704_2.fastq.gz -o /home/zhou/raid/IO_RNA/PHS003284/fq/SRR5634704_1.fastq.gz -O /home/zhou/raid/IO_RNA/PHS003284/fq/SRR5634704_2.fastq.gz -j /home/zhou/raid/IO_RNA/PHS003284/fq/SRR5634704_fastp.json -h /home/zhou/raid/IO_RNA/PHS003284/fq/SRR5634704_fastp.html -w 8 
fastp v0.23.4, time used: 7 seconds
Read1 before filtering:
total reads: 999908
total bases: 75153684
Q20 bases: 73049105(97.1996%)
Q30 bases: 71972937(95.7677%)

Read2 before filtering:
total reads: 999908
total bases: 74136553
Q20 bases: 69838594(94.2026%)
Q30 bases: 67919735(91.6144%)

Read1 after filtering:
total reads: 998182
total bases: 75010268
Q20 bases: 72923683(97.2183%)
Q30 bases: 71853743(95.7919%)

Read2 after filtering:
total reads: 998182
total bases: 74022866
Q20 bases: 69764786(94.2476%)
Q30 bases: 67851987(91.6636%)

Filtering result:
reads passed filter: 1996364
reads failed due to low quality: 3360
reads failed due to too many N: 92
reads failed due to too short: 0
reads with adapter trimmed: 13026
bases trimmed due to adapters: 47306

Duplication rate: 20.0058%

Insert size peak (evaluated by paired-end reads): 118

JSON report: /home/zhou/raid/IO_RNA/PHS003284/fq/SRR5634677_fastp.json
HTML report: /home/zhou/raid/IO_RNA/PHS003284/fq/SRR5634677_fastp.html

/home/circrna/miniconda3/bin/fastp -i /home/zhou/raid/ncbi/dbGaP-24835/RNA_phs003284/raw/SRR5634677_1.fastq.gz -I /home/zhou/raid/ncbi/dbGaP-24835/RNA_phs003284/raw/SRR5634677_2.fastq.gz -o /home/zhou/raid/IO_RNA/PHS003284/fq/SRR5634677_1.fastq.gz -O /home/zhou/raid/IO_RNA/PHS003284/fq/SRR5634677_2.fastq.gz -j /home/zhou/raid/IO_RNA/PHS003284/fq/SRR5634677_fastp.json -h /home/zhou/raid/IO_RNA/PHS003284/fq/SRR5634677_fastp.html -w 8 
fastp v0.23.4, time used: 5 seconds
Read1 before filtering:
total reads: 2075941
total bases: 155198056
Q20 bases: 151957274(97.9118%)
Q30 bases: 150285342(96.8346%)

Read2 before filtering:
total reads: 2075941
total bases: 153878036
Q20 bases: 147207830(95.6653%)
Q30 bases: 144060199(93.6197%)

Read1 after filtering:
total reads: 2074067
total bases: 154949444
Q20 bases: 151731057(97.9229%)
Q30 bases: 150067144(96.8491%)

Read2 after filtering:
total reads: 2074067
total bases: 153650853
Q20 bases: 147029606(95.6907%)
Q30 bases: 143892182(93.6488%)

Filtering result:
reads passed filter: 4148134
reads failed due to low quality: 3538
reads failed due to too many N: 210
reads failed due to too short: 0
reads with adapter trimmed: 64814
bases trimmed due to adapters: 247672

Duplication rate: 2.8418%

Insert size peak (evaluated by paired-end reads): 116

JSON report: /home/zhou/raid/IO_RNA/PHS003284/fq/SRR5634693_fastp.json
HTML report: /home/zhou/raid/IO_RNA/PHS003284/fq/SRR5634693_fastp.html

/home/circrna/miniconda3/bin/fastp -i /home/zhou/raid/ncbi/dbGaP-24835/RNA_phs003284/raw/SRR5634693_1.fastq.gz -I /home/zhou/raid/ncbi/dbGaP-24835/RNA_phs003284/raw/SRR5634693_2.fastq.gz -o /home/zhou/raid/IO_RNA/PHS003284/fq/SRR5634693_1.fastq.gz -O /home/zhou/raid/IO_RNA/PHS003284/fq/SRR5634693_2.fastq.gz -j /home/zhou/raid/IO_RNA/PHS003284/fq/SRR5634693_fastp.json -h /home/zhou/raid/IO_RNA/PHS003284/fq/SRR5634693_fastp.html -w 8 
fastp v0.23.4, time used: 8 seconds
Read1 before filtering:
total reads: 1971317
total bases: 146679473
Q20 bases: 143635890(97.925%)
Q30 bases: 142097201(96.876%)

Read2 before filtering:
total reads: 1971317
total bases: 145414314
Q20 bases: 139168763(95.705%)
Q30 bases: 136286758(93.7231%)

Read1 after filtering:
total reads: 1969007
total bases: 146345172
Q20 bases: 143329584(97.9394%)
Q30 bases: 141801145(96.895%)

Read2 after filtering:
total reads: 1969007
total bases: 145102223
Q20 bases: 138920225(95.7396%)
Q30 bases: 136052958(93.7635%)

Filtering result:
reads passed filter: 3938014
reads failed due to low quality: 4396
reads failed due to too many N: 224
reads failed due to too short: 0
reads with adapter trimmed: 92484
bases trimmed due to adapters: 366906

Duplication rate: 4.53063%

Insert size peak (evaluated by paired-end reads): 116

JSON report: /home/zhou/raid/IO_RNA/PHS003284/fq/SRR5634668_fastp.json
HTML report: /home/zhou/raid/IO_RNA/PHS003284/fq/SRR5634668_fastp.html

/home/circrna/miniconda3/bin/fastp -i /home/zhou/raid/ncbi/dbGaP-24835/RNA_phs003284/raw/SRR5634668_1.fastq.gz -I /home/zhou/raid/ncbi/dbGaP-24835/RNA_phs003284/raw/SRR5634668_2.fastq.gz -o /home/zhou/raid/IO_RNA/PHS003284/fq/SRR5634668_1.fastq.gz -O /home/zhou/raid/IO_RNA/PHS003284/fq/SRR5634668_2.fastq.gz -j /home/zhou/raid/IO_RNA/PHS003284/fq/SRR5634668_fastp.json -h /home/zhou/raid/IO_RNA/PHS003284/fq/SRR5634668_fastp.html -w 8 
fastp v0.23.4, time used: 7 seconds
Read1 before filtering:
total reads: 482962
total bases: 34726927
Q20 bases: 34137045(98.3014%)
Q30 bases: 33779858(97.2728%)

Read2 before filtering:
total reads: 482962
total bases: 34494910
Q20 bases: 33164742(96.1439%)
Q30 bases: 32399701(93.926%)

Read1 after filtering:
total reads: 482559
total bases: 34589105
Q20 bases: 34005966(98.3141%)
Q30 bases: 33652903(97.2934%)

Read2 after filtering:
total reads: 482559
total bases: 34353353
Q20 bases: 33039759(96.1762%)
Q30 bases: 32284321(93.9772%)

Filtering result:
reads passed filter: 965118
reads failed due to low quality: 782
reads failed due to too many N: 24
reads failed due to too short: 0
reads with adapter trimmed: 61116
bases trimmed due to adapters: 231702

Duplication rate: 14.6136%

Insert size peak (evaluated by paired-end reads): 76

JSON report: /home/zhou/raid/IO_RNA/PHS003284/fq/SRR5634684_fastp.json
HTML report: /home/zhou/raid/IO_RNA/PHS003284/fq/SRR5634684_fastp.html

/home/circrna/miniconda3/bin/fastp -i /home/zhou/raid/ncbi/dbGaP-24835/RNA_phs003284/raw/SRR5634684_1.fastq.gz -I /home/zhou/raid/ncbi/dbGaP-24835/RNA_phs003284/raw/SRR5634684_2.fastq.gz -o /home/zhou/raid/IO_RNA/PHS003284/fq/SRR5634684_1.fastq.gz -O /home/zhou/raid/IO_RNA/PHS003284/fq/SRR5634684_2.fastq.gz -j /home/zhou/raid/IO_RNA/PHS003284/fq/SRR5634684_fastp.json -h /home/zhou/raid/IO_RNA/PHS003284/fq/SRR5634684_fastp.html -w 8 
fastp v0.23.4, time used: 3 seconds
Read1 before filtering:
total reads: 299805
total bases: 20220638
Q20 bases: 19811724(97.9777%)
Q30 bases: 19580199(96.8327%)

Read2 before filtering:
total reads: 299805
total bases: 20143496
Q20 bases: 19397213(96.2952%)
Q30 bases: 18967013(94.1595%)

Read1 after filtering:
total reads: 299560
total bases: 20107201
Q20 bases: 19703264(97.9911%)
Q30 bases: 19474901(96.8554%)

Read2 after filtering:
total reads: 299560
total bases: 20020792
Q20 bases: 19286156(96.3306%)
Q30 bases: 18863177(94.2179%)

Filtering result:
reads passed filter: 599120
reads failed due to low quality: 478
reads failed due to too many N: 12
reads failed due to too short: 0
reads with adapter trimmed: 54404
bases trimmed due to adapters: 208733

Duplication rate: 30.9691%

Insert size peak (evaluated by paired-end reads): 65

JSON report: /home/zhou/raid/IO_RNA/PHS003284/fq/SRR5634678_fastp.json
HTML report: /home/zhou/raid/IO_RNA/PHS003284/fq/SRR5634678_fastp.html

/home/circrna/miniconda3/bin/fastp -i /home/zhou/raid/ncbi/dbGaP-24835/RNA_phs003284/raw/SRR5634678_1.fastq.gz -I /home/zhou/raid/ncbi/dbGaP-24835/RNA_phs003284/raw/SRR5634678_2.fastq.gz -o /home/zhou/raid/IO_RNA/PHS003284/fq/SRR5634678_1.fastq.gz -O /home/zhou/raid/IO_RNA/PHS003284/fq/SRR5634678_2.fastq.gz -j /home/zhou/raid/IO_RNA/PHS003284/fq/SRR5634678_fastp.json -h /home/zhou/raid/IO_RNA/PHS003284/fq/SRR5634678_fastp.html -w 8 
fastp v0.23.4, time used: 3 seconds
Read1 before filtering:
total reads: 3652822
total bases: 273325587
Q20 bases: 267717811(97.9483%)
Q30 bases: 264829350(96.8915%)

Read2 before filtering:
total reads: 3652822
total bases: 270901314
Q20 bases: 259214345(95.6859%)
Q30 bases: 253721537(93.6583%)

Read1 after filtering:
total reads: 3649241
total bases: 272864699
Q20 bases: 267298719(97.9602%)
Q30 bases: 264425116(96.907%)

Read2 after filtering:
total reads: 3649241
total bases: 270482562
Q20 bases: 258888550(95.7136%)
Q30 bases: 253414849(93.6899%)

Filtering result:
reads passed filter: 7298482
reads failed due to low quality: 6768
reads failed due to too many N: 394
reads failed due to too short: 0
reads with adapter trimmed: 112198
bases trimmed due to adapters: 442177

Duplication rate: 6.20602%

Insert size peak (evaluated by paired-end reads): 117

JSON report: /home/zhou/raid/IO_RNA/PHS003284/fq/SRR5634694_fastp.json
HTML report: /home/zhou/raid/IO_RNA/PHS003284/fq/SRR5634694_fastp.html

/home/circrna/miniconda3/bin/fastp -i /home/zhou/raid/ncbi/dbGaP-24835/RNA_phs003284/raw/SRR5634694_1.fastq.gz -I /home/zhou/raid/ncbi/dbGaP-24835/RNA_phs003284/raw/SRR5634694_2.fastq.gz -o /home/zhou/raid/IO_RNA/PHS003284/fq/SRR5634694_1.fastq.gz -O /home/zhou/raid/IO_RNA/PHS003284/fq/SRR5634694_2.fastq.gz -j /home/zhou/raid/IO_RNA/PHS003284/fq/SRR5634694_fastp.json -h /home/zhou/raid/IO_RNA/PHS003284/fq/SRR5634694_fastp.html -w 8 
fastp v0.23.4, time used: 13 seconds
Read1 before filtering:
total reads: 2994900
total bases: 223002207
Q20 bases: 218634838(98.0416%)
Q30 bases: 216390812(97.0353%)

Read2 before filtering:
total reads: 2994900
total bases: 221363996
Q20 bases: 212827154(96.1435%)
Q30 bases: 208720186(94.2882%)

Read1 after filtering:
total reads: 2992382
total bases: 222596244
Q20 bases: 218261029(98.0524%)
Q30 bases: 216028718(97.0496%)

Read2 after filtering:
total reads: 2992382
total bases: 220976706
Q20 bases: 212509681(96.1684%)
Q30 bases: 208419505(94.3174%)

Filtering result:
reads passed filter: 5984764
reads failed due to low quality: 4686
reads failed due to too many N: 350
reads failed due to too short: 0
reads with adapter trimmed: 125308
bases trimmed due to adapters: 486190

Duplication rate: 6.32956%

Insert size peak (evaluated by paired-end reads): 109

JSON report: /home/zhou/raid/IO_RNA/PHS003284/fq/SRR5634699_fastp.json
HTML report: /home/zhou/raid/IO_RNA/PHS003284/fq/SRR5634699_fastp.html

/home/circrna/miniconda3/bin/fastp -i /home/zhou/raid/ncbi/dbGaP-24835/RNA_phs003284/raw/SRR5634699_1.fastq.gz -I /home/zhou/raid/ncbi/dbGaP-24835/RNA_phs003284/raw/SRR5634699_2.fastq.gz -o /home/zhou/raid/IO_RNA/PHS003284/fq/SRR5634699_1.fastq.gz -O /home/zhou/raid/IO_RNA/PHS003284/fq/SRR5634699_2.fastq.gz -j /home/zhou/raid/IO_RNA/PHS003284/fq/SRR5634699_fastp.json -h /home/zhou/raid/IO_RNA/PHS003284/fq/SRR5634699_fastp.html -w 8 
fastp v0.23.4, time used: 12 seconds
Read1 before filtering:
total reads: 1991227
total bases: 148797012
Q20 bases: 146658909(98.5631%)
Q30 bases: 145176432(97.5668%)

Read2 before filtering:
total reads: 1991227
total bases: 147523703
Q20 bases: 141826654(96.1382%)
Q30 bases: 138446266(93.8468%)

Read1 after filtering:
total reads: 1989411
total bases: 148511992
Q20 bases: 146395297(98.5747%)
Q30 bases: 144923992(97.584%)

Read2 after filtering:
total reads: 1989411
total bases: 147259458
Q20 bases: 141611756(96.1648%)
Q30 bases: 138247942(93.8805%)

Filtering result:
reads passed filter: 3978822
reads failed due to low quality: 3490
reads failed due to too many N: 142
reads failed due to too short: 0
reads with adapter trimmed: 87538
bases trimmed due to adapters: 329971

Duplication rate: 12.5565%

Insert size peak (evaluated by paired-end reads): 107

JSON report: /home/zhou/raid/IO_RNA/PHS003284/fq/SRR5634703_fastp.json
HTML report: /home/zhou/raid/IO_RNA/PHS003284/fq/SRR5634703_fastp.html

/home/circrna/miniconda3/bin/fastp -i /home/zhou/raid/ncbi/dbGaP-24835/RNA_phs003284/raw/SRR5634703_1.fastq.gz -I /home/zhou/raid/ncbi/dbGaP-24835/RNA_phs003284/raw/SRR5634703_2.fastq.gz -o /home/zhou/raid/IO_RNA/PHS003284/fq/SRR5634703_1.fastq.gz -O /home/zhou/raid/IO_RNA/PHS003284/fq/SRR5634703_2.fastq.gz -j /home/zhou/raid/IO_RNA/PHS003284/fq/SRR5634703_fastp.json -h /home/zhou/raid/IO_RNA/PHS003284/fq/SRR5634703_fastp.html -w 8 
fastp v0.23.4, time used: 9 seconds
Read1 before filtering:
total reads: 1222627
total bases: 91049832
Q20 bases: 89488682(98.2854%)
Q30 bases: 88783663(97.5111%)

Read2 before filtering:
total reads: 1222627
total bases: 90402717
Q20 bases: 87329636(96.6007%)
Q30 bases: 85193755(94.238%)

Read1 after filtering:
total reads: 1221924
total bases: 90992912
Q20 bases: 89440095(98.2935%)
Q30 bases: 88736959(97.5207%)

Read2 after filtering:
total reads: 1221924
total bases: 90349802
Q20 bases: 87296017(96.62%)
Q30 bases: 85163331(94.2596%)

Filtering result:
reads passed filter: 2443848
reads failed due to low quality: 1346
reads failed due to too many N: 60
reads failed due to too short: 0
reads with adapter trimmed: 5928
bases trimmed due to adapters: 23931

Duplication rate: 3.29037%

Insert size peak (evaluated by paired-end reads): 107

JSON report: /home/zhou/raid/IO_RNA/PHS003284/fq/SRR5634672_fastp.json
HTML report: /home/zhou/raid/IO_RNA/PHS003284/fq/SRR5634672_fastp.html

/home/circrna/miniconda3/bin/fastp -i /home/zhou/raid/ncbi/dbGaP-24835/RNA_phs003284/raw/SRR5634672_1.fastq.gz -I /home/zhou/raid/ncbi/dbGaP-24835/RNA_phs003284/raw/SRR5634672_2.fastq.gz -o /home/zhou/raid/IO_RNA/PHS003284/fq/SRR5634672_1.fastq.gz -O /home/zhou/raid/IO_RNA/PHS003284/fq/SRR5634672_2.fastq.gz -j /home/zhou/raid/IO_RNA/PHS003284/fq/SRR5634672_fastp.json -h /home/zhou/raid/IO_RNA/PHS003284/fq/SRR5634672_fastp.html -w 8 
fastp v0.23.4, time used: 5 seconds
Read1 before filtering:
total reads: 1789553
total bases: 131309421
Q20 bases: 129825382(98.8698%)
Q30 bases: 129148789(98.3545%)

Read2 before filtering:
total reads: 1789553
total bases: 130715517
Q20 bases: 127542296(97.5724%)
Q30 bases: 126165482(96.5191%)

Read1 after filtering:
total reads: 1788429
total bases: 131220039
Q20 bases: 129749967(98.8797%)
Q30 bases: 129076669(98.3666%)

Read2 after filtering:
total reads: 1788429
total bases: 130629659
Q20 bases: 127488051(97.595%)
Q30 bases: 126115252(96.5441%)

Filtering result:
reads passed filter: 3576858
reads failed due to low quality: 2130
reads failed due to too many N: 118
reads failed due to too short: 0
reads with adapter trimmed: 14884
bases trimmed due to adapters: 37371

Duplication rate: 4.92341%

Insert size peak (evaluated by paired-end reads): 75

JSON report: /home/zhou/raid/IO_RNA/PHS003284/fq/SRR5634673_fastp.json
HTML report: /home/zhou/raid/IO_RNA/PHS003284/fq/SRR5634673_fastp.html

/home/circrna/miniconda3/bin/fastp -i /home/zhou/raid/ncbi/dbGaP-24835/RNA_phs003284/raw/SRR5634673_1.fastq.gz -I /home/zhou/raid/ncbi/dbGaP-24835/RNA_phs003284/raw/SRR5634673_2.fastq.gz -o /home/zhou/raid/IO_RNA/PHS003284/fq/SRR5634673_1.fastq.gz -O /home/zhou/raid/IO_RNA/PHS003284/fq/SRR5634673_2.fastq.gz -j /home/zhou/raid/IO_RNA/PHS003284/fq/SRR5634673_fastp.json -h /home/zhou/raid/IO_RNA/PHS003284/fq/SRR5634673_fastp.html -w 8 
fastp v0.23.4, time used: 7 seconds
Read1 before filtering:
total reads: 2139922
total bases: 154606711
Q20 bases: 151294804(97.8579%)
Q30 bases: 149238751(96.528%)

Read2 before filtering:
total reads: 2139922
total bases: 152804473
Q20 bases: 145395354(95.1512%)
Q30 bases: 140705026(92.0817%)

Read1 after filtering:
total reads: 2138125
total bases: 154118858
Q20 bases: 150839194(97.872%)
Q30 bases: 148802011(96.5502%)

Read2 after filtering:
total reads: 2138125
total bases: 152313724
Q20 bases: 144969376(95.1781%)
Q30 bases: 140312949(92.121%)

Filtering result:
reads passed filter: 4276250
reads failed due to low quality: 3460
reads failed due to too many N: 134
reads failed due to too short: 0
reads with adapter trimmed: 197280
bases trimmed due to adapters: 764894

Duplication rate: 30.7136%

Insert size peak (evaluated by paired-end reads): 76

JSON report: /home/zhou/raid/IO_RNA/PHS003284/fq/SRR5634652_fastp.json
HTML report: /home/zhou/raid/IO_RNA/PHS003284/fq/SRR5634652_fastp.html

/home/circrna/miniconda3/bin/fastp -i /home/zhou/raid/ncbi/dbGaP-24835/RNA_phs003284/raw/SRR5634652_1.fastq.gz -I /home/zhou/raid/ncbi/dbGaP-24835/RNA_phs003284/raw/SRR5634652_2.fastq.gz -o /home/zhou/raid/IO_RNA/PHS003284/fq/SRR5634652_1.fastq.gz -O /home/zhou/raid/IO_RNA/PHS003284/fq/SRR5634652_2.fastq.gz -j /home/zhou/raid/IO_RNA/PHS003284/fq/SRR5634652_fastp.json -h /home/zhou/raid/IO_RNA/PHS003284/fq/SRR5634652_fastp.html -w 8 
fastp v0.23.4, time used: 9 seconds
Read1 before filtering:
total reads: 1725261
total bases: 129603978
Q20 bases: 126825028(97.8558%)
Q30 bases: 125399943(96.7562%)

Read2 before filtering:
total reads: 1725261
total bases: 128247765
Q20 bases: 121990434(95.1209%)
Q30 bases: 119148441(92.9049%)

Read1 after filtering:
total reads: 1723089
total bases: 129402656
Q20 bases: 126646705(97.8703%)
Q30 bases: 125229616(96.7752%)

Read2 after filtering:
total reads: 1723089
total bases: 128078249
Q20 bases: 121873393(95.1554%)
Q30 bases: 119039969(92.9432%)

Filtering result:
reads passed filter: 3446178
reads failed due to low quality: 4166
reads failed due to too many N: 178
reads failed due to too short: 0
reads with adapter trimmed: 31086
bases trimmed due to adapters: 105943

Duplication rate: 38.8027%

Insert size peak (evaluated by paired-end reads): 118

JSON report: /home/zhou/raid/IO_RNA/PHS003284/fq/SRR5634671_fastp.json
HTML report: /home/zhou/raid/IO_RNA/PHS003284/fq/SRR5634671_fastp.html

/home/circrna/miniconda3/bin/fastp -i /home/zhou/raid/ncbi/dbGaP-24835/RNA_phs003284/raw/SRR5634671_1.fastq.gz -I /home/zhou/raid/ncbi/dbGaP-24835/RNA_phs003284/raw/SRR5634671_2.fastq.gz -o /home/zhou/raid/IO_RNA/PHS003284/fq/SRR5634671_1.fastq.gz -O /home/zhou/raid/IO_RNA/PHS003284/fq/SRR5634671_2.fastq.gz -j /home/zhou/raid/IO_RNA/PHS003284/fq/SRR5634671_fastp.json -h /home/zhou/raid/IO_RNA/PHS003284/fq/SRR5634671_fastp.html -w 8 
fastp v0.23.4, time used: 6 seconds
Read1 before filtering:
total reads: 1520492
total bases: 113431439
Q20 bases: 112101261(98.8273%)
Q30 bases: 111483703(98.2829%)

Read2 before filtering:
total reads: 1520492
total bases: 112754199
Q20 bases: 109393730(97.0197%)
Q30 bases: 107941734(95.7319%)

Read1 after filtering:
total reads: 1519401
total bases: 113348037
Q20 bases: 112029587(98.8368%)
Q30 bases: 111415143(98.2947%)

Read2 after filtering:
total reads: 1519401
total bases: 112683553
Q20 bases: 109349880(97.0416%)
Q30 bases: 107901190(95.7559%)

Filtering result:
reads passed filter: 3038802
reads failed due to low quality: 2072
reads failed due to too many N: 110
reads failed due to too short: 0
reads with adapter trimmed: 5946
bases trimmed due to adapters: 19764

Duplication rate: 5.40266%

Insert size peak (evaluated by paired-end reads): 109

JSON report: /home/zhou/raid/IO_RNA/PHS003284/fq/SRR5634691_fastp.json
HTML report: /home/zhou/raid/IO_RNA/PHS003284/fq/SRR5634691_fastp.html

/home/circrna/miniconda3/bin/fastp -i /home/zhou/raid/ncbi/dbGaP-24835/RNA_phs003284/raw/SRR5634691_1.fastq.gz -I /home/zhou/raid/ncbi/dbGaP-24835/RNA_phs003284/raw/SRR5634691_2.fastq.gz -o /home/zhou/raid/IO_RNA/PHS003284/fq/SRR5634691_1.fastq.gz -O /home/zhou/raid/IO_RNA/PHS003284/fq/SRR5634691_2.fastq.gz -j /home/zhou/raid/IO_RNA/PHS003284/fq/SRR5634691_fastp.json -h /home/zhou/raid/IO_RNA/PHS003284/fq/SRR5634691_fastp.html -w 8 
fastp v0.23.4, time used: 7 seconds
Read1 before filtering:
total reads: 790233
total bases: 57721935
Q20 bases: 56605873(98.0665%)
Q30 bases: 55964869(96.956%)

Read2 before filtering:
total reads: 790233
total bases: 57232388
Q20 bases: 54786572(95.7265%)
Q30 bases: 53496288(93.4721%)

Read1 after filtering:
total reads: 789353
total bases: 57530013
Q20 bases: 56426702(98.0822%)
Q30 bases: 55792187(96.9793%)

Read2 after filtering:
total reads: 789353
total bases: 57043184
Q20 bases: 54625496(95.7617%)
Q30 bases: 53347401(93.5211%)

Filtering result:
reads passed filter: 1578706
reads failed due to low quality: 1688
reads failed due to too many N: 72
reads failed due to too short: 0
reads with adapter trimmed: 69704
bases trimmed due to adapters: 276120

Duplication rate: 19.6747%

Insert size peak (evaluated by paired-end reads): 76

JSON report: /home/zhou/raid/IO_RNA/PHS003284/fq/SRR5634681_fastp.json
HTML report: /home/zhou/raid/IO_RNA/PHS003284/fq/SRR5634681_fastp.html

/home/circrna/miniconda3/bin/fastp -i /home/zhou/raid/ncbi/dbGaP-24835/RNA_phs003284/raw/SRR5634681_1.fastq.gz -I /home/zhou/raid/ncbi/dbGaP-24835/RNA_phs003284/raw/SRR5634681_2.fastq.gz -o /home/zhou/raid/IO_RNA/PHS003284/fq/SRR5634681_1.fastq.gz -O /home/zhou/raid/IO_RNA/PHS003284/fq/SRR5634681_2.fastq.gz -j /home/zhou/raid/IO_RNA/PHS003284/fq/SRR5634681_fastp.json -h /home/zhou/raid/IO_RNA/PHS003284/fq/SRR5634681_fastp.html -w 8 
fastp v0.23.4, time used: 4 seconds
Read1 before filtering:
total reads: 1129470
total bases: 84371546
Q20 bases: 82552070(97.8435%)
Q30 bases: 81616494(96.7346%)

Read2 before filtering:
total reads: 1129470
total bases: 83479274
Q20 bases: 79264501(94.9511%)
Q30 bases: 77359279(92.6688%)

Read1 after filtering:
total reads: 1128098
total bases: 84209114
Q20 bases: 82405573(97.8583%)
Q30 bases: 81475601(96.7539%)

Read2 after filtering:
total reads: 1128098
total bases: 83335065
Q20 bases: 79155048(94.9841%)
Q30 bases: 77256640(92.706%)

Filtering result:
reads passed filter: 2256196
reads failed due to low quality: 2602
reads failed due to too many N: 142
reads failed due to too short: 0
reads with adapter trimmed: 36272
bases trimmed due to adapters: 140709

Duplication rate: 8.37225%

Insert size peak (evaluated by paired-end reads): 117

JSON report: /home/zhou/raid/IO_RNA/PHS003284/fq/SRR5634680_fastp.json
HTML report: /home/zhou/raid/IO_RNA/PHS003284/fq/SRR5634680_fastp.html

/home/circrna/miniconda3/bin/fastp -i /home/zhou/raid/ncbi/dbGaP-24835/RNA_phs003284/raw/SRR5634680_1.fastq.gz -I /home/zhou/raid/ncbi/dbGaP-24835/RNA_phs003284/raw/SRR5634680_2.fastq.gz -o /home/zhou/raid/IO_RNA/PHS003284/fq/SRR5634680_1.fastq.gz -O /home/zhou/raid/IO_RNA/PHS003284/fq/SRR5634680_2.fastq.gz -j /home/zhou/raid/IO_RNA/PHS003284/fq/SRR5634680_fastp.json -h /home/zhou/raid/IO_RNA/PHS003284/fq/SRR5634680_fastp.html -w 8 
fastp v0.23.4, time used: 6 seconds
Read1 before filtering:
total reads: 2119609
total bases: 155714033
Q20 bases: 153761213(98.7459%)
Q30 bases: 152389534(97.865%)

Read2 before filtering:
total reads: 2119609
total bases: 154515067
Q20 bases: 148998237(96.4296%)
Q30 bases: 145693157(94.2906%)

Read1 after filtering:
total reads: 2118010
total bases: 155421015
Q20 bases: 153492122(98.7589%)
Q30 bases: 152131947(97.8838%)

Read2 after filtering:
total reads: 2118010
total bases: 154227326
Q20 bases: 148762955(96.4569%)
Q30 bases: 145477445(94.3266%)

Filtering result:
reads passed filter: 4236020
reads failed due to low quality: 3100
reads failed due to too many N: 98
reads failed due to too short: 0
reads with adapter trimmed: 102958
bases trimmed due to adapters: 388930

Duplication rate: 7.54517%

Insert size peak (evaluated by paired-end reads): 75

JSON report: /home/zhou/raid/IO_RNA/PHS003284/fq/SRR5634674_fastp.json
HTML report: /home/zhou/raid/IO_RNA/PHS003284/fq/SRR5634674_fastp.html

/home/circrna/miniconda3/bin/fastp -i /home/zhou/raid/ncbi/dbGaP-24835/RNA_phs003284/raw/SRR5634674_1.fastq.gz -I /home/zhou/raid/ncbi/dbGaP-24835/RNA_phs003284/raw/SRR5634674_2.fastq.gz -o /home/zhou/raid/IO_RNA/PHS003284/fq/SRR5634674_1.fastq.gz -O /home/zhou/raid/IO_RNA/PHS003284/fq/SRR5634674_2.fastq.gz -j /home/zhou/raid/IO_RNA/PHS003284/fq/SRR5634674_fastp.json -h /home/zhou/raid/IO_RNA/PHS003284/fq/SRR5634674_fastp.html -w 8 
fastp v0.23.4, time used: 8 seconds
Read1 before filtering:
total reads: 2268869
total bases: 168636697
Q20 bases: 164975176(97.8288%)
Q30 bases: 163108339(96.7217%)

Read2 before filtering:
total reads: 2268869
total bases: 167250134
Q20 bases: 160197831(95.7834%)
Q30 bases: 156853714(93.7839%)

Read1 after filtering:
total reads: 2266735
total bases: 168323391
Q20 bases: 164688575(97.8406%)
Q30 bases: 162831489(96.7373%)

Read2 after filtering:
total reads: 2266735
total bases: 166953366
Q20 bases: 159958806(95.8105%)
Q30 bases: 156627894(93.8154%)

Filtering result:
reads passed filter: 4533470
reads failed due to low quality: 4034
reads failed due to too many N: 234
reads failed due to too short: 0
reads with adapter trimmed: 90116
bases trimmed due to adapters: 350260

Duplication rate: 2.65322%

Insert size peak (evaluated by paired-end reads): 118

JSON report: /home/zhou/raid/IO_RNA/PHS003284/fq/SRR5634687_fastp.json
HTML report: /home/zhou/raid/IO_RNA/PHS003284/fq/SRR5634687_fastp.html

/home/circrna/miniconda3/bin/fastp -i /home/zhou/raid/ncbi/dbGaP-24835/RNA_phs003284/raw/SRR5634687_1.fastq.gz -I /home/zhou/raid/ncbi/dbGaP-24835/RNA_phs003284/raw/SRR5634687_2.fastq.gz -o /home/zhou/raid/IO_RNA/PHS003284/fq/SRR5634687_1.fastq.gz -O /home/zhou/raid/IO_RNA/PHS003284/fq/SRR5634687_2.fastq.gz -j /home/zhou/raid/IO_RNA/PHS003284/fq/SRR5634687_fastp.json -h /home/zhou/raid/IO_RNA/PHS003284/fq/SRR5634687_fastp.html -w 8 
fastp v0.23.4, time used: 9 seconds
Read1 before filtering:
total reads: 1637594
total bases: 122822012
Q20 bases: 120155346(97.8288%)
Q30 bases: 118802049(96.727%)

Read2 before filtering:
total reads: 1637594
total bases: 121694549
Q20 bases: 116458258(95.6972%)
Q30 bases: 114001246(93.6782%)

Read1 after filtering:
total reads: 1635831
total bases: 122625635
Q20 bases: 119978338(97.8412%)
Q30 bases: 118631788(96.7431%)

Read2 after filtering:
total reads: 1635831
total bases: 121521318
Q20 bases: 116328168(95.7266%)
Q30 bases: 113879261(93.7113%)

Filtering result:
reads passed filter: 3271662
reads failed due to low quality: 3346
reads failed due to too many N: 180
reads failed due to too short: 0
reads with adapter trimmed: 40068
bases trimmed due to adapters: 156716

Duplication rate: 3.37092%

Insert size peak (evaluated by paired-end reads): 116

JSON report: /home/zhou/raid/IO_RNA/PHS003284/fq/SRR5634683_fastp.json
HTML report: /home/zhou/raid/IO_RNA/PHS003284/fq/SRR5634683_fastp.html

/home/circrna/miniconda3/bin/fastp -i /home/zhou/raid/ncbi/dbGaP-24835/RNA_phs003284/raw/SRR5634683_1.fastq.gz -I /home/zhou/raid/ncbi/dbGaP-24835/RNA_phs003284/raw/SRR5634683_2.fastq.gz -o /home/zhou/raid/IO_RNA/PHS003284/fq/SRR5634683_1.fastq.gz -O /home/zhou/raid/IO_RNA/PHS003284/fq/SRR5634683_2.fastq.gz -j /home/zhou/raid/IO_RNA/PHS003284/fq/SRR5634683_fastp.json -h /home/zhou/raid/IO_RNA/PHS003284/fq/SRR5634683_fastp.html -w 8 
fastp v0.23.4, time used: 6 seconds
Read1 before filtering:
total reads: 980724
total bases: 72804161
Q20 bases: 70346273(96.624%)
Q30 bases: 69161647(94.9968%)

Read2 before filtering:
total reads: 980724
total bases: 72097958
Q20 bases: 68644359(95.2099%)
Q30 bases: 66405320(92.1043%)

Read1 after filtering:
total reads: 979807
total bases: 72666867
Q20 bases: 70221831(96.6353%)
Q30 bases: 69042201(95.0119%)

Read2 after filtering:
total reads: 979807
total bases: 71969152
Q20 bases: 68541137(95.2368%)
Q30 bases: 66310800(92.1378%)

Filtering result:
reads passed filter: 1959614
reads failed due to low quality: 1784
reads failed due to too many N: 50
reads failed due to too short: 0
reads with adapter trimmed: 39260
bases trimmed due to adapters: 157213

Duplication rate: 2.24304%

Insert size peak (evaluated by paired-end reads): 113

JSON report: /home/zhou/raid/IO_RNA/PHS003284/fq/SRR5634688_fastp.json
HTML report: /home/zhou/raid/IO_RNA/PHS003284/fq/SRR5634688_fastp.html

/home/circrna/miniconda3/bin/fastp -i /home/zhou/raid/ncbi/dbGaP-24835/RNA_phs003284/raw/SRR5634688_1.fastq.gz -I /home/zhou/raid/ncbi/dbGaP-24835/RNA_phs003284/raw/SRR5634688_2.fastq.gz -o /home/zhou/raid/IO_RNA/PHS003284/fq/SRR5634688_1.fastq.gz -O /home/zhou/raid/IO_RNA/PHS003284/fq/SRR5634688_2.fastq.gz -j /home/zhou/raid/IO_RNA/PHS003284/fq/SRR5634688_fastp.json -h /home/zhou/raid/IO_RNA/PHS003284/fq/SRR5634688_fastp.html -w 8 
fastp v0.23.4, time used: 5 seconds
Read1 before filtering:
total reads: 1665784
total bases: 124288724
Q20 bases: 121438997(97.7072%)
Q30 bases: 119990268(96.5416%)

Read2 before filtering:
total reads: 1665784
total bases: 122944913
Q20 bases: 116682181(94.9061%)
Q30 bases: 113870674(92.6193%)

Read1 after filtering:
total reads: 1663631
total bases: 124044795
Q20 bases: 121219999(97.7228%)
Q30 bases: 119780039(96.5619%)

Read2 after filtering:
total reads: 1663631
total bases: 122728827
Q20 bases: 116521791(94.9425%)
Q30 bases: 113721156(92.6605%)

Filtering result:
reads passed filter: 3327262
reads failed due to low quality: 4174
reads failed due to too many N: 132
reads failed due to too short: 0
reads with adapter trimmed: 59158
bases trimmed due to adapters: 198629

Duplication rate: 26.2545%

Insert size peak (evaluated by paired-end reads): 106

JSON report: /home/zhou/raid/IO_RNA/PHS003284/fq/SRR5634685_fastp.json
HTML report: /home/zhou/raid/IO_RNA/PHS003284/fq/SRR5634685_fastp.html

/home/circrna/miniconda3/bin/fastp -i /home/zhou/raid/ncbi/dbGaP-24835/RNA_phs003284/raw/SRR5634685_1.fastq.gz -I /home/zhou/raid/ncbi/dbGaP-24835/RNA_phs003284/raw/SRR5634685_2.fastq.gz -o /home/zhou/raid/IO_RNA/PHS003284/fq/SRR5634685_1.fastq.gz -O /home/zhou/raid/IO_RNA/PHS003284/fq/SRR5634685_2.fastq.gz -j /home/zhou/raid/IO_RNA/PHS003284/fq/SRR5634685_fastp.json -h /home/zhou/raid/IO_RNA/PHS003284/fq/SRR5634685_fastp.html -w 8 
fastp v0.23.4, time used: 8 seconds
Read1 before filtering:
total reads: 1452686
total bases: 108508311
Q20 bases: 106197684(97.8706%)
Q30 bases: 105010674(96.7766%)

Read2 before filtering:
total reads: 1452686
total bases: 107453656
Q20 bases: 102458364(95.3512%)
Q30 bases: 100160040(93.2123%)

Read1 after filtering:
total reads: 1451052
total bases: 108308604
Q20 bases: 106016907(97.8841%)
Q30 bases: 104836609(96.7943%)

Read2 after filtering:
total reads: 1451052
total bases: 107273986
Q20 bases: 102320134(95.3821%)
Q30 bases: 100030016(93.2472%)

Filtering result:
reads passed filter: 2902104
reads failed due to low quality: 3104
reads failed due to too many N: 164
reads failed due to too short: 0
reads with adapter trimmed: 46744
bases trimmed due to adapters: 180648

Duplication rate: 2.40844%

Insert size peak (evaluated by paired-end reads): 117

JSON report: /home/zhou/raid/IO_RNA/PHS003284/fq/SRR5634661_fastp.json
HTML report: /home/zhou/raid/IO_RNA/PHS003284/fq/SRR5634661_fastp.html

/home/circrna/miniconda3/bin/fastp -i /home/zhou/raid/ncbi/dbGaP-24835/RNA_phs003284/raw/SRR5634661_1.fastq.gz -I /home/zhou/raid/ncbi/dbGaP-24835/RNA_phs003284/raw/SRR5634661_2.fastq.gz -o /home/zhou/raid/IO_RNA/PHS003284/fq/SRR5634661_1.fastq.gz -O /home/zhou/raid/IO_RNA/PHS003284/fq/SRR5634661_2.fastq.gz -j /home/zhou/raid/IO_RNA/PHS003284/fq/SRR5634661_fastp.json -h /home/zhou/raid/IO_RNA/PHS003284/fq/SRR5634661_fastp.html -w 8 
fastp v0.23.4, time used: 7 seconds
Read1 before filtering:
total reads: 1549751
total bases: 115886992
Q20 bases: 114284202(98.6169%)
Q30 bases: 113073908(97.5726%)

Read2 before filtering:
total reads: 1549751
total bases: 114766428
Q20 bases: 109890830(95.7517%)
Q30 bases: 106932941(93.1744%)

Read1 after filtering:
total reads: 1548132
total bases: 115636214
Q20 bases: 114053790(98.6315%)
Q30 bases: 112854287(97.5942%)

Read2 after filtering:
total reads: 1548132
total bases: 114535315
Q20 bases: 109704539(95.7823%)
Q30 bases: 106763200(93.2142%)

Filtering result:
reads passed filter: 3096264
reads failed due to low quality: 3148
reads failed due to too many N: 90
reads failed due to too short: 0
reads with adapter trimmed: 72142
bases trimmed due to adapters: 289598

Duplication rate: 5.66568%

Insert size peak (evaluated by paired-end reads): 115

JSON report: /home/zhou/raid/IO_RNA/PHS003284/fq/SRR5634682_fastp.json
HTML report: /home/zhou/raid/IO_RNA/PHS003284/fq/SRR5634682_fastp.html

/home/circrna/miniconda3/bin/fastp -i /home/zhou/raid/ncbi/dbGaP-24835/RNA_phs003284/raw/SRR5634682_1.fastq.gz -I /home/zhou/raid/ncbi/dbGaP-24835/RNA_phs003284/raw/SRR5634682_2.fastq.gz -o /home/zhou/raid/IO_RNA/PHS003284/fq/SRR5634682_1.fastq.gz -O /home/zhou/raid/IO_RNA/PHS003284/fq/SRR5634682_2.fastq.gz -j /home/zhou/raid/IO_RNA/PHS003284/fq/SRR5634682_fastp.json -h /home/zhou/raid/IO_RNA/PHS003284/fq/SRR5634682_fastp.html -w 8 
fastp v0.23.4, time used: 7 seconds
Read1 before filtering:
total reads: 1121404
total bases: 84008817
Q20 bases: 82109021(97.7386%)
Q30 bases: 81143858(96.5897%)

Read2 before filtering:
total reads: 1121404
total bases: 83235990
Q20 bases: 79359016(95.3422%)
Q30 bases: 77569484(93.1922%)

Read1 after filtering:
total reads: 1120310
total bases: 83872190
Q20 bases: 81986159(97.7513%)
Q30 bases: 81025768(96.6062%)

Read2 after filtering:
total reads: 1120310
total bases: 83111722
Q20 bases: 79264481(95.371%)
Q30 bases: 77481064(93.2252%)

Filtering result:
reads passed filter: 2240620
reads failed due to low quality: 2092
reads failed due to too many N: 96
reads failed due to too short: 0
reads with adapter trimmed: 31422
bases trimmed due to adapters: 126650

Duplication rate: 6.42489%

Insert size peak (evaluated by paired-end reads): 117

JSON report: /home/zhou/raid/IO_RNA/PHS003284/fq/SRR5634686_fastp.json
HTML report: /home/zhou/raid/IO_RNA/PHS003284/fq/SRR5634686_fastp.html

/home/circrna/miniconda3/bin/fastp -i /home/zhou/raid/ncbi/dbGaP-24835/RNA_phs003284/raw/SRR5634686_1.fastq.gz -I /home/zhou/raid/ncbi/dbGaP-24835/RNA_phs003284/raw/SRR5634686_2.fastq.gz -o /home/zhou/raid/IO_RNA/PHS003284/fq/SRR5634686_1.fastq.gz -O /home/zhou/raid/IO_RNA/PHS003284/fq/SRR5634686_2.fastq.gz -j /home/zhou/raid/IO_RNA/PHS003284/fq/SRR5634686_fastp.json -h /home/zhou/raid/IO_RNA/PHS003284/fq/SRR5634686_fastp.html -w 8 
fastp v0.23.4, time used: 6 seconds
Read1 before filtering:
total reads: 1560999
total bases: 115103611
Q20 bases: 112747279(97.9529%)
Q30 bases: 111546502(96.9096%)

Read2 before filtering:
total reads: 1560999
total bases: 114238026
Q20 bases: 109851191(96.1599%)
Q30 bases: 107755842(94.3257%)

Read1 after filtering:
total reads: 1559534
total bases: 114830843
Q20 bases: 112493330(97.9644%)
Q30 bases: 111299710(96.9249%)

Read2 after filtering:
total reads: 1559534
total bases: 113970578
Q20 bases: 109626688(96.1886%)
Q30 bases: 107543234(94.3605%)

Filtering result:
reads passed filter: 3119068
reads failed due to low quality: 2760
reads failed due to too many N: 170
reads failed due to too short: 0
reads with adapter trimmed: 93598
bases trimmed due to adapters: 362922

Duplication rate: 3.49674%

Insert size peak (evaluated by paired-end reads): 106

JSON report: /home/zhou/raid/IO_RNA/PHS003284/fq/SRR5634690_fastp.json
HTML report: /home/zhou/raid/IO_RNA/PHS003284/fq/SRR5634690_fastp.html

/home/circrna/miniconda3/bin/fastp -i /home/zhou/raid/ncbi/dbGaP-24835/RNA_phs003284/raw/SRR5634690_1.fastq.gz -I /home/zhou/raid/ncbi/dbGaP-24835/RNA_phs003284/raw/SRR5634690_2.fastq.gz -o /home/zhou/raid/IO_RNA/PHS003284/fq/SRR5634690_1.fastq.gz -O /home/zhou/raid/IO_RNA/PHS003284/fq/SRR5634690_2.fastq.gz -j /home/zhou/raid/IO_RNA/PHS003284/fq/SRR5634690_fastp.json -h /home/zhou/raid/IO_RNA/PHS003284/fq/SRR5634690_fastp.html -w 8 
fastp v0.23.4, time used: 7 seconds
Read1 before filtering:
total reads: 2307718
total bases: 172752489
Q20 bases: 169447740(98.087%)
Q30 bases: 167753570(97.1063%)

Read2 before filtering:
total reads: 2307718
total bases: 171500628
Q20 bases: 164931612(96.1697%)
Q30 bases: 161801057(94.3443%)

Read1 after filtering:
total reads: 2305672
total bases: 172468989
Q20 bases: 169189033(98.0982%)
Q30 bases: 167503601(97.121%)

Read2 after filtering:
total reads: 2305672
total bases: 171238477
Q20 bases: 164723647(96.1955%)
Q30 bases: 161604711(94.3741%)

Filtering result:
reads passed filter: 4611344
reads failed due to low quality: 3836
reads failed due to too many N: 256
reads failed due to too short: 0
reads with adapter trimmed: 74220
bases trimmed due to adapters: 295830

Duplication rate: 7.3655%

Insert size peak (evaluated by paired-end reads): 116

JSON report: /home/zhou/raid/IO_RNA/PHS003284/fq/SRR5634670_fastp.json
HTML report: /home/zhou/raid/IO_RNA/PHS003284/fq/SRR5634670_fastp.html

/home/circrna/miniconda3/bin/fastp -i /home/zhou/raid/ncbi/dbGaP-24835/RNA_phs003284/raw/SRR5634670_1.fastq.gz -I /home/zhou/raid/ncbi/dbGaP-24835/RNA_phs003284/raw/SRR5634670_2.fastq.gz -o /home/zhou/raid/IO_RNA/PHS003284/fq/SRR5634670_1.fastq.gz -O /home/zhou/raid/IO_RNA/PHS003284/fq/SRR5634670_2.fastq.gz -j /home/zhou/raid/IO_RNA/PHS003284/fq/SRR5634670_fastp.json -h /home/zhou/raid/IO_RNA/PHS003284/fq/SRR5634670_fastp.html -w 8 
fastp v0.23.4, time used: 9 seconds
Read1 before filtering:
total reads: 1691784
total bases: 126031804
Q20 bases: 124429789(98.7289%)
Q30 bases: 123202029(97.7547%)

Read2 before filtering:
total reads: 1691784
total bases: 125006488
Q20 bases: 120324098(96.2543%)
Q30 bases: 117344689(93.8709%)

Read1 after filtering:
total reads: 1690387
total bases: 125750789
Q20 bases: 124167893(98.7412%)
Q30 bases: 122951201(97.7737%)

Read2 after filtering:
total reads: 1690387
total bases: 124738481
Q20 bases: 120098479(96.2802%)
Q30 bases: 117137310(93.9063%)

Filtering result:
reads passed filter: 3380774
reads failed due to low quality: 2722
reads failed due to too many N: 72
reads failed due to too short: 0
reads with adapter trimmed: 94332
bases trimmed due to adapters: 382060

Duplication rate: 4.93757%

Insert size peak (evaluated by paired-end reads): 107

JSON report: /home/zhou/raid/IO_RNA/PHS003284/fq/SRR5634669_fastp.json
HTML report: /home/zhou/raid/IO_RNA/PHS003284/fq/SRR5634669_fastp.html

/home/circrna/miniconda3/bin/fastp -i /home/zhou/raid/ncbi/dbGaP-24835/RNA_phs003284/raw/SRR5634669_1.fastq.gz -I /home/zhou/raid/ncbi/dbGaP-24835/RNA_phs003284/raw/SRR5634669_2.fastq.gz -o /home/zhou/raid/IO_RNA/PHS003284/fq/SRR5634669_1.fastq.gz -O /home/zhou/raid/IO_RNA/PHS003284/fq/SRR5634669_2.fastq.gz -j /home/zhou/raid/IO_RNA/PHS003284/fq/SRR5634669_fastp.json -h /home/zhou/raid/IO_RNA/PHS003284/fq/SRR5634669_fastp.html -w 8 
fastp v0.23.4, time used: 8 seconds
Read1 before filtering:
total reads: 1523257
total bases: 113050277
Q20 bases: 110555526(97.7932%)
Q30 bases: 109294725(96.678%)

Read2 before filtering:
total reads: 1523257
total bases: 112051036
Q20 bases: 107146829(95.6232%)
Q30 bases: 104878675(93.599%)

Read1 after filtering:
total reads: 1521571
total bases: 112811761
Q20 bases: 110337884(97.8071%)
Q30 bases: 109084799(96.6963%)

Read2 after filtering:
total reads: 1521571
total bases: 111827785
Q20 bases: 106969484(95.6556%)
Q30 bases: 104711987(93.6368%)

Filtering result:
reads passed filter: 3043142
reads failed due to low quality: 3206
reads failed due to too many N: 166
reads failed due to too short: 0
reads with adapter trimmed: 70526
bases trimmed due to adapters: 257843

Duplication rate: 10.6698%

Insert size peak (evaluated by paired-end reads): 107

JSON report: /home/zhou/raid/IO_RNA/PHS003284/fq/SRR5634692_fastp.json
HTML report: /home/zhou/raid/IO_RNA/PHS003284/fq/SRR5634692_fastp.html

/home/circrna/miniconda3/bin/fastp -i /home/zhou/raid/ncbi/dbGaP-24835/RNA_phs003284/raw/SRR5634692_1.fastq.gz -I /home/zhou/raid/ncbi/dbGaP-24835/RNA_phs003284/raw/SRR5634692_2.fastq.gz -o /home/zhou/raid/IO_RNA/PHS003284/fq/SRR5634692_1.fastq.gz -O /home/zhou/raid/IO_RNA/PHS003284/fq/SRR5634692_2.fastq.gz -j /home/zhou/raid/IO_RNA/PHS003284/fq/SRR5634692_fastp.json -h /home/zhou/raid/IO_RNA/PHS003284/fq/SRR5634692_fastp.html -w 8 
fastp v0.23.4, time used: 7 seconds
Read1 before filtering:
total reads: 2010071
total bases: 150955544
Q20 bases: 147583989(97.7665%)
Q30 bases: 145833682(96.607%)

Read2 before filtering:
total reads: 2010071
total bases: 149238802
Q20 bases: 141728893(94.9679%)
Q30 bases: 138320829(92.6842%)

Read1 after filtering:
total reads: 2007431
total bases: 150700448
Q20 bases: 147356457(97.781%)
Q30 bases: 145616016(96.6261%)

Read2 after filtering:
total reads: 2007431
total bases: 149023954
Q20 bases: 141575897(95.0021%)
Q30 bases: 138178199(92.7221%)

Filtering result:
reads passed filter: 4014862
reads failed due to low quality: 5040
reads failed due to too many N: 240
reads failed due to too short: 0
reads with adapter trimmed: 38468
bases trimmed due to adapters: 149532

Duplication rate: 2.80478%

Insert size peak (evaluated by paired-end reads): 117

JSON report: /home/zhou/raid/IO_RNA/PHS003284/fq/SRR5634663_fastp.json
HTML report: /home/zhou/raid/IO_RNA/PHS003284/fq/SRR5634663_fastp.html

/home/circrna/miniconda3/bin/fastp -i /home/zhou/raid/ncbi/dbGaP-24835/RNA_phs003284/raw/SRR5634663_1.fastq.gz -I /home/zhou/raid/ncbi/dbGaP-24835/RNA_phs003284/raw/SRR5634663_2.fastq.gz -o /home/zhou/raid/IO_RNA/PHS003284/fq/SRR5634663_1.fastq.gz -O /home/zhou/raid/IO_RNA/PHS003284/fq/SRR5634663_2.fastq.gz -j /home/zhou/raid/IO_RNA/PHS003284/fq/SRR5634663_fastp.json -h /home/zhou/raid/IO_RNA/PHS003284/fq/SRR5634663_fastp.html -w 8 
fastp v0.23.4, time used: 9 seconds
Read1 before filtering:
total reads: 2946790
total bases: 220898090
Q20 bases: 215823465(97.7027%)
Q30 bases: 213189419(96.5103%)

Read2 before filtering:
total reads: 2946790
total bases: 218125187
Q20 bases: 206359985(94.6062%)
Q30 bases: 201113045(92.2007%)

Read1 after filtering:
total reads: 2942651
total bases: 220484679
Q20 bases: 215456043(97.7193%)
Q30 bases: 212838364(96.532%)

Read2 after filtering:
total reads: 2942651
total bases: 217775507
Q20 bases: 206109132(94.6429%)
Q30 bases: 200879216(92.2414%)

Filtering result:
reads passed filter: 5885302
reads failed due to low quality: 7994
reads failed due to too many N: 284
reads failed due to too short: 0
reads with adapter trimmed: 66070
bases trimmed due to adapters: 260507

Duplication rate: 3.33437%

Insert size peak (evaluated by paired-end reads): 112

JSON report: /home/zhou/raid/IO_RNA/PHS003284/fq/SRR5634676_fastp.json
HTML report: /home/zhou/raid/IO_RNA/PHS003284/fq/SRR5634676_fastp.html

/home/circrna/miniconda3/bin/fastp -i /home/zhou/raid/ncbi/dbGaP-24835/RNA_phs003284/raw/SRR5634676_1.fastq.gz -I /home/zhou/raid/ncbi/dbGaP-24835/RNA_phs003284/raw/SRR5634676_2.fastq.gz -o /home/zhou/raid/IO_RNA/PHS003284/fq/SRR5634676_1.fastq.gz -O /home/zhou/raid/IO_RNA/PHS003284/fq/SRR5634676_2.fastq.gz -j /home/zhou/raid/IO_RNA/PHS003284/fq/SRR5634676_fastp.json -h /home/zhou/raid/IO_RNA/PHS003284/fq/SRR5634676_fastp.html -w 8 
fastp v0.23.4, time used: 11 seconds
Read1 before filtering:
total reads: 1611296
total bases: 120212546
Q20 bases: 117746971(97.949%)
Q30 bases: 116497405(96.9095%)

Read2 before filtering:
total reads: 1611296
total bases: 119237757
Q20 bases: 114261225(95.8264%)
Q30 bases: 111950506(93.8885%)

Read1 after filtering:
total reads: 1609606
total bases: 119976520
Q20 bases: 117531602(97.9622%)
Q30 bases: 116289554(96.9269%)

Read2 after filtering:
total reads: 1609606
total bases: 119017277
Q20 bases: 114086976(95.8575%)
Q30 bases: 111786476(93.9246%)

Filtering result:
reads passed filter: 3219212
reads failed due to low quality: 3168
reads failed due to too many N: 212
reads failed due to too short: 0
reads with adapter trimmed: 64582
bases trimmed due to adapters: 251011

Duplication rate: 10.2814%

Insert size peak (evaluated by paired-end reads): 115

JSON report: /home/zhou/raid/IO_RNA/PHS003284/fq/SRR5634665_fastp.json
HTML report: /home/zhou/raid/IO_RNA/PHS003284/fq/SRR5634665_fastp.html

/home/circrna/miniconda3/bin/fastp -i /home/zhou/raid/ncbi/dbGaP-24835/RNA_phs003284/raw/SRR5634665_1.fastq.gz -I /home/zhou/raid/ncbi/dbGaP-24835/RNA_phs003284/raw/SRR5634665_2.fastq.gz -o /home/zhou/raid/IO_RNA/PHS003284/fq/SRR5634665_1.fastq.gz -O /home/zhou/raid/IO_RNA/PHS003284/fq/SRR5634665_2.fastq.gz -j /home/zhou/raid/IO_RNA/PHS003284/fq/SRR5634665_fastp.json -h /home/zhou/raid/IO_RNA/PHS003284/fq/SRR5634665_fastp.html -w 8 
fastp v0.23.4, time used: 6 seconds
Read1 before filtering:
total reads: 1557078
total bases: 116515392
Q20 bases: 114815258(98.5409%)
Q30 bases: 113523129(97.4319%)

Read2 before filtering:
total reads: 1557078
total bases: 115349139
Q20 bases: 110255561(95.5842%)
Q30 bases: 107194054(92.9301%)

Read1 after filtering:
total reads: 1555581
total bases: 116272352
Q20 bases: 114591610(98.5545%)
Q30 bases: 113310211(97.4524%)

Read2 after filtering:
total reads: 1555581
total bases: 115127434
Q20 bases: 110076212(95.6125%)
Q30 bases: 107030856(92.9673%)

Filtering result:
reads passed filter: 3111162
reads failed due to low quality: 2916
reads failed due to too many N: 78
reads failed due to too short: 0
reads with adapter trimmed: 72868
bases trimmed due to adapters: 286767

Duplication rate: 3.43085%

Insert size peak (evaluated by paired-end reads): 114

JSON report: /home/zhou/raid/IO_RNA/PHS003284/fq/SRR5634660_fastp.json
HTML report: /home/zhou/raid/IO_RNA/PHS003284/fq/SRR5634660_fastp.html

/home/circrna/miniconda3/bin/fastp -i /home/zhou/raid/ncbi/dbGaP-24835/RNA_phs003284/raw/SRR5634660_1.fastq.gz -I /home/zhou/raid/ncbi/dbGaP-24835/RNA_phs003284/raw/SRR5634660_2.fastq.gz -o /home/zhou/raid/IO_RNA/PHS003284/fq/SRR5634660_1.fastq.gz -O /home/zhou/raid/IO_RNA/PHS003284/fq/SRR5634660_2.fastq.gz -j /home/zhou/raid/IO_RNA/PHS003284/fq/SRR5634660_fastp.json -h /home/zhou/raid/IO_RNA/PHS003284/fq/SRR5634660_fastp.html -w 8 
fastp v0.23.4, time used: 7 seconds
Read1 before filtering:
total reads: 1556019
total bases: 115245250
Q20 bases: 113780878(98.7293%)
Q30 bases: 112667849(97.7636%)

Read2 before filtering:
total reads: 1556019
total bases: 114533560
Q20 bases: 110732294(96.6811%)
Q30 bases: 108175986(94.4492%)

Read1 after filtering:
total reads: 1555033
total bases: 114954603
Q20 bases: 113505899(98.7398%)
Q30 bases: 112402434(97.7798%)

Read2 after filtering:
total reads: 1555033
total bases: 114242192
Q20 bases: 110476165(96.7035%)
Q30 bases: 107939456(94.483%)

Filtering result:
reads passed filter: 3110066
reads failed due to low quality: 1876
reads failed due to too many N: 96
reads failed due to too short: 0
reads with adapter trimmed: 116910
bases trimmed due to adapters: 465316

Duplication rate: 5.25219%

Insert size peak (evaluated by paired-end reads): 96

JSON report: /home/zhou/raid/IO_RNA/PHS003284/fq/SRR5634689_fastp.json
HTML report: /home/zhou/raid/IO_RNA/PHS003284/fq/SRR5634689_fastp.html

/home/circrna/miniconda3/bin/fastp -i /home/zhou/raid/ncbi/dbGaP-24835/RNA_phs003284/raw/SRR5634689_1.fastq.gz -I /home/zhou/raid/ncbi/dbGaP-24835/RNA_phs003284/raw/SRR5634689_2.fastq.gz -o /home/zhou/raid/IO_RNA/PHS003284/fq/SRR5634689_1.fastq.gz -O /home/zhou/raid/IO_RNA/PHS003284/fq/SRR5634689_2.fastq.gz -j /home/zhou/raid/IO_RNA/PHS003284/fq/SRR5634689_fastp.json -h /home/zhou/raid/IO_RNA/PHS003284/fq/SRR5634689_fastp.html -w 8 
fastp v0.23.4, time used: 7 seconds
Read1 before filtering:
total reads: 1489590
total bases: 111365336
Q20 bases: 109050444(97.9214%)
Q30 bases: 107867628(96.8592%)

Read2 before filtering:
total reads: 1489590
total bases: 110487697
Q20 bases: 105814231(95.7701%)
Q30 bases: 103603761(93.7695%)

Read1 after filtering:
total reads: 1488376
total bases: 111178647
Q20 bases: 108879002(97.9316%)
Q30 bases: 107701787(96.8727%)

Read2 after filtering:
total reads: 1488376
total bases: 110311605
Q20 bases: 105671938(95.794%)
Q30 bases: 103469498(93.7975%)

Filtering result:
reads passed filter: 2976752
reads failed due to low quality: 2246
reads failed due to too many N: 182
reads failed due to too short: 0
reads with adapter trimmed: 54900
bases trimmed due to adapters: 214967

Duplication rate: 2.92315%

Insert size peak (evaluated by paired-end reads): 116

JSON report: /home/zhou/raid/IO_RNA/PHS003284/fq/SRR5634679_fastp.json
HTML report: /home/zhou/raid/IO_RNA/PHS003284/fq/SRR5634679_fastp.html

/home/circrna/miniconda3/bin/fastp -i /home/zhou/raid/ncbi/dbGaP-24835/RNA_phs003284/raw/SRR5634679_1.fastq.gz -I /home/zhou/raid/ncbi/dbGaP-24835/RNA_phs003284/raw/SRR5634679_2.fastq.gz -o /home/zhou/raid/IO_RNA/PHS003284/fq/SRR5634679_1.fastq.gz -O /home/zhou/raid/IO_RNA/PHS003284/fq/SRR5634679_2.fastq.gz -j /home/zhou/raid/IO_RNA/PHS003284/fq/SRR5634679_fastp.json -h /home/zhou/raid/IO_RNA/PHS003284/fq/SRR5634679_fastp.html -w 8 
fastp v0.23.4, time used: 6 seconds
Read1 before filtering:
total reads: 1221210
total bases: 90787809
Q20 bases: 88955695(97.982%)
Q30 bases: 88015801(96.9467%)

Read2 before filtering:
total reads: 1221210
total bases: 90097667
Q20 bases: 86526515(96.0364%)
Q30 bases: 84827789(94.1509%)

Read1 after filtering:
total reads: 1220131
total bases: 90613617
Q20 bases: 88795092(97.9931%)
Q30 bases: 87860136(96.9613%)

Read2 after filtering:
total reads: 1220131
total bases: 89931641
Q20 bases: 86390267(96.0621%)
Q30 bases: 84698843(94.1814%)

Filtering result:
reads passed filter: 2440262
reads failed due to low quality: 2036
reads failed due to too many N: 122
reads failed due to too short: 0
reads with adapter trimmed: 54884
bases trimmed due to adapters: 209677

Duplication rate: 3.27888%

Insert size peak (evaluated by paired-end reads): 101

JSON report: /home/zhou/raid/IO_RNA/PHS003284/fq/SRR5634662_fastp.json
HTML report: /home/zhou/raid/IO_RNA/PHS003284/fq/SRR5634662_fastp.html

/home/circrna/miniconda3/bin/fastp -i /home/zhou/raid/ncbi/dbGaP-24835/RNA_phs003284/raw/SRR5634662_1.fastq.gz -I /home/zhou/raid/ncbi/dbGaP-24835/RNA_phs003284/raw/SRR5634662_2.fastq.gz -o /home/zhou/raid/IO_RNA/PHS003284/fq/SRR5634662_1.fastq.gz -O /home/zhou/raid/IO_RNA/PHS003284/fq/SRR5634662_2.fastq.gz -j /home/zhou/raid/IO_RNA/PHS003284/fq/SRR5634662_fastp.json -h /home/zhou/raid/IO_RNA/PHS003284/fq/SRR5634662_fastp.html -w 8 
fastp v0.23.4, time used: 6 seconds
Read1 before filtering:
total reads: 2287960
total bases: 170934617
Q20 bases: 167524535(98.005%)
Q30 bases: 165802586(96.9977%)

Read2 before filtering:
total reads: 2287960
total bases: 169650449
Q20 bases: 163107011(96.143%)
Q30 bases: 160017706(94.322%)

Read1 after filtering:
total reads: 2285510
total bases: 170584174
Q20 bases: 167204026(98.0185%)
Q30 bases: 165492656(97.0152%)

Read2 after filtering:
total reads: 2285510
total bases: 169325517
Q20 bases: 162849401(96.1753%)
Q30 bases: 159775098(94.3597%)

Filtering result:
reads passed filter: 4571020
reads failed due to low quality: 4644
reads failed due to too many N: 256
reads failed due to too short: 0
reads with adapter trimmed: 94632
bases trimmed due to adapters: 378905

Duplication rate: 6.31279%

Insert size peak (evaluated by paired-end reads): 114

JSON report: /home/zhou/raid/IO_RNA/PHS003284/fq/SRR5634666_fastp.json
HTML report: /home/zhou/raid/IO_RNA/PHS003284/fq/SRR5634666_fastp.html

/home/circrna/miniconda3/bin/fastp -i /home/zhou/raid/ncbi/dbGaP-24835/RNA_phs003284/raw/SRR5634666_1.fastq.gz -I /home/zhou/raid/ncbi/dbGaP-24835/RNA_phs003284/raw/SRR5634666_2.fastq.gz -o /home/zhou/raid/IO_RNA/PHS003284/fq/SRR5634666_1.fastq.gz -O /home/zhou/raid/IO_RNA/PHS003284/fq/SRR5634666_2.fastq.gz -j /home/zhou/raid/IO_RNA/PHS003284/fq/SRR5634666_fastp.json -h /home/zhou/raid/IO_RNA/PHS003284/fq/SRR5634666_fastp.html -w 8 
fastp v0.23.4, time used: 9 seconds
Read1 before filtering:
total reads: 3569640
total bases: 266312211
Q20 bases: 258713382(97.1466%)
Q30 bases: 255025065(95.7617%)

Read2 before filtering:
total reads: 3569640
total bases: 264155556
Q20 bases: 253007494(95.7797%)
Q30 bases: 246151318(93.1842%)

Read1 after filtering:
total reads: 3566430
total bases: 265849871
Q20 bases: 258293815(97.1578%)
Q30 bases: 254621427(95.7764%)

Read2 after filtering:
total reads: 3566430
total bases: 263722401
Q20 bases: 252659757(95.8052%)
Q30 bases: 245829893(93.2154%)

Filtering result:
reads passed filter: 7132860
reads failed due to low quality: 6114
reads failed due to too many N: 306
reads failed due to too short: 0
reads with adapter trimmed: 126040
bases trimmed due to adapters: 513278

Duplication rate: 5.96721%

Insert size peak (evaluated by paired-end reads): 116

JSON report: /home/zhou/raid/IO_RNA/PHS003284/fq/SRR5634667_fastp.json
HTML report: /home/zhou/raid/IO_RNA/PHS003284/fq/SRR5634667_fastp.html

/home/circrna/miniconda3/bin/fastp -i /home/zhou/raid/ncbi/dbGaP-24835/RNA_phs003284/raw/SRR5634667_1.fastq.gz -I /home/zhou/raid/ncbi/dbGaP-24835/RNA_phs003284/raw/SRR5634667_2.fastq.gz -o /home/zhou/raid/IO_RNA/PHS003284/fq/SRR5634667_1.fastq.gz -O /home/zhou/raid/IO_RNA/PHS003284/fq/SRR5634667_2.fastq.gz -j /home/zhou/raid/IO_RNA/PHS003284/fq/SRR5634667_fastp.json -h /home/zhou/raid/IO_RNA/PHS003284/fq/SRR5634667_fastp.html -w 8 
fastp v0.23.4, time used: 13 seconds
Read1 before filtering:
total reads: 3227808
total bases: 241739819
Q20 bases: 236064602(97.6523%)
Q30 bases: 233162827(96.452%)

Read2 before filtering:
total reads: 3227808
total bases: 239068815
Q20 bases: 226841650(94.8855%)
Q30 bases: 221276906(92.5578%)

Read1 after filtering:
total reads: 3223887
total bases: 241302448
Q20 bases: 235672542(97.6669%)
Q30 bases: 232787097(96.4711%)

Read2 after filtering:
total reads: 3223887
total bases: 238685672
Q20 bases: 226557632(94.9188%)
Q30 bases: 221011667(92.5953%)

Filtering result:
reads passed filter: 6447774
reads failed due to low quality: 7552
reads failed due to too many N: 290
reads failed due to too short: 0
reads with adapter trimmed: 85468
bases trimmed due to adapters: 342190

Duplication rate: 3.07044%

Insert size peak (evaluated by paired-end reads): 116

JSON report: /home/zhou/raid/IO_RNA/PHS003284/fq/SRR5634664_fastp.json
HTML report: /home/zhou/raid/IO_RNA/PHS003284/fq/SRR5634664_fastp.html

/home/circrna/miniconda3/bin/fastp -i /home/zhou/raid/ncbi/dbGaP-24835/RNA_phs003284/raw/SRR5634664_1.fastq.gz -I /home/zhou/raid/ncbi/dbGaP-24835/RNA_phs003284/raw/SRR5634664_2.fastq.gz -o /home/zhou/raid/IO_RNA/PHS003284/fq/SRR5634664_1.fastq.gz -O /home/zhou/raid/IO_RNA/PHS003284/fq/SRR5634664_2.fastq.gz -j /home/zhou/raid/IO_RNA/PHS003284/fq/SRR5634664_fastp.json -h /home/zhou/raid/IO_RNA/PHS003284/fq/SRR5634664_fastp.html -w 8 
fastp v0.23.4, time used: 12 seconds
Read1 before filtering:
total reads: 2719411
total bases: 202702127
Q20 bases: 197537705(97.4522%)
Q30 bases: 194920634(96.1611%)

Read2 before filtering:
total reads: 2719411
total bases: 200446355
Q20 bases: 189849944(94.7136%)
Q30 bases: 185081087(92.3345%)

Read1 after filtering:
total reads: 2716238
total bases: 202307488
Q20 bases: 197182873(97.4669%)
Q30 bases: 194579834(96.1802%)

Read2 after filtering:
total reads: 2716238
total bases: 200092450
Q20 bases: 189579046(94.7457%)
Q30 bases: 184827076(92.3708%)

Filtering result:
reads passed filter: 5432476
reads failed due to low quality: 6106
reads failed due to too many N: 240
reads failed due to too short: 0
reads with adapter trimmed: 91406
bases trimmed due to adapters: 362868

Duplication rate: 3.65377%

Insert size peak (evaluated by paired-end reads): 107

JSON report: /home/zhou/raid/IO_RNA/PHS003284/fq/SRR5634675_fastp.json
HTML report: /home/zhou/raid/IO_RNA/PHS003284/fq/SRR5634675_fastp.html

/home/circrna/miniconda3/bin/fastp -i /home/zhou/raid/ncbi/dbGaP-24835/RNA_phs003284/raw/SRR5634675_1.fastq.gz -I /home/zhou/raid/ncbi/dbGaP-24835/RNA_phs003284/raw/SRR5634675_2.fastq.gz -o /home/zhou/raid/IO_RNA/PHS003284/fq/SRR5634675_1.fastq.gz -O /home/zhou/raid/IO_RNA/PHS003284/fq/SRR5634675_2.fastq.gz -j /home/zhou/raid/IO_RNA/PHS003284/fq/SRR5634675_fastp.json -h /home/zhou/raid/IO_RNA/PHS003284/fq/SRR5634675_fastp.html -w 8 
fastp v0.23.4, time used: 11 seconds

  /// MultiQC  | v1.14

|           multiqc | Search path : /home/zhou/raid/IO_RNA/PHS003284/fq
|         searching |  100% 256/256  
|             fastp | Found 64 reports
|           multiqc | Compressing plot data
|           multiqc | Report      : ../../../../zhou/raid/IO_RNA/PHS003284/fq/multiqc_report.html
|           multiqc | Data        : ../../../../zhou/raid/IO_RNA/PHS003284/fq/multiqc_data
|           multiqc | MultiQC complete
