Reading GTF annotation data...
Extracting gene and region information...
Checking gtf data...
    chr start   end         gene_id      symbol
1: chr1 11869 14409 ENSG00000223972     DDX11L1
2: chr1 14404 29570 ENSG00000227232      WASH7P
3: chr1 17369 17436 ENSG00000278267   MIR6859-1
4: chr1 29554 31109 ENSG00000243485 MIR1302-2HG
5: chr1 30366 30503 ENSG00000284332   MIR1302-2
6: chr1 34554 36081 ENSG00000237613     FAM138A
Scanning result bed files and extracting sample IDs...
33 sample(s) detected
Reading, joining & annotating circRNAs...
	handling SRR6450190
	handling SRR6450191
	handling SRR6450192
	handling SRR6450193
	handling SRR6450194
	handling SRR6450195
	handling SRR6450196
	handling SRR6450197
	handling SRR6450198
	handling SRR6450199
	handling SRR6450200
	handling SRR6450201
	handling SRR6450202
	handling SRR6450203
	handling SRR6450204
	handling SRR6450205
	handling SRR6450206
	handling SRR6468265
	handling SRR6468300
	handling SRR6468301
	=>83 solid circRNAs detected
	=>55 solid circRNAs detected
	=>152 solid circRNAs detected
	=>1699 solid circRNAs detected
	handling SRR6468320
	=>3066 solid circRNAs detected
	handling SRR7526866
	=>132 solid circRNAs detected
	=>3325 solid circRNAs detected
	handling SRR6468331
	=>34 solid circRNAs detected
	=>4079 solid circRNAs detected
	handling SRR6511551
	=>4291 solid circRNAs detected
	handling SRR6468327
	=>4062 solid circRNAs detected
	=>4822 solid circRNAs detected
	=>4492 solid circRNAs detected
	handling SRR6468329
	handling SRR6468325
	handling SRR6468345
	=>98 solid circRNAs detected
	=>100 solid circRNAs detected
	=>5564 solid circRNAs detected
	=>72 solid circRNAs detected
	handling SRR7526841
	=>109 solid circRNAs detected
	=>5558 solid circRNAs detected
	=>116 solid circRNAs detected
	handling SRR6468324
	=>66 solid circRNAs detected
	=>5886 solid circRNAs detected
	=>6422 solid circRNAs detected
	=>103 solid circRNAs detected
	handling SRR6468333
	=>62 solid circRNAs detected
	=>6657 solid circRNAs detected
	=>6062 solid circRNAs detected
	handling SRR6468318
	=>91 solid circRNAs detected
	=>5877 solid circRNAs detected
	=>105 solid circRNAs detected
	=>7831 solid circRNAs detected
	handling SRR6468306
	=>100 solid circRNAs detected
	=>7564 solid circRNAs detected
Done. Please check result *.aggr.txt in /home/zhou/raid/IO_RNA/circRNA/PHS001493/aggr
Scanning result aggr files...
Checking if all sample result data files could be found...
Merging result aggr files...
Outputing
Done. Check /home/zhou/raid/IO_RNA/circRNA/PHS001493/aggr/aggr_circRNA.tsv.gz
