WARNING: fastp uses up to 16 threads although you specified 20
Read1 before filtering:
total reads: 39373579
total bases: 3976731479
Q20 bases: 3651639436(91.8251%)
Q30 bases: 3510273552(88.2703%)

Read2 before filtering:
total reads: 39373579
total bases: 3976731479
Q20 bases: 3729848640(93.7918%)
Q30 bases: 3613449019(90.8648%)

Read1 after filtering:
total reads: 35671475
total bases: 3598806008
Q20 bases: 3458557313(96.1029%)
Q30 bases: 3346509013(92.9894%)

Read2 after filtering:
total reads: 35671475
total bases: 3598806008
Q20 bases: 3509926365(97.5303%)
Q30 bases: 3423458515(95.1276%)

Filtering result:
reads passed filter: 71342950
reads failed due to low quality: 7369932
reads failed due to too many N: 34276
reads failed due to too short: 0
reads with adapter trimmed: 579644
bases trimmed due to adapters: 8327358

Duplication rate: 48.4266%

Insert size peak (evaluated by paired-end reads): 170

JSON report: /home/zhou/raid/IO_RNA/PHS001493/fq/SRR7526841_fastp.json
HTML report: /home/zhou/raid/IO_RNA/PHS001493/fq/SRR7526841_fastp.html

/home/circrna/miniconda3/bin/fastp -i /home/zhou/raid/ncbi/dbGaP-24835/RNA_phs001493_PRJNA420786/raw/SRR7526841_1.fastq.gz -I /home/zhou/raid/ncbi/dbGaP-24835/RNA_phs001493_PRJNA420786/raw/SRR7526841_2.fastq.gz -o /home/zhou/raid/IO_RNA/PHS001493/fq/SRR7526841_1.fastq.gz -O /home/zhou/raid/IO_RNA/PHS001493/fq/SRR7526841_2.fastq.gz -j /home/zhou/raid/IO_RNA/PHS001493/fq/SRR7526841_fastp.json -h /home/zhou/raid/IO_RNA/PHS001493/fq/SRR7526841_fastp.html -w 20 
fastp v0.23.4, time used: 65 seconds
WARNING: fastp uses up to 16 threads although you specified 20
Read1 before filtering:
total reads: 15288544
total bases: 1544142944
Q20 bases: 1421545052(92.0605%)
Q30 bases: 1366914266(88.5225%)

Read2 before filtering:
total reads: 15288544
total bases: 1544142944
Q20 bases: 1433027447(92.8041%)
Q30 bases: 1382373534(89.5237%)

Read1 after filtering:
total reads: 13791867
total bases: 1391997613
Q20 bases: 1339200832(96.2071%)
Q30 bases: 1297688633(93.2249%)

Read2 after filtering:
total reads: 13791867
total bases: 1391997613
Q20 bases: 1351794996(97.1119%)
Q30 bases: 1313581118(94.3666%)

Filtering result:
reads passed filter: 27583734
reads failed due to low quality: 2980144
reads failed due to too many N: 13210
reads failed due to too short: 0
reads with adapter trimmed: 128802
bases trimmed due to adapters: 2020152

Duplication rate: 20.9031%

Insert size peak (evaluated by paired-end reads): 170

JSON report: /home/zhou/raid/IO_RNA/PHS001493/fq/SRR7526866_fastp.json
HTML report: /home/zhou/raid/IO_RNA/PHS001493/fq/SRR7526866_fastp.html

/home/circrna/miniconda3/bin/fastp -i /home/zhou/raid/ncbi/dbGaP-24835/RNA_phs001493_PRJNA420786/raw/SRR7526866_1.fastq.gz -I /home/zhou/raid/ncbi/dbGaP-24835/RNA_phs001493_PRJNA420786/raw/SRR7526866_2.fastq.gz -o /home/zhou/raid/IO_RNA/PHS001493/fq/SRR7526866_1.fastq.gz -O /home/zhou/raid/IO_RNA/PHS001493/fq/SRR7526866_2.fastq.gz -j /home/zhou/raid/IO_RNA/PHS001493/fq/SRR7526866_fastp.json -h /home/zhou/raid/IO_RNA/PHS001493/fq/SRR7526866_fastp.html -w 20 
fastp v0.23.4, time used: 26 seconds
WARNING: fastp uses up to 16 threads although you specified 20
Read1 before filtering:
total reads: 34557978
total bases: 3490355778
Q20 bases: 3209428116(91.9513%)
Q30 bases: 3082167903(88.3053%)

Read2 before filtering:
total reads: 34557978
total bases: 3490355778
Q20 bases: 3257353472(93.3244%)
Q30 bases: 3151168982(90.2822%)

Read1 after filtering:
total reads: 31275944
total bases: 3156809558
Q20 bases: 3033034514(96.0791%)
Q30 bases: 2933325923(92.9206%)

Read2 after filtering:
total reads: 31275944
total bases: 3156809558
Q20 bases: 3073572867(97.3633%)
Q30 bases: 2994017238(94.8431%)

Filtering result:
reads passed filter: 62551888
reads failed due to low quality: 6534304
reads failed due to too many N: 29764
reads failed due to too short: 0
reads with adapter trimmed: 290014
bases trimmed due to adapters: 4264922

Duplication rate: 36.1143%

Insert size peak (evaluated by paired-end reads): 170

JSON report: /home/zhou/raid/IO_RNA/PHS001493/fq/SRR6468265_fastp.json
HTML report: /home/zhou/raid/IO_RNA/PHS001493/fq/SRR6468265_fastp.html

/home/circrna/miniconda3/bin/fastp -i /home/zhou/raid/ncbi/dbGaP-24835/RNA_phs001493_PRJNA420786/raw/SRR6468265_1.fastq.gz -I /home/zhou/raid/ncbi/dbGaP-24835/RNA_phs001493_PRJNA420786/raw/SRR6468265_2.fastq.gz -o /home/zhou/raid/IO_RNA/PHS001493/fq/SRR6468265_1.fastq.gz -O /home/zhou/raid/IO_RNA/PHS001493/fq/SRR6468265_2.fastq.gz -j /home/zhou/raid/IO_RNA/PHS001493/fq/SRR6468265_fastp.json -h /home/zhou/raid/IO_RNA/PHS001493/fq/SRR6468265_fastp.html -w 20 
fastp v0.23.4, time used: 56 seconds
WARNING: fastp uses up to 16 threads although you specified 20
Read1 before filtering:
total reads: 52566284
total bases: 5309194684
Q20 bases: 4926330988(92.7887%)
Q30 bases: 4668949549(87.9408%)

Read2 before filtering:
total reads: 52566284
total bases: 5309194684
Q20 bases: 4836387250(91.0946%)
Q30 bases: 4560480975(85.8978%)

Read1 after filtering:
total reads: 46962039
total bases: 4739111909
Q20 bases: 4602116078(97.1093%)
Q30 bases: 4411864572(93.0948%)

Read2 after filtering:
total reads: 46962039
total bases: 4739111909
Q20 bases: 4602489903(97.1171%)
Q30 bases: 4374571817(92.3078%)

Filtering result:
reads passed filter: 93924078
reads failed due to low quality: 11171866
reads failed due to too many N: 36624
reads failed due to too short: 0
reads with adapter trimmed: 552868
bases trimmed due to adapters: 8377270

Duplication rate: 46.1565%

Insert size peak (evaluated by paired-end reads): 170

JSON report: /home/zhou/raid/IO_RNA/PHS001493/fq/SRR6468300_fastp.json
HTML report: /home/zhou/raid/IO_RNA/PHS001493/fq/SRR6468300_fastp.html

/home/circrna/miniconda3/bin/fastp -i /home/zhou/raid/ncbi/dbGaP-24835/RNA_phs001493_PRJNA420786/raw/SRR6468300_1.fastq.gz -I /home/zhou/raid/ncbi/dbGaP-24835/RNA_phs001493_PRJNA420786/raw/SRR6468300_2.fastq.gz -o /home/zhou/raid/IO_RNA/PHS001493/fq/SRR6468300_1.fastq.gz -O /home/zhou/raid/IO_RNA/PHS001493/fq/SRR6468300_2.fastq.gz -j /home/zhou/raid/IO_RNA/PHS001493/fq/SRR6468300_fastp.json -h /home/zhou/raid/IO_RNA/PHS001493/fq/SRR6468300_fastp.html -w 20 
fastp v0.23.4, time used: 107 seconds
WARNING: fastp uses up to 16 threads although you specified 20
Read1 before filtering:
total reads: 35087926
total bases: 3543880526
Q20 bases: 3258586872(91.9497%)
Q30 bases: 3131315057(88.3584%)

Read2 before filtering:
total reads: 35087926
total bases: 3543880526
Q20 bases: 3321969085(93.7382%)
Q30 bases: 3215696924(90.7394%)

Read1 after filtering:
total reads: 31848954
total bases: 3214358063
Q20 bases: 3087641742(96.0578%)
Q30 bases: 2987574935(92.9447%)

Read2 after filtering:
total reads: 31848954
total bases: 3214358063
Q20 bases: 3131806540(97.4318%)
Q30 bases: 3052122447(94.9528%)

Filtering result:
reads passed filter: 63697908
reads failed due to low quality: 6447166
reads failed due to too many N: 30778
reads failed due to too short: 0
reads with adapter trimmed: 289446
bases trimmed due to adapters: 4906630

Duplication rate: 26.4808%

Insert size peak (evaluated by paired-end reads): 170

JSON report: /home/zhou/raid/IO_RNA/PHS001493/fq/SRR6468301_fastp.json
HTML report: /home/zhou/raid/IO_RNA/PHS001493/fq/SRR6468301_fastp.html

/home/circrna/miniconda3/bin/fastp -i /home/zhou/raid/ncbi/dbGaP-24835/RNA_phs001493_PRJNA420786/raw/SRR6468301_1.fastq.gz -I /home/zhou/raid/ncbi/dbGaP-24835/RNA_phs001493_PRJNA420786/raw/SRR6468301_2.fastq.gz -o /home/zhou/raid/IO_RNA/PHS001493/fq/SRR6468301_1.fastq.gz -O /home/zhou/raid/IO_RNA/PHS001493/fq/SRR6468301_2.fastq.gz -j /home/zhou/raid/IO_RNA/PHS001493/fq/SRR6468301_fastp.json -h /home/zhou/raid/IO_RNA/PHS001493/fq/SRR6468301_fastp.html -w 20 
fastp v0.23.4, time used: 59 seconds
WARNING: fastp uses up to 16 threads although you specified 20
Read1 before filtering:
total reads: 37315438
total bases: 3768859238
Q20 bases: 3446136946(91.4371%)
Q30 bases: 3303167163(87.6437%)

Read2 before filtering:
total reads: 37315438
total bases: 3768859238
Q20 bases: 3497742261(92.8064%)
Q30 bases: 3377997997(89.6292%)

Read1 after filtering:
total reads: 33515583
total bases: 3382736146
Q20 bases: 3242954113(95.8678%)
Q30 bases: 3132182826(92.5932%)

Read2 after filtering:
total reads: 33515583
total bases: 3382736146
Q20 bases: 3289957818(97.2573%)
Q30 bases: 3200973854(94.6268%)

Filtering result:
reads passed filter: 67031166
reads failed due to low quality: 7568054
reads failed due to too many N: 31656
reads failed due to too short: 0
reads with adapter trimmed: 308432
bases trimmed due to adapters: 4820140

Duplication rate: 27.0084%

Insert size peak (evaluated by paired-end reads): 170

JSON report: /home/zhou/raid/IO_RNA/PHS001493/fq/SRR6468306_fastp.json
HTML report: /home/zhou/raid/IO_RNA/PHS001493/fq/SRR6468306_fastp.html

/home/circrna/miniconda3/bin/fastp -i /home/zhou/raid/ncbi/dbGaP-24835/RNA_phs001493_PRJNA420786/raw/SRR6468306_1.fastq.gz -I /home/zhou/raid/ncbi/dbGaP-24835/RNA_phs001493_PRJNA420786/raw/SRR6468306_2.fastq.gz -o /home/zhou/raid/IO_RNA/PHS001493/fq/SRR6468306_1.fastq.gz -O /home/zhou/raid/IO_RNA/PHS001493/fq/SRR6468306_2.fastq.gz -j /home/zhou/raid/IO_RNA/PHS001493/fq/SRR6468306_fastp.json -h /home/zhou/raid/IO_RNA/PHS001493/fq/SRR6468306_fastp.html -w 20 
fastp v0.23.4, time used: 67 seconds
WARNING: fastp uses up to 16 threads although you specified 20
Read1 before filtering:
total reads: 37568576
total bases: 3794426176
Q20 bases: 3487810640(91.9193%)
Q30 bases: 3349832608(88.283%)

Read2 before filtering:
total reads: 37568576
total bases: 3794426176
Q20 bases: 3545572034(93.4416%)
Q30 bases: 3431571355(90.4372%)

Read1 after filtering:
total reads: 34061122
total bases: 3437361862
Q20 bases: 3302310750(96.0711%)
Q30 bases: 3194105841(92.9232%)

Read2 after filtering:
total reads: 34061122
total bases: 3437361862
Q20 bases: 3348881716(97.4259%)
Q30 bases: 3263475968(94.9413%)

Filtering result:
reads passed filter: 68122244
reads failed due to low quality: 6981768
reads failed due to too many N: 33140
reads failed due to too short: 0
reads with adapter trimmed: 366356
bases trimmed due to adapters: 5779868

Duplication rate: 43.6766%

Insert size peak (evaluated by paired-end reads): 171

JSON report: /home/zhou/raid/IO_RNA/PHS001493/fq/SRR6468318_fastp.json
HTML report: /home/zhou/raid/IO_RNA/PHS001493/fq/SRR6468318_fastp.html

/home/circrna/miniconda3/bin/fastp -i /home/zhou/raid/ncbi/dbGaP-24835/RNA_phs001493_PRJNA420786/raw/SRR6468318_1.fastq.gz -I /home/zhou/raid/ncbi/dbGaP-24835/RNA_phs001493_PRJNA420786/raw/SRR6468318_2.fastq.gz -o /home/zhou/raid/IO_RNA/PHS001493/fq/SRR6468318_1.fastq.gz -O /home/zhou/raid/IO_RNA/PHS001493/fq/SRR6468318_2.fastq.gz -j /home/zhou/raid/IO_RNA/PHS001493/fq/SRR6468318_fastp.json -h /home/zhou/raid/IO_RNA/PHS001493/fq/SRR6468318_fastp.html -w 20 
fastp v0.23.4, time used: 63 seconds
WARNING: fastp uses up to 16 threads although you specified 20
Read1 before filtering:
total reads: 28335743
total bases: 2861910043
Q20 bases: 2653328279(92.7118%)
Q30 bases: 2559520211(89.434%)

Read2 before filtering:
total reads: 28335743
total bases: 2861910043
Q20 bases: 2686603695(93.8745%)
Q30 bases: 2602657486(90.9413%)

Read1 after filtering:
total reads: 25884371
total bases: 2612485454
Q20 bases: 2520206768(96.4678%)
Q30 bases: 2447047366(93.6674%)

Read2 after filtering:
total reads: 25884371
total bases: 2612485454
Q20 bases: 2545981645(97.4544%)
Q30 bases: 2482115320(95.0097%)

Filtering result:
reads passed filter: 51768742
reads failed due to low quality: 4877674
reads failed due to too many N: 25070
reads failed due to too short: 0
reads with adapter trimmed: 245074
bases trimmed due to adapters: 3786666

Duplication rate: 45.0956%

Insert size peak (evaluated by paired-end reads): 171

JSON report: /home/zhou/raid/IO_RNA/PHS001493/fq/SRR6468324_fastp.json
HTML report: /home/zhou/raid/IO_RNA/PHS001493/fq/SRR6468324_fastp.html

/home/circrna/miniconda3/bin/fastp -i /home/zhou/raid/ncbi/dbGaP-24835/RNA_phs001493_PRJNA420786/raw/SRR6468324_1.fastq.gz -I /home/zhou/raid/ncbi/dbGaP-24835/RNA_phs001493_PRJNA420786/raw/SRR6468324_2.fastq.gz -o /home/zhou/raid/IO_RNA/PHS001493/fq/SRR6468324_1.fastq.gz -O /home/zhou/raid/IO_RNA/PHS001493/fq/SRR6468324_2.fastq.gz -j /home/zhou/raid/IO_RNA/PHS001493/fq/SRR6468324_fastp.json -h /home/zhou/raid/IO_RNA/PHS001493/fq/SRR6468324_fastp.html -w 20 
fastp v0.23.4, time used: 52 seconds
WARNING: fastp uses up to 16 threads although you specified 20
Read1 before filtering:
total reads: 38856117
total bases: 3924467817
Q20 bases: 3637521068(92.6883%)
Q30 bases: 3507753626(89.3816%)

Read2 before filtering:
total reads: 38856117
total bases: 3924467817
Q20 bases: 3702249402(94.3376%)
Q30 bases: 3594004268(91.5794%)

Read1 after filtering:
total reads: 35619428
total bases: 3594593447
Q20 bases: 3466102597(96.4254%)
Q30 bases: 3362566825(93.5451%)

Read2 after filtering:
total reads: 35619428
total bases: 3594593447
Q20 bases: 3511096482(97.6772%)
Q30 bases: 3429389658(95.4041%)

Filtering result:
reads passed filter: 71238856
reads failed due to low quality: 6438526
reads failed due to too many N: 34852
reads failed due to too short: 0
reads with adapter trimmed: 431400
bases trimmed due to adapters: 6138034

Duplication rate: 62.3736%

Insert size peak (evaluated by paired-end reads): 171

JSON report: /home/zhou/raid/IO_RNA/PHS001493/fq/SRR6468325_fastp.json
HTML report: /home/zhou/raid/IO_RNA/PHS001493/fq/SRR6468325_fastp.html

/home/circrna/miniconda3/bin/fastp -i /home/zhou/raid/ncbi/dbGaP-24835/RNA_phs001493_PRJNA420786/raw/SRR6468325_1.fastq.gz -I /home/zhou/raid/ncbi/dbGaP-24835/RNA_phs001493_PRJNA420786/raw/SRR6468325_2.fastq.gz -o /home/zhou/raid/IO_RNA/PHS001493/fq/SRR6468325_1.fastq.gz -O /home/zhou/raid/IO_RNA/PHS001493/fq/SRR6468325_2.fastq.gz -j /home/zhou/raid/IO_RNA/PHS001493/fq/SRR6468325_fastp.json -h /home/zhou/raid/IO_RNA/PHS001493/fq/SRR6468325_fastp.html -w 20 
fastp v0.23.4, time used: 70 seconds
WARNING: fastp uses up to 16 threads although you specified 20
Read1 before filtering:
total reads: 30136769
total bases: 3043813669
Q20 bases: 2796023826(91.8592%)
Q30 bases: 2686371857(88.2568%)

Read2 before filtering:
total reads: 30136769
total bases: 3043813669
Q20 bases: 2841492089(93.353%)
Q30 bases: 2747059467(90.2506%)

Read1 after filtering:
total reads: 27254873
total bases: 2750519871
Q20 bases: 2642611048(96.0768%)
Q30 bases: 2557226678(92.9725%)

Read2 after filtering:
total reads: 27254873
total bases: 2750519871
Q20 bases: 2676701196(97.3162%)
Q30 bases: 2606169800(94.7519%)

Filtering result:
reads passed filter: 54509746
reads failed due to low quality: 5737824
reads failed due to too many N: 25968
reads failed due to too short: 0
reads with adapter trimmed: 277560
bases trimmed due to adapters: 4585112

Duplication rate: 37.4732%

Insert size peak (evaluated by paired-end reads): 171

JSON report: /home/zhou/raid/IO_RNA/PHS001493/fq/SRR6468327_fastp.json
HTML report: /home/zhou/raid/IO_RNA/PHS001493/fq/SRR6468327_fastp.html

/home/circrna/miniconda3/bin/fastp -i /home/zhou/raid/ncbi/dbGaP-24835/RNA_phs001493_PRJNA420786/raw/SRR6468327_1.fastq.gz -I /home/zhou/raid/ncbi/dbGaP-24835/RNA_phs001493_PRJNA420786/raw/SRR6468327_2.fastq.gz -o /home/zhou/raid/IO_RNA/PHS001493/fq/SRR6468327_1.fastq.gz -O /home/zhou/raid/IO_RNA/PHS001493/fq/SRR6468327_2.fastq.gz -j /home/zhou/raid/IO_RNA/PHS001493/fq/SRR6468327_fastp.json -h /home/zhou/raid/IO_RNA/PHS001493/fq/SRR6468327_fastp.html -w 20 
fastp v0.23.4, time used: 55 seconds
WARNING: fastp uses up to 16 threads although you specified 20
Read1 before filtering:
total reads: 35040681
total bases: 3539108781
Q20 bases: 3234157098(91.3834%)
Q30 bases: 3099520906(87.5791%)

Read2 before filtering:
total reads: 35040681
total bases: 3539108781
Q20 bases: 3280046459(92.68%)
Q30 bases: 3164134873(89.4048%)

Read1 after filtering:
total reads: 31455408
total bases: 3174886412
Q20 bases: 3044023487(95.8782%)
Q30 bases: 2940260697(92.6099%)

Read2 after filtering:
total reads: 31455408
total bases: 3174886412
Q20 bases: 3084073994(97.1397%)
Q30 bases: 2997730568(94.4201%)

Filtering result:
reads passed filter: 62910816
reads failed due to low quality: 7140664
reads failed due to too many N: 29882
reads failed due to too short: 0
reads with adapter trimmed: 277990
bases trimmed due to adapters: 4358872

Duplication rate: 24.7064%

Insert size peak (evaluated by paired-end reads): 170

JSON report: /home/zhou/raid/IO_RNA/PHS001493/fq/SRR6468329_fastp.json
HTML report: /home/zhou/raid/IO_RNA/PHS001493/fq/SRR6468329_fastp.html

/home/circrna/miniconda3/bin/fastp -i /home/zhou/raid/ncbi/dbGaP-24835/RNA_phs001493_PRJNA420786/raw/SRR6468329_1.fastq.gz -I /home/zhou/raid/ncbi/dbGaP-24835/RNA_phs001493_PRJNA420786/raw/SRR6468329_2.fastq.gz -o /home/zhou/raid/IO_RNA/PHS001493/fq/SRR6468329_1.fastq.gz -O /home/zhou/raid/IO_RNA/PHS001493/fq/SRR6468329_2.fastq.gz -j /home/zhou/raid/IO_RNA/PHS001493/fq/SRR6468329_fastp.json -h /home/zhou/raid/IO_RNA/PHS001493/fq/SRR6468329_fastp.html -w 20 
fastp v0.23.4, time used: 68 seconds
WARNING: fastp uses up to 16 threads although you specified 20
Read1 before filtering:
total reads: 31648808
total bases: 3196529608
Q20 bases: 2954880955(92.4403%)
Q30 bases: 2850048861(89.1607%)

Read2 before filtering:
total reads: 31648808
total bases: 3196529608
Q20 bases: 3020284908(94.4864%)
Q30 bases: 2932666012(91.7453%)

Read1 after filtering:
total reads: 28970777
total bases: 2924389463
Q20 bases: 2817359528(96.3401%)
Q30 bases: 2734046546(93.4912%)

Read2 after filtering:
total reads: 28970777
total bases: 2924389463
Q20 bases: 2858252987(97.7385%)
Q30 bases: 2792312820(95.4836%)

Filtering result:
reads passed filter: 57941554
reads failed due to low quality: 5328008
reads failed due to too many N: 28054
reads failed due to too short: 0
reads with adapter trimmed: 260154
bases trimmed due to adapters: 3438472

Duplication rate: 47.8992%

Insert size peak (evaluated by paired-end reads): 162

JSON report: /home/zhou/raid/IO_RNA/PHS001493/fq/SRR6468331_fastp.json
HTML report: /home/zhou/raid/IO_RNA/PHS001493/fq/SRR6468331_fastp.html

/home/circrna/miniconda3/bin/fastp -i /home/zhou/raid/ncbi/dbGaP-24835/RNA_phs001493_PRJNA420786/raw/SRR6468331_1.fastq.gz -I /home/zhou/raid/ncbi/dbGaP-24835/RNA_phs001493_PRJNA420786/raw/SRR6468331_2.fastq.gz -o /home/zhou/raid/IO_RNA/PHS001493/fq/SRR6468331_1.fastq.gz -O /home/zhou/raid/IO_RNA/PHS001493/fq/SRR6468331_2.fastq.gz -j /home/zhou/raid/IO_RNA/PHS001493/fq/SRR6468331_fastp.json -h /home/zhou/raid/IO_RNA/PHS001493/fq/SRR6468331_fastp.html -w 20 
fastp v0.23.4, time used: 58 seconds
WARNING: fastp uses up to 16 threads although you specified 20
Read1 before filtering:
total reads: 36449778
total bases: 3681427578
Q20 bases: 3355574509(91.1487%)
Q30 bases: 3212004363(87.2489%)

Read2 before filtering:
total reads: 36449778
total bases: 3681427578
Q20 bases: 3405231098(92.4976%)
Q30 bases: 3281109067(89.126%)

Read1 after filtering:
total reads: 32577192
total bases: 3287601360
Q20 bases: 3147477789(95.7378%)
Q30 bases: 3037143398(92.3817%)

Read2 after filtering:
total reads: 32577192
total bases: 3287601360
Q20 bases: 3190708186(97.0528%)
Q30 bases: 3098746402(94.2555%)

Filtering result:
reads passed filter: 65154384
reads failed due to low quality: 7714634
reads failed due to too many N: 30538
reads failed due to too short: 0
reads with adapter trimmed: 332444
bases trimmed due to adapters: 5560124

Duplication rate: 27.7556%

Insert size peak (evaluated by paired-end reads): 170

JSON report: /home/zhou/raid/IO_RNA/PHS001493/fq/SRR6468333_fastp.json
HTML report: /home/zhou/raid/IO_RNA/PHS001493/fq/SRR6468333_fastp.html

/home/circrna/miniconda3/bin/fastp -i /home/zhou/raid/ncbi/dbGaP-24835/RNA_phs001493_PRJNA420786/raw/SRR6468333_1.fastq.gz -I /home/zhou/raid/ncbi/dbGaP-24835/RNA_phs001493_PRJNA420786/raw/SRR6468333_2.fastq.gz -o /home/zhou/raid/IO_RNA/PHS001493/fq/SRR6468333_1.fastq.gz -O /home/zhou/raid/IO_RNA/PHS001493/fq/SRR6468333_2.fastq.gz -j /home/zhou/raid/IO_RNA/PHS001493/fq/SRR6468333_fastp.json -h /home/zhou/raid/IO_RNA/PHS001493/fq/SRR6468333_fastp.html -w 20 
fastp v0.23.4, time used: 73 seconds
WARNING: fastp uses up to 16 threads although you specified 20
Read1 before filtering:
total reads: 46646022
total bases: 4711248222
Q20 bases: 4361726944(92.5811%)
Q30 bases: 4134695694(87.7622%)

Read2 before filtering:
total reads: 46646022
total bases: 4711248222
Q20 bases: 4293697603(91.1372%)
Q30 bases: 4055002878(86.0707%)

Read1 after filtering:
total reads: 41599723
total bases: 4198061438
Q20 bases: 4068778620(96.9204%)
Q30 bases: 3900118955(92.9029%)

Read2 after filtering:
total reads: 41599723
total bases: 4198061438
Q20 bases: 4076272387(97.0989%)
Q30 bases: 3879973577(92.423%)

Filtering result:
reads passed filter: 83199446
reads failed due to low quality: 10059376
reads failed due to too many N: 33222
reads failed due to too short: 0
reads with adapter trimmed: 463442
bases trimmed due to adapters: 7236612

Duplication rate: 49.6938%

Insert size peak (evaluated by paired-end reads): 170

JSON report: /home/zhou/raid/IO_RNA/PHS001493/fq/SRR6468345_fastp.json
HTML report: /home/zhou/raid/IO_RNA/PHS001493/fq/SRR6468345_fastp.html

/home/circrna/miniconda3/bin/fastp -i /home/zhou/raid/ncbi/dbGaP-24835/RNA_phs001493_PRJNA420786/raw/SRR6468345_1.fastq.gz -I /home/zhou/raid/ncbi/dbGaP-24835/RNA_phs001493_PRJNA420786/raw/SRR6468345_2.fastq.gz -o /home/zhou/raid/IO_RNA/PHS001493/fq/SRR6468345_1.fastq.gz -O /home/zhou/raid/IO_RNA/PHS001493/fq/SRR6468345_2.fastq.gz -j /home/zhou/raid/IO_RNA/PHS001493/fq/SRR6468345_fastp.json -h /home/zhou/raid/IO_RNA/PHS001493/fq/SRR6468345_fastp.html -w 20 
fastp v0.23.4, time used: 114 seconds
WARNING: fastp uses up to 16 threads although you specified 20
Read1 before filtering:
total reads: 28233789
total bases: 2851612689
Q20 bases: 2633039245(92.3351%)
Q30 bases: 2534764834(88.8888%)

Read2 before filtering:
total reads: 28233789
total bases: 2851612689
Q20 bases: 2680765380(94.0087%)
Q30 bases: 2598898802(91.1379%)

Read1 after filtering:
total reads: 25747100
total bases: 2598431714
Q20 bases: 2500451921(96.2293%)
Q30 bases: 2422267945(93.2204%)

Read2 after filtering:
total reads: 25747100
total bases: 2598431714
Q20 bases: 2536309987(97.6093%)
Q30 bases: 2474482318(95.2298%)

Filtering result:
reads passed filter: 51494200
reads failed due to low quality: 4948576
reads failed due to too many N: 24802
reads failed due to too short: 0
reads with adapter trimmed: 283800
bases trimmed due to adapters: 4187430

Duplication rate: 53.8548%

Insert size peak (evaluated by paired-end reads): 170

JSON report: /home/zhou/raid/IO_RNA/PHS001493/fq/SRR6511551_fastp.json
HTML report: /home/zhou/raid/IO_RNA/PHS001493/fq/SRR6511551_fastp.html

/home/circrna/miniconda3/bin/fastp -i /home/zhou/raid/ncbi/dbGaP-24835/RNA_phs001493_PRJNA420786/raw/SRR6511551_1.fastq.gz -I /home/zhou/raid/ncbi/dbGaP-24835/RNA_phs001493_PRJNA420786/raw/SRR6511551_2.fastq.gz -o /home/zhou/raid/IO_RNA/PHS001493/fq/SRR6511551_1.fastq.gz -O /home/zhou/raid/IO_RNA/PHS001493/fq/SRR6511551_2.fastq.gz -j /home/zhou/raid/IO_RNA/PHS001493/fq/SRR6511551_fastp.json -h /home/zhou/raid/IO_RNA/PHS001493/fq/SRR6511551_fastp.html -w 20 
fastp v0.23.4, time used: 65 seconds
WARNING: fastp uses up to 16 threads although you specified 20
Read1 before filtering:
total reads: 50513309
total bases: 3839011484
Q20 bases: 3767116066(98.1272%)
Q30 bases: 3711865409(96.6881%)

Read2 before filtering:
total reads: 50513309
total bases: 3839011484
Q20 bases: 3773125062(98.2838%)
Q30 bases: 3731395598(97.1968%)

Read1 after filtering:
total reads: 49607864
total bases: 3765328262
Q20 bases: 3724748078(98.9223%)
Q30 bases: 3676108576(97.6305%)

Read2 after filtering:
total reads: 49607864
total bases: 3765328262
Q20 bases: 3733957389(99.1668%)
Q30 bases: 3698342430(98.221%)

Filtering result:
reads passed filter: 99215728
reads failed due to low quality: 1680662
reads failed due to too many N: 130228
reads failed due to too short: 0
reads with adapter trimmed: 706678
bases trimmed due to adapters: 10372104

Duplication rate: 61.0444%

Insert size peak (evaluated by paired-end reads): 121

JSON report: /home/zhou/raid/IO_RNA/PHS001493/fq/SRR6450190_fastp.json
HTML report: /home/zhou/raid/IO_RNA/PHS001493/fq/SRR6450190_fastp.html

/home/circrna/miniconda3/bin/fastp -i /home/zhou/raid/ncbi/dbGaP-24835/RNA_phs001493_PRJNA420786/raw/SRR6450190_1.fastq.gz -I /home/zhou/raid/ncbi/dbGaP-24835/RNA_phs001493_PRJNA420786/raw/SRR6450190_2.fastq.gz -o /home/zhou/raid/IO_RNA/PHS001493/fq/SRR6450190_1.fastq.gz -O /home/zhou/raid/IO_RNA/PHS001493/fq/SRR6450190_2.fastq.gz -j /home/zhou/raid/IO_RNA/PHS001493/fq/SRR6450190_fastp.json -h /home/zhou/raid/IO_RNA/PHS001493/fq/SRR6450190_fastp.html -w 20 
fastp v0.23.4, time used: 91 seconds
WARNING: fastp uses up to 16 threads although you specified 20
Read1 before filtering:
total reads: 41156545
total bases: 3127897420
Q20 bases: 3062908227(97.9223%)
Q30 bases: 3012913654(96.3239%)

Read2 before filtering:
total reads: 41156545
total bases: 3127897420
Q20 bases: 3069427737(98.1307%)
Q30 bases: 3031319712(96.9124%)

Read1 after filtering:
total reads: 40380833
total bases: 3065304360
Q20 bases: 3028839630(98.8104%)
Q30 bases: 2985066055(97.3824%)

Read2 after filtering:
total reads: 40380833
total bases: 3065304360
Q20 bases: 3037132912(99.081%)
Q30 bases: 3004535031(98.0175%)

Filtering result:
reads passed filter: 80761666
reads failed due to low quality: 1472766
reads failed due to too many N: 78658
reads failed due to too short: 0
reads with adapter trimmed: 567890
bases trimmed due to adapters: 7387590

Duplication rate: 59.0391%

Insert size peak (evaluated by paired-end reads): 121

JSON report: /home/zhou/raid/IO_RNA/PHS001493/fq/SRR6450191_fastp.json
HTML report: /home/zhou/raid/IO_RNA/PHS001493/fq/SRR6450191_fastp.html

/home/circrna/miniconda3/bin/fastp -i /home/zhou/raid/ncbi/dbGaP-24835/RNA_phs001493_PRJNA420786/raw/SRR6450191_1.fastq.gz -I /home/zhou/raid/ncbi/dbGaP-24835/RNA_phs001493_PRJNA420786/raw/SRR6450191_2.fastq.gz -o /home/zhou/raid/IO_RNA/PHS001493/fq/SRR6450191_1.fastq.gz -O /home/zhou/raid/IO_RNA/PHS001493/fq/SRR6450191_2.fastq.gz -j /home/zhou/raid/IO_RNA/PHS001493/fq/SRR6450191_fastp.json -h /home/zhou/raid/IO_RNA/PHS001493/fq/SRR6450191_fastp.html -w 20 
fastp v0.23.4, time used: 76 seconds
WARNING: fastp uses up to 16 threads although you specified 20
Read1 before filtering:
total reads: 11895451
total bases: 904054276
Q20 bases: 890259871(98.4742%)
Q30 bases: 879278815(97.2595%)

Read2 before filtering:
total reads: 11895451
total bases: 904054276
Q20 bases: 891372130(98.5972%)
Q30 bases: 882788305(97.6477%)

Read1 after filtering:
total reads: 11721538
total bases: 888584508
Q20 bases: 880640702(99.106%)
Q30 bases: 870942143(98.0146%)

Read2 after filtering:
total reads: 11721538
total bases: 888584508
Q20 bases: 882192178(99.2806%)
Q30 bases: 874789444(98.4475%)

Filtering result:
reads passed filter: 23443076
reads failed due to low quality: 316964
reads failed due to too many N: 30862
reads failed due to too short: 0
reads with adapter trimmed: 415058
bases trimmed due to adapters: 4574142

Duplication rate: 49.9502%

Insert size peak (evaluated by paired-end reads): 120

JSON report: /home/zhou/raid/IO_RNA/PHS001493/fq/SRR6450192_fastp.json
HTML report: /home/zhou/raid/IO_RNA/PHS001493/fq/SRR6450192_fastp.html

/home/circrna/miniconda3/bin/fastp -i /home/zhou/raid/ncbi/dbGaP-24835/RNA_phs001493_PRJNA420786/raw/SRR6450192_1.fastq.gz -I /home/zhou/raid/ncbi/dbGaP-24835/RNA_phs001493_PRJNA420786/raw/SRR6450192_2.fastq.gz -o /home/zhou/raid/IO_RNA/PHS001493/fq/SRR6450192_1.fastq.gz -O /home/zhou/raid/IO_RNA/PHS001493/fq/SRR6450192_2.fastq.gz -j /home/zhou/raid/IO_RNA/PHS001493/fq/SRR6450192_fastp.json -h /home/zhou/raid/IO_RNA/PHS001493/fq/SRR6450192_fastp.html -w 20 
fastp v0.23.4, time used: 22 seconds
WARNING: fastp uses up to 16 threads although you specified 20
