Reading GTF annotation data...
Extracting gene and region information...
Checking gtf data...
    chr start   end         gene_id        gene
1: chr1 11869 14409 ENSG00000223972     DDX11L1
2: chr1 14404 29570 ENSG00000227232      WASH7P
3: chr1 17369 17436 ENSG00000278267   MIR6859-1
4: chr1 29554 31109 ENSG00000243485 MIR1302-2HG
5: chr1 30366 30503 ENSG00000284332   MIR1302-2
6: chr1 34554 36081 ENSG00000237613     FAM138A
Scanning result bed files and extracting sample IDs...
44 sample(s) detected
Reading, joining & annotating circRNAs...
	handling SRR23700851
	handling SRR23700852
	handling SRR23700853
	handling SRR23700854
	handling SRR23700882
	handling SRR23700884
	handling SRR23700885
	handling SRR23700886
	handling SRR23700887
	handling SRR23700888
	handling SRR23700889
	handling SRR23700891
	handling SRR23700892
	handling SRR23700893
	handling SRR23700925
	handling SRR23700926
	handling SRR23700927
	handling SRR23700928
	handling SRR23700929
	handling SRR23700930
	=>107 solid circRNAs detected
	handling SRR23700947
	=>127 solid circRNAs detected
	handling SRR23700952
	=>149 solid circRNAs detected
	handling SRR23700950
	=>134 solid circRNAs detected
	handling SRR23700951
	=>232 solid circRNAs detected
	=>205 solid circRNAs detected
	handling SRR23700949
	handling SRR23700948
	=>247 solid circRNAs detected
	handling SRR23700945
	=>3159 solid circRNAs detected
	handling SRR23700944
	=>4360 solid circRNAs detected
	handling SRR23700942
	=>3963 solid circRNAs detected
	handling SRR23700943
	=>4914 solid circRNAs detected
	=>3923 solid circRNAs detected
	handling SRR23700939
	handling SRR23700934
	=>145 solid circRNAs detected
	=>268 solid circRNAs detected
	=>4604 solid circRNAs detected
	handling SRR23700938
	=>247 solid circRNAs detected
	=>5362 solid circRNAs detected
	=>6618 solid circRNAs detected
	handling SRR23700940
	handling SRR23700941
	=>6115 solid circRNAs detected
	=>6554 solid circRNAs detected
	handling SRR23700932
	handling SRR23700937
	=>220 solid circRNAs detected
	=>211 solid circRNAs detected
	=>6669 solid circRNAs detected
	=>5348 solid circRNAs detected
	handling SRR23700931
	handling SRR23700933
	=>270 solid circRNAs detected
	handling SRR23700956
	=>137 solid circRNAs detected
	handling SRR23700953
	=>286 solid circRNAs detected
	=>241 solid circRNAs detected
	=>196 solid circRNAs detected
	=>202 solid circRNAs detected
	handling SRR23700954
	=>205 solid circRNAs detected
	handling SRR23700955
	=>242 solid circRNAs detected
	=>9513 solid circRNAs detected
	handling SRR23700936
	=>5867 solid circRNAs detected
	=>4053 solid circRNAs detected
	=>4981 solid circRNAs detected
	=>4511 solid circRNAs detected
	=>4572 solid circRNAs detected
	=>5813 solid circRNAs detected
	=>8216 solid circRNAs detected
	=>7093 solid circRNAs detected
	=>8927 solid circRNAs detected
	=>8869 solid circRNAs detected
	=>9259 solid circRNAs detected
Done. Please check result *.aggr.txt in /home/zhou/raid/IO_RNA/circRNA/PRJNA940989/aggr
Scanning result aggr files...
Checking if all sample result data files could be found...
Merging result aggr files...
Outputing
Done. Check /home/zhou/raid/IO_RNA/circRNA/PRJNA940989/aggr/aggr_circRNA.tsv.gz
