Reading GTF annotation data...
Extracting gene and region information...
Checking gtf data...
    chr start   end         gene_id      symbol
1: chr1 11869 14409 ENSG00000223972     DDX11L1
2: chr1 14404 29570 ENSG00000227232      WASH7P
3: chr1 17369 17436 ENSG00000278267   MIR6859-1
4: chr1 29554 31109 ENSG00000243485 MIR1302-2HG
5: chr1 30366 30503 ENSG00000284332   MIR1302-2
6: chr1 34554 36081 ENSG00000237613     FAM138A
Scanning result bed files and extracting sample IDs...
728 sample(s) detected
Reading, joining & annotating circRNAs...
	handling A0047e48e7484
	=>1818 solid circRNAs detected
	handling A00685dee45ff
	=>2093 solid circRNAs detected
	handling A00e261847394
	=>2501 solid circRNAs detected
	handling A01153e8a240c
	=>2438 solid circRNAs detected
	handling A012f876013e0
	=>2311 solid circRNAs detected
	handling A01e87aa83351
	=>1771 solid circRNAs detected
	handling A01f834b31d22
	=>2547 solid circRNAs detected
	handling A021391b76359
	=>999 solid circRNAs detected
	handling A02d107e06035
	=>1661 solid circRNAs detected
	handling A02f12d381d57
	=>1593 solid circRNAs detected
	handling A032efca626b9
	=>2174 solid circRNAs detected
	handling A03344c0c6a97
	=>1504 solid circRNAs detected
	handling A036f30dd629e
	=>1411 solid circRNAs detected
	handling A03eb29344373
	=>1966 solid circRNAs detected
	handling A03f15d9f1ae1
	=>1731 solid circRNAs detected
	handling A047ddc4dcdef
	=>1628 solid circRNAs detected
	handling A05557234b69c
	=>1971 solid circRNAs detected
	handling A055bdd197941
	=>570 solid circRNAs detected
	handling A057ccd65d9eb
	=>2486 solid circRNAs detected
	handling A05d1229f1647
	=>2972 solid circRNAs detected
	handling A05e39bec66de
	=>2731 solid circRNAs detected
	handling A05e846b96e6e
	=>2366 solid circRNAs detected
	handling A05f32ce82060
