Start CIRIquant for A7b450775c2a8 at 2023年 09月 24日 星期日 23:05:25 CST
Final result exists and is not empty, skipped this sample.
Start circexplorer2 for A7b450775c2a8 at 2023年 09月 24日 星期日 23:05:23 CST
Final result exists and is not empty, skipped this sample.
Start circRNA_finder for A7b450775c2a8 at 2023年 09月 24日 星期日 23:05:23 CST
Final result exists and is not empty, skipped this sample.
Start find_circ for A7b450775c2a8 at 2023年 09月 24日 星期日 23:05:23 CST
Final result exists and is not empty, skipped this sample.
Start CIRIquant for Ae9c1334f17f0 at 2023年 09月 24日 星期日 23:05:28 CST
Final result exists and is not empty, skipped this sample.
Start circexplorer2 for Ae9c1334f17f0 at 2023年 09月 24日 星期日 23:05:25 CST
Final result exists and is not empty, skipped this sample.
Start circRNA_finder for Ae9c1334f17f0 at 2023年 09月 24日 星期日 23:05:25 CST
Final result exists and is not empty, skipped this sample.
Start find_circ for Ae9c1334f17f0 at 2023年 09月 24日 星期日 23:05:25 CST
Final result exists and is not empty, skipped this sample.
Start CIRIquant for A357305b61ed8 at 2023年 09月 24日 星期日 23:05:30 CST
Final result exists and is not empty, skipped this sample.
Start circexplorer2 for A357305b61ed8 at 2023年 09月 24日 星期日 23:05:28 CST
Final result exists and is not empty, skipped this sample.
Start circRNA_finder for A357305b61ed8 at 2023年 09月 24日 星期日 23:05:28 CST
Final result exists and is not empty, skipped this sample.
Start find_circ for A357305b61ed8 at 2023年 09月 24日 星期日 23:05:28 CST
Final result exists and is not empty, skipped this sample.
Start CIRIquant for Ac3718a30cdc3 at 2023年 09月 24日 星期日 23:05:33 CST
Final result exists and is not empty, skipped this sample.
Start circexplorer2 for Ac3718a30cdc3 at 2023年 09月 24日 星期日 23:05:31 CST
Final result exists and is not empty, skipped this sample.
Start circRNA_finder for Ac3718a30cdc3 at 2023年 09月 24日 星期日 23:05:31 CST
Final result exists and is not empty, skipped this sample.
Start find_circ for Ac3718a30cdc3 at 2023年 09月 24日 星期日 23:05:31 CST
Final result exists and is not empty, skipped this sample.
Start CIRIquant for Aa2924e192039 at 2023年 09月 24日 星期日 23:05:36 CST
Final result exists and is not empty, skipped this sample.
Start circexplorer2 for Aa2924e192039 at 2023年 09月 24日 星期日 23:05:33 CST
Final result exists and is not empty, skipped this sample.
Start circRNA_finder for Aa2924e192039 at 2023年 09月 24日 星期日 23:05:33 CST
Final result exists and is not empty, skipped this sample.
Start find_circ for Aa2924e192039 at 2023年 09月 24日 星期日 23:05:33 CST
Final result exists and is not empty, skipped this sample.
Start CIRIquant for A22a37239ecb0 at 2023年 09月 24日 星期日 23:05:38 CST
Final result exists and is not empty, skipped this sample.
Start circexplorer2 for A22a37239ecb0 at 2023年 09月 24日 星期日 23:05:36 CST
Final result exists and is not empty, skipped this sample.
Start circRNA_finder for A22a37239ecb0 at 2023年 09月 24日 星期日 23:05:36 CST
Final result exists and is not empty, skipped this sample.
Start find_circ for A22a37239ecb0 at 2023年 09月 24日 星期日 23:05:36 CST
Final result exists and is not empty, skipped this sample.
Start CIRIquant for A2d1f282274bd at 2023年 09月 24日 星期日 23:05:41 CST
Final result exists and is not empty, skipped this sample.
Start circexplorer2 for A2d1f282274bd at 2023年 09月 24日 星期日 23:05:38 CST
Final result exists and is not empty, skipped this sample.
Start circRNA_finder for A2d1f282274bd at 2023年 09月 24日 星期日 23:05:38 CST
Final result exists and is not empty, skipped this sample.
Start find_circ for A2d1f282274bd at 2023年 09月 24日 星期日 23:05:38 CST
Final result exists and is not empty, skipped this sample.
Start CIRIquant for Ab129e1690ae2 at 2023年 09月 24日 星期日 23:05:43 CST
Final result exists and is not empty, skipped this sample.
Start circexplorer2 for Ab129e1690ae2 at 2023年 09月 24日 星期日 23:05:41 CST
Final result exists and is not empty, skipped this sample.
Start circRNA_finder for Ab129e1690ae2 at 2023年 09月 24日 星期日 23:05:41 CST
Final result exists and is not empty, skipped this sample.
Start find_circ for Ab129e1690ae2 at 2023年 09月 24日 星期日 23:05:41 CST
Final result exists and is not empty, skipped this sample.
Start CIRIquant for Af42491be25c7 at 2023年 09月 24日 星期日 23:05:46 CST
Final result exists and is not empty, skipped this sample.
Start circexplorer2 for Af42491be25c7 at 2023年 09月 24日 星期日 23:05:44 CST
Final result exists and is not empty, skipped this sample.
Start circRNA_finder for Af42491be25c7 at 2023年 09月 24日 星期日 23:05:44 CST
Final result exists and is not empty, skipped this sample.
Start find_circ for Af42491be25c7 at 2023年 09月 24日 星期日 23:05:44 CST
Final result exists and is not empty, skipped this sample.
Start CIRIquant for Adc16170801f1 at 2023年 09月 24日 星期日 23:05:48 CST
Final result exists and is not empty, skipped this sample.
Start circexplorer2 for Adc16170801f1 at 2023年 09月 24日 星期日 23:05:46 CST
Final result exists and is not empty, skipped this sample.
Start circRNA_finder for Adc16170801f1 at 2023年 09月 24日 星期日 23:05:46 CST
Final result exists and is not empty, skipped this sample.
Start find_circ for Adc16170801f1 at 2023年 09月 24日 星期日 23:05:46 CST
Final result exists and is not empty, skipped this sample.
Start CIRIquant for Ad17f3f85c079 at 2023年 09月 24日 星期日 23:05:51 CST
Final result exists and is not empty, skipped this sample.
Start circexplorer2 for Ad17f3f85c079 at 2023年 09月 24日 星期日 23:05:49 CST
Final result exists and is not empty, skipped this sample.
Start circRNA_finder for Ad17f3f85c079 at 2023年 09月 24日 星期日 23:05:49 CST
Final result exists and is not empty, skipped this sample.
Start find_circ for Ad17f3f85c079 at 2023年 09月 24日 星期日 23:05:49 CST
Final result exists and is not empty, skipped this sample.
Start CIRIquant for Ad0bfe7623647 at 2023年 09月 24日 星期日 23:05:54 CST
Final result exists and is not empty, skipped this sample.
Start circexplorer2 for Ad0bfe7623647 at 2023年 09月 24日 星期日 23:05:51 CST
Final result exists and is not empty, skipped this sample.
Start circRNA_finder for Ad0bfe7623647 at 2023年 09月 24日 星期日 23:05:51 CST
Final result exists and is not empty, skipped this sample.
Start find_circ for Ad0bfe7623647 at 2023年 09月 24日 星期日 23:05:51 CST
Final result exists and is not empty, skipped this sample.
Start CIRIquant for Aebe0f4b6fed9 at 2023年 09月 24日 星期日 23:05:56 CST
Final result exists and is not empty, skipped this sample.
Start circexplorer2 for Aebe0f4b6fed9 at 2023年 09月 24日 星期日 23:05:54 CST
Final result exists and is not empty, skipped this sample.
Start circRNA_finder for Aebe0f4b6fed9 at 2023年 09月 24日 星期日 23:05:54 CST
Final result exists and is not empty, skipped this sample.
Start find_circ for Aebe0f4b6fed9 at 2023年 09月 24日 星期日 23:05:54 CST
Final result exists and is not empty, skipped this sample.
Start CIRIquant for Ae8d4b72adce1 at 2023年 09月 24日 星期日 23:05:59 CST
Final result exists and is not empty, skipped this sample.
Start circexplorer2 for Ae8d4b72adce1 at 2023年 09月 24日 星期日 23:05:57 CST
Final result exists and is not empty, skipped this sample.
Start circRNA_finder for Ae8d4b72adce1 at 2023年 09月 24日 星期日 23:05:57 CST
Final result exists and is not empty, skipped this sample.
Start find_circ for Ae8d4b72adce1 at 2023年 09月 24日 星期日 23:05:57 CST
Final result exists and is not empty, skipped this sample.
Start CIRIquant for Ac89149d15046 at 2023年 09月 24日 星期日 23:06:01 CST
Final result exists and is not empty, skipped this sample.
Start circexplorer2 for Ac89149d15046 at 2023年 09月 24日 星期日 23:05:59 CST
Final result exists and is not empty, skipped this sample.
Start circRNA_finder for Ac89149d15046 at 2023年 09月 24日 星期日 23:05:59 CST
Final result exists and is not empty, skipped this sample.
Start find_circ for Ac89149d15046 at 2023年 09月 24日 星期日 23:05:59 CST
Final result exists and is not empty, skipped this sample.
Start CIRIquant for Affefa8605746 at 2023年 09月 24日 星期日 23:06:04 CST
Final result exists and is not empty, skipped this sample.
Start circexplorer2 for Affefa8605746 at 2023年 09月 24日 星期日 23:06:02 CST
Final result exists and is not empty, skipped this sample.
Start circRNA_finder for Affefa8605746 at 2023年 09月 24日 星期日 23:06:02 CST
Final result exists and is not empty, skipped this sample.
Start find_circ for Affefa8605746 at 2023年 09月 24日 星期日 23:06:02 CST
Final result exists and is not empty, skipped this sample.
Start CIRIquant for A8eaa62926cdc at 2023年 09月 24日 星期日 23:06:07 CST
Final result exists and is not empty, skipped this sample.
Start circexplorer2 for A8eaa62926cdc at 2023年 09月 24日 星期日 23:06:04 CST
Final result exists and is not empty, skipped this sample.
Start circRNA_finder for A8eaa62926cdc at 2023年 09月 24日 星期日 23:06:04 CST
Final result exists and is not empty, skipped this sample.
Start find_circ for A8eaa62926cdc at 2023年 09月 24日 星期日 23:06:04 CST
Final result exists and is not empty, skipped this sample.
Start CIRIquant for Aaf090414dbe1 at 2023年 09月 24日 星期日 23:06:09 CST
Final result exists and is not empty, skipped this sample.
Start circexplorer2 for Aaf090414dbe1 at 2023年 09月 24日 星期日 23:06:07 CST
Final result exists and is not empty, skipped this sample.
Start circRNA_finder for Aaf090414dbe1 at 2023年 09月 24日 星期日 23:06:07 CST
Final result exists and is not empty, skipped this sample.
Start find_circ for Aaf090414dbe1 at 2023年 09月 24日 星期日 23:06:07 CST
Final result exists and is not empty, skipped this sample.
Start CIRIquant for A11c47a1c9f68 at 2023年 09月 24日 星期日 23:06:12 CST
Final result exists and is not empty, skipped this sample.
Start circexplorer2 for A11c47a1c9f68 at 2023年 09月 24日 星期日 23:06:09 CST
Final result exists and is not empty, skipped this sample.
Start circRNA_finder for A11c47a1c9f68 at 2023年 09月 24日 星期日 23:06:09 CST
Final result exists and is not empty, skipped this sample.
Start find_circ for A11c47a1c9f68 at 2023年 09月 24日 星期日 23:06:09 CST
Final result exists and is not empty, skipped this sample.
Start CIRIquant for A6d50633a92e4 at 2023年 09月 24日 星期日 23:06:14 CST
Final result exists and is not empty, skipped this sample.
Start circexplorer2 for A6d50633a92e4 at 2023年 09月 24日 星期日 23:06:12 CST
Final result exists and is not empty, skipped this sample.
Start circRNA_finder for A6d50633a92e4 at 2023年 09月 24日 星期日 23:06:12 CST
Final result exists and is not empty, skipped this sample.
Start find_circ for A6d50633a92e4 at 2023年 09月 24日 星期日 23:06:12 CST
Final result exists and is not empty, skipped this sample.
Start CIRIquant for A26aebf21b21f at 2023年 09月 24日 星期日 23:06:17 CST
Final result exists and is not empty, skipped this sample.
Start circexplorer2 for A26aebf21b21f at 2023年 09月 24日 星期日 23:06:15 CST
Final result exists and is not empty, skipped this sample.
Start circRNA_finder for A26aebf21b21f at 2023年 09月 24日 星期日 23:06:15 CST
Final result exists and is not empty, skipped this sample.
Start find_circ for A26aebf21b21f at 2023年 09月 24日 星期日 23:06:15 CST
Final result exists and is not empty, skipped this sample.
