Reading GTF annotation data...
Extracting gene and region information...
Checking gtf data...
    chr start   end         gene_id      symbol
1: chr1 11869 14409 ENSG00000223972     DDX11L1
2: chr1 14404 29570 ENSG00000227232      WASH7P
3: chr1 17369 17436 ENSG00000278267   MIR6859-1
4: chr1 29554 31109 ENSG00000243485 MIR1302-2HG
5: chr1 30366 30503 ENSG00000284332   MIR1302-2
6: chr1 34554 36081 ENSG00000237613     FAM138A
Scanning result bed files and extracting sample IDs...
23 sample(s) detected
Reading, joining & annotating circRNAs...
	handling SRR15069598
	handling SRR15069599
	handling SRR15069600
	handling SRR15069601
	handling SRR15069602
	handling SRR15069603
	handling SRR15069604
	handling SRR15069605
	handling SRR15069606
	handling SRR15069607
	handling SRR15069608
	handling SRR15069609
	handling SRR15069610
	handling SRR15069611
	handling SRR15069612
	handling SRR15069613
	handling SRR15069614
	handling SRR15069615
	handling SRR15069616
	handling SRR15069617
	=>104 solid circRNAs detected
	=>149 solid circRNAs detected
	=>185 solid circRNAs detected
	=>250 solid circRNAs detected
	=>209 solid circRNAs detected
	=>248 solid circRNAs detected
	=>78 solid circRNAs detected
	=>271 solid circRNAs detected
	=>263 solid circRNAs detected
	=>274 solid circRNAs detected
	=>288 solid circRNAs detected
	=>190 solid circRNAs detected
	=>215 solid circRNAs detected
	handling SRR15069619
	=>309 solid circRNAs detected
	=>233 solid circRNAs detected
	=>303 solid circRNAs detected
	=>280 solid circRNAs detected
	=>293 solid circRNAs detected
	handling SRR15069620
	handling SRR15069618
	=>329 solid circRNAs detected
	=>249 solid circRNAs detected
	=>202 solid circRNAs detected
	=>262 solid circRNAs detected
	=>276 solid circRNAs detected
Done. Please check result *.aggr.txt in /home/zhou/raid/IO_RNA/circRNA/PRJNA744780/aggr
Scanning result aggr files...
Checking if all sample result data files could be found...
Merging result aggr files...
Outputing
Done. Check /home/zhou/raid/IO_RNA/circRNA/PRJNA744780/aggr/aggr_circRNA.tsv.gz
