Reading GTF annotation data...
Extracting gene and region information...
Checking gtf data...
    chr start   end         gene_id        gene
1: chr1 11869 14409 ENSG00000223972     DDX11L1
2: chr1 14404 29570 ENSG00000227232      WASH7P
3: chr1 17369 17436 ENSG00000278267   MIR6859-1
4: chr1 29554 31109 ENSG00000243485 MIR1302-2HG
5: chr1 30366 30503 ENSG00000284332   MIR1302-2
6: chr1 34554 36081 ENSG00000237613     FAM138A
Scanning result bed files and extracting sample IDs...
46 sample(s) detected
Reading, joining & annotating circRNAs...
	handling SRR13780246
	handling SRR13780247
	handling SRR13780248
	handling SRR13780249
	handling SRR13780250
	handling SRR13780251
	handling SRR13780252
	handling SRR13780253
	handling SRR13780254
	handling SRR13780255
	handling SRR13780256
	handling SRR13780257
	handling SRR13780258
	handling SRR13780259
	handling SRR13780260
	handling SRR13780261
	handling SRR13780262
	handling SRR13780263
	handling SRR13780264
	handling SRR13780265
	=>1415 solid circRNAs detected
	handling SRR13780276
	=>1751 solid circRNAs detected
	handling SRR13780266
	=>66 solid circRNAs detected
	=>5107 solid circRNAs detected
	handling SRR13780278
	=>5094 solid circRNAs detected
	handling SRR13780277
	=>5947 solid circRNAs detected
	handling SRR13780281
	=>5061 solid circRNAs detected
	handling SRR13780280
	=>4760 solid circRNAs detected
	handling SRR13780284
	=>5894 solid circRNAs detected
	handling SRR13780282
	=>8741 solid circRNAs detected
	=>6447 solid circRNAs detected
	=>1543 solid circRNAs detected
	handling SRR13780275
	handling SRR13780269
	=>6122 solid circRNAs detected
	handling SRR13780268
	=>8675 solid circRNAs detected
	handling SRR13780285
	=>9424 solid circRNAs detected
	=>1224 solid circRNAs detected
	handling SRR13780272
	=>8538 solid circRNAs detected
	handling SRR13780274
	=>8442 solid circRNAs detected
	handling SRR13780267
	=>9464 solid circRNAs detected
	handling SRR13780273
	=>11252 solid circRNAs detected
	=>1499 solid circRNAs detected
	handling SRR13780283
	=>15685 solid circRNAs detected
	=>11180 solid circRNAs detected
	handling SRR13780279
	handling SRR13780271
	=>1404 solid circRNAs detected
	=>10825 solid circRNAs detected
	handling SRR13780270
	=>2684 solid circRNAs detected
	handling SRR13780287
	=>2860 solid circRNAs detected
	handling SRR13780290
	=>3702 solid circRNAs detected
	=>5635 solid circRNAs detected
	=>4673 solid circRNAs detected
	=>6548 solid circRNAs detected
	=>7915 solid circRNAs detected
	handling SRR13780289
	=>5359 solid circRNAs detected
	=>6283 solid circRNAs detected
	=>10955 solid circRNAs detected
	handling SRR13780286
	=>6015 solid circRNAs detected
	=>10018 solid circRNAs detected
	handling SRR13780291
	=>12391 solid circRNAs detected
	handling SRR13780288
	=>4638 solid circRNAs detected
	=>8700 solid circRNAs detected
	=>12829 solid circRNAs detected
	=>8973 solid circRNAs detected
	=>8039 solid circRNAs detected
	=>10814 solid circRNAs detected
	=>21028 solid circRNAs detected
	=>19584 solid circRNAs detected
Done. Please check result *.aggr.txt in /home/zhou/raid/IO_RNA/circRNA/PHS002176/aggr
Scanning result aggr files...
Checking if all sample result data files could be found...
Merging result aggr files...
Outputing
Done. Check /home/zhou/raid/IO_RNA/circRNA/PHS002176/aggr/aggr_circRNA.tsv.gz
