Reading GTF annotation data...
Extracting gene and region information...
Checking gtf data...
    chr start   end         gene_id        gene
1: chr1 11869 14409 ENSG00000223972     DDX11L1
2: chr1 14404 29570 ENSG00000227232      WASH7P
3: chr1 17369 17436 ENSG00000278267   MIR6859-1
4: chr1 29554 31109 ENSG00000243485 MIR1302-2HG
5: chr1 30366 30503 ENSG00000284332   MIR1302-2
6: chr1 34554 36081 ENSG00000237613     FAM138A
Scanning result bed files and extracting sample IDs...
164 sample(s) detected
Reading, joining & annotating circRNAs...
	handling SRR10841921
	handling SRR10841996
	handling SRR10842068
	handling SRR10842347
	handling SRR10842349
	handling SRR10842352
	handling SRR10842356
	handling SRR10842358
	handling SRR10842360
	handling SRR10842363
	handling SRR10842364
	handling SRR10842365
	handling SRR10842366
	handling SRR10842367
	handling SRR10842368
	handling SRR10842369
	handling SRR10842371
	handling SRR10842373
	handling SRR10842375
	handling SRR10842376
	=>169 solid circRNAs detected
	handling SRR10899973
	=>1090 solid circRNAs detected
	handling SRR10842379
	=>438 solid circRNAs detected
	handling SRR10899980
	=>1049 solid circRNAs detected
	handling SRR10842377
	=>2555 solid circRNAs detected
	handling SRR10842380
	=>1817 solid circRNAs detected
	handling SRR10899984
	=>2397 solid circRNAs detected
	=>3482 solid circRNAs detected
	handling SRR10899967
	=>3406 solid circRNAs detected
	handling SRR10899978
	handling SRR10899982
	=>3294 solid circRNAs detected
	handling SRR10899985
	=>2448 solid circRNAs detected
	=>2501 solid circRNAs detected
	handling SRR10842381
	handling SRR10899976
	=>1788 solid circRNAs detected
	handling SRR10899975
	=>3379 solid circRNAs detected
	handling SRR10899974
	=>3499 solid circRNAs detected
	handling SRR10842378
