Start CIRIquant for SRR2780299 at Tue Oct 17 23:38:47 CST 2023
Final result exists and is not empty, skipped this sample.
Start circexplorer2 for SRR2780299 at Tue Oct 17 23:38:45 CST 2023
Final result exists and is not empty, skipped this sample.
Start circRNA_finder for SRR2780299 at Tue Oct 17 23:38:45 CST 2023
Final result exists and is not empty, skipped this sample.
Start find_circ for SRR2780299 at Tue Oct 17 23:38:45 CST 2023
Final result exists and is not empty, skipped this sample.
Start CIRIquant for SRR2778361 at Tue Oct 17 23:38:49 CST 2023
Final result exists and is not empty, skipped this sample.
Start circexplorer2 for SRR2778361 at Tue Oct 17 23:38:47 CST 2023
Final result exists and is not empty, skipped this sample.
Start circRNA_finder for SRR2778361 at Tue Oct 17 23:38:47 CST 2023
Final result exists and is not empty, skipped this sample.
Start find_circ for SRR2778361 at Tue Oct 17 23:38:47 CST 2023
Final result exists and is not empty, skipped this sample.
Start CIRIquant for SRR2777065 at Tue Oct 17 23:38:51 CST 2023
Final result exists and is not empty, skipped this sample.
Start circexplorer2 for SRR2777065 at Tue Oct 17 23:38:49 CST 2023
Final result exists and is not empty, skipped this sample.
Start circRNA_finder for SRR2777065 at Tue Oct 17 23:38:49 CST 2023
Final result exists and is not empty, skipped this sample.
Start find_circ for SRR2777065 at Tue Oct 17 23:38:49 CST 2023
Final result exists and is not empty, skipped this sample.
Start CIRIquant for SRR3083781 at Tue Oct 17 23:38:53 CST 2023
Final result exists and is not empty, skipped this sample.
Start circexplorer2 for SRR3083781 at Tue Oct 17 23:38:51 CST 2023
Final result exists and is not empty, skipped this sample.
Start circRNA_finder for SRR3083781 at Tue Oct 17 23:38:51 CST 2023
Final result exists and is not empty, skipped this sample.
Start find_circ for SRR3083781 at Tue Oct 17 23:38:51 CST 2023
Final result exists and is not empty, skipped this sample.
Start CIRIquant for SRR2780275 at Tue Oct 17 23:38:55 CST 2023
Final result exists and is not empty, skipped this sample.
Start circexplorer2 for SRR2780275 at Tue Oct 17 23:38:53 CST 2023
Final result exists and is not empty, skipped this sample.
Start circRNA_finder for SRR2780275 at Tue Oct 17 23:38:53 CST 2023
Final result exists and is not empty, skipped this sample.
Start find_circ for SRR2780275 at Tue Oct 17 23:38:53 CST 2023
Final result exists and is not empty, skipped this sample.
Start CIRIquant for SRR2775133 at Tue Oct 17 23:38:57 CST 2023
Final result exists and is not empty, skipped this sample.
Start circexplorer2 for SRR2775133 at Tue Oct 17 23:38:55 CST 2023
Final result exists and is not empty, skipped this sample.
Start circRNA_finder for SRR2775133 at Tue Oct 17 23:38:55 CST 2023
Final result exists and is not empty, skipped this sample.
Start find_circ for SRR2775133 at Tue Oct 17 23:38:55 CST 2023
Final result exists and is not empty, skipped this sample.
Start CIRIquant for SRR2778078 at Tue Oct 17 23:38:59 CST 2023
Final result exists and is not empty, skipped this sample.
Start circexplorer2 for SRR2778078 at Tue Oct 17 23:38:57 CST 2023
Final result exists and is not empty, skipped this sample.
Start circRNA_finder for SRR2778078 at Tue Oct 17 23:38:57 CST 2023
Final result exists and is not empty, skipped this sample.
Start find_circ for SRR2778078 at Tue Oct 17 23:38:57 CST 2023
Final result exists and is not empty, skipped this sample.
Start CIRIquant for SRR2779596 at Tue Oct 17 23:39:01 CST 2023
Final result exists and is not empty, skipped this sample.
Start circexplorer2 for SRR2779596 at Tue Oct 17 23:38:59 CST 2023
Final result exists and is not empty, skipped this sample.
Start circRNA_finder for SRR2779596 at Tue Oct 17 23:38:59 CST 2023
Final result exists and is not empty, skipped this sample.
Start find_circ for SRR2779596 at Tue Oct 17 23:38:59 CST 2023
Final result exists and is not empty, skipped this sample.
Start CIRIquant for SRR2774280 at Tue Oct 17 23:39:03 CST 2023
Final result exists and is not empty, skipped this sample.
Start circexplorer2 for SRR2774280 at Tue Oct 17 23:39:01 CST 2023
Final result exists and is not empty, skipped this sample.
Start circRNA_finder for SRR2774280 at Tue Oct 17 23:39:01 CST 2023
Final result exists and is not empty, skipped this sample.
Start find_circ for SRR2774280 at Tue Oct 17 23:39:01 CST 2023
Final result exists and is not empty, skipped this sample.
Start CIRIquant for SRR3083584 at Tue Oct 17 23:39:05 CST 2023
Final result exists and is not empty, skipped this sample.
Start circexplorer2 for SRR3083584 at Tue Oct 17 23:39:03 CST 2023
Final result exists and is not empty, skipped this sample.
Start circRNA_finder for SRR3083584 at Tue Oct 17 23:39:03 CST 2023
Final result exists and is not empty, skipped this sample.
Start find_circ for SRR3083584 at Tue Oct 17 23:39:03 CST 2023
Final result exists and is not empty, skipped this sample.
Start CIRIquant for SRR2778056 at Tue Oct 17 23:39:07 CST 2023
Final result exists and is not empty, skipped this sample.
Start circexplorer2 for SRR2778056 at Tue Oct 17 23:39:05 CST 2023
Final result exists and is not empty, skipped this sample.
Start circRNA_finder for SRR2778056 at Tue Oct 17 23:39:05 CST 2023
Final result exists and is not empty, skipped this sample.
Start find_circ for SRR2778056 at Tue Oct 17 23:39:05 CST 2023
Final result exists and is not empty, skipped this sample.
Start CIRIquant for SRR2779183 at Tue Oct 17 23:39:09 CST 2023
Final result exists and is not empty, skipped this sample.
Start circexplorer2 for SRR2779183 at Tue Oct 17 23:39:07 CST 2023
Final result exists and is not empty, skipped this sample.
Start circRNA_finder for SRR2779183 at Tue Oct 17 23:39:07 CST 2023
Final result exists and is not empty, skipped this sample.
Start find_circ for SRR2779183 at Tue Oct 17 23:39:07 CST 2023
Final result exists and is not empty, skipped this sample.
Start CIRIquant for SRR2774182 at Tue Oct 17 23:39:11 CST 2023
Final result exists and is not empty, skipped this sample.
Start circexplorer2 for SRR2774182 at Tue Oct 17 23:39:09 CST 2023
Final result exists and is not empty, skipped this sample.
Start circRNA_finder for SRR2774182 at Tue Oct 17 23:39:09 CST 2023
Final result exists and is not empty, skipped this sample.
Start find_circ for SRR2774182 at Tue Oct 17 23:39:09 CST 2023
Final result exists and is not empty, skipped this sample.
Start CIRIquant for SRR2777976 at Tue Oct 17 23:39:12 CST 2023
Final result exists and is not empty, skipped this sample.
Start circexplorer2 for SRR2777976 at Tue Oct 17 23:39:11 CST 2023
Final result exists and is not empty, skipped this sample.
Start circRNA_finder for SRR2777976 at Tue Oct 17 23:39:11 CST 2023
Final result exists and is not empty, skipped this sample.
Start find_circ for SRR2777976 at Tue Oct 17 23:39:11 CST 2023
Final result exists and is not empty, skipped this sample.
Start CIRIquant for SRR2772780 at Tue Oct 17 23:39:14 CST 2023
Final result exists and is not empty, skipped this sample.
Start circexplorer2 for SRR2772780 at Tue Oct 17 23:39:13 CST 2023
Final result exists and is not empty, skipped this sample.
Start circRNA_finder for SRR2772780 at Tue Oct 17 23:39:13 CST 2023
Final result exists and is not empty, skipped this sample.
Start find_circ for SRR2772780 at Tue Oct 17 23:39:13 CST 2023
Final result exists and is not empty, skipped this sample.
Start CIRIquant for SRR2778466 at Tue Oct 17 23:39:16 CST 2023
Final result exists and is not empty, skipped this sample.
Start circexplorer2 for SRR2778466 at Tue Oct 17 23:39:15 CST 2023
Final result exists and is not empty, skipped this sample.
Start circRNA_finder for SRR2778466 at Tue Oct 17 23:39:15 CST 2023
Final result exists and is not empty, skipped this sample.
Start find_circ for SRR2778466 at Tue Oct 17 23:39:15 CST 2023
Final result exists and is not empty, skipped this sample.
Start CIRIquant for SRR2777217 at Tue Oct 17 23:39:19 CST 2023
Final result exists and is not empty, skipped this sample.
Start circexplorer2 for SRR2777217 at Tue Oct 17 23:39:17 CST 2023
Final result exists and is not empty, skipped this sample.
Start circRNA_finder for SRR2777217 at Tue Oct 17 23:39:17 CST 2023
Final result exists and is not empty, skipped this sample.
Start find_circ for SRR2777217 at Tue Oct 17 23:39:17 CST 2023
Final result exists and is not empty, skipped this sample.
Start CIRIquant for SRR2771707 at Tue Oct 17 23:39:20 CST 2023
Final result exists and is not empty, skipped this sample.
Start circexplorer2 for SRR2771707 at Tue Oct 17 23:39:19 CST 2023
Final result exists and is not empty, skipped this sample.
Start circRNA_finder for SRR2771707 at Tue Oct 17 23:39:19 CST 2023
Final result exists and is not empty, skipped this sample.
Start find_circ for SRR2771707 at Tue Oct 17 23:39:19 CST 2023
Final result exists and is not empty, skipped this sample.
Start CIRIquant for SRR2771617 at Tue Oct 17 23:39:22 CST 2023
Final result exists and is not empty, skipped this sample.
Start circexplorer2 for SRR2771617 at Tue Oct 17 23:39:20 CST 2023
Final result exists and is not empty, skipped this sample.
Start circRNA_finder for SRR2771617 at Tue Oct 17 23:39:20 CST 2023
Final result exists and is not empty, skipped this sample.
Start find_circ for SRR2771617 at Tue Oct 17 23:39:21 CST 2023
Final result exists and is not empty, skipped this sample.
Start CIRIquant for SRR2771286 at Tue Oct 17 23:39:24 CST 2023
Final result exists and is not empty, skipped this sample.
Start circexplorer2 for SRR2771286 at Tue Oct 17 23:39:22 CST 2023
Final result exists and is not empty, skipped this sample.
Start circRNA_finder for SRR2771286 at Tue Oct 17 23:39:22 CST 2023
Final result exists and is not empty, skipped this sample.
Start find_circ for SRR2771286 at Tue Oct 17 23:39:22 CST 2023
Final result exists and is not empty, skipped this sample.
Start CIRIquant for SRR2771207 at Tue Oct 17 23:39:26 CST 2023
Final result exists and is not empty, skipped this sample.
Start circexplorer2 for SRR2771207 at Tue Oct 17 23:39:24 CST 2023
Final result exists and is not empty, skipped this sample.
Start circRNA_finder for SRR2771207 at Tue Oct 17 23:39:24 CST 2023
Final result exists and is not empty, skipped this sample.
Start find_circ for SRR2771207 at Tue Oct 17 23:39:24 CST 2023
Final result exists and is not empty, skipped this sample.
Start CIRIquant for SRR2770872 at Tue Oct 17 23:39:28 CST 2023
Final result exists and is not empty, skipped this sample.
Start circexplorer2 for SRR2770872 at Tue Oct 17 23:39:26 CST 2023
Final result exists and is not empty, skipped this sample.
Start circRNA_finder for SRR2770872 at Tue Oct 17 23:39:26 CST 2023
Final result exists and is not empty, skipped this sample.
Start find_circ for SRR2770872 at Tue Oct 17 23:39:26 CST 2023
Final result exists and is not empty, skipped this sample.
Start CIRIquant for SRR2757338 at Tue Oct 17 23:39:30 CST 2023
Final result exists and is not empty, skipped this sample.
Start circexplorer2 for SRR2757338 at Tue Oct 17 23:39:28 CST 2023
Final result exists and is not empty, skipped this sample.
Start circRNA_finder for SRR2757338 at Tue Oct 17 23:39:28 CST 2023
Final result exists and is not empty, skipped this sample.
Start find_circ for SRR2757338 at Tue Oct 17 23:39:28 CST 2023
Final result exists and is not empty, skipped this sample.
Start CIRIquant for SRR2755094 at Tue Oct 17 23:39:32 CST 2023
Final result exists and is not empty, skipped this sample.
Start circexplorer2 for SRR2755094 at Tue Oct 17 23:39:30 CST 2023
Final result exists and is not empty, skipped this sample.
Start circRNA_finder for SRR2755094 at Tue Oct 17 23:39:30 CST 2023
Final result exists and is not empty, skipped this sample.
Start find_circ for SRR2755094 at Tue Oct 17 23:39:30 CST 2023
Final result exists and is not empty, skipped this sample.
Start CIRIquant for SRR2753064 at Tue Oct 17 23:39:34 CST 2023
Final result exists and is not empty, skipped this sample.
Start circexplorer2 for SRR2753064 at Tue Oct 17 23:39:32 CST 2023
Final result exists and is not empty, skipped this sample.
Start circRNA_finder for SRR2753064 at Tue Oct 17 23:39:32 CST 2023
Final result exists and is not empty, skipped this sample.
Start find_circ for SRR2753064 at Tue Oct 17 23:39:32 CST 2023
Final result exists and is not empty, skipped this sample.
Start CIRIquant for SRR2751521 at Tue Oct 17 23:39:36 CST 2023
Final result exists and is not empty, skipped this sample.
Start circexplorer2 for SRR2751521 at Tue Oct 17 23:39:34 CST 2023
Final result exists and is not empty, skipped this sample.
Start circRNA_finder for SRR2751521 at Tue Oct 17 23:39:34 CST 2023
Final result exists and is not empty, skipped this sample.
Start find_circ for SRR2751521 at Tue Oct 17 23:39:34 CST 2023
Final result exists and is not empty, skipped this sample.
Start CIRIquant for SRR2712420 at Tue Oct 17 23:39:38 CST 2023
Final result exists and is not empty, skipped this sample.
Start circexplorer2 for SRR2712420 at Tue Oct 17 23:39:36 CST 2023
Final result exists and is not empty, skipped this sample.
Start circRNA_finder for SRR2712420 at Tue Oct 17 23:39:36 CST 2023
Final result exists and is not empty, skipped this sample.
Start find_circ for SRR2712420 at Tue Oct 17 23:39:36 CST 2023
Final result exists and is not empty, skipped this sample.
Start CIRIquant for SRR2701663 at Tue Oct 17 23:39:40 CST 2023
Final result exists and is not empty, skipped this sample.
Start circexplorer2 for SRR2701663 at Tue Oct 17 23:39:38 CST 2023
Final result exists and is not empty, skipped this sample.
Start circRNA_finder for SRR2701663 at Tue Oct 17 23:39:38 CST 2023
Final result exists and is not empty, skipped this sample.
Start find_circ for SRR2701663 at Tue Oct 17 23:39:38 CST 2023
Final result exists and is not empty, skipped this sample.
Start CIRIquant for SRR2700736 at Tue Oct 17 23:39:42 CST 2023
Final result exists and is not empty, skipped this sample.
Start circexplorer2 for SRR2700736 at Tue Oct 17 23:39:40 CST 2023
Final result exists and is not empty, skipped this sample.
Start circRNA_finder for SRR2700736 at Tue Oct 17 23:39:40 CST 2023
Final result exists and is not empty, skipped this sample.
Start find_circ for SRR2700736 at Tue Oct 17 23:39:40 CST 2023
Final result exists and is not empty, skipped this sample.
Start CIRIquant for SRR2689711 at Tue Oct 17 23:39:44 CST 2023
Final result exists and is not empty, skipped this sample.
Start circexplorer2 for SRR2689711 at Tue Oct 17 23:39:42 CST 2023
Final result exists and is not empty, skipped this sample.
Start circRNA_finder for SRR2689711 at Tue Oct 17 23:39:42 CST 2023
Final result exists and is not empty, skipped this sample.
Start find_circ for SRR2689711 at Tue Oct 17 23:39:42 CST 2023
Final result exists and is not empty, skipped this sample.
Start CIRIquant for SRR2689710 at Tue Oct 17 23:39:46 CST 2023
Final result exists and is not empty, skipped this sample.
Start circexplorer2 for SRR2689710 at Tue Oct 17 23:39:44 CST 2023
Final result exists and is not empty, skipped this sample.
Start circRNA_finder for SRR2689710 at Tue Oct 17 23:39:44 CST 2023
Final result exists and is not empty, skipped this sample.
Start find_circ for SRR2689710 at Tue Oct 17 23:39:44 CST 2023
Final result exists and is not empty, skipped this sample.
Start CIRIquant for SRR2681702 at Tue Oct 17 23:39:48 CST 2023
Final result exists and is not empty, skipped this sample.
Start circexplorer2 for SRR2681702 at Tue Oct 17 23:39:46 CST 2023
Final result exists and is not empty, skipped this sample.
Start circRNA_finder for SRR2681702 at Tue Oct 17 23:39:46 CST 2023
Final result exists and is not empty, skipped this sample.
Start find_circ for SRR2681702 at Tue Oct 17 23:39:46 CST 2023
Final result exists and is not empty, skipped this sample.
Start CIRIquant for SRR2675767 at Tue Oct 17 23:39:50 CST 2023
Final result exists and is not empty, skipped this sample.
Start circexplorer2 for SRR2675767 at Tue Oct 17 23:39:48 CST 2023
Final result exists and is not empty, skipped this sample.
Start circRNA_finder for SRR2675767 at Tue Oct 17 23:39:48 CST 2023
Final result exists and is not empty, skipped this sample.
Start find_circ for SRR2675767 at Tue Oct 17 23:39:48 CST 2023
Final result exists and is not empty, skipped this sample.
Start CIRIquant for SRR2674135 at Tue Oct 17 23:39:52 CST 2023
Final result exists and is not empty, skipped this sample.
Start circexplorer2 for SRR2674135 at Tue Oct 17 23:39:50 CST 2023
Final result exists and is not empty, skipped this sample.
Start circRNA_finder for SRR2674135 at Tue Oct 17 23:39:50 CST 2023
Final result exists and is not empty, skipped this sample.
Start find_circ for SRR2674135 at Tue Oct 17 23:39:50 CST 2023
Final result exists and is not empty, skipped this sample.
Start CIRIquant for SRR2672095 at Tue Oct 17 23:39:54 CST 2023
Final result exists and is not empty, skipped this sample.
Start circexplorer2 for SRR2672095 at Tue Oct 17 23:39:52 CST 2023
Final result exists and is not empty, skipped this sample.
Start circRNA_finder for SRR2672095 at Tue Oct 17 23:39:52 CST 2023
Final result exists and is not empty, skipped this sample.
Start find_circ for SRR2672095 at Tue Oct 17 23:39:52 CST 2023
Final result exists and is not empty, skipped this sample.
Start CIRIquant for SRR2669446 at Tue Oct 17 23:39:56 CST 2023
Final result exists and is not empty, skipped this sample.
Start circexplorer2 for SRR2669446 at Tue Oct 17 23:39:54 CST 2023
Final result exists and is not empty, skipped this sample.
Start circRNA_finder for SRR2669446 at Tue Oct 17 23:39:54 CST 2023
Final result exists and is not empty, skipped this sample.
Start find_circ for SRR2669446 at Tue Oct 17 23:39:54 CST 2023
Final result exists and is not empty, skipped this sample.
Start CIRIquant for SRR2665516 at Tue Oct 17 23:39:58 CST 2023
Final result exists and is not empty, skipped this sample.
Start circexplorer2 for SRR2665516 at Tue Oct 17 23:39:56 CST 2023
Final result exists and is not empty, skipped this sample.
Start circRNA_finder for SRR2665516 at Tue Oct 17 23:39:56 CST 2023
Final result exists and is not empty, skipped this sample.
Start find_circ for SRR2665516 at Tue Oct 17 23:39:56 CST 2023
Final result exists and is not empty, skipped this sample.
Start CIRIquant for SRR2661579 at Tue Oct 17 23:40:00 CST 2023
Final result exists and is not empty, skipped this sample.
Start circexplorer2 for SRR2661579 at Tue Oct 17 23:39:58 CST 2023
Final result exists and is not empty, skipped this sample.
Start circRNA_finder for SRR2661579 at Tue Oct 17 23:39:58 CST 2023
Final result exists and is not empty, skipped this sample.
Start find_circ for SRR2661579 at Tue Oct 17 23:39:58 CST 2023
Final result exists and is not empty, skipped this sample.
Start CIRIquant for SRR2660032 at Tue Oct 17 23:40:01 CST 2023
Final result exists and is not empty, skipped this sample.
Start circexplorer2 for SRR2660032 at Tue Oct 17 23:40:00 CST 2023
Final result exists and is not empty, skipped this sample.
Start circRNA_finder for SRR2660032 at Tue Oct 17 23:40:00 CST 2023
Final result exists and is not empty, skipped this sample.
Start find_circ for SRR2660032 at Tue Oct 17 23:40:00 CST 2023
Final result exists and is not empty, skipped this sample.
Start CIRIquant for SRR10900597 at Tue Oct 17 23:40:03 CST 2023
Final result exists and is not empty, skipped this sample.
Start circexplorer2 for SRR10900597 at Tue Oct 17 23:40:02 CST 2023
Final result exists and is not empty, skipped this sample.
Start circRNA_finder for SRR10900597 at Tue Oct 17 23:40:02 CST 2023
Final result exists and is not empty, skipped this sample.
Start find_circ for SRR10900597 at Tue Oct 17 23:40:02 CST 2023
Final result exists and is not empty, skipped this sample.
Start CIRIquant for SRR10900596 at Tue Oct 17 23:40:05 CST 2023
Final result exists and is not empty, skipped this sample.
Start circexplorer2 for SRR10900596 at Tue Oct 17 23:40:03 CST 2023
Final result exists and is not empty, skipped this sample.
Start circRNA_finder for SRR10900596 at Tue Oct 17 23:40:03 CST 2023
Final result exists and is not empty, skipped this sample.
Start find_circ for SRR10900596 at Tue Oct 17 23:40:03 CST 2023
Final result exists and is not empty, skipped this sample.
Start CIRIquant for SRR10900595 at Tue Oct 17 23:40:07 CST 2023
Final result exists and is not empty, skipped this sample.
Start circexplorer2 for SRR10900595 at Tue Oct 17 23:40:05 CST 2023
Final result exists and is not empty, skipped this sample.
Start circRNA_finder for SRR10900595 at Tue Oct 17 23:40:05 CST 2023
Final result exists and is not empty, skipped this sample.
Start find_circ for SRR10900595 at Tue Oct 17 23:40:05 CST 2023
Final result exists and is not empty, skipped this sample.
Start CIRIquant for SRR10900594 at Tue Oct 17 23:40:09 CST 2023
Final result exists and is not empty, skipped this sample.
Start circexplorer2 for SRR10900594 at Tue Oct 17 23:40:07 CST 2023
Final result exists and is not empty, skipped this sample.
Start circRNA_finder for SRR10900594 at Tue Oct 17 23:40:07 CST 2023
Final result exists and is not empty, skipped this sample.
Start find_circ for SRR10900594 at Tue Oct 17 23:40:07 CST 2023
Final result exists and is not empty, skipped this sample.
Start CIRIquant for SRR10900593 at Tue Oct 17 23:40:11 CST 2023
Final result exists and is not empty, skipped this sample.
Start circexplorer2 for SRR10900593 at Tue Oct 17 23:40:09 CST 2023
Final result exists and is not empty, skipped this sample.
Start circRNA_finder for SRR10900593 at Tue Oct 17 23:40:09 CST 2023
Final result exists and is not empty, skipped this sample.
Start find_circ for SRR10900593 at Tue Oct 17 23:40:09 CST 2023
Final result exists and is not empty, skipped this sample.
Start CIRIquant for SRR10900592 at Tue Oct 17 23:40:13 CST 2023
Final result exists and is not empty, skipped this sample.
Start circexplorer2 for SRR10900592 at Tue Oct 17 23:40:11 CST 2023
Final result exists and is not empty, skipped this sample.
Start circRNA_finder for SRR10900592 at Tue Oct 17 23:40:11 CST 2023
Final result exists and is not empty, skipped this sample.
Start find_circ for SRR10900592 at Tue Oct 17 23:40:11 CST 2023
Final result exists and is not empty, skipped this sample.
Start CIRIquant for SRR10900591 at Tue Oct 17 23:40:15 CST 2023
Final result exists and is not empty, skipped this sample.
Start circexplorer2 for SRR10900591 at Tue Oct 17 23:40:13 CST 2023
Final result exists and is not empty, skipped this sample.
Start circRNA_finder for SRR10900591 at Tue Oct 17 23:40:13 CST 2023
Final result exists and is not empty, skipped this sample.
Start find_circ for SRR10900591 at Tue Oct 17 23:40:13 CST 2023
Final result exists and is not empty, skipped this sample.
Start CIRIquant for SRR10900590 at Tue Oct 17 23:40:17 CST 2023
Final result exists and is not empty, skipped this sample.
Start circexplorer2 for SRR10900590 at Tue Oct 17 23:40:15 CST 2023
Final result exists and is not empty, skipped this sample.
Start circRNA_finder for SRR10900590 at Tue Oct 17 23:40:15 CST 2023
Final result exists and is not empty, skipped this sample.
Start find_circ for SRR10900590 at Tue Oct 17 23:40:15 CST 2023
Final result exists and is not empty, skipped this sample.
Start CIRIquant for SRR10900589 at Tue Oct 17 23:40:18 CST 2023
Final result exists and is not empty, skipped this sample.
Start circexplorer2 for SRR10900589 at Tue Oct 17 23:40:17 CST 2023
Final result exists and is not empty, skipped this sample.
Start circRNA_finder for SRR10900589 at Tue Oct 17 23:40:17 CST 2023
Final result exists and is not empty, skipped this sample.
Start find_circ for SRR10900589 at Tue Oct 17 23:40:17 CST 2023
Final result exists and is not empty, skipped this sample.
Start CIRIquant for SRR10900585 at Tue Oct 17 23:40:21 CST 2023
Final result exists and is not empty, skipped this sample.
Start circexplorer2 for SRR10900585 at Tue Oct 17 23:40:19 CST 2023
Final result exists and is not empty, skipped this sample.
Start circRNA_finder for SRR10900585 at Tue Oct 17 23:40:19 CST 2023
Final result exists and is not empty, skipped this sample.
Start find_circ for SRR10900585 at Tue Oct 17 23:40:19 CST 2023
Final result exists and is not empty, skipped this sample.
Start CIRIquant for SRR10900582 at Tue Oct 17 23:40:23 CST 2023
Final result exists and is not empty, skipped this sample.
Start circexplorer2 for SRR10900582 at Tue Oct 17 23:40:21 CST 2023
Final result exists and is not empty, skipped this sample.
Start circRNA_finder for SRR10900582 at Tue Oct 17 23:40:21 CST 2023
Final result exists and is not empty, skipped this sample.
Start find_circ for SRR10900582 at Tue Oct 17 23:40:21 CST 2023
Final result exists and is not empty, skipped this sample.
Start CIRIquant for SRR10900581 at Tue Oct 17 23:40:25 CST 2023
Final result exists and is not empty, skipped this sample.
Start circexplorer2 for SRR10900581 at Tue Oct 17 23:40:23 CST 2023
Final result exists and is not empty, skipped this sample.
Start circRNA_finder for SRR10900581 at Tue Oct 17 23:40:23 CST 2023
Final result exists and is not empty, skipped this sample.
Start find_circ for SRR10900581 at Tue Oct 17 23:40:23 CST 2023
Final result exists and is not empty, skipped this sample.
Start CIRIquant for SRR10900580 at Tue Oct 17 23:40:26 CST 2023
Final result exists and is not empty, skipped this sample.
Start circexplorer2 for SRR10900580 at Tue Oct 17 23:40:25 CST 2023
Final result exists and is not empty, skipped this sample.
Start circRNA_finder for SRR10900580 at Tue Oct 17 23:40:25 CST 2023
Final result exists and is not empty, skipped this sample.
Start find_circ for SRR10900580 at Tue Oct 17 23:40:25 CST 2023
Final result exists and is not empty, skipped this sample.
Start CIRIquant for SRR10900579 at Tue Oct 17 23:40:29 CST 2023
Final result exists and is not empty, skipped this sample.
Start circexplorer2 for SRR10900579 at Tue Oct 17 23:40:27 CST 2023
Final result exists and is not empty, skipped this sample.
Start circRNA_finder for SRR10900579 at Tue Oct 17 23:40:27 CST 2023
Final result exists and is not empty, skipped this sample.
Start find_circ for SRR10900579 at Tue Oct 17 23:40:27 CST 2023
Final result exists and is not empty, skipped this sample.
Start CIRIquant for SRR10900578 at Tue Oct 17 23:40:30 CST 2023
Final result exists and is not empty, skipped this sample.
Start circexplorer2 for SRR10900578 at Tue Oct 17 23:40:29 CST 2023
Final result exists and is not empty, skipped this sample.
Start circRNA_finder for SRR10900578 at Tue Oct 17 23:40:29 CST 2023
Final result exists and is not empty, skipped this sample.
Start find_circ for SRR10900578 at Tue Oct 17 23:40:29 CST 2023
Final result exists and is not empty, skipped this sample.
Start CIRIquant for SRR10900577 at Tue Oct 17 23:40:32 CST 2023
Final result exists and is not empty, skipped this sample.
Start circexplorer2 for SRR10900577 at Tue Oct 17 23:40:31 CST 2023
Final result exists and is not empty, skipped this sample.
Start circRNA_finder for SRR10900577 at Tue Oct 17 23:40:31 CST 2023
Final result exists and is not empty, skipped this sample.
Start find_circ for SRR10900577 at Tue Oct 17 23:40:31 CST 2023
Final result exists and is not empty, skipped this sample.
Start CIRIquant for SRR10900573 at Tue Oct 17 23:40:34 CST 2023
Final result exists and is not empty, skipped this sample.
Start circexplorer2 for SRR10900573 at Tue Oct 17 23:40:33 CST 2023
Final result exists and is not empty, skipped this sample.
Start circRNA_finder for SRR10900573 at Tue Oct 17 23:40:33 CST 2023
Final result exists and is not empty, skipped this sample.
Start find_circ for SRR10900573 at Tue Oct 17 23:40:33 CST 2023
Final result exists and is not empty, skipped this sample.
Start CIRIquant for SRR10900571 at Tue Oct 17 23:40:36 CST 2023
Final result exists and is not empty, skipped this sample.
Start circexplorer2 for SRR10900571 at Tue Oct 17 23:40:34 CST 2023
Final result exists and is not empty, skipped this sample.
Start circRNA_finder for SRR10900571 at Tue Oct 17 23:40:34 CST 2023
Final result exists and is not empty, skipped this sample.
Start find_circ for SRR10900571 at Tue Oct 17 23:40:34 CST 2023
Final result exists and is not empty, skipped this sample.
Start CIRIquant for SRR10900570 at Tue Oct 17 23:40:38 CST 2023
Final result exists and is not empty, skipped this sample.
Start circexplorer2 for SRR10900570 at Tue Oct 17 23:40:36 CST 2023
Final result exists and is not empty, skipped this sample.
Start circRNA_finder for SRR10900570 at Tue Oct 17 23:40:36 CST 2023
Final result exists and is not empty, skipped this sample.
Start find_circ for SRR10900570 at Tue Oct 17 23:40:36 CST 2023
Final result exists and is not empty, skipped this sample.
Start CIRIquant for SRR10900569 at Tue Oct 17 23:40:40 CST 2023
Final result exists and is not empty, skipped this sample.
Start circexplorer2 for SRR10900569 at Tue Oct 17 23:40:38 CST 2023
Final result exists and is not empty, skipped this sample.
Start circRNA_finder for SRR10900569 at Tue Oct 17 23:40:38 CST 2023
Final result exists and is not empty, skipped this sample.
Start find_circ for SRR10900569 at Tue Oct 17 23:40:38 CST 2023
Final result exists and is not empty, skipped this sample.
Start CIRIquant for SRR10900568 at Tue Oct 17 23:40:42 CST 2023
Final result exists and is not empty, skipped this sample.
Start circexplorer2 for SRR10900568 at Tue Oct 17 23:40:40 CST 2023
Final result exists and is not empty, skipped this sample.
Start circRNA_finder for SRR10900568 at Tue Oct 17 23:40:40 CST 2023
Final result exists and is not empty, skipped this sample.
Start find_circ for SRR10900568 at Tue Oct 17 23:40:40 CST 2023
Final result exists and is not empty, skipped this sample.
Start CIRIquant for SRR10900567 at Tue Oct 17 23:40:44 CST 2023
Final result exists and is not empty, skipped this sample.
Start circexplorer2 for SRR10900567 at Tue Oct 17 23:40:42 CST 2023
Final result exists and is not empty, skipped this sample.
Start circRNA_finder for SRR10900567 at Tue Oct 17 23:40:42 CST 2023
Final result exists and is not empty, skipped this sample.
Start find_circ for SRR10900567 at Tue Oct 17 23:40:42 CST 2023
Final result exists and is not empty, skipped this sample.
Start CIRIquant for SRR10900566 at Tue Oct 17 23:40:46 CST 2023
Final result exists and is not empty, skipped this sample.
Start circexplorer2 for SRR10900566 at Tue Oct 17 23:40:44 CST 2023
Final result exists and is not empty, skipped this sample.
Start circRNA_finder for SRR10900566 at Tue Oct 17 23:40:44 CST 2023
Final result exists and is not empty, skipped this sample.
Start find_circ for SRR10900566 at Tue Oct 17 23:40:44 CST 2023
Final result exists and is not empty, skipped this sample.
Start CIRIquant for SRR10900565 at Tue Oct 17 23:40:48 CST 2023
Final result exists and is not empty, skipped this sample.
Start circexplorer2 for SRR10900565 at Tue Oct 17 23:40:46 CST 2023
Final result exists and is not empty, skipped this sample.
Start circRNA_finder for SRR10900565 at Tue Oct 17 23:40:46 CST 2023
Final result exists and is not empty, skipped this sample.
Start find_circ for SRR10900565 at Tue Oct 17 23:40:46 CST 2023
Final result exists and is not empty, skipped this sample.
Start CIRIquant for SRR10900564 at Tue Oct 17 23:40:50 CST 2023
Final result exists and is not empty, skipped this sample.
Start circexplorer2 for SRR10900564 at Tue Oct 17 23:40:48 CST 2023
Final result exists and is not empty, skipped this sample.
Start circRNA_finder for SRR10900564 at Tue Oct 17 23:40:48 CST 2023
Final result exists and is not empty, skipped this sample.
Start find_circ for SRR10900564 at Tue Oct 17 23:40:48 CST 2023
Final result exists and is not empty, skipped this sample.
Start CIRIquant for SRR10900563 at Tue Oct 17 23:40:52 CST 2023
Final result exists and is not empty, skipped this sample.
Start circexplorer2 for SRR10900563 at Tue Oct 17 23:40:50 CST 2023
Final result exists and is not empty, skipped this sample.
Start circRNA_finder for SRR10900563 at Tue Oct 17 23:40:50 CST 2023
Final result exists and is not empty, skipped this sample.
Start find_circ for SRR10900563 at Tue Oct 17 23:40:50 CST 2023
Final result exists and is not empty, skipped this sample.
Start CIRIquant for SRR10900562 at Tue Oct 17 23:40:54 CST 2023
Final result exists and is not empty, skipped this sample.
Start circexplorer2 for SRR10900562 at Tue Oct 17 23:40:52 CST 2023
Final result exists and is not empty, skipped this sample.
Start circRNA_finder for SRR10900562 at Tue Oct 17 23:40:52 CST 2023
Final result exists and is not empty, skipped this sample.
Start find_circ for SRR10900562 at Tue Oct 17 23:40:52 CST 2023
Final result exists and is not empty, skipped this sample.
Start CIRIquant for SRR10900561 at Tue Oct 17 23:40:56 CST 2023
Final result exists and is not empty, skipped this sample.
Start circexplorer2 for SRR10900561 at Tue Oct 17 23:40:54 CST 2023
Final result exists and is not empty, skipped this sample.
Start circRNA_finder for SRR10900561 at Tue Oct 17 23:40:54 CST 2023
Final result exists and is not empty, skipped this sample.
Start find_circ for SRR10900561 at Tue Oct 17 23:40:54 CST 2023
Final result exists and is not empty, skipped this sample.
Start CIRIquant for SRR10900560 at Tue Oct 17 23:40:58 CST 2023
Final result exists and is not empty, skipped this sample.
Start circexplorer2 for SRR10900560 at Tue Oct 17 23:40:56 CST 2023
Final result exists and is not empty, skipped this sample.
Start circRNA_finder for SRR10900560 at Tue Oct 17 23:40:56 CST 2023
Final result exists and is not empty, skipped this sample.
Start find_circ for SRR10900560 at Tue Oct 17 23:40:56 CST 2023
Final result exists and is not empty, skipped this sample.
Start CIRIquant for SRR10900554 at Tue Oct 17 23:41:00 CST 2023
Final result exists and is not empty, skipped this sample.
Start circexplorer2 for SRR10900554 at Tue Oct 17 23:40:58 CST 2023
Final result exists and is not empty, skipped this sample.
Start circRNA_finder for SRR10900554 at Tue Oct 17 23:40:58 CST 2023
Final result exists and is not empty, skipped this sample.
Start find_circ for SRR10900554 at Tue Oct 17 23:40:58 CST 2023
Final result exists and is not empty, skipped this sample.
Start CIRIquant for SRR10900553 at Tue Oct 17 23:41:02 CST 2023
Final result exists and is not empty, skipped this sample.
Start circexplorer2 for SRR10900553 at Tue Oct 17 23:41:00 CST 2023
Final result exists and is not empty, skipped this sample.
Start circRNA_finder for SRR10900553 at Tue Oct 17 23:41:00 CST 2023
Final result exists and is not empty, skipped this sample.
Start find_circ for SRR10900553 at Tue Oct 17 23:41:00 CST 2023
Final result exists and is not empty, skipped this sample.
Start CIRIquant for SRR10900556 at Tue Oct 17 23:41:04 CST 2023
Final result exists and is not empty, skipped this sample.
Start circexplorer2 for SRR10900556 at Tue Oct 17 23:41:02 CST 2023
Final result exists and is not empty, skipped this sample.
Start circRNA_finder for SRR10900556 at Tue Oct 17 23:41:02 CST 2023
Final result exists and is not empty, skipped this sample.
Start find_circ for SRR10900556 at Tue Oct 17 23:41:02 CST 2023
Final result exists and is not empty, skipped this sample.
Start CIRIquant for SRR10900549 at Tue Oct 17 23:41:06 CST 2023
Final result exists and is not empty, skipped this sample.
Start circexplorer2 for SRR10900549 at Tue Oct 17 23:41:04 CST 2023
Final result exists and is not empty, skipped this sample.
Start circRNA_finder for SRR10900549 at Tue Oct 17 23:41:04 CST 2023
Final result exists and is not empty, skipped this sample.
Start find_circ for SRR10900549 at Tue Oct 17 23:41:04 CST 2023
Final result exists and is not empty, skipped this sample.
Start CIRIquant for SRR10900546 at Tue Oct 17 23:41:08 CST 2023
Final result exists and is not empty, skipped this sample.
Start circexplorer2 for SRR10900546 at Tue Oct 17 23:41:06 CST 2023
Final result exists and is not empty, skipped this sample.
Start circRNA_finder for SRR10900546 at Tue Oct 17 23:41:06 CST 2023
Final result exists and is not empty, skipped this sample.
Start find_circ for SRR10900546 at Tue Oct 17 23:41:06 CST 2023
Final result exists and is not empty, skipped this sample.
Start CIRIquant for SRR10900552 at Tue Oct 17 23:41:10 CST 2023
Final result exists and is not empty, skipped this sample.
Start circexplorer2 for SRR10900552 at Tue Oct 17 23:41:08 CST 2023
Final result exists and is not empty, skipped this sample.
Start circRNA_finder for SRR10900552 at Tue Oct 17 23:41:08 CST 2023
Final result exists and is not empty, skipped this sample.
Start find_circ for SRR10900552 at Tue Oct 17 23:41:08 CST 2023
Final result exists and is not empty, skipped this sample.
Start CIRIquant for SRR10900020 at Tue Oct 17 23:41:12 CST 2023
Final result exists and is not empty, skipped this sample.
Start circexplorer2 for SRR10900020 at Tue Oct 17 23:41:10 CST 2023
Final result exists and is not empty, skipped this sample.
Start circRNA_finder for SRR10900020 at Tue Oct 17 23:41:10 CST 2023
Final result exists and is not empty, skipped this sample.
Start find_circ for SRR10900020 at Tue Oct 17 23:41:10 CST 2023
Final result exists and is not empty, skipped this sample.
Start CIRIquant for SRR10842367 at Tue Oct 17 23:41:14 CST 2023
Final result exists and is not empty, skipped this sample.
Start circexplorer2 for SRR10842367 at Tue Oct 17 23:41:12 CST 2023
Final result exists and is not empty, skipped this sample.
Start circRNA_finder for SRR10842367 at Tue Oct 17 23:41:12 CST 2023
Final result exists and is not empty, skipped this sample.
Start find_circ for SRR10842367 at Tue Oct 17 23:41:12 CST 2023
Final result exists and is not empty, skipped this sample.
Start CIRIquant for SRR10899993 at Tue Oct 17 23:41:15 CST 2023
Final result exists and is not empty, skipped this sample.
Start circexplorer2 for SRR10899993 at Tue Oct 17 23:41:14 CST 2023
Final result exists and is not empty, skipped this sample.
Start circRNA_finder for SRR10899993 at Tue Oct 17 23:41:14 CST 2023
Final result exists and is not empty, skipped this sample.
Start find_circ for SRR10899993 at Tue Oct 17 23:41:14 CST 2023
Final result exists and is not empty, skipped this sample.
Start CIRIquant for SRR10899999 at Tue Oct 17 23:41:17 CST 2023
Final result exists and is not empty, skipped this sample.
Start circexplorer2 for SRR10899999 at Tue Oct 17 23:41:16 CST 2023
Final result exists and is not empty, skipped this sample.
Start circRNA_finder for SRR10899999 at Tue Oct 17 23:41:16 CST 2023
Final result exists and is not empty, skipped this sample.
Start find_circ for SRR10899999 at Tue Oct 17 23:41:16 CST 2023
Final result exists and is not empty, skipped this sample.
Start CIRIquant for SRR10900008 at Tue Oct 17 23:41:19 CST 2023
Final result exists and is not empty, skipped this sample.
Start circexplorer2 for SRR10900008 at Tue Oct 17 23:41:17 CST 2023
Final result exists and is not empty, skipped this sample.
Start circRNA_finder for SRR10900008 at Tue Oct 17 23:41:17 CST 2023
Final result exists and is not empty, skipped this sample.
Start find_circ for SRR10900008 at Tue Oct 17 23:41:17 CST 2023
Final result exists and is not empty, skipped this sample.
Start CIRIquant for SRR2778609 at Tue Oct 17 23:41:21 CST 2023
Final result exists and is not empty, skipped this sample.
Start circexplorer2 for SRR2778609 at Tue Oct 17 23:41:19 CST 2023
Final result exists and is not empty, skipped this sample.
Start circRNA_finder for SRR2778609 at Tue Oct 17 23:41:19 CST 2023
Final result exists and is not empty, skipped this sample.
Start find_circ for SRR2778609 at Tue Oct 17 23:41:19 CST 2023
Final result exists and is not empty, skipped this sample.
Start CIRIquant for SRR2779097 at Tue Oct 17 23:41:23 CST 2023
Final result exists and is not empty, skipped this sample.
Start circexplorer2 for SRR2779097 at Tue Oct 17 23:41:21 CST 2023
Final result exists and is not empty, skipped this sample.
Start circRNA_finder for SRR2779097 at Tue Oct 17 23:41:21 CST 2023
Final result exists and is not empty, skipped this sample.
Start find_circ for SRR2779097 at Tue Oct 17 23:41:21 CST 2023
Final result exists and is not empty, skipped this sample.
Start CIRIquant for SRR10899973 at Tue Oct 17 23:41:25 CST 2023
Final result exists and is not empty, skipped this sample.
Start circexplorer2 for SRR10899973 at Tue Oct 17 23:41:23 CST 2023
Final result exists and is not empty, skipped this sample.
Start circRNA_finder for SRR10899973 at Tue Oct 17 23:41:23 CST 2023
Final result exists and is not empty, skipped this sample.
Start find_circ for SRR10899973 at Tue Oct 17 23:41:23 CST 2023
Final result exists and is not empty, skipped this sample.
Start CIRIquant for SRR10899974 at Tue Oct 17 23:41:27 CST 2023
Final result exists and is not empty, skipped this sample.
Start circexplorer2 for SRR10899974 at Tue Oct 17 23:41:25 CST 2023
Final result exists and is not empty, skipped this sample.
Start circRNA_finder for SRR10899974 at Tue Oct 17 23:41:25 CST 2023
Final result exists and is not empty, skipped this sample.
Start find_circ for SRR10899974 at Tue Oct 17 23:41:25 CST 2023
Final result exists and is not empty, skipped this sample.
Start CIRIquant for SRR10842380 at Tue Oct 17 23:41:29 CST 2023
Final result exists and is not empty, skipped this sample.
Start circexplorer2 for SRR10842380 at Tue Oct 17 23:41:27 CST 2023
Final result exists and is not empty, skipped this sample.
Start circRNA_finder for SRR10842380 at Tue Oct 17 23:41:27 CST 2023
Final result exists and is not empty, skipped this sample.
Start find_circ for SRR10842380 at Tue Oct 17 23:41:27 CST 2023
Final result exists and is not empty, skipped this sample.
Start CIRIquant for SRR10842379 at Tue Oct 17 23:41:31 CST 2023
Final result exists and is not empty, skipped this sample.
Start circexplorer2 for SRR10842379 at Tue Oct 17 23:41:29 CST 2023
Final result exists and is not empty, skipped this sample.
Start circRNA_finder for SRR10842379 at Tue Oct 17 23:41:29 CST 2023
Final result exists and is not empty, skipped this sample.
Start find_circ for SRR10842379 at Tue Oct 17 23:41:29 CST 2023
Final result exists and is not empty, skipped this sample.
Start CIRIquant for SRR2780123 at Tue Oct 17 23:41:33 CST 2023
Final result exists and is not empty, skipped this sample.
Start circexplorer2 for SRR2780123 at Tue Oct 17 23:41:31 CST 2023
Final result exists and is not empty, skipped this sample.
Start circRNA_finder for SRR2780123 at Tue Oct 17 23:41:31 CST 2023
Final result exists and is not empty, skipped this sample.
Start find_circ for SRR2780123 at Tue Oct 17 23:41:31 CST 2023
Final result exists and is not empty, skipped this sample.
Start CIRIquant for SRR10900550 at Tue Oct 17 23:41:35 CST 2023
Final result exists and is not empty, skipped this sample.
Start circexplorer2 for SRR10900550 at Tue Oct 17 23:41:33 CST 2023
Final result exists and is not empty, skipped this sample.
Start circRNA_finder for SRR10900550 at Tue Oct 17 23:41:33 CST 2023
Final result exists and is not empty, skipped this sample.
Start find_circ for SRR10900550 at Tue Oct 17 23:41:33 CST 2023
Final result exists and is not empty, skipped this sample.
Start CIRIquant for SRR10899990 at Tue Oct 17 23:41:37 CST 2023
Final result exists and is not empty, skipped this sample.
Start circexplorer2 for SRR10899990 at Tue Oct 17 23:41:35 CST 2023
Final result exists and is not empty, skipped this sample.
Start circRNA_finder for SRR10899990 at Tue Oct 17 23:41:35 CST 2023
Final result exists and is not empty, skipped this sample.
Start find_circ for SRR10899990 at Tue Oct 17 23:41:35 CST 2023
Final result exists and is not empty, skipped this sample.
Start CIRIquant for SRR10899985 at Tue Oct 17 23:41:39 CST 2023
Final result exists and is not empty, skipped this sample.
Start circexplorer2 for SRR10899985 at Tue Oct 17 23:41:37 CST 2023
Final result exists and is not empty, skipped this sample.
Start circRNA_finder for SRR10899985 at Tue Oct 17 23:41:37 CST 2023
Final result exists and is not empty, skipped this sample.
Start find_circ for SRR10899985 at Tue Oct 17 23:41:37 CST 2023
Final result exists and is not empty, skipped this sample.
Start CIRIquant for SRR10899983 at Tue Oct 17 23:41:41 CST 2023
Final result exists and is not empty, skipped this sample.
Start circexplorer2 for SRR10899983 at Tue Oct 17 23:41:39 CST 2023
Final result exists and is not empty, skipped this sample.
Start circRNA_finder for SRR10899983 at Tue Oct 17 23:41:39 CST 2023
Final result exists and is not empty, skipped this sample.
Start find_circ for SRR10899983 at Tue Oct 17 23:41:39 CST 2023
Final result exists and is not empty, skipped this sample.
Start CIRIquant for SRR10842381 at Tue Oct 17 23:41:42 CST 2023
Final result exists and is not empty, skipped this sample.
Start circexplorer2 for SRR10842381 at Tue Oct 17 23:41:41 CST 2023
Final result exists and is not empty, skipped this sample.
Start circRNA_finder for SRR10842381 at Tue Oct 17 23:41:41 CST 2023
Final result exists and is not empty, skipped this sample.
Start find_circ for SRR10842381 at Tue Oct 17 23:41:41 CST 2023
Final result exists and is not empty, skipped this sample.
Start CIRIquant for SRR10899967 at Tue Oct 17 23:41:44 CST 2023
Final result exists and is not empty, skipped this sample.
Start circexplorer2 for SRR10899967 at Tue Oct 17 23:41:43 CST 2023
Final result exists and is not empty, skipped this sample.
Start circRNA_finder for SRR10899967 at Tue Oct 17 23:41:43 CST 2023
Final result exists and is not empty, skipped this sample.
Start find_circ for SRR10899967 at Tue Oct 17 23:41:43 CST 2023
Final result exists and is not empty, skipped this sample.
Start CIRIquant for SRR10899987 at Tue Oct 17 23:41:47 CST 2023
Final result exists and is not empty, skipped this sample.
