Reading GTF annotation data...
Extracting gene and region information...
Checking gtf data...
    chr start   end         gene_id      symbol
1: chr1 11869 14409 ENSG00000223972     DDX11L1
2: chr1 14404 29570 ENSG00000227232      WASH7P
3: chr1 17369 17436 ENSG00000278267   MIR6859-1
4: chr1 29554 31109 ENSG00000243485 MIR1302-2HG
5: chr1 30366 30503 ENSG00000284332   MIR1302-2
6: chr1 34554 36081 ENSG00000237613     FAM138A
Scanning result bed files and extracting sample IDs...
78 sample(s) detected
Reading, joining & annotating circRNAs...
	handling ERR2497987
	handling ERR2497988
	handling ERR2497989
	handling ERR2497990
	handling ERR2497991
	handling ERR2497992
	handling ERR2497993
	handling ERR2497994
	handling ERR2497995
	handling ERR2497996
	handling ERR2497997
	handling ERR2497998
	handling ERR2497999
	handling ERR2498000
	handling ERR2498001
	handling ERR2498002
	handling ERR2498003
	handling ERR2498004
	handling ERR2498005
	handling ERR2498006
	=>66 solid circRNAs detected
	handling ERR2498011
	=>23 solid circRNAs detected
	=>60 solid circRNAs detected
	handling ERR2498027
	handling ERR2498007
	=>53 solid circRNAs detected
	handling ERR2498012
	=>25 solid circRNAs detected
	=>26 solid circRNAs detected
	handling ERR2498026
	handling ERR2498024
	=>36 solid circRNAs detected
	handling ERR2498025
	=>67 solid circRNAs detected
	=>27 solid circRNAs detected
	handling ERR2498014
	handling ERR2498028
	=>122 solid circRNAs detected
	handling ERR2498021
	=>54 solid circRNAs detected
	handling ERR2498023
	=>51 solid circRNAs detected
	handling ERR2498020
	=>68 solid circRNAs detected
	handling ERR2498018
	=>79 solid circRNAs detected
	handling ERR2498013
	=>102 solid circRNAs detected
	=>74 solid circRNAs detected
	handling ERR2498015
	handling ERR2498008
	=>72 solid circRNAs detected
	handling ERR2498010
	=>108 solid circRNAs detected
	handling ERR2498019
	=>92 solid circRNAs detected
	handling ERR2498016
	=>80 solid circRNAs detected
	handling ERR2498009
	=>32 solid circRNAs detected
	handling ERR3640804
	=>48 solid circRNAs detected
	handling ERR3640813
	=>39 solid circRNAs detected
	handling ERR3640807
	=>29 solid circRNAs detected
	handling ERR3640805
	=>29 solid circRNAs detected
	handling ERR3640802
	=>36 solid circRNAs detected
	handling ERR3640812
	=>51 solid circRNAs detected
	handling ERR3640806
	=>45 solid circRNAs detected
	handling ERR3640803
	=>57 solid circRNAs detected
	handling ERR3640814
	=>32 solid circRNAs detected
	handling ERR3640808
	=>42 solid circRNAs detected
	handling ERR2498030
	=>56 solid circRNAs detected
	handling ERR3640811
	=>65 solid circRNAs detected
	=>44 solid circRNAs detected
	handling ERR3640810
	handling ERR3640800
	=>26 solid circRNAs detected
	=>39 solid circRNAs detected
	handling ERR2498033
	=>76 solid circRNAs detected
	handling ERR3640827
	=>32 solid circRNAs detected
	handling ERR3640801
	=>109 solid circRNAs detected
	handling ERR3640816
	=>30 solid circRNAs detected
	handling ERR2498029
	=>22 solid circRNAs detected
	handling ERR3640815
	=>38 solid circRNAs detected
	handling ERR2498031
	=>50 solid circRNAs detected
	=>33 solid circRNAs detected
	handling ERR3640832
	=>23 solid circRNAs detected
	=>129 solid circRNAs detected
	handling ERR3640823
	=>39 solid circRNAs detected
	=>91 solid circRNAs detected
	handling ERR3640819
	=>92 solid circRNAs detected
	handling ERR3640821
	=>122 solid circRNAs detected
	handling ERR3640820
	=>49 solid circRNAs detected
	handling ERR3640831
	=>59 solid circRNAs detected
	handling ERR3640817
	=>80 solid circRNAs detected
	handling ERR3640828
	=>122 solid circRNAs detected
	handling ERR3640825
	=>113 solid circRNAs detected
	handling ERR3640826
	=>51 solid circRNAs detected
	=>147 solid circRNAs detected
	handling ERR3640822
	=>45 solid circRNAs detected
	=>1929 solid circRNAs detected
	handling ERR2498032
	=>127 solid circRNAs detected
	handling ERR3640824
	=>84 solid circRNAs detected
	=>86 solid circRNAs detected
	handling ERR3640830
	=>81 solid circRNAs detected
	=>59 solid circRNAs detected
	handling ERR3640818
	=>95 solid circRNAs detected
	=>108 solid circRNAs detected
	=>54 solid circRNAs detected
	=>68 solid circRNAs detected
	=>37 solid circRNAs detected
	=>73 solid circRNAs detected
	=>50 solid circRNAs detected
	=>77 solid circRNAs detected
	=>63 solid circRNAs detected
	=>2379 solid circRNAs detected
	=>6436 solid circRNAs detected
	handling ERR3640809
	=>7640 solid circRNAs detected
	=>86 solid circRNAs detected
	handling ERR3640829
	=>88 solid circRNAs detected
Done. Please check result *.aggr.txt in /home/zhou/raid/IO_RNA/circRNA/PRJEB25780/aggr
Scanning result aggr files...
Checking if all sample result data files could be found...
Merging result aggr files...
Outputing
Done. Check /home/zhou/raid/IO_RNA/circRNA/PRJEB25780/aggr/aggr_circRNA.tsv.gz
