Reading GTF annotation data...
Extracting gene and region information...
Checking gtf data...
    chr start   end         gene_id        gene
1: chr1 11869 14409 ENSG00000223972     DDX11L1
2: chr1 14404 29570 ENSG00000227232      WASH7P
3: chr1 17369 17436 ENSG00000278267   MIR6859-1
4: chr1 29554 31109 ENSG00000243485 MIR1302-2HG
5: chr1 30366 30503 ENSG00000284332   MIR1302-2
6: chr1 34554 36081 ENSG00000237613     FAM138A
Scanning result bed files and extracting sample IDs...
40 sample(s) detected
Reading, joining & annotating circRNAs...
	handling ERR3648565
	handling ERR3648566
	handling ERR3648567
	handling ERR3648568
	handling ERR3648569
	handling ERR3648570
	handling ERR3648571
	handling ERR3648572
	handling ERR3648573
	handling ERR3648574
	handling ERR3648575
	handling ERR3648576
	handling ERR3648577
	handling ERR3648578
	handling ERR3648579
	handling ERR3648580
	handling ERR3648581
	handling ERR3648582
	handling ERR3648583
	handling ERR3648584
	=>917 solid circRNAs detected
	handling ERR3648599
	=>1395 solid circRNAs detected
	handling ERR3648589
	=>1331 solid circRNAs detected
	handling ERR3648598
	=>1854 solid circRNAs detected
	handling ERR3648592
	=>2261 solid circRNAs detected
	handling ERR3648600
	=>2610 solid circRNAs detected
	handling ERR3648601
	=>3354 solid circRNAs detected
	handling ERR3648597
	=>2267 solid circRNAs detected
	handling ERR3648593
	=>2596 solid circRNAs detected
	handling ERR3648591
	=>4049 solid circRNAs detected
	handling ERR3648603
	=>3375 solid circRNAs detected
	handling ERR3648594
	=>3481 solid circRNAs detected
	handling ERR3648590
	=>3770 solid circRNAs detected
	handling ERR3648596
	=>4998 solid circRNAs detected
	handling ERR3648587
	=>5800 solid circRNAs detected
	handling ERR3648595
	=>5444 solid circRNAs detected
	=>2450 solid circRNAs detected
	handling ERR3648604
	=>6389 solid circRNAs detected
