WARNING: fastp uses up to 16 threads although you specified 20
Read1 before filtering:
total reads: 61009176
total bases: 6161926776
Q20 bases: 6034734460(97.9358%)
Q30 bases: 5928608887(96.2136%)

Read2 before filtering:
total reads: 61009176
total bases: 6161926776
Q20 bases: 5949339296(96.55%)
Q30 bases: 5794712432(94.0406%)

Read1 after filtering:
total reads: 60954006
total bases: 6125596658
Q20 bases: 6000541745(97.9585%)
Q30 bases: 5896018234(96.2521%)

Read2 after filtering:
total reads: 60954006
total bases: 6125596658
Q20 bases: 5920629980(96.6539%)
Q30 bases: 5769640559(94.189%)

Filtering result:
reads passed filter: 121908012
reads failed due to low quality: 67550
reads failed due to too many N: 42790
reads failed due to too short: 0
reads with adapter trimmed: 3723332
bases trimmed due to adapters: 61518776

Duplication rate: 48.4971%

Insert size peak (evaluated by paired-end reads): 166

JSON report: /home/zhou/raid/IO_RNA/PRJEB34724/fq/ERR3648565_fastp.json
HTML report: /home/zhou/raid/IO_RNA/PRJEB34724/fq/ERR3648565_fastp.html

/home/circrna/miniconda3/bin/fastp -i /home/zhou/raid/PRJEB34724/raw/ERR3648565_1.fastq.gz -I /home/zhou/raid/PRJEB34724/raw/ERR3648565_2.fastq.gz -o /home/zhou/raid/IO_RNA/PRJEB34724/fq/ERR3648565_1.fastq.gz -O /home/zhou/raid/IO_RNA/PRJEB34724/fq/ERR3648565_2.fastq.gz -j /home/zhou/raid/IO_RNA/PRJEB34724/fq/ERR3648565_fastp.json -h /home/zhou/raid/IO_RNA/PRJEB34724/fq/ERR3648565_fastp.html -w 20 
fastp v0.23.4, time used: 229 seconds
WARNING: fastp uses up to 16 threads although you specified 20
Read1 before filtering:
total reads: 43709249
total bases: 4414634149
Q20 bases: 4322635775(97.9161%)
Q30 bases: 4246441346(96.1901%)

Read2 before filtering:
total reads: 43709249
total bases: 4414634149
Q20 bases: 4213710852(95.4487%)
Q30 bases: 4073026367(92.2619%)

Read1 after filtering:
total reads: 43669927
total bases: 4398514226
Q20 bases: 4307595281(97.933%)
Q30 bases: 4232186416(96.2185%)

Read2 after filtering:
total reads: 43669927
total bases: 4398514226
Q20 bases: 4202804459(95.5505%)
Q30 bases: 4064310346(92.4019%)

Filtering result:
reads passed filter: 87339854
reads failed due to low quality: 47208
reads failed due to too many N: 31436
reads failed due to too short: 0
reads with adapter trimmed: 1015896
bases trimmed due to adapters: 24297446

Duplication rate: 69.113%

Insert size peak (evaluated by paired-end reads): 167

JSON report: /home/zhou/raid/IO_RNA/PRJEB34724/fq/ERR3648569_fastp.json
HTML report: /home/zhou/raid/IO_RNA/PRJEB34724/fq/ERR3648569_fastp.html

/home/circrna/miniconda3/bin/fastp -i /home/zhou/raid/PRJEB34724/raw/ERR3648569_1.fastq.gz -I /home/zhou/raid/PRJEB34724/raw/ERR3648569_2.fastq.gz -o /home/zhou/raid/IO_RNA/PRJEB34724/fq/ERR3648569_1.fastq.gz -O /home/zhou/raid/IO_RNA/PRJEB34724/fq/ERR3648569_2.fastq.gz -j /home/zhou/raid/IO_RNA/PRJEB34724/fq/ERR3648569_fastp.json -h /home/zhou/raid/IO_RNA/PRJEB34724/fq/ERR3648569_fastp.html -w 20 
fastp v0.23.4, time used: 166 seconds
WARNING: fastp uses up to 16 threads although you specified 20
Read1 before filtering:
total reads: 52261220
total bases: 5278383220
Q20 bases: 5144112653(97.4562%)
Q30 bases: 5035203212(95.3929%)

Read2 before filtering:
total reads: 52261220
total bases: 5278383220
Q20 bases: 5021379985(95.131%)
Q30 bases: 4838536154(91.667%)

Read1 after filtering:
total reads: 52235692
total bases: 5266057494
Q20 bases: 5132768789(97.4689%)
Q30 bases: 5024555114(95.414%)

Read2 after filtering:
total reads: 52235692
total bases: 5266057494
Q20 bases: 5012257392(95.1805%)
Q30 bases: 4831001666(91.7385%)

Filtering result:
reads passed filter: 104471384
reads failed due to low quality: 24024
reads failed due to too many N: 27032
reads failed due to too short: 0
reads with adapter trimmed: 1262262
bases trimmed due to adapters: 19495404

Duplication rate: 65.7832%

Insert size peak (evaluated by paired-end reads): 167

JSON report: /home/zhou/raid/IO_RNA/PRJEB34724/fq/ERR3648577_fastp.json
HTML report: /home/zhou/raid/IO_RNA/PRJEB34724/fq/ERR3648577_fastp.html

/home/circrna/miniconda3/bin/fastp -i /home/zhou/raid/PRJEB34724/raw/ERR3648577_1.fastq.gz -I /home/zhou/raid/PRJEB34724/raw/ERR3648577_2.fastq.gz -o /home/zhou/raid/IO_RNA/PRJEB34724/fq/ERR3648577_1.fastq.gz -O /home/zhou/raid/IO_RNA/PRJEB34724/fq/ERR3648577_2.fastq.gz -j /home/zhou/raid/IO_RNA/PRJEB34724/fq/ERR3648577_fastp.json -h /home/zhou/raid/IO_RNA/PRJEB34724/fq/ERR3648577_fastp.html -w 20 
fastp v0.23.4, time used: 199 seconds
WARNING: fastp uses up to 16 threads although you specified 20
Read1 before filtering:
total reads: 51056366
total bases: 5156692966
Q20 bases: 5026590475(97.477%)
Q30 bases: 4920096908(95.4119%)

Read2 before filtering:
total reads: 51056366
total bases: 5156692966
Q20 bases: 4933463575(95.6711%)
Q30 bases: 4768193341(92.4661%)

Read1 after filtering:
total reads: 51033845
total bases: 5125165541
Q20 bases: 4997053505(97.5003%)
Q30 bases: 4892066702(95.4519%)

Read2 after filtering:
total reads: 51033845
total bases: 5125165541
Q20 bases: 4906744790(95.7383%)
Q30 bases: 4744624174(92.575%)

Filtering result:
reads passed filter: 102067690
reads failed due to low quality: 18906
reads failed due to too many N: 26136
reads failed due to too short: 0
reads with adapter trimmed: 3768144
bases trimmed due to adapters: 58507900

Duplication rate: 41.0232%

Insert size peak (evaluated by paired-end reads): 153

JSON report: /home/zhou/raid/IO_RNA/PRJEB34724/fq/ERR3648588_fastp.json
HTML report: /home/zhou/raid/IO_RNA/PRJEB34724/fq/ERR3648588_fastp.html

/home/circrna/miniconda3/bin/fastp -i /home/zhou/raid/PRJEB34724/raw/ERR3648588_1.fastq.gz -I /home/zhou/raid/PRJEB34724/raw/ERR3648588_2.fastq.gz -o /home/zhou/raid/IO_RNA/PRJEB34724/fq/ERR3648588_1.fastq.gz -O /home/zhou/raid/IO_RNA/PRJEB34724/fq/ERR3648588_2.fastq.gz -j /home/zhou/raid/IO_RNA/PRJEB34724/fq/ERR3648588_fastp.json -h /home/zhou/raid/IO_RNA/PRJEB34724/fq/ERR3648588_fastp.html -w 20 
fastp v0.23.4, time used: 194 seconds
WARNING: fastp uses up to 16 threads although you specified 20
Read1 before filtering:
total reads: 56116804
total bases: 5667797204
Q20 bases: 5528028723(97.534%)
Q30 bases: 5413886396(95.5201%)

Read2 before filtering:
total reads: 56116804
total bases: 5667797204
Q20 bases: 5389060401(95.0821%)
Q30 bases: 5190389951(91.5768%)

Read1 after filtering:
total reads: 56091757
total bases: 5640309353
Q20 bases: 5502308695(97.5533%)
Q30 bases: 5389468222(95.5527%)

Read2 after filtering:
total reads: 56091757
total bases: 5640309353
Q20 bases: 5366472439(95.145%)
Q30 bases: 5170722528(91.6744%)

Filtering result:
reads passed filter: 112183514
reads failed due to low quality: 21344
reads failed due to too many N: 28750
reads failed due to too short: 0
reads with adapter trimmed: 3215912
bases trimmed due to adapters: 49919236

Duplication rate: 39.547%

Insert size peak (evaluated by paired-end reads): 170

JSON report: /home/zhou/raid/IO_RNA/PRJEB34724/fq/ERR3648567_fastp.json
HTML report: /home/zhou/raid/IO_RNA/PRJEB34724/fq/ERR3648567_fastp.html

/home/circrna/miniconda3/bin/fastp -i /home/zhou/raid/PRJEB34724/raw/ERR3648567_1.fastq.gz -I /home/zhou/raid/PRJEB34724/raw/ERR3648567_2.fastq.gz -o /home/zhou/raid/IO_RNA/PRJEB34724/fq/ERR3648567_1.fastq.gz -O /home/zhou/raid/IO_RNA/PRJEB34724/fq/ERR3648567_2.fastq.gz -j /home/zhou/raid/IO_RNA/PRJEB34724/fq/ERR3648567_fastp.json -h /home/zhou/raid/IO_RNA/PRJEB34724/fq/ERR3648567_fastp.html -w 20 
fastp v0.23.4, time used: 213 seconds
WARNING: fastp uses up to 16 threads although you specified 20
Read1 before filtering:
total reads: 39647640
total bases: 4004411640
Q20 bases: 3899099643(97.3701%)
Q30 bases: 3814345784(95.2536%)

Read2 before filtering:
total reads: 39647640
total bases: 4004411640
Q20 bases: 3794952003(94.7693%)
Q30 bases: 3645904526(91.0472%)

Read1 after filtering:
total reads: 39632064
total bases: 3982724798
Q20 bases: 3878816284(97.391%)
Q30 bases: 3795086962(95.2887%)

Read2 after filtering:
total reads: 39632064
total bases: 3982724798
Q20 bases: 3776887998(94.8318%)
Q30 bases: 3630129617(91.1469%)

Filtering result:
reads passed filter: 79264128
reads failed due to low quality: 10678
reads failed due to too many N: 20474
reads failed due to too short: 0
reads with adapter trimmed: 2509488
bases trimmed due to adapters: 40229258

Duplication rate: 36.2573%

Insert size peak (evaluated by paired-end reads): 170

JSON report: /home/zhou/raid/IO_RNA/PRJEB34724/fq/ERR3648582_fastp.json
HTML report: /home/zhou/raid/IO_RNA/PRJEB34724/fq/ERR3648582_fastp.html

/home/circrna/miniconda3/bin/fastp -i /home/zhou/raid/PRJEB34724/raw/ERR3648582_1.fastq.gz -I /home/zhou/raid/PRJEB34724/raw/ERR3648582_2.fastq.gz -o /home/zhou/raid/IO_RNA/PRJEB34724/fq/ERR3648582_1.fastq.gz -O /home/zhou/raid/IO_RNA/PRJEB34724/fq/ERR3648582_2.fastq.gz -j /home/zhou/raid/IO_RNA/PRJEB34724/fq/ERR3648582_fastp.json -h /home/zhou/raid/IO_RNA/PRJEB34724/fq/ERR3648582_fastp.html -w 20 
fastp v0.23.4, time used: 152 seconds
WARNING: fastp uses up to 16 threads although you specified 20
Read1 before filtering:
total reads: 39706991
total bases: 4010406091
Q20 bases: 3915926926(97.6441%)
Q30 bases: 3838494829(95.7134%)

Read2 before filtering:
total reads: 39706991
total bases: 4010406091
Q20 bases: 3852086128(96.0523%)
Q30 bases: 3736434969(93.1685%)

Read1 after filtering:
total reads: 39692555
total bases: 3989847897
Q20 bases: 3896577152(97.6623%)
Q30 bases: 3820034068(95.7439%)

Read2 after filtering:
total reads: 39692555
total bases: 3989847897
Q20 bases: 3834622608(96.1095%)
Q30 bases: 3720944838(93.2603%)

Filtering result:
reads passed filter: 79385110
reads failed due to low quality: 8668
reads failed due to too many N: 20204
reads failed due to too short: 0
reads with adapter trimmed: 2474732
bases trimmed due to adapters: 38201814

Duplication rate: 40.5928%

Insert size peak (evaluated by paired-end reads): 170

JSON report: /home/zhou/raid/IO_RNA/PRJEB34724/fq/ERR3648575_fastp.json
HTML report: /home/zhou/raid/IO_RNA/PRJEB34724/fq/ERR3648575_fastp.html

/home/circrna/miniconda3/bin/fastp -i /home/zhou/raid/PRJEB34724/raw/ERR3648575_1.fastq.gz -I /home/zhou/raid/PRJEB34724/raw/ERR3648575_2.fastq.gz -o /home/zhou/raid/IO_RNA/PRJEB34724/fq/ERR3648575_1.fastq.gz -O /home/zhou/raid/IO_RNA/PRJEB34724/fq/ERR3648575_2.fastq.gz -j /home/zhou/raid/IO_RNA/PRJEB34724/fq/ERR3648575_fastp.json -h /home/zhou/raid/IO_RNA/PRJEB34724/fq/ERR3648575_fastp.html -w 20 
fastp v0.23.4, time used: 151 seconds
WARNING: fastp uses up to 16 threads although you specified 20
Read1 before filtering:
total reads: 50579419
total bases: 5108521319
Q20 bases: 5007250604(98.0176%)
Q30 bases: 4922989487(96.3682%)

Read2 before filtering:
total reads: 50579419
total bases: 5108521319
Q20 bases: 4894518853(95.8109%)
Q30 bases: 4745368349(92.8912%)

Read1 after filtering:
total reads: 50533071
total bases: 5093540403
Q20 bases: 4993264903(98.0313%)
Q30 bases: 4909728895(96.3913%)

Read2 after filtering:
total reads: 50533071
total bases: 5093540403
Q20 bases: 4884274978(95.8916%)
Q30 bases: 4736962269(92.9994%)

Filtering result:
reads passed filter: 101066142
reads failed due to low quality: 56810
reads failed due to too many N: 35886
reads failed due to too short: 0
reads with adapter trimmed: 1263816
bases trimmed due to adapters: 20600528

Duplication rate: 74.114%

Insert size peak (evaluated by paired-end reads): 167

JSON report: /home/zhou/raid/IO_RNA/PRJEB34724/fq/ERR3648578_fastp.json
HTML report: /home/zhou/raid/IO_RNA/PRJEB34724/fq/ERR3648578_fastp.html

/home/circrna/miniconda3/bin/fastp -i /home/zhou/raid/PRJEB34724/raw/ERR3648578_1.fastq.gz -I /home/zhou/raid/PRJEB34724/raw/ERR3648578_2.fastq.gz -o /home/zhou/raid/IO_RNA/PRJEB34724/fq/ERR3648578_1.fastq.gz -O /home/zhou/raid/IO_RNA/PRJEB34724/fq/ERR3648578_2.fastq.gz -j /home/zhou/raid/IO_RNA/PRJEB34724/fq/ERR3648578_fastp.json -h /home/zhou/raid/IO_RNA/PRJEB34724/fq/ERR3648578_fastp.html -w 20 
fastp v0.23.4, time used: 193 seconds
WARNING: fastp uses up to 16 threads although you specified 20
Read1 before filtering:
total reads: 52522373
total bases: 5304759673
Q20 bases: 5203097031(98.0836%)
Q30 bases: 5117590946(96.4717%)

Read2 before filtering:
total reads: 52522373
total bases: 5304759673
Q20 bases: 5097467113(96.0923%)
Q30 bases: 4950006808(93.3126%)

Read1 after filtering:
total reads: 52474923
total bases: 5281719939
Q20 bases: 5181303901(98.0988%)
Q30 bases: 5096731145(96.4976%)

Read2 after filtering:
total reads: 52474923
total bases: 5281719939
Q20 bases: 5079598748(96.1732%)
Q30 bases: 4934377608(93.4237%)

Filtering result:
reads passed filter: 104949846
reads failed due to low quality: 57450
reads failed due to too many N: 37450
reads failed due to too short: 0
reads with adapter trimmed: 2403640
bases trimmed due to adapters: 36496308

Duplication rate: 45.7369%

Insert size peak (evaluated by paired-end reads): 170

JSON report: /home/zhou/raid/IO_RNA/PRJEB34724/fq/ERR3648574_fastp.json
HTML report: /home/zhou/raid/IO_RNA/PRJEB34724/fq/ERR3648574_fastp.html

/home/circrna/miniconda3/bin/fastp -i /home/zhou/raid/PRJEB34724/raw/ERR3648574_1.fastq.gz -I /home/zhou/raid/PRJEB34724/raw/ERR3648574_2.fastq.gz -o /home/zhou/raid/IO_RNA/PRJEB34724/fq/ERR3648574_1.fastq.gz -O /home/zhou/raid/IO_RNA/PRJEB34724/fq/ERR3648574_2.fastq.gz -j /home/zhou/raid/IO_RNA/PRJEB34724/fq/ERR3648574_fastp.json -h /home/zhou/raid/IO_RNA/PRJEB34724/fq/ERR3648574_fastp.html -w 20 
fastp v0.23.4, time used: 198 seconds
WARNING: fastp uses up to 16 threads although you specified 20
Read1 before filtering:
total reads: 57465691
total bases: 5804034791
Q20 bases: 5688652296(98.012%)
Q30 bases: 5591294188(96.3346%)

Read2 before filtering:
total reads: 57465691
total bases: 5804034791
Q20 bases: 5517067198(95.0557%)
Q30 bases: 5314706687(91.5692%)

Read1 after filtering:
total reads: 57413734
total bases: 5785753111
Q20 bases: 5671537635(98.0259%)
Q30 bases: 5575037844(96.358%)

Read2 after filtering:
total reads: 57413734
total bases: 5785753111
Q20 bases: 5504305044(95.1355%)
Q30 bases: 5304169828(91.6764%)

Filtering result:
reads passed filter: 114827468
reads failed due to low quality: 62784
reads failed due to too many N: 41130
reads failed due to too short: 0
reads with adapter trimmed: 1634020
bases trimmed due to adapters: 26069288

Duplication rate: 67.8669%

Insert size peak (evaluated by paired-end reads): 167

JSON report: /home/zhou/raid/IO_RNA/PRJEB34724/fq/ERR3648589_fastp.json
HTML report: /home/zhou/raid/IO_RNA/PRJEB34724/fq/ERR3648589_fastp.html

/home/circrna/miniconda3/bin/fastp -i /home/zhou/raid/PRJEB34724/raw/ERR3648589_1.fastq.gz -I /home/zhou/raid/PRJEB34724/raw/ERR3648589_2.fastq.gz -o /home/zhou/raid/IO_RNA/PRJEB34724/fq/ERR3648589_1.fastq.gz -O /home/zhou/raid/IO_RNA/PRJEB34724/fq/ERR3648589_2.fastq.gz -j /home/zhou/raid/IO_RNA/PRJEB34724/fq/ERR3648589_fastp.json -h /home/zhou/raid/IO_RNA/PRJEB34724/fq/ERR3648589_fastp.html -w 20 
fastp v0.23.4, time used: 216 seconds
WARNING: fastp uses up to 16 threads although you specified 20
Read1 before filtering:
total reads: 37677874
total bases: 3805465274
Q20 bases: 3732396382(98.0799%)
Q30 bases: 3670990273(96.4663%)

Read2 before filtering:
total reads: 37677874
total bases: 3805465274
Q20 bases: 3677735222(96.6435%)
Q30 bases: 3583954291(94.1791%)

Read1 after filtering:
total reads: 37643463
total bases: 3794182749
Q20 bases: 3721829326(98.093%)
Q30 bases: 3660950422(96.4885%)

Read2 after filtering:
total reads: 37643463
total bases: 3794182749
Q20 bases: 3670081299(96.7292%)
Q30 bases: 3577586882(94.2914%)

Filtering result:
reads passed filter: 75286926
reads failed due to low quality: 45670
reads failed due to too many N: 23152
reads failed due to too short: 0
reads with adapter trimmed: 799402
bases trimmed due to adapters: 15614888

Duplication rate: 45.4262%

Insert size peak (evaluated by paired-end reads): 170

JSON report: /home/zhou/raid/IO_RNA/PRJEB34724/fq/ERR3648598_fastp.json
HTML report: /home/zhou/raid/IO_RNA/PRJEB34724/fq/ERR3648598_fastp.html

/home/circrna/miniconda3/bin/fastp -i /home/zhou/raid/PRJEB34724/raw/ERR3648598_1.fastq.gz -I /home/zhou/raid/PRJEB34724/raw/ERR3648598_2.fastq.gz -o /home/zhou/raid/IO_RNA/PRJEB34724/fq/ERR3648598_1.fastq.gz -O /home/zhou/raid/IO_RNA/PRJEB34724/fq/ERR3648598_2.fastq.gz -j /home/zhou/raid/IO_RNA/PRJEB34724/fq/ERR3648598_fastp.json -h /home/zhou/raid/IO_RNA/PRJEB34724/fq/ERR3648598_fastp.html -w 20 
fastp v0.23.4, time used: 139 seconds
WARNING: fastp uses up to 16 threads although you specified 20
Read1 before filtering:
total reads: 42775141
total bases: 4320289241
Q20 bases: 4215064844(97.5644%)
Q30 bases: 4130351170(95.6036%)

Read2 before filtering:
total reads: 42775141
total bases: 4320289241
Q20 bases: 4127659259(95.5413%)
Q30 bases: 3991354078(92.3863%)

Read1 after filtering:
total reads: 42756044
total bases: 4309937191
Q20 bases: 4205576575(97.5786%)
Q30 bases: 4121478776(95.6274%)

Read2 after filtering:
total reads: 42756044
total bases: 4309937191
Q20 bases: 4120264183(95.5992%)
Q30 bases: 3985427419(92.4707%)

Filtering result:
reads passed filter: 85512088
reads failed due to low quality: 16038
reads failed due to too many N: 22156
reads failed due to too short: 0
reads with adapter trimmed: 899448
bases trimmed due to adapters: 16847050

Duplication rate: 70.2439%

Insert size peak (evaluated by paired-end reads): 167

JSON report: /home/zhou/raid/IO_RNA/PRJEB34724/fq/ERR3648580_fastp.json
HTML report: /home/zhou/raid/IO_RNA/PRJEB34724/fq/ERR3648580_fastp.html

/home/circrna/miniconda3/bin/fastp -i /home/zhou/raid/PRJEB34724/raw/ERR3648580_1.fastq.gz -I /home/zhou/raid/PRJEB34724/raw/ERR3648580_2.fastq.gz -o /home/zhou/raid/IO_RNA/PRJEB34724/fq/ERR3648580_1.fastq.gz -O /home/zhou/raid/IO_RNA/PRJEB34724/fq/ERR3648580_2.fastq.gz -j /home/zhou/raid/IO_RNA/PRJEB34724/fq/ERR3648580_fastp.json -h /home/zhou/raid/IO_RNA/PRJEB34724/fq/ERR3648580_fastp.html -w 20 
fastp v0.23.4, time used: 164 seconds
WARNING: fastp uses up to 16 threads although you specified 20
Read1 before filtering:
total reads: 54815722
total bases: 5536387922
Q20 bases: 5395706839(97.459%)
Q30 bases: 5280536846(95.3787%)

Read2 before filtering:
total reads: 54815722
total bases: 5536387922
Q20 bases: 5299918903(95.7288%)
Q30 bases: 5127945194(92.6226%)

Read1 after filtering:
total reads: 54788641
total bases: 5511417612
Q20 bases: 5372566425(97.4807%)
Q30 bases: 5258709668(95.4148%)

Read2 after filtering:
total reads: 54788641
total bases: 5511417612
Q20 bases: 5279917147(95.7996%)
Q30 bases: 5110767642(92.7305%)

Filtering result:
reads passed filter: 109577282
reads failed due to low quality: 25864
reads failed due to too many N: 28298
reads failed due to too short: 0
reads with adapter trimmed: 2877810
bases trimmed due to adapters: 44472320

Duplication rate: 44.3108%

Insert size peak (evaluated by paired-end reads): 170

JSON report: /home/zhou/raid/IO_RNA/PRJEB34724/fq/ERR3648591_fastp.json
HTML report: /home/zhou/raid/IO_RNA/PRJEB34724/fq/ERR3648591_fastp.html

/home/circrna/miniconda3/bin/fastp -i /home/zhou/raid/PRJEB34724/raw/ERR3648591_1.fastq.gz -I /home/zhou/raid/PRJEB34724/raw/ERR3648591_2.fastq.gz -o /home/zhou/raid/IO_RNA/PRJEB34724/fq/ERR3648591_1.fastq.gz -O /home/zhou/raid/IO_RNA/PRJEB34724/fq/ERR3648591_2.fastq.gz -j /home/zhou/raid/IO_RNA/PRJEB34724/fq/ERR3648591_fastp.json -h /home/zhou/raid/IO_RNA/PRJEB34724/fq/ERR3648591_fastp.html -w 20 
fastp v0.23.4, time used: 205 seconds
WARNING: fastp uses up to 16 threads although you specified 20
Read1 before filtering:
total reads: 36943320
total bases: 3731275320
Q20 bases: 3660961021(98.1155%)
Q30 bases: 3601976671(96.5347%)

Read2 before filtering:
total reads: 36943320
total bases: 3731275320
Q20 bases: 3575970714(95.8378%)
Q30 bases: 3466935573(92.9156%)

Read1 after filtering:
total reads: 36908652
total bases: 3718005830
Q20 bases: 3648624317(98.1339%)
Q30 bases: 3590329296(96.566%)

Read2 after filtering:
total reads: 36908652
total bases: 3718005830
Q20 bases: 3567393381(95.9491%)
Q30 bases: 3460175192(93.0654%)

Filtering result:
reads passed filter: 73817304
reads failed due to low quality: 46928
reads failed due to too many N: 22408
reads failed due to too short: 0
reads with adapter trimmed: 743454
bases trimmed due to adapters: 19537298

Duplication rate: 58.7762%

Insert size peak (evaluated by paired-end reads): 170

JSON report: /home/zhou/raid/IO_RNA/PRJEB34724/fq/ERR3648604_fastp.json
HTML report: /home/zhou/raid/IO_RNA/PRJEB34724/fq/ERR3648604_fastp.html

/home/circrna/miniconda3/bin/fastp -i /home/zhou/raid/PRJEB34724/raw/ERR3648604_1.fastq.gz -I /home/zhou/raid/PRJEB34724/raw/ERR3648604_2.fastq.gz -o /home/zhou/raid/IO_RNA/PRJEB34724/fq/ERR3648604_1.fastq.gz -O /home/zhou/raid/IO_RNA/PRJEB34724/fq/ERR3648604_2.fastq.gz -j /home/zhou/raid/IO_RNA/PRJEB34724/fq/ERR3648604_fastp.json -h /home/zhou/raid/IO_RNA/PRJEB34724/fq/ERR3648604_fastp.html -w 20 
fastp v0.23.4, time used: 145 seconds
WARNING: fastp uses up to 16 threads although you specified 20
Read1 before filtering:
total reads: 38002059
total bases: 3838207959
Q20 bases: 3763287957(98.048%)
Q30 bases: 3701101900(96.4279%)

Read2 before filtering:
total reads: 38002059
total bases: 3838207959
Q20 bases: 3677266006(95.8068%)
Q30 bases: 3563752506(92.8494%)

Read1 after filtering:
total reads: 37967828
total bases: 3827985671
Q20 bases: 3753806438(98.0622%)
Q30 bases: 3692159064(96.4517%)

Read2 after filtering:
total reads: 37967828
total bases: 3827985671
Q20 bases: 3670778870(95.8932%)
Q30 bases: 3558560300(92.9617%)

Filtering result:
reads passed filter: 75935656
reads failed due to low quality: 44906
reads failed due to too many N: 23556
reads failed due to too short: 0
reads with adapter trimmed: 566780
bases trimmed due to adapters: 13531226

Duplication rate: 44.097%

Insert size peak (evaluated by paired-end reads): 170

JSON report: /home/zhou/raid/IO_RNA/PRJEB34724/fq/ERR3648599_fastp.json
HTML report: /home/zhou/raid/IO_RNA/PRJEB34724/fq/ERR3648599_fastp.html

/home/circrna/miniconda3/bin/fastp -i /home/zhou/raid/PRJEB34724/raw/ERR3648599_1.fastq.gz -I /home/zhou/raid/PRJEB34724/raw/ERR3648599_2.fastq.gz -o /home/zhou/raid/IO_RNA/PRJEB34724/fq/ERR3648599_1.fastq.gz -O /home/zhou/raid/IO_RNA/PRJEB34724/fq/ERR3648599_2.fastq.gz -j /home/zhou/raid/IO_RNA/PRJEB34724/fq/ERR3648599_fastp.json -h /home/zhou/raid/IO_RNA/PRJEB34724/fq/ERR3648599_fastp.html -w 20 
fastp v0.23.4, time used: 150 seconds
WARNING: fastp uses up to 16 threads although you specified 20
Read1 before filtering:
total reads: 52499183
total bases: 5302417483
Q20 bases: 5192672945(97.9303%)
Q30 bases: 5101101066(96.2033%)

Read2 before filtering:
total reads: 52499183
total bases: 5302417483
Q20 bases: 5100737492(96.1965%)
Q30 bases: 4953645313(93.4224%)

Read1 after filtering:
total reads: 52450429
total bases: 5276621908
Q20 bases: 5168375750(97.9486%)
Q30 bases: 5077927594(96.2344%)

Read2 after filtering:
total reads: 52450429
total bases: 5276621908
Q20 bases: 5080719242(96.2873%)
Q30 bases: 4936260871(93.5496%)

Filtering result:
reads passed filter: 104900858
reads failed due to low quality: 60254
reads failed due to too many N: 37254
reads failed due to too short: 0
reads with adapter trimmed: 2600414
bases trimmed due to adapters: 41745458

Duplication rate: 43.1971%

Insert size peak (evaluated by paired-end reads): 170

JSON report: /home/zhou/raid/IO_RNA/PRJEB34724/fq/ERR3648584_fastp.json
HTML report: /home/zhou/raid/IO_RNA/PRJEB34724/fq/ERR3648584_fastp.html

/home/circrna/miniconda3/bin/fastp -i /home/zhou/raid/PRJEB34724/raw/ERR3648584_1.fastq.gz -I /home/zhou/raid/PRJEB34724/raw/ERR3648584_2.fastq.gz -o /home/zhou/raid/IO_RNA/PRJEB34724/fq/ERR3648584_1.fastq.gz -O /home/zhou/raid/IO_RNA/PRJEB34724/fq/ERR3648584_2.fastq.gz -j /home/zhou/raid/IO_RNA/PRJEB34724/fq/ERR3648584_fastp.json -h /home/zhou/raid/IO_RNA/PRJEB34724/fq/ERR3648584_fastp.html -w 20 
fastp v0.23.4, time used: 194 seconds
WARNING: fastp uses up to 16 threads although you specified 20
Read1 before filtering:
total reads: 45408719
total bases: 4586280619
Q20 bases: 4489688054(97.8939%)
Q30 bases: 4408319261(96.1197%)

Read2 before filtering:
total reads: 45408719
total bases: 4586280619
Q20 bases: 4415154613(96.2687%)
Q30 bases: 4289882424(93.5373%)

Read1 after filtering:
total reads: 45367915
total bases: 4557339607
Q20 bases: 4462303058(97.9146%)
Q30 bases: 4382094518(96.1547%)

Read2 after filtering:
total reads: 45367915
total bases: 4557339607
Q20 bases: 4392100143(96.3742%)
Q30 bases: 4269913172(93.6931%)

Filtering result:
reads passed filter: 90735830
reads failed due to low quality: 50034
reads failed due to too many N: 31574
reads failed due to too short: 0
reads with adapter trimmed: 3281766
bases trimmed due to adapters: 49642760

Duplication rate: 43.8354%

Insert size peak (evaluated by paired-end reads): 153

JSON report: /home/zhou/raid/IO_RNA/PRJEB34724/fq/ERR3648593_fastp.json
HTML report: /home/zhou/raid/IO_RNA/PRJEB34724/fq/ERR3648593_fastp.html

/home/circrna/miniconda3/bin/fastp -i /home/zhou/raid/PRJEB34724/raw/ERR3648593_1.fastq.gz -I /home/zhou/raid/PRJEB34724/raw/ERR3648593_2.fastq.gz -o /home/zhou/raid/IO_RNA/PRJEB34724/fq/ERR3648593_1.fastq.gz -O /home/zhou/raid/IO_RNA/PRJEB34724/fq/ERR3648593_2.fastq.gz -j /home/zhou/raid/IO_RNA/PRJEB34724/fq/ERR3648593_fastp.json -h /home/zhou/raid/IO_RNA/PRJEB34724/fq/ERR3648593_fastp.html -w 20 
fastp v0.23.4, time used: 176 seconds
WARNING: fastp uses up to 16 threads although you specified 20
Read1 before filtering:
total reads: 59507281
total bases: 6010235381
Q20 bases: 5890110727(98.0013%)
Q30 bases: 5789745281(96.3314%)

Read2 before filtering:
total reads: 59507281
total bases: 6010235381
Q20 bases: 5782636223(96.2131%)
Q30 bases: 5618208804(93.4774%)

Read1 after filtering:
total reads: 59454404
total bases: 5979729885
Q20 bases: 5861321355(98.0198%)
Q30 bases: 5762258653(96.3632%)

Read2 after filtering:
total reads: 59454404
total bases: 5979729885
Q20 bases: 5758973849(96.3083%)
Q30 bases: 5597796428(93.6129%)

Filtering result:
reads passed filter: 118908808
reads failed due to low quality: 63270
reads failed due to too many N: 42484
reads failed due to too short: 0
reads with adapter trimmed: 3076050
bases trimmed due to adapters: 50331918

Duplication rate: 42.8349%

Insert size peak (evaluated by paired-end reads): 170

JSON report: /home/zhou/raid/IO_RNA/PRJEB34724/fq/ERR3648590_fastp.json
HTML report: /home/zhou/raid/IO_RNA/PRJEB34724/fq/ERR3648590_fastp.html

/home/circrna/miniconda3/bin/fastp -i /home/zhou/raid/PRJEB34724/raw/ERR3648590_1.fastq.gz -I /home/zhou/raid/PRJEB34724/raw/ERR3648590_2.fastq.gz -o /home/zhou/raid/IO_RNA/PRJEB34724/fq/ERR3648590_1.fastq.gz -O /home/zhou/raid/IO_RNA/PRJEB34724/fq/ERR3648590_2.fastq.gz -j /home/zhou/raid/IO_RNA/PRJEB34724/fq/ERR3648590_fastp.json -h /home/zhou/raid/IO_RNA/PRJEB34724/fq/ERR3648590_fastp.html -w 20 
fastp v0.23.4, time used: 233 seconds
WARNING: fastp uses up to 16 threads although you specified 20
Read1 before filtering:
total reads: 48660678
total bases: 4914728478
Q20 bases: 4813857516(97.9476%)
Q30 bases: 4729907468(96.2394%)

Read2 before filtering:
total reads: 48660678
total bases: 4914728478
Q20 bases: 4708145499(95.7967%)
Q30 bases: 4561418104(92.8112%)

Read1 after filtering:
total reads: 48614214
total bases: 4898147977
Q20 bases: 4798352134(97.9626%)
Q30 bases: 4715186811(96.2647%)

Read2 after filtering:
total reads: 48614214
total bases: 4898147977
Q20 bases: 4696672395(95.8867%)
Q30 bases: 4552000918(92.9331%)

Filtering result:
reads passed filter: 97228428
reads failed due to low quality: 58356
reads failed due to too many N: 34572
reads failed due to too short: 0
reads with adapter trimmed: 1428550
bases trimmed due to adapters: 23775818

Duplication rate: 57.7103%

Insert size peak (evaluated by paired-end reads): 170

JSON report: /home/zhou/raid/IO_RNA/PRJEB34724/fq/ERR3648596_fastp.json
HTML report: /home/zhou/raid/IO_RNA/PRJEB34724/fq/ERR3648596_fastp.html

/home/circrna/miniconda3/bin/fastp -i /home/zhou/raid/PRJEB34724/raw/ERR3648596_1.fastq.gz -I /home/zhou/raid/PRJEB34724/raw/ERR3648596_2.fastq.gz -o /home/zhou/raid/IO_RNA/PRJEB34724/fq/ERR3648596_1.fastq.gz -O /home/zhou/raid/IO_RNA/PRJEB34724/fq/ERR3648596_2.fastq.gz -j /home/zhou/raid/IO_RNA/PRJEB34724/fq/ERR3648596_fastp.json -h /home/zhou/raid/IO_RNA/PRJEB34724/fq/ERR3648596_fastp.html -w 20 
fastp v0.23.4, time used: 186 seconds
WARNING: fastp uses up to 16 threads although you specified 20
Read1 before filtering:
total reads: 48203653
total bases: 4868568953
Q20 bases: 4744157539(97.4446%)
Q30 bases: 4643371684(95.3745%)

Read2 before filtering:
total reads: 48203653
total bases: 4868568953
Q20 bases: 4668550160(95.8916%)
Q30 bases: 4522204200(92.8857%)

Read1 after filtering:
total reads: 48184627
total bases: 4841384134
Q20 bases: 4718768630(97.4673%)
Q30 bases: 4619291772(95.4126%)

Read2 after filtering:
total reads: 48184627
total bases: 4841384134
Q20 bases: 4645684034(95.9578%)
Q30 bases: 4501993151(92.9898%)

Filtering result:
reads passed filter: 96369254
reads failed due to low quality: 13300
reads failed due to too many N: 24752
reads failed due to too short: 0
reads with adapter trimmed: 3110938
bases trimmed due to adapters: 50528166

Duplication rate: 40.384%

Insert size peak (evaluated by paired-end reads): 153

JSON report: /home/zhou/raid/IO_RNA/PRJEB34724/fq/ERR3648595_fastp.json
HTML report: /home/zhou/raid/IO_RNA/PRJEB34724/fq/ERR3648595_fastp.html

/home/circrna/miniconda3/bin/fastp -i /home/zhou/raid/PRJEB34724/raw/ERR3648595_1.fastq.gz -I /home/zhou/raid/PRJEB34724/raw/ERR3648595_2.fastq.gz -o /home/zhou/raid/IO_RNA/PRJEB34724/fq/ERR3648595_1.fastq.gz -O /home/zhou/raid/IO_RNA/PRJEB34724/fq/ERR3648595_2.fastq.gz -j /home/zhou/raid/IO_RNA/PRJEB34724/fq/ERR3648595_fastp.json -h /home/zhou/raid/IO_RNA/PRJEB34724/fq/ERR3648595_fastp.html -w 20 
fastp v0.23.4, time used: 190 seconds
WARNING: fastp uses up to 16 threads although you specified 20
Read1 before filtering:
total reads: 37340946
total bases: 3771435546
Q20 bases: 3701420100(98.1435%)
Q30 bases: 3642132440(96.5715%)

Read2 before filtering:
total reads: 37340946
total bases: 3771435546
Q20 bases: 3634416732(96.3669%)
Q30 bases: 3534646815(93.7215%)

Read1 after filtering:
total reads: 37307456
total bases: 3758742743
Q20 bases: 3689494671(98.1577%)
Q30 bases: 3630800388(96.5961%)

Read2 after filtering:
total reads: 37307456
total bases: 3758742743
Q20 bases: 3625345480(96.451%)
Q30 bases: 3526958075(93.8335%)

Filtering result:
reads passed filter: 74614912
reads failed due to low quality: 44160
reads failed due to too many N: 22820
reads failed due to too short: 0
reads with adapter trimmed: 940288
bases trimmed due to adapters: 18622030

Duplication rate: 46.4386%

Insert size peak (evaluated by paired-end reads): 170

JSON report: /home/zhou/raid/IO_RNA/PRJEB34724/fq/ERR3648602_fastp.json
HTML report: /home/zhou/raid/IO_RNA/PRJEB34724/fq/ERR3648602_fastp.html

/home/circrna/miniconda3/bin/fastp -i /home/zhou/raid/PRJEB34724/raw/ERR3648602_1.fastq.gz -I /home/zhou/raid/PRJEB34724/raw/ERR3648602_2.fastq.gz -o /home/zhou/raid/IO_RNA/PRJEB34724/fq/ERR3648602_1.fastq.gz -O /home/zhou/raid/IO_RNA/PRJEB34724/fq/ERR3648602_2.fastq.gz -j /home/zhou/raid/IO_RNA/PRJEB34724/fq/ERR3648602_fastp.json -h /home/zhou/raid/IO_RNA/PRJEB34724/fq/ERR3648602_fastp.html -w 20 
fastp v0.23.4, time used: 145 seconds
WARNING: fastp uses up to 16 threads although you specified 20
Read1 before filtering:
total reads: 39679003
total bases: 4007579303
Q20 bases: 3933501575(98.1516%)
Q30 bases: 3870901556(96.5895%)

Read2 before filtering:
total reads: 39679003
total bases: 4007579303
Q20 bases: 3869959211(96.566%)
Q30 bases: 3769987927(94.0714%)

Read1 after filtering:
total reads: 39643319
total bases: 3990054225
Q20 bases: 3917190666(98.1739%)
Q30 bases: 3855508413(96.628%)

Read2 after filtering:
total reads: 39643319
total bases: 3990054225
Q20 bases: 3858178186(96.6949%)
Q30 bases: 3760566336(94.2485%)

Filtering result:
reads passed filter: 79286638
reads failed due to low quality: 47106
reads failed due to too many N: 24262
reads failed due to too short: 0
reads with adapter trimmed: 1087164
bases trimmed due to adapters: 27843040

Duplication rate: 54.3774%

Insert size peak (evaluated by paired-end reads): 170

JSON report: /home/zhou/raid/IO_RNA/PRJEB34724/fq/ERR3648601_fastp.json
HTML report: /home/zhou/raid/IO_RNA/PRJEB34724/fq/ERR3648601_fastp.html

/home/circrna/miniconda3/bin/fastp -i /home/zhou/raid/PRJEB34724/raw/ERR3648601_1.fastq.gz -I /home/zhou/raid/PRJEB34724/raw/ERR3648601_2.fastq.gz -o /home/zhou/raid/IO_RNA/PRJEB34724/fq/ERR3648601_1.fastq.gz -O /home/zhou/raid/IO_RNA/PRJEB34724/fq/ERR3648601_2.fastq.gz -j /home/zhou/raid/IO_RNA/PRJEB34724/fq/ERR3648601_fastp.json -h /home/zhou/raid/IO_RNA/PRJEB34724/fq/ERR3648601_fastp.html -w 20 
fastp v0.23.4, time used: 154 seconds
WARNING: fastp uses up to 16 threads although you specified 20
Read1 before filtering:
total reads: 50789268
total bases: 5129716068
Q20 bases: 5004402889(97.5571%)
Q30 bases: 4901602420(95.5531%)

Read2 before filtering:
total reads: 50789268
total bases: 5129716068
Q20 bases: 4922150969(95.9537%)
Q30 bases: 4769506592(92.978%)

Read1 after filtering:
total reads: 50766737
total bases: 5110486593
Q20 bases: 4986438614(97.5727%)
Q30 bases: 4884564018(95.5792%)

Read2 after filtering:
total reads: 50766737
total bases: 5110486593
Q20 bases: 4906518550(96.0088%)
Q30 bases: 4755932853(93.0622%)

Filtering result:
reads passed filter: 101533474
reads failed due to low quality: 18656
reads failed due to too many N: 26406
reads failed due to too short: 0
reads with adapter trimmed: 2143872
bases trimmed due to adapters: 33909156

Duplication rate: 38.93%

Insert size peak (evaluated by paired-end reads): 170

JSON report: /home/zhou/raid/IO_RNA/PRJEB34724/fq/ERR3648566_fastp.json
HTML report: /home/zhou/raid/IO_RNA/PRJEB34724/fq/ERR3648566_fastp.html

/home/circrna/miniconda3/bin/fastp -i /home/zhou/raid/PRJEB34724/raw/ERR3648566_1.fastq.gz -I /home/zhou/raid/PRJEB34724/raw/ERR3648566_2.fastq.gz -o /home/zhou/raid/IO_RNA/PRJEB34724/fq/ERR3648566_1.fastq.gz -O /home/zhou/raid/IO_RNA/PRJEB34724/fq/ERR3648566_2.fastq.gz -j /home/zhou/raid/IO_RNA/PRJEB34724/fq/ERR3648566_fastp.json -h /home/zhou/raid/IO_RNA/PRJEB34724/fq/ERR3648566_fastp.html -w 20 
fastp v0.23.4, time used: 199 seconds
WARNING: fastp uses up to 16 threads although you specified 20
Read1 before filtering:
total reads: 34193328
total bases: 3453526128
Q20 bases: 3389421047(98.1438%)
Q30 bases: 3336281473(96.6051%)

Read2 before filtering:
total reads: 34193328
total bases: 3453526128
Q20 bases: 3169835445(91.7855%)
Q30 bases: 2986287386(86.4707%)

Read1 after filtering:
total reads: 34162437
total bases: 3441430842
Q20 bases: 3378121792(98.1604%)
Q30 bases: 3325577164(96.6336%)

Read2 after filtering:
total reads: 34162437
total bases: 3441430842
Q20 bases: 3162158249(91.885%)
Q30 bases: 2980333181(86.6016%)

Filtering result:
reads passed filter: 68324874
reads failed due to low quality: 40700
reads failed due to too many N: 21082
reads failed due to too short: 0
reads with adapter trimmed: 877968
bases trimmed due to adapters: 17952928

Duplication rate: 37.1205%

Insert size peak (evaluated by paired-end reads): 170

JSON report: /home/zhou/raid/IO_RNA/PRJEB34724/fq/ERR3648600_fastp.json
HTML report: /home/zhou/raid/IO_RNA/PRJEB34724/fq/ERR3648600_fastp.html

/home/circrna/miniconda3/bin/fastp -i /home/zhou/raid/PRJEB34724/raw/ERR3648600_1.fastq.gz -I /home/zhou/raid/PRJEB34724/raw/ERR3648600_2.fastq.gz -o /home/zhou/raid/IO_RNA/PRJEB34724/fq/ERR3648600_1.fastq.gz -O /home/zhou/raid/IO_RNA/PRJEB34724/fq/ERR3648600_2.fastq.gz -j /home/zhou/raid/IO_RNA/PRJEB34724/fq/ERR3648600_fastp.json -h /home/zhou/raid/IO_RNA/PRJEB34724/fq/ERR3648600_fastp.html -w 20 
fastp v0.23.4, time used: 142 seconds
WARNING: fastp uses up to 16 threads although you specified 20
Read1 before filtering:
total reads: 32206264
total bases: 3252832664
Q20 bases: 3189439871(98.0512%)
Q30 bases: 3135757073(96.4008%)

Read2 before filtering:
total reads: 32206264
total bases: 3252832664
Q20 bases: 3150887698(96.866%)
Q30 bases: 3075436352(94.5464%)

Read1 after filtering:
total reads: 32176666
total bases: 3242030428
Q20 bases: 3179284818(98.0646%)
Q30 bases: 3126089198(96.4238%)

Read2 after filtering:
total reads: 32176666
total bases: 3242030428
Q20 bases: 3143585899(96.9635%)
Q30 bases: 3069452824(94.6769%)

Filtering result:
reads passed filter: 64353332
reads failed due to low quality: 39572
reads failed due to too many N: 19624
reads failed due to too short: 0
reads with adapter trimmed: 686438
bases trimmed due to adapters: 15626626

Duplication rate: 53.6615%

Insert size peak (evaluated by paired-end reads): 170

JSON report: /home/zhou/raid/IO_RNA/PRJEB34724/fq/ERR3648603_fastp.json
HTML report: /home/zhou/raid/IO_RNA/PRJEB34724/fq/ERR3648603_fastp.html

/home/circrna/miniconda3/bin/fastp -i /home/zhou/raid/PRJEB34724/raw/ERR3648603_1.fastq.gz -I /home/zhou/raid/PRJEB34724/raw/ERR3648603_2.fastq.gz -o /home/zhou/raid/IO_RNA/PRJEB34724/fq/ERR3648603_1.fastq.gz -O /home/zhou/raid/IO_RNA/PRJEB34724/fq/ERR3648603_2.fastq.gz -j /home/zhou/raid/IO_RNA/PRJEB34724/fq/ERR3648603_fastp.json -h /home/zhou/raid/IO_RNA/PRJEB34724/fq/ERR3648603_fastp.html -w 20 
fastp v0.23.4, time used: 125 seconds
WARNING: fastp uses up to 16 threads although you specified 20
Read1 before filtering:
total reads: 58226604
total bases: 5880887004
Q20 bases: 5765534886(98.0385%)
Q30 bases: 5670681211(96.4256%)

Read2 before filtering:
total reads: 58226604
total bases: 5880887004
Q20 bases: 5678322442(96.5555%)
Q30 bases: 5535086008(94.1199%)

Read1 after filtering:
total reads: 58173967
total bases: 5859510441
Q20 bases: 5745543196(98.055%)
Q30 bases: 5651676532(96.453%)

Read2 after filtering:
total reads: 58173967
total bases: 5859510441
Q20 bases: 5662527540(96.6382%)
Q30 bases: 5521555707(94.2324%)

Filtering result:
reads passed filter: 116347934
reads failed due to low quality: 63636
reads failed due to too many N: 41638
reads failed due to too short: 0
reads with adapter trimmed: 2194216
bases trimmed due to adapters: 32121742

Duplication rate: 60.6324%

Insert size peak (evaluated by paired-end reads): 169

JSON report: /home/zhou/raid/IO_RNA/PRJEB34724/fq/ERR3648568_fastp.json
HTML report: /home/zhou/raid/IO_RNA/PRJEB34724/fq/ERR3648568_fastp.html

/home/circrna/miniconda3/bin/fastp -i /home/zhou/raid/PRJEB34724/raw/ERR3648568_1.fastq.gz -I /home/zhou/raid/PRJEB34724/raw/ERR3648568_2.fastq.gz -o /home/zhou/raid/IO_RNA/PRJEB34724/fq/ERR3648568_1.fastq.gz -O /home/zhou/raid/IO_RNA/PRJEB34724/fq/ERR3648568_2.fastq.gz -j /home/zhou/raid/IO_RNA/PRJEB34724/fq/ERR3648568_fastp.json -h /home/zhou/raid/IO_RNA/PRJEB34724/fq/ERR3648568_fastp.html -w 20 
fastp v0.23.4, time used: 227 seconds
WARNING: fastp uses up to 16 threads although you specified 20
Read1 before filtering:
total reads: 48882383
total bases: 4937120683
Q20 bases: 4812898067(97.4839%)
Q30 bases: 4710888917(95.4177%)

Read2 before filtering:
total reads: 48882383
total bases: 4937120683
Q20 bases: 4722723424(95.6574%)
Q30 bases: 4565473349(92.4724%)

Read1 after filtering:
total reads: 48863257
total bases: 4913383440
Q20 bases: 4790705551(97.5032%)
Q30 bases: 4689832864(95.4502%)

Read2 after filtering:
total reads: 48863257
total bases: 4913383440
Q20 bases: 4702914835(95.7164%)
Q30 bases: 4548059570(92.5647%)

Filtering result:
reads passed filter: 97726514
reads failed due to low quality: 13248
reads failed due to too many N: 25004
reads failed due to too short: 0
reads with adapter trimmed: 3025536
bases trimmed due to adapters: 43613288

Duplication rate: 43.861%

Insert size peak (evaluated by paired-end reads): 167

JSON report: /home/zhou/raid/IO_RNA/PRJEB34724/fq/ERR3648570_fastp.json
HTML report: /home/zhou/raid/IO_RNA/PRJEB34724/fq/ERR3648570_fastp.html

/home/circrna/miniconda3/bin/fastp -i /home/zhou/raid/PRJEB34724/raw/ERR3648570_1.fastq.gz -I /home/zhou/raid/PRJEB34724/raw/ERR3648570_2.fastq.gz -o /home/zhou/raid/IO_RNA/PRJEB34724/fq/ERR3648570_1.fastq.gz -O /home/zhou/raid/IO_RNA/PRJEB34724/fq/ERR3648570_2.fastq.gz -j /home/zhou/raid/IO_RNA/PRJEB34724/fq/ERR3648570_fastp.json -h /home/zhou/raid/IO_RNA/PRJEB34724/fq/ERR3648570_fastp.html -w 20 
fastp v0.23.4, time used: 193 seconds
WARNING: fastp uses up to 16 threads although you specified 20
Read1 before filtering:
total reads: 42317847
total bases: 4274102547
Q20 bases: 4196372014(98.1814%)
Q30 bases: 4132139439(96.6785%)

Read2 before filtering:
total reads: 42317847
total bases: 4274102547
Q20 bases: 4158437497(97.2938%)
Q30 bases: 4075048775(95.3428%)

Read1 after filtering:
total reads: 42296465
total bases: 4255242682
Q20 bases: 4178604229(98.199%)
Q30 bases: 4115150070(96.7078%)

Read2 after filtering:
total reads: 42296465
total bases: 4255242682
Q20 bases: 4143235364(97.3678%)
Q30 bases: 4061526521(95.4476%)

Filtering result:
reads passed filter: 84592930
reads failed due to low quality: 30090
reads failed due to too many N: 12674
reads failed due to too short: 0
reads with adapter trimmed: 2172368
bases trimmed due to adapters: 33403430

Duplication rate: 48.0605%

Insert size peak (evaluated by paired-end reads): 170

JSON report: /home/zhou/raid/IO_RNA/PRJEB34724/fq/ERR3648571_fastp.json
HTML report: /home/zhou/raid/IO_RNA/PRJEB34724/fq/ERR3648571_fastp.html

/home/circrna/miniconda3/bin/fastp -i /home/zhou/raid/PRJEB34724/raw/ERR3648571_1.fastq.gz -I /home/zhou/raid/PRJEB34724/raw/ERR3648571_2.fastq.gz -o /home/zhou/raid/IO_RNA/PRJEB34724/fq/ERR3648571_1.fastq.gz -O /home/zhou/raid/IO_RNA/PRJEB34724/fq/ERR3648571_2.fastq.gz -j /home/zhou/raid/IO_RNA/PRJEB34724/fq/ERR3648571_fastp.json -h /home/zhou/raid/IO_RNA/PRJEB34724/fq/ERR3648571_fastp.html -w 20 
fastp v0.23.4, time used: 160 seconds
WARNING: fastp uses up to 16 threads although you specified 20
Read1 before filtering:
total reads: 44593430
total bases: 4503936430
Q20 bases: 4409508646(97.9034%)
Q30 bases: 4331880913(96.1799%)

Read2 before filtering:
total reads: 44593430
total bases: 4503936430
Q20 bases: 4330297727(96.1447%)
Q30 bases: 4207725364(93.4233%)

Read1 after filtering:
total reads: 44553121
total bases: 4491217391
Q20 bases: 4397654197(97.9168%)
Q30 bases: 4320649761(96.2022%)

Read2 after filtering:
total reads: 44553121
total bases: 4491217391
Q20 bases: 4321701875(96.2256%)
Q30 bases: 4200727550(93.532%)

Filtering result:
reads passed filter: 89106242
reads failed due to low quality: 49036
reads failed due to too many N: 31582
reads failed due to too short: 0
reads with adapter trimmed: 954140
bases trimmed due to adapters: 17296146

Duplication rate: 75.3984%

Insert size peak (evaluated by paired-end reads): 167

JSON report: /home/zhou/raid/IO_RNA/PRJEB34724/fq/ERR3648572_fastp.json
HTML report: /home/zhou/raid/IO_RNA/PRJEB34724/fq/ERR3648572_fastp.html

/home/circrna/miniconda3/bin/fastp -i /home/zhou/raid/PRJEB34724/raw/ERR3648572_1.fastq.gz -I /home/zhou/raid/PRJEB34724/raw/ERR3648572_2.fastq.gz -o /home/zhou/raid/IO_RNA/PRJEB34724/fq/ERR3648572_1.fastq.gz -O /home/zhou/raid/IO_RNA/PRJEB34724/fq/ERR3648572_2.fastq.gz -j /home/zhou/raid/IO_RNA/PRJEB34724/fq/ERR3648572_fastp.json -h /home/zhou/raid/IO_RNA/PRJEB34724/fq/ERR3648572_fastp.html -w 20 
fastp v0.23.4, time used: 173 seconds
WARNING: fastp uses up to 16 threads although you specified 20
Read1 before filtering:
total reads: 46901564
total bases: 4737057964
Q20 bases: 4651694654(98.198%)
Q30 bases: 4581822260(96.723%)

Read2 before filtering:
total reads: 46901564
total bases: 4737057964
Q20 bases: 4613799663(97.398%)
Q30 bases: 4522694159(95.4747%)

Read1 after filtering:
total reads: 46879280
total bases: 4704844460
Q20 bases: 4621080317(98.2196%)
Q30 bases: 4552390581(96.7596%)

Read2 after filtering:
total reads: 46879280
total bases: 4704844460
Q20 bases: 4586548770(97.4857%)
Q30 bases: 4498123527(95.6062%)

Filtering result:
reads passed filter: 93758560
reads failed due to low quality: 30752
reads failed due to too many N: 13816
reads failed due to too short: 0
reads with adapter trimmed: 3496600
bases trimmed due to adapters: 59932004

Duplication rate: 48.3339%

Insert size peak (evaluated by paired-end reads): 169

JSON report: /home/zhou/raid/IO_RNA/PRJEB34724/fq/ERR3648573_fastp.json
HTML report: /home/zhou/raid/IO_RNA/PRJEB34724/fq/ERR3648573_fastp.html

/home/circrna/miniconda3/bin/fastp -i /home/zhou/raid/PRJEB34724/raw/ERR3648573_1.fastq.gz -I /home/zhou/raid/PRJEB34724/raw/ERR3648573_2.fastq.gz -o /home/zhou/raid/IO_RNA/PRJEB34724/fq/ERR3648573_1.fastq.gz -O /home/zhou/raid/IO_RNA/PRJEB34724/fq/ERR3648573_2.fastq.gz -j /home/zhou/raid/IO_RNA/PRJEB34724/fq/ERR3648573_fastp.json -h /home/zhou/raid/IO_RNA/PRJEB34724/fq/ERR3648573_fastp.html -w 20 
fastp v0.23.4, time used: 173 seconds
WARNING: fastp uses up to 16 threads although you specified 20
Read1 before filtering:
total reads: 49597786
total bases: 5009376386
Q20 bases: 4903405821(97.8846%)
Q30 bases: 4814130719(96.1024%)

Read2 before filtering:
total reads: 49597786
total bases: 5009376386
Q20 bases: 4794996537(95.7204%)
Q30 bases: 4637869642(92.5838%)

Read1 after filtering:
total reads: 49552546
total bases: 4979757433
Q20 bases: 4875472737(97.9058%)
Q30 bases: 4787479082(96.1388%)

Read2 after filtering:
total reads: 49552546
total bases: 4979757433
Q20 bases: 4771481378(95.8175%)
Q30 bases: 4617527885(92.726%)

Filtering result:
reads passed filter: 99105092
reads failed due to low quality: 55696
reads failed due to too many N: 34784
reads failed due to too short: 0
reads with adapter trimmed: 3111404
bases trimmed due to adapters: 50101954

Duplication rate: 43.1651%

Insert size peak (evaluated by paired-end reads): 170

JSON report: /home/zhou/raid/IO_RNA/PRJEB34724/fq/ERR3648576_fastp.json
HTML report: /home/zhou/raid/IO_RNA/PRJEB34724/fq/ERR3648576_fastp.html

/home/circrna/miniconda3/bin/fastp -i /home/zhou/raid/PRJEB34724/raw/ERR3648576_1.fastq.gz -I /home/zhou/raid/PRJEB34724/raw/ERR3648576_2.fastq.gz -o /home/zhou/raid/IO_RNA/PRJEB34724/fq/ERR3648576_1.fastq.gz -O /home/zhou/raid/IO_RNA/PRJEB34724/fq/ERR3648576_2.fastq.gz -j /home/zhou/raid/IO_RNA/PRJEB34724/fq/ERR3648576_fastp.json -h /home/zhou/raid/IO_RNA/PRJEB34724/fq/ERR3648576_fastp.html -w 20 
fastp v0.23.4, time used: 192 seconds
WARNING: fastp uses up to 16 threads although you specified 20
Read1 before filtering:
total reads: 49459833
total bases: 4995443133
Q20 bases: 4904872143(98.1869%)
Q30 bases: 4832695677(96.7421%)

Read2 before filtering:
total reads: 49459833
total bases: 4995443133
Q20 bases: 4813843434(96.3647%)
Q30 bases: 4692571951(93.9371%)

Read1 after filtering:
total reads: 49435253
total bases: 4979249167
Q20 bases: 4890446237(98.2165%)
Q30 bases: 4819464356(96.791%)

Read2 after filtering:
total reads: 49435253
total bases: 4979249167
Q20 bases: 4802900876(96.4583%)
Q30 bases: 4683858444(94.0676%)

Filtering result:
reads passed filter: 98870506
reads failed due to low quality: 34270
reads failed due to too many N: 14890
reads failed due to too short: 0
reads with adapter trimmed: 1430362
bases trimmed due to adapters: 27424958

Duplication rate: 75.3217%

Insert size peak (evaluated by paired-end reads): 169

JSON report: /home/zhou/raid/IO_RNA/PRJEB34724/fq/ERR3648579_fastp.json
HTML report: /home/zhou/raid/IO_RNA/PRJEB34724/fq/ERR3648579_fastp.html

/home/circrna/miniconda3/bin/fastp -i /home/zhou/raid/PRJEB34724/raw/ERR3648579_1.fastq.gz -I /home/zhou/raid/PRJEB34724/raw/ERR3648579_2.fastq.gz -o /home/zhou/raid/IO_RNA/PRJEB34724/fq/ERR3648579_1.fastq.gz -O /home/zhou/raid/IO_RNA/PRJEB34724/fq/ERR3648579_2.fastq.gz -j /home/zhou/raid/IO_RNA/PRJEB34724/fq/ERR3648579_fastp.json -h /home/zhou/raid/IO_RNA/PRJEB34724/fq/ERR3648579_fastp.html -w 20 
fastp v0.23.4, time used: 189 seconds
WARNING: fastp uses up to 16 threads although you specified 20
Read1 before filtering:
total reads: 41058825
total bases: 4146941325
Q20 bases: 4040841153(97.4415%)
Q30 bases: 3955156695(95.3753%)

Read2 before filtering:
total reads: 41058825
total bases: 4146941325
Q20 bases: 3948357336(95.2113%)
Q30 bases: 3806300444(91.7857%)

Read1 after filtering:
total reads: 41038621
total bases: 4135241020
Q20 bases: 4030094041(97.4573%)
Q30 bases: 3945080582(95.4015%)

Read2 after filtering:
total reads: 41038621
total bases: 4135241020
Q20 bases: 3939848624(95.2749%)
Q30 bases: 3799393406(91.8784%)

Filtering result:
reads passed filter: 82077242
reads failed due to low quality: 19264
reads failed due to too many N: 21144
reads failed due to too short: 0
reads with adapter trimmed: 1100484
bases trimmed due to adapters: 19319950

Duplication rate: 62.5048%

Insert size peak (evaluated by paired-end reads): 167

JSON report: /home/zhou/raid/IO_RNA/PRJEB34724/fq/ERR3648581_fastp.json
HTML report: /home/zhou/raid/IO_RNA/PRJEB34724/fq/ERR3648581_fastp.html

/home/circrna/miniconda3/bin/fastp -i /home/zhou/raid/PRJEB34724/raw/ERR3648581_1.fastq.gz -I /home/zhou/raid/PRJEB34724/raw/ERR3648581_2.fastq.gz -o /home/zhou/raid/IO_RNA/PRJEB34724/fq/ERR3648581_1.fastq.gz -O /home/zhou/raid/IO_RNA/PRJEB34724/fq/ERR3648581_2.fastq.gz -j /home/zhou/raid/IO_RNA/PRJEB34724/fq/ERR3648581_fastp.json -h /home/zhou/raid/IO_RNA/PRJEB34724/fq/ERR3648581_fastp.html -w 20 
fastp v0.23.4, time used: 159 seconds
WARNING: fastp uses up to 16 threads although you specified 20
Read1 before filtering:
total reads: 51270153
total bases: 5178285453
Q20 bases: 5077140677(98.0468%)
Q30 bases: 4992028575(96.4031%)

Read2 before filtering:
total reads: 51270153
total bases: 5178285453
Q20 bases: 4946432783(95.5226%)
Q30 bases: 4783405605(92.3743%)

Read1 after filtering:
total reads: 51222987
total bases: 5160099465
Q20 bases: 5060107306(98.0622%)
Q30 bases: 4975840524(96.4292%)

Read2 after filtering:
total reads: 51222987
total bases: 5160099465
Q20 bases: 4933835539(95.6151%)
Q30 bases: 4773067383(92.4995%)

Filtering result:
reads passed filter: 102445974
reads failed due to low quality: 57778
reads failed due to too many N: 36554
reads failed due to too short: 0
reads with adapter trimmed: 1542376
bases trimmed due to adapters: 26846140

Duplication rate: 56.1704%

Insert size peak (evaluated by paired-end reads): 167

JSON report: /home/zhou/raid/IO_RNA/PRJEB34724/fq/ERR3648583_fastp.json
HTML report: /home/zhou/raid/IO_RNA/PRJEB34724/fq/ERR3648583_fastp.html

/home/circrna/miniconda3/bin/fastp -i /home/zhou/raid/PRJEB34724/raw/ERR3648583_1.fastq.gz -I /home/zhou/raid/PRJEB34724/raw/ERR3648583_2.fastq.gz -o /home/zhou/raid/IO_RNA/PRJEB34724/fq/ERR3648583_1.fastq.gz -O /home/zhou/raid/IO_RNA/PRJEB34724/fq/ERR3648583_2.fastq.gz -j /home/zhou/raid/IO_RNA/PRJEB34724/fq/ERR3648583_fastp.json -h /home/zhou/raid/IO_RNA/PRJEB34724/fq/ERR3648583_fastp.html -w 20 
fastp v0.23.4, time used: 196 seconds
WARNING: fastp uses up to 16 threads although you specified 20
Read1 before filtering:
total reads: 51282985
total bases: 5179581485
Q20 bases: 5083456683(98.1442%)
Q30 bases: 5005264189(96.6345%)

Read2 before filtering:
total reads: 51282985
total bases: 5179581485
Q20 bases: 5018887365(96.8975%)
Q30 bases: 4904886155(94.6966%)

Read1 after filtering:
total reads: 51254496
total bases: 5151748858
Q20 bases: 5057109378(98.163%)
Q30 bases: 4979969799(96.6656%)

Read2 after filtering:
total reads: 51254496
total bases: 5151748858
Q20 bases: 4996354885(96.9837%)
Q30 bases: 4884795387(94.8182%)

Filtering result:
reads passed filter: 102508992
reads failed due to low quality: 41646
reads failed due to too many N: 15332
reads failed due to too short: 0
reads with adapter trimmed: 3239548
bases trimmed due to adapters: 49914902

Duplication rate: 44.7693%

Insert size peak (evaluated by paired-end reads): 170

JSON report: /home/zhou/raid/IO_RNA/PRJEB34724/fq/ERR3648585_fastp.json
HTML report: /home/zhou/raid/IO_RNA/PRJEB34724/fq/ERR3648585_fastp.html

/home/circrna/miniconda3/bin/fastp -i /home/zhou/raid/PRJEB34724/raw/ERR3648585_1.fastq.gz -I /home/zhou/raid/PRJEB34724/raw/ERR3648585_2.fastq.gz -o /home/zhou/raid/IO_RNA/PRJEB34724/fq/ERR3648585_1.fastq.gz -O /home/zhou/raid/IO_RNA/PRJEB34724/fq/ERR3648585_2.fastq.gz -j /home/zhou/raid/IO_RNA/PRJEB34724/fq/ERR3648585_fastp.json -h /home/zhou/raid/IO_RNA/PRJEB34724/fq/ERR3648585_fastp.html -w 20 
fastp v0.23.4, time used: 185 seconds
WARNING: fastp uses up to 16 threads although you specified 20
Read1 before filtering:
total reads: 52197641
total bases: 5271961741
Q20 bases: 5140112942(97.4991%)
Q30 bases: 5033730215(95.4812%)

Read2 before filtering:
total reads: 52197641
total bases: 5271961741
Q20 bases: 5020993512(95.2396%)
Q30 bases: 4842327959(91.8506%)

Read1 after filtering:
total reads: 52177043
total bases: 5254471618
Q20 bases: 5123941495(97.5158%)
Q30 bases: 5018506150(95.5092%)

Read2 after filtering:
total reads: 52177043
total bases: 5254471618
Q20 bases: 5007240395(95.2948%)
Q30 bases: 4830661039(91.9343%)

Filtering result:
reads passed filter: 104354086
reads failed due to low quality: 14226
reads failed due to too many N: 26970
reads failed due to too short: 0
reads with adapter trimmed: 2059406
bases trimmed due to adapters: 30821534

Duplication rate: 59.4098%

Insert size peak (evaluated by paired-end reads): 167

JSON report: /home/zhou/raid/IO_RNA/PRJEB34724/fq/ERR3648586_fastp.json
HTML report: /home/zhou/raid/IO_RNA/PRJEB34724/fq/ERR3648586_fastp.html

/home/circrna/miniconda3/bin/fastp -i /home/zhou/raid/PRJEB34724/raw/ERR3648586_1.fastq.gz -I /home/zhou/raid/PRJEB34724/raw/ERR3648586_2.fastq.gz -o /home/zhou/raid/IO_RNA/PRJEB34724/fq/ERR3648586_1.fastq.gz -O /home/zhou/raid/IO_RNA/PRJEB34724/fq/ERR3648586_2.fastq.gz -j /home/zhou/raid/IO_RNA/PRJEB34724/fq/ERR3648586_fastp.json -h /home/zhou/raid/IO_RNA/PRJEB34724/fq/ERR3648586_fastp.html -w 20 
fastp v0.23.4, time used: 197 seconds
WARNING: fastp uses up to 16 threads although you specified 20
Read1 before filtering:
total reads: 49647830
total bases: 5014430830
Q20 bases: 4926370699(98.2439%)
Q30 bases: 4854027098(96.8012%)

Read2 before filtering:
total reads: 49647830
total bases: 5014430830
Q20 bases: 4891973821(97.5579%)
Q30 bases: 4804008353(95.8037%)

Read1 after filtering:
total reads: 49620034
total bases: 4992076738
Q20 bases: 4905364422(98.263%)
Q30 bases: 4833969992(96.8328%)

Read2 after filtering:
total reads: 49620034
total bases: 4992076738
Q20 bases: 4874319829(97.6411%)
Q30 bases: 4788348440(95.919%)

Filtering result:
reads passed filter: 99240068
reads failed due to low quality: 40838
reads failed due to too many N: 14754
reads failed due to too short: 0
reads with adapter trimmed: 2684222
bases trimmed due to adapters: 39096460

Duplication rate: 57.7689%

Insert size peak (evaluated by paired-end reads): 170

JSON report: /home/zhou/raid/IO_RNA/PRJEB34724/fq/ERR3648587_fastp.json
HTML report: /home/zhou/raid/IO_RNA/PRJEB34724/fq/ERR3648587_fastp.html

/home/circrna/miniconda3/bin/fastp -i /home/zhou/raid/PRJEB34724/raw/ERR3648587_1.fastq.gz -I /home/zhou/raid/PRJEB34724/raw/ERR3648587_2.fastq.gz -o /home/zhou/raid/IO_RNA/PRJEB34724/fq/ERR3648587_1.fastq.gz -O /home/zhou/raid/IO_RNA/PRJEB34724/fq/ERR3648587_2.fastq.gz -j /home/zhou/raid/IO_RNA/PRJEB34724/fq/ERR3648587_fastp.json -h /home/zhou/raid/IO_RNA/PRJEB34724/fq/ERR3648587_fastp.html -w 20 
fastp v0.23.4, time used: 180 seconds
WARNING: fastp uses up to 16 threads although you specified 20
Read1 before filtering:
total reads: 46586744
total bases: 4705261144
Q20 bases: 4618317860(98.1522%)
Q30 bases: 4545856154(96.6122%)

Read2 before filtering:
total reads: 46586744
total bases: 4705261144
Q20 bases: 4492447872(95.4771%)
Q30 bases: 4344241333(92.3273%)

Read1 after filtering:
total reads: 46546472
total bases: 4691126138
Q20 bases: 4605064514(98.1654%)
Q30 bases: 4533261492(96.6348%)

Read2 after filtering:
total reads: 46546472
total bases: 4691126138
Q20 bases: 4483380598(95.5715%)
Q30 bases: 4337035607(92.4519%)

Filtering result:
reads passed filter: 93092944
reads failed due to low quality: 52154
reads failed due to too many N: 28390
reads failed due to too short: 0
reads with adapter trimmed: 802104
bases trimmed due to adapters: 20136412

Duplication rate: 43.4471%

Insert size peak (evaluated by paired-end reads): 169

JSON report: /home/zhou/raid/IO_RNA/PRJEB34724/fq/ERR3648597_fastp.json
HTML report: /home/zhou/raid/IO_RNA/PRJEB34724/fq/ERR3648597_fastp.html

/home/circrna/miniconda3/bin/fastp -i /home/zhou/raid/PRJEB34724/raw/ERR3648597_1.fastq.gz -I /home/zhou/raid/PRJEB34724/raw/ERR3648597_2.fastq.gz -o /home/zhou/raid/IO_RNA/PRJEB34724/fq/ERR3648597_1.fastq.gz -O /home/zhou/raid/IO_RNA/PRJEB34724/fq/ERR3648597_2.fastq.gz -j /home/zhou/raid/IO_RNA/PRJEB34724/fq/ERR3648597_fastp.json -h /home/zhou/raid/IO_RNA/PRJEB34724/fq/ERR3648597_fastp.html -w 20 
fastp v0.23.4, time used: 178 seconds
WARNING: fastp uses up to 16 threads although you specified 20
Read1 before filtering:
total reads: 53066121
total bases: 5359678221
Q20 bases: 5248995214(97.9349%)
Q30 bases: 5156160977(96.2028%)

Read2 before filtering:
total reads: 53066121
total bases: 5359678221
Q20 bases: 5167141858(96.4077%)
Q30 bases: 5025891671(93.7723%)

Read1 after filtering:
total reads: 53018244
total bases: 5326494761
Q20 bases: 5217626910(97.9561%)
Q30 bases: 5126171820(96.2391%)

Read2 after filtering:
total reads: 53018244
total bases: 5326494761
Q20 bases: 5139964962(96.4981%)
Q30 bases: 5001762450(93.9035%)

Filtering result:
reads passed filter: 106036488
reads failed due to low quality: 58152
reads failed due to too many N: 37602
reads failed due to too short: 0
reads with adapter trimmed: 3596982
bases trimmed due to adapters: 56698286

Duplication rate: 44.0376%

Insert size peak (evaluated by paired-end reads): 170

JSON report: /home/zhou/raid/IO_RNA/PRJEB34724/fq/ERR3648592_fastp.json
HTML report: /home/zhou/raid/IO_RNA/PRJEB34724/fq/ERR3648592_fastp.html

/home/circrna/miniconda3/bin/fastp -i /home/zhou/raid/PRJEB34724/raw/ERR3648592_1.fastq.gz -I /home/zhou/raid/PRJEB34724/raw/ERR3648592_2.fastq.gz -o /home/zhou/raid/IO_RNA/PRJEB34724/fq/ERR3648592_1.fastq.gz -O /home/zhou/raid/IO_RNA/PRJEB34724/fq/ERR3648592_2.fastq.gz -j /home/zhou/raid/IO_RNA/PRJEB34724/fq/ERR3648592_fastp.json -h /home/zhou/raid/IO_RNA/PRJEB34724/fq/ERR3648592_fastp.html -w 20 
fastp v0.23.4, time used: 194 seconds
WARNING: fastp uses up to 16 threads although you specified 20
Read1 before filtering:
total reads: 51670754
total bases: 5218746154
Q20 bases: 5084770068(97.4328%)
Q30 bases: 4976586340(95.3598%)

Read2 before filtering:
total reads: 51670754
total bases: 5218746154
Q20 bases: 5001130605(95.8301%)
Q30 bases: 4842568155(92.7918%)

Read1 after filtering:
total reads: 51649174
total bases: 5202724950
Q20 bases: 5070060185(97.4501%)
Q30 bases: 4962818081(95.3888%)

Read2 after filtering:
total reads: 51649174
total bases: 5202724950
Q20 bases: 4988758260(95.8874%)
Q30 bases: 4832205879(92.8784%)

Filtering result:
reads passed filter: 103298348
reads failed due to low quality: 15676
reads failed due to too many N: 27484
reads failed due to too short: 0
reads with adapter trimmed: 1904500
bases trimmed due to adapters: 27685120

Duplication rate: 61.2205%

Insert size peak (evaluated by paired-end reads): 167

JSON report: /home/zhou/raid/IO_RNA/PRJEB34724/fq/ERR3648594_fastp.json
HTML report: /home/zhou/raid/IO_RNA/PRJEB34724/fq/ERR3648594_fastp.html

/home/circrna/miniconda3/bin/fastp -i /home/zhou/raid/PRJEB34724/raw/ERR3648594_1.fastq.gz -I /home/zhou/raid/PRJEB34724/raw/ERR3648594_2.fastq.gz -o /home/zhou/raid/IO_RNA/PRJEB34724/fq/ERR3648594_1.fastq.gz -O /home/zhou/raid/IO_RNA/PRJEB34724/fq/ERR3648594_2.fastq.gz -j /home/zhou/raid/IO_RNA/PRJEB34724/fq/ERR3648594_fastp.json -h /home/zhou/raid/IO_RNA/PRJEB34724/fq/ERR3648594_fastp.html -w 20 
fastp v0.23.4, time used: 198 seconds

  /// MultiQC  | v1.14

|           multiqc | Search path : /home/zhou/raid/IO_RNA/PRJEB34724/fq
|         searching |  100% 160/160  
|             fastp | Found 40 reports
|           multiqc | Compressing plot data
|           multiqc | Report      : ../../../../zhou/raid/IO_RNA/PRJEB34724/fq/multiqc_report.html
|           multiqc | Data        : ../../../../zhou/raid/IO_RNA/PRJEB34724/fq/multiqc_data
|           multiqc | MultiQC complete
