Read1 before filtering:
total reads: 57452203
total bases: 7575505301
Q20 bases: 7416706358(97.9038%)
Q30 bases: 7119279602(93.9776%)

Read2 before filtering:
total reads: 57452203
total bases: 7575300290
Q20 bases: 7397828848(97.6572%)
Q30 bases: 7075478413(93.402%)

Read1 after filtering:
total reads: 57148278
total bases: 7531712665
Q20 bases: 7382312230(98.0164%)
Q30 bases: 7089601396(94.13%)

Read2 after filtering:
total reads: 57148278
total bases: 7530398125
Q20 bases: 7371366793(97.8881%)
Q30 bases: 7054935475(93.6861%)

Filtering result:
reads passed filter: 114296556
reads failed due to low quality: 580956
reads failed due to too many N: 26894
reads failed due to too short: 0
reads with adapter trimmed: 696856
bases trimmed due to adapters: 4788273

Duplication rate: 22.3361%

Insert size peak (evaluated by paired-end reads): 143

JSON report: /home/zhou/raid/IO_RNA/PHS003316/fq/SRR25103076_fastp.json
HTML report: /home/zhou/raid/IO_RNA/PHS003316/fq/SRR25103076_fastp.html

/home/circrna/miniconda3/bin/fastp -i /home/zhou/raid/ncbi/dbGaP-24835/RNA_phs003316/raw/SRR25103076_1.fastq.gz -I /home/zhou/raid/ncbi/dbGaP-24835/RNA_phs003316/raw/SRR25103076_2.fastq.gz -o /home/zhou/raid/IO_RNA/PHS003316/fq/SRR25103076_1.fastq.gz -O /home/zhou/raid/IO_RNA/PHS003316/fq/SRR25103076_2.fastq.gz -j /home/zhou/raid/IO_RNA/PHS003316/fq/SRR25103076_fastp.json -h /home/zhou/raid/IO_RNA/PHS003316/fq/SRR25103076_fastp.html -w 4 
fastp v0.23.4, time used: 225 seconds
Read1 before filtering:
total reads: 61900606
total bases: 8360266964
Q20 bases: 8168262356(97.7034%)
Q30 bases: 7827186253(93.6236%)

Read2 before filtering:
total reads: 61900606
total bases: 8356965349
Q20 bases: 8134708379(97.3405%)
Q30 bases: 7751813793(92.7587%)

Read1 after filtering:
total reads: 61441604
total bases: 8296941137
Q20 bases: 8119821683(97.8652%)
Q30 bases: 7785621064(93.8372%)

Read2 after filtering:
total reads: 61441604
total bases: 8292804788
Q20 bases: 8096121840(97.6283%)
Q30 bases: 7721508650(93.1109%)

Filtering result:
reads passed filter: 122883208
reads failed due to low quality: 889258
reads failed due to too many N: 28746
reads failed due to too short: 0
reads with adapter trimmed: 682010
bases trimmed due to adapters: 4746357

Duplication rate: 66.5266%

Insert size peak (evaluated by paired-end reads): 143

JSON report: /home/zhou/raid/IO_RNA/PHS003316/fq/SRR25103059_fastp.json
HTML report: /home/zhou/raid/IO_RNA/PHS003316/fq/SRR25103059_fastp.html

/home/circrna/miniconda3/bin/fastp -i /home/zhou/raid/ncbi/dbGaP-24835/RNA_phs003316/raw/SRR25103059_1.fastq.gz -I /home/zhou/raid/ncbi/dbGaP-24835/RNA_phs003316/raw/SRR25103059_2.fastq.gz -o /home/zhou/raid/IO_RNA/PHS003316/fq/SRR25103059_1.fastq.gz -O /home/zhou/raid/IO_RNA/PHS003316/fq/SRR25103059_2.fastq.gz -j /home/zhou/raid/IO_RNA/PHS003316/fq/SRR25103059_fastp.json -h /home/zhou/raid/IO_RNA/PHS003316/fq/SRR25103059_fastp.html -w 4 
fastp v0.23.4, time used: 249 seconds
Read1 before filtering:
total reads: 52281629
total bases: 7036050977
Q20 bases: 6864900097(97.5675%)
Q30 bases: 6568853482(93.3599%)

Read2 before filtering:
total reads: 52281629
total bases: 7034576151
Q20 bases: 6833466919(97.1411%)
Q30 bases: 6497489446(92.365%)

Read1 after filtering:
total reads: 51816388
total bases: 6975739626
Q20 bases: 6819909072(97.7661%)
Q30 bases: 6530293111(93.6143%)

Read2 after filtering:
total reads: 51816388
total bases: 6973542713
Q20 bases: 6797281914(97.4724%)
Q30 bases: 6469010126(92.765%)

Filtering result:
reads passed filter: 103632776
reads failed due to low quality: 905598
reads failed due to too many N: 24884
reads failed due to too short: 0
reads with adapter trimmed: 598154
bases trimmed due to adapters: 4123687

Duplication rate: 45.3986%

Insert size peak (evaluated by paired-end reads): 143

JSON report: /home/zhou/raid/IO_RNA/PHS003316/fq/SRR25103078_fastp.json
HTML report: /home/zhou/raid/IO_RNA/PHS003316/fq/SRR25103078_fastp.html

/home/circrna/miniconda3/bin/fastp -i /home/zhou/raid/ncbi/dbGaP-24835/RNA_phs003316/raw/SRR25103078_1.fastq.gz -I /home/zhou/raid/ncbi/dbGaP-24835/RNA_phs003316/raw/SRR25103078_2.fastq.gz -o /home/zhou/raid/IO_RNA/PHS003316/fq/SRR25103078_1.fastq.gz -O /home/zhou/raid/IO_RNA/PHS003316/fq/SRR25103078_2.fastq.gz -j /home/zhou/raid/IO_RNA/PHS003316/fq/SRR25103078_fastp.json -h /home/zhou/raid/IO_RNA/PHS003316/fq/SRR25103078_fastp.html -w 4 
fastp v0.23.4, time used: 270 seconds
Read1 before filtering:
total reads: 60204625
total bases: 8333679135
Q20 bases: 8141272834(97.6912%)
Q30 bases: 7798720410(93.5808%)

Read2 before filtering:
total reads: 60204625
total bases: 8333048042
Q20 bases: 8077240485(96.9302%)
Q30 bases: 7659206659(91.9136%)

Read1 after filtering:
total reads: 59655880
total bases: 8261133065
Q20 bases: 8086325859(97.884%)
Q30 bases: 7751418688(93.83%)

Read2 after filtering:
total reads: 59655880
total bases: 8259816079
Q20 bases: 8034320342(97.27%)
Q30 bases: 7625638858(92.3221%)

Filtering result:
reads passed filter: 119311760
reads failed due to low quality: 1068964
reads failed due to too many N: 28526
reads failed due to too short: 0
reads with adapter trimmed: 583798
bases trimmed due to adapters: 7475853

Duplication rate: 34.917%

Insert size peak (evaluated by paired-end reads): 143

JSON report: /home/zhou/raid/IO_RNA/PHS003316/fq/SRR25103062_fastp.json
HTML report: /home/zhou/raid/IO_RNA/PHS003316/fq/SRR25103062_fastp.html

/home/circrna/miniconda3/bin/fastp -i /home/zhou/raid/ncbi/dbGaP-24835/RNA_phs003316/raw/SRR25103062_1.fastq.gz -I /home/zhou/raid/ncbi/dbGaP-24835/RNA_phs003316/raw/SRR25103062_2.fastq.gz -o /home/zhou/raid/IO_RNA/PHS003316/fq/SRR25103062_1.fastq.gz -O /home/zhou/raid/IO_RNA/PHS003316/fq/SRR25103062_2.fastq.gz -j /home/zhou/raid/IO_RNA/PHS003316/fq/SRR25103062_fastp.json -h /home/zhou/raid/IO_RNA/PHS003316/fq/SRR25103062_fastp.html -w 4 
fastp v0.23.4, time used: 282 seconds
