WARNING: fastp uses up to 16 threads although you specified 20
Read1 before filtering:
total reads: 17904043
total bases: 1353618221
Q20 bases: 1334217755(98.5668%)
Q30 bases: 1325765223(97.9423%)

Read2 before filtering:
total reads: 17904043
total bases: 1351735655
Q20 bases: 1318451811(97.5377%)
Q30 bases: 1303090982(96.4013%)

Read1 after filtering:
total reads: 17831902
total bases: 1348002469
Q20 bases: 1329067631(98.5953%)
Q30 bases: 1320756583(97.9788%)

Read2 after filtering:
total reads: 17831902
total bases: 1346581585
Q20 bases: 1315778678(97.7125%)
Q30 bases: 1301015575(96.6162%)

Filtering result:
reads passed filter: 35663804
reads failed due to low quality: 144282
reads failed due to too many N: 0
reads failed due to too short: 0
reads with adapter trimmed: 171234
bases trimmed due to adapters: 396759

Duplication rate: 13.3833%

Insert size peak (evaluated by paired-end reads): 100

JSON report: /home/zhou/raid/IO_RNA/PRJNA476140/fq/SRR7344550_fastp.json
HTML report: /home/zhou/raid/IO_RNA/PRJNA476140/fq/SRR7344550_fastp.html

/home/circrna/miniconda3/bin/fastp -i /home/zhou/t12a/PRJNA476140/raw/SRR7344550_1.fastq.gz -I /home/zhou/t12a/PRJNA476140/raw/SRR7344550_2.fastq.gz -o /home/zhou/raid/IO_RNA/PRJNA476140/fq/SRR7344550_1.fastq.gz -O /home/zhou/raid/IO_RNA/PRJNA476140/fq/SRR7344550_2.fastq.gz -j /home/zhou/raid/IO_RNA/PRJNA476140/fq/SRR7344550_fastp.json -h /home/zhou/raid/IO_RNA/PRJNA476140/fq/SRR7344550_fastp.html -w 20 
fastp v0.23.4, time used: 30 seconds
WARNING: fastp uses up to 16 threads although you specified 20
