Reading GTF annotation data...
Extracting gene and region information...
Checking gtf data...
    chr start   end         gene_id      symbol
1: chr1 11869 14409 ENSG00000223972     DDX11L1
2: chr1 14404 29570 ENSG00000227232      WASH7P
3: chr1 17369 17436 ENSG00000278267   MIR6859-1
4: chr1 29554 31109 ENSG00000243485 MIR1302-2HG
5: chr1 30366 30503 ENSG00000284332   MIR1302-2
6: chr1 34554 36081 ENSG00000237613     FAM138A
Scanning result bed files and extracting sample IDs...
37 sample(s) detected
Reading, joining & annotating circRNAs...
	handling SRR7344544
	handling SRR7344545
	handling SRR7344546
	handling SRR7344547
	handling SRR7344548
	handling SRR7344549
	handling SRR7344550
	handling SRR7344551
	handling SRR7344552
	handling SRR7344553
	handling SRR7344554
	handling SRR7344555
	handling SRR7344556
	handling SRR7344557
	handling SRR7344558
	handling SRR7344559
	handling SRR7344560
	handling SRR7344561
	handling SRR7344562
	handling SRR7344563
	=>14 solid circRNAs detected
	handling SRR7344566
	=>9 solid circRNAs detected
	handling SRR7344573
	=>7 solid circRNAs detected
	handling SRR7344567
	=>16 solid circRNAs detected
	=>10 solid circRNAs detected
	=>12 solid circRNAs detected
	=>9 solid circRNAs detected
	handling SRR7344569
	handling SRR7344575
	handling SRR7344568
	handling SRR7344574
	=>10 solid circRNAs detected
	handling SRR7344578
	=>9 solid circRNAs detected
	=>1 solid circRNAs detected
	handling SRR7344570
	=>9 solid circRNAs detected
	=>13 solid circRNAs detected
	handling SRR7344576
	=>8 solid circRNAs detected
	=>20 solid circRNAs detected
	handling SRR7344577
	=>54 solid circRNAs detected
	handling SRR7344579
	=>92 solid circRNAs detected
	=>135 solid circRNAs detected
	handling SRR7344564
	handling SRR7344580
	=>119 solid circRNAs detected
	=>124 solid circRNAs detected
	handling SRR7344571
	handling SRR7344565
	=>155 solid circRNAs detected
	handling SRR7344572
	=>58 solid circRNAs detected
	=>79 solid circRNAs detected
	=>110 solid circRNAs detected
	=>70 solid circRNAs detected
	=>111 solid circRNAs detected
	=>77 solid circRNAs detected
	=>73 solid circRNAs detected
	=>97 solid circRNAs detected
	=>93 solid circRNAs detected
	=>90 solid circRNAs detected
	=>113 solid circRNAs detected
	=>103 solid circRNAs detected
	=>101 solid circRNAs detected
	=>102 solid circRNAs detected
	=>120 solid circRNAs detected
	=>140 solid circRNAs detected
	=>160 solid circRNAs detected
Done. Please check result *.aggr.txt in /home/zhou/raid/IO_RNA/circRNA/PRJNA476140/aggr
Scanning result aggr files...
Checking if all sample result data files could be found...
Merging result aggr files...
Outputing
Done. Check /home/zhou/raid/IO_RNA/circRNA/PRJNA476140/aggr/aggr_circRNA.tsv.gz
