WARNING: fastp uses up to 16 threads although you specified 20
Read1 before filtering:
total reads: 48529591
total bases: 2475009141
Q20 bases: 2403267587(97.1014%)
Q30 bases: 2319929866(93.7342%)

Read2 before filtering:
total reads: 48529591
total bases: 2475009141
Q20 bases: 2254135802(91.0759%)
Q30 bases: 2126813242(85.9315%)

Read1 after filtering:
total reads: 46670377
total bases: 2375500849
Q20 bases: 2309392617(97.2171%)
Q30 bases: 2230830435(93.9099%)

Read2 after filtering:
total reads: 46670377
total bases: 2375500849
Q20 bases: 2240897897(94.3337%)
Q30 bases: 2118232172(89.1699%)

Filtering result:
reads passed filter: 93340754
reads failed due to low quality: 3705476
reads failed due to too many N: 12952
reads failed due to too short: 0
reads with adapter trimmed: 830418
bases trimmed due to adapters: 9406360

Duplication rate: 37.9426%

Insert size peak (evaluated by paired-end reads): 71

JSON report: /home/data/IO_RNA/EGA_OAK/fq/go28915_ngs_rna_wts_rnaaccess_EA_752e0b914b_20170522_fastp.json
HTML report: /home/data/IO_RNA/EGA_OAK/fq/go28915_ngs_rna_wts_rnaaccess_EA_752e0b914b_20170522_fastp.html

/home/circrna/miniconda3/bin/fastp -i /home/data/EGA/OAK/raw/go28915_ngs_rna_wts_rnaaccess_EA_752e0b914b_20170522_1.fastq.gz -I /home/data/EGA/OAK/raw/go28915_ngs_rna_wts_rnaaccess_EA_752e0b914b_20170522_2.fastq.gz -o /home/data/IO_RNA/EGA_OAK/fq/go28915_ngs_rna_wts_rnaaccess_EA_752e0b914b_20170522_1.fastq.gz -O /home/data/IO_RNA/EGA_OAK/fq/go28915_ngs_rna_wts_rnaaccess_EA_752e0b914b_20170522_2.fastq.gz -j /home/data/IO_RNA/EGA_OAK/fq/go28915_ngs_rna_wts_rnaaccess_EA_752e0b914b_20170522_fastp.json -h /home/data/IO_RNA/EGA_OAK/fq/go28915_ngs_rna_wts_rnaaccess_EA_752e0b914b_20170522_fastp.html -w 20 --dont_overwrite 
fastp v0.23.4, time used: 133 seconds
WARNING: fastp uses up to 16 threads although you specified 20
Read1 before filtering:
total reads: 45610720
total bases: 2326146720
Q20 bases: 2239354886(96.2689%)
Q30 bases: 2149774640(92.4178%)

Read2 before filtering:
total reads: 45610720
total bases: 2326146720
Q20 bases: 2167401741(93.1756%)
Q30 bases: 2042929069(87.8246%)

Read1 after filtering:
total reads: 45039763
total bases: 2294381089
Q20 bases: 2213285238(96.4655%)
Q30 bases: 2126766674(92.6946%)

Read2 after filtering:
total reads: 45039763
total bases: 2294381089
Q20 bases: 2156002078(93.9688%)
Q30 bases: 2034199956(88.6601%)

Filtering result:
reads passed filter: 90079526
reads failed due to low quality: 1020200
reads failed due to too many N: 121714
reads failed due to too short: 0
reads with adapter trimmed: 514294
bases trimmed due to adapters: 5311442

Duplication rate: 59.3833%

Insert size peak (evaluated by paired-end reads): 71

JSON report: /home/data/IO_RNA/EGA_OAK/fq/go28915_ngs_rna_wts_rnaaccess_EA_7eba74a7dd_20170520_fastp.json
HTML report: /home/data/IO_RNA/EGA_OAK/fq/go28915_ngs_rna_wts_rnaaccess_EA_7eba74a7dd_20170520_fastp.html

/home/circrna/miniconda3/bin/fastp -i /home/data/EGA/OAK/raw/go28915_ngs_rna_wts_rnaaccess_EA_7eba74a7dd_20170520_1.fastq.gz -I /home/data/EGA/OAK/raw/go28915_ngs_rna_wts_rnaaccess_EA_7eba74a7dd_20170520_2.fastq.gz -o /home/data/IO_RNA/EGA_OAK/fq/go28915_ngs_rna_wts_rnaaccess_EA_7eba74a7dd_20170520_1.fastq.gz -O /home/data/IO_RNA/EGA_OAK/fq/go28915_ngs_rna_wts_rnaaccess_EA_7eba74a7dd_20170520_2.fastq.gz -j /home/data/IO_RNA/EGA_OAK/fq/go28915_ngs_rna_wts_rnaaccess_EA_7eba74a7dd_20170520_fastp.json -h /home/data/IO_RNA/EGA_OAK/fq/go28915_ngs_rna_wts_rnaaccess_EA_7eba74a7dd_20170520_fastp.html -w 20 --dont_overwrite 
fastp v0.23.4, time used: 132 seconds
WARNING: fastp uses up to 16 threads although you specified 20
Read1 before filtering:
total reads: 56674475
total bases: 2890398225
Q20 bases: 2805283975(97.0553%)
Q30 bases: 2708417320(93.704%)

Read2 before filtering:
total reads: 56674475
total bases: 2890398225
Q20 bases: 2746289342(95.0142%)
Q30 bases: 2613796339(90.4303%)

Read1 after filtering:
total reads: 56305635
total bases: 2859579269
Q20 bases: 2778184237(97.1536%)
Q30 bases: 2683856028(93.8549%)

Read2 after filtering:
total reads: 56305635
total bases: 2859579269
Q20 bases: 2729817180(95.4622%)
Q30 bases: 2599522952(90.9058%)

Filtering result:
reads passed filter: 112611270
reads failed due to low quality: 650256
reads failed due to too many N: 87424
reads failed due to too short: 0
reads with adapter trimmed: 2097832
bases trimmed due to adapters: 24033608

Duplication rate: 70.9888%

Insert size peak (evaluated by paired-end reads): 70

JSON report: /home/data/IO_RNA/EGA_OAK/fq/go28915_ngs_rna_wts_rnaaccess_EA_5e194ff13c_20170521_fastp.json
HTML report: /home/data/IO_RNA/EGA_OAK/fq/go28915_ngs_rna_wts_rnaaccess_EA_5e194ff13c_20170521_fastp.html

/home/circrna/miniconda3/bin/fastp -i /home/data/EGA/OAK/raw/go28915_ngs_rna_wts_rnaaccess_EA_5e194ff13c_20170521_1.fastq.gz -I /home/data/EGA/OAK/raw/go28915_ngs_rna_wts_rnaaccess_EA_5e194ff13c_20170521_2.fastq.gz -o /home/data/IO_RNA/EGA_OAK/fq/go28915_ngs_rna_wts_rnaaccess_EA_5e194ff13c_20170521_1.fastq.gz -O /home/data/IO_RNA/EGA_OAK/fq/go28915_ngs_rna_wts_rnaaccess_EA_5e194ff13c_20170521_2.fastq.gz -j /home/data/IO_RNA/EGA_OAK/fq/go28915_ngs_rna_wts_rnaaccess_EA_5e194ff13c_20170521_fastp.json -h /home/data/IO_RNA/EGA_OAK/fq/go28915_ngs_rna_wts_rnaaccess_EA_5e194ff13c_20170521_fastp.html -w 20 --dont_overwrite 
fastp v0.23.4, time used: 120 seconds
WARNING: fastp uses up to 16 threads although you specified 20
Read1 before filtering:
total reads: 50867657
total bases: 2594250507
Q20 bases: 2504918752(96.5565%)
Q30 bases: 2407274470(92.7927%)

Read2 before filtering:
total reads: 50867657
total bases: 2594250507
Q20 bases: 2452517405(94.5366%)
Q30 bases: 2325986790(89.6593%)

Read1 after filtering:
total reads: 50546459
total bases: 2576470833
Q20 bases: 2491289849(96.6939%)
Q30 bases: 2395607440(92.9802%)

Read2 after filtering:
total reads: 50546459
total bases: 2576470833
Q20 bases: 2445481822(94.916%)
Q30 bases: 2320630076(90.0701%)

Filtering result:
reads passed filter: 101092918
reads failed due to low quality: 549002
reads failed due to too many N: 93394
reads failed due to too short: 0
reads with adapter trimmed: 268698
bases trimmed due to adapters: 2803786

Duplication rate: 32.5523%

Insert size peak (evaluated by paired-end reads): 71

JSON report: /home/data/IO_RNA/EGA_OAK/fq/go28915_ngs_rna_wts_rnaaccess_EA_24807a37dd_20170520_fastp.json
HTML report: /home/data/IO_RNA/EGA_OAK/fq/go28915_ngs_rna_wts_rnaaccess_EA_24807a37dd_20170520_fastp.html

/home/circrna/miniconda3/bin/fastp -i /home/data/EGA/OAK/raw/go28915_ngs_rna_wts_rnaaccess_EA_24807a37dd_20170520_1.fastq.gz -I /home/data/EGA/OAK/raw/go28915_ngs_rna_wts_rnaaccess_EA_24807a37dd_20170520_2.fastq.gz -o /home/data/IO_RNA/EGA_OAK/fq/go28915_ngs_rna_wts_rnaaccess_EA_24807a37dd_20170520_1.fastq.gz -O /home/data/IO_RNA/EGA_OAK/fq/go28915_ngs_rna_wts_rnaaccess_EA_24807a37dd_20170520_2.fastq.gz -j /home/data/IO_RNA/EGA_OAK/fq/go28915_ngs_rna_wts_rnaaccess_EA_24807a37dd_20170520_fastp.json -h /home/data/IO_RNA/EGA_OAK/fq/go28915_ngs_rna_wts_rnaaccess_EA_24807a37dd_20170520_fastp.html -w 20 --dont_overwrite 
fastp v0.23.4, time used: 112 seconds
WARNING: fastp uses up to 16 threads although you specified 20
Read1 before filtering:
total reads: 58452139
total bases: 2981059089
Q20 bases: 2912485474(97.6997%)
Q30 bases: 2835257448(95.1091%)

Read2 before filtering:
total reads: 58452139
total bases: 2981059089
Q20 bases: 2857842412(95.8667%)
Q30 bases: 2748442124(92.1968%)

Read1 after filtering:
total reads: 58115470
total bases: 2961397738
Q20 bases: 2895791341(97.7846%)
Q30 bases: 2820035963(95.2265%)

Read2 after filtering:
total reads: 58115470
total bases: 2961397738
Q20 bases: 2850127830(96.2427%)
Q30 bases: 2742169688(92.5971%)

Filtering result:
reads passed filter: 116230940
reads failed due to low quality: 585022
reads failed due to too many N: 88316
reads failed due to too short: 0
reads with adapter trimmed: 475154
bases trimmed due to adapters: 4991316

Duplication rate: 48.8828%

Insert size peak (evaluated by paired-end reads): 71

JSON report: /home/data/IO_RNA/EGA_OAK/fq/go28915_ngs_rna_wts_rnaaccess_EA_c25ac1d9df_20170519_fastp.json
HTML report: /home/data/IO_RNA/EGA_OAK/fq/go28915_ngs_rna_wts_rnaaccess_EA_c25ac1d9df_20170519_fastp.html

/home/circrna/miniconda3/bin/fastp -i /home/data/EGA/OAK/raw/go28915_ngs_rna_wts_rnaaccess_EA_c25ac1d9df_20170519_1.fastq.gz -I /home/data/EGA/OAK/raw/go28915_ngs_rna_wts_rnaaccess_EA_c25ac1d9df_20170519_2.fastq.gz -o /home/data/IO_RNA/EGA_OAK/fq/go28915_ngs_rna_wts_rnaaccess_EA_c25ac1d9df_20170519_1.fastq.gz -O /home/data/IO_RNA/EGA_OAK/fq/go28915_ngs_rna_wts_rnaaccess_EA_c25ac1d9df_20170519_2.fastq.gz -j /home/data/IO_RNA/EGA_OAK/fq/go28915_ngs_rna_wts_rnaaccess_EA_c25ac1d9df_20170519_fastp.json -h /home/data/IO_RNA/EGA_OAK/fq/go28915_ngs_rna_wts_rnaaccess_EA_c25ac1d9df_20170519_fastp.html -w 20 --dont_overwrite 
fastp v0.23.4, time used: 123 seconds
WARNING: fastp uses up to 16 threads although you specified 20
Read1 before filtering:
total reads: 48844398
total bases: 2491064298
Q20 bases: 2395903936(96.1799%)
Q30 bases: 2293538053(92.0706%)

Read2 before filtering:
total reads: 48844398
total bases: 2491064298
Q20 bases: 2337105759(93.8196%)
Q30 bases: 2195179505(88.1222%)

Read1 after filtering:
total reads: 48575186
total bases: 2474924910
Q20 bases: 2383411186(96.3024%)
Q30 bases: 2282994268(92.245%)

Read2 after filtering:
total reads: 48575186
total bases: 2474924910
Q20 bases: 2331262695(94.1953%)
Q30 bases: 2190906726(88.5242%)

Filtering result:
reads passed filter: 97150372
reads failed due to low quality: 526698
reads failed due to too many N: 11726
reads failed due to too short: 0
reads with adapter trimmed: 441632
bases trimmed due to adapters: 4828774

Duplication rate: 43.1456%

Insert size peak (evaluated by paired-end reads): 71

JSON report: /home/data/IO_RNA/EGA_OAK/fq/go28915_ngs_rna_wts_rnaaccess_EA_0c549080fd_20170512_fastp.json
HTML report: /home/data/IO_RNA/EGA_OAK/fq/go28915_ngs_rna_wts_rnaaccess_EA_0c549080fd_20170512_fastp.html

/home/circrna/miniconda3/bin/fastp -i /home/data/EGA/OAK/raw/go28915_ngs_rna_wts_rnaaccess_EA_0c549080fd_20170512_1.fastq.gz -I /home/data/EGA/OAK/raw/go28915_ngs_rna_wts_rnaaccess_EA_0c549080fd_20170512_2.fastq.gz -o /home/data/IO_RNA/EGA_OAK/fq/go28915_ngs_rna_wts_rnaaccess_EA_0c549080fd_20170512_1.fastq.gz -O /home/data/IO_RNA/EGA_OAK/fq/go28915_ngs_rna_wts_rnaaccess_EA_0c549080fd_20170512_2.fastq.gz -j /home/data/IO_RNA/EGA_OAK/fq/go28915_ngs_rna_wts_rnaaccess_EA_0c549080fd_20170512_fastp.json -h /home/data/IO_RNA/EGA_OAK/fq/go28915_ngs_rna_wts_rnaaccess_EA_0c549080fd_20170512_fastp.html -w 20 --dont_overwrite 
fastp v0.23.4, time used: 110 seconds
WARNING: fastp uses up to 16 threads although you specified 20
Read1 before filtering:
total reads: 53913771
total bases: 2749602321
Q20 bases: 2660624694(96.764%)
Q30 bases: 2562744365(93.2042%)

Read2 before filtering:
total reads: 53913771
total bases: 2749602321
Q20 bases: 2597681044(94.4748%)
Q30 bases: 2466262782(89.6953%)

Read1 after filtering:
total reads: 53466288
total bases: 2716096586
Q20 bases: 2630546726(96.8503%)
Q30 bases: 2534842075(93.3267%)

Read2 after filtering:
total reads: 53466288
total bases: 2716096586
Q20 bases: 2583714614(95.126%)
Q30 bases: 2454587329(90.3719%)

Filtering result:
reads passed filter: 106932576
reads failed due to low quality: 887664
reads failed due to too many N: 7302
reads failed due to too short: 0
reads with adapter trimmed: 1982604
bases trimmed due to adapters: 21393700

Duplication rate: 64.9926%

Insert size peak (evaluated by paired-end reads): 71

JSON report: /home/data/IO_RNA/EGA_OAK/fq/go28915_ngs_rna_wts_rnaaccess_EA_dee3abb161_20170512_fastp.json
HTML report: /home/data/IO_RNA/EGA_OAK/fq/go28915_ngs_rna_wts_rnaaccess_EA_dee3abb161_20170512_fastp.html

/home/circrna/miniconda3/bin/fastp -i /home/data/EGA/OAK/raw/go28915_ngs_rna_wts_rnaaccess_EA_dee3abb161_20170512_1.fastq.gz -I /home/data/EGA/OAK/raw/go28915_ngs_rna_wts_rnaaccess_EA_dee3abb161_20170512_2.fastq.gz -o /home/data/IO_RNA/EGA_OAK/fq/go28915_ngs_rna_wts_rnaaccess_EA_dee3abb161_20170512_1.fastq.gz -O /home/data/IO_RNA/EGA_OAK/fq/go28915_ngs_rna_wts_rnaaccess_EA_dee3abb161_20170512_2.fastq.gz -j /home/data/IO_RNA/EGA_OAK/fq/go28915_ngs_rna_wts_rnaaccess_EA_dee3abb161_20170512_fastp.json -h /home/data/IO_RNA/EGA_OAK/fq/go28915_ngs_rna_wts_rnaaccess_EA_dee3abb161_20170512_fastp.html -w 20 --dont_overwrite 
fastp v0.23.4, time used: 115 seconds
WARNING: fastp uses up to 16 threads although you specified 20
Read1 before filtering:
total reads: 53867642
total bases: 2747249742
Q20 bases: 2676979590(97.4422%)
Q30 bases: 2594874264(94.4535%)

Read2 before filtering:
total reads: 53867642
total bases: 2747249742
Q20 bases: 2542870854(92.5606%)
Q30 bases: 2414433658(87.8855%)

Read1 after filtering:
total reads: 52351074
total bases: 2667931339
Q20 bases: 2602278350(97.5392%)
Q30 bases: 2523980441(94.6044%)

Read2 after filtering:
total reads: 52351074
total bases: 2667931339
Q20 bases: 2533114684(94.9468%)
Q30 bases: 2408540371(90.2774%)

Filtering result:
reads passed filter: 104702148
reads failed due to low quality: 3033098
reads failed due to too many N: 38
reads failed due to too short: 0
reads with adapter trimmed: 372522
bases trimmed due to adapters: 3966900

Duplication rate: 48.6789%

Insert size peak (evaluated by paired-end reads): 71

JSON report: /home/data/IO_RNA/EGA_OAK/fq/go28915_ngs_rna_wts_rnaaccess_EA_c1c40380dc_20170522_fastp.json
HTML report: /home/data/IO_RNA/EGA_OAK/fq/go28915_ngs_rna_wts_rnaaccess_EA_c1c40380dc_20170522_fastp.html

/home/circrna/miniconda3/bin/fastp -i /home/data/EGA/OAK/raw/go28915_ngs_rna_wts_rnaaccess_EA_c1c40380dc_20170522_1.fastq.gz -I /home/data/EGA/OAK/raw/go28915_ngs_rna_wts_rnaaccess_EA_c1c40380dc_20170522_2.fastq.gz -o /home/data/IO_RNA/EGA_OAK/fq/go28915_ngs_rna_wts_rnaaccess_EA_c1c40380dc_20170522_1.fastq.gz -O /home/data/IO_RNA/EGA_OAK/fq/go28915_ngs_rna_wts_rnaaccess_EA_c1c40380dc_20170522_2.fastq.gz -j /home/data/IO_RNA/EGA_OAK/fq/go28915_ngs_rna_wts_rnaaccess_EA_c1c40380dc_20170522_fastp.json -h /home/data/IO_RNA/EGA_OAK/fq/go28915_ngs_rna_wts_rnaaccess_EA_c1c40380dc_20170522_fastp.html -w 20 --dont_overwrite 
fastp v0.23.4, time used: 118 seconds
WARNING: fastp uses up to 16 threads although you specified 20
Read1 before filtering:
total reads: 47006228
total bases: 2397317628
Q20 bases: 2305897441(96.1866%)
Q30 bases: 2212249163(92.2802%)

Read2 before filtering:
total reads: 47006228
total bases: 2397317628
Q20 bases: 2216410502(92.4538%)
Q30 bases: 2080365154(86.7789%)

Read1 after filtering:
total reads: 46329280
total bases: 2356161783
Q20 bases: 2271424034(96.4036%)
Q30 bases: 2181604764(92.5915%)

Read2 after filtering:
total reads: 46329280
total bases: 2356161783
Q20 bases: 2200515157(93.3941%)
Q30 bases: 2067804836(87.7616%)

Filtering result:
reads passed filter: 92658560
reads failed due to low quality: 1226504
reads failed due to too many N: 127392
reads failed due to too short: 0
reads with adapter trimmed: 1160564
bases trimmed due to adapters: 13285342

Duplication rate: 38.4731%

Insert size peak (evaluated by paired-end reads): 70

JSON report: /home/data/IO_RNA/EGA_OAK/fq/go28915_ngs_rna_wts_rnaaccess_EA_2f4c72da22_20170520_fastp.json
HTML report: /home/data/IO_RNA/EGA_OAK/fq/go28915_ngs_rna_wts_rnaaccess_EA_2f4c72da22_20170520_fastp.html

/home/circrna/miniconda3/bin/fastp -i /home/data/EGA/OAK/raw/go28915_ngs_rna_wts_rnaaccess_EA_2f4c72da22_20170520_1.fastq.gz -I /home/data/EGA/OAK/raw/go28915_ngs_rna_wts_rnaaccess_EA_2f4c72da22_20170520_2.fastq.gz -o /home/data/IO_RNA/EGA_OAK/fq/go28915_ngs_rna_wts_rnaaccess_EA_2f4c72da22_20170520_1.fastq.gz -O /home/data/IO_RNA/EGA_OAK/fq/go28915_ngs_rna_wts_rnaaccess_EA_2f4c72da22_20170520_2.fastq.gz -j /home/data/IO_RNA/EGA_OAK/fq/go28915_ngs_rna_wts_rnaaccess_EA_2f4c72da22_20170520_fastp.json -h /home/data/IO_RNA/EGA_OAK/fq/go28915_ngs_rna_wts_rnaaccess_EA_2f4c72da22_20170520_fastp.html -w 20 --dont_overwrite 
fastp v0.23.4, time used: 157 seconds
WARNING: fastp uses up to 16 threads although you specified 20
Read1 before filtering:
total reads: 49452434
total bases: 2522074134
Q20 bases: 2449266239(97.1132%)
Q30 bases: 2368451742(93.9089%)

Read2 before filtering:
total reads: 49452434
total bases: 2522074134
Q20 bases: 2405192013(95.3656%)
Q30 bases: 2299876281(91.1899%)

Read1 after filtering:
total reads: 49180543
total bases: 2501328275
Q20 bases: 2431223870(97.1973%)
Q30 bases: 2351961549(94.0285%)

Read2 after filtering:
total reads: 49180543
total bases: 2501328275
Q20 bases: 2394274049(95.7201%)
Q30 bases: 2290519042(91.5721%)

Filtering result:
reads passed filter: 98361086
reads failed due to low quality: 438624
reads failed due to too many N: 105158
reads failed due to too short: 0
reads with adapter trimmed: 1212422
bases trimmed due to adapters: 13770512

Duplication rate: 45.879%

Insert size peak (evaluated by paired-end reads): 70

JSON report: /home/data/IO_RNA/EGA_OAK/fq/go28915_ngs_rna_wts_rnaaccess_EA_790c4d771c_20170520_fastp.json
HTML report: /home/data/IO_RNA/EGA_OAK/fq/go28915_ngs_rna_wts_rnaaccess_EA_790c4d771c_20170520_fastp.html

/home/circrna/miniconda3/bin/fastp -i /home/data/EGA/OAK/raw/go28915_ngs_rna_wts_rnaaccess_EA_790c4d771c_20170520_1.fastq.gz -I /home/data/EGA/OAK/raw/go28915_ngs_rna_wts_rnaaccess_EA_790c4d771c_20170520_2.fastq.gz -o /home/data/IO_RNA/EGA_OAK/fq/go28915_ngs_rna_wts_rnaaccess_EA_790c4d771c_20170520_1.fastq.gz -O /home/data/IO_RNA/EGA_OAK/fq/go28915_ngs_rna_wts_rnaaccess_EA_790c4d771c_20170520_2.fastq.gz -j /home/data/IO_RNA/EGA_OAK/fq/go28915_ngs_rna_wts_rnaaccess_EA_790c4d771c_20170520_fastp.json -h /home/data/IO_RNA/EGA_OAK/fq/go28915_ngs_rna_wts_rnaaccess_EA_790c4d771c_20170520_fastp.html -w 20 --dont_overwrite 
fastp v0.23.4, time used: 186 seconds
WARNING: fastp uses up to 16 threads although you specified 20
Read1 before filtering:
total reads: 50408581
total bases: 2570837631
Q20 bases: 2523568412(98.1613%)
Q30 bases: 2464332860(95.8572%)

Read2 before filtering:
total reads: 50408581
total bases: 2570837631
Q20 bases: 2496644973(97.1141%)
Q30 bases: 2443105842(95.0315%)

Read1 after filtering:
total reads: 50087382
total bases: 2552218426
Q20 bases: 2506882259(98.2237%)
Q30 bases: 2448546801(95.938%)

Read2 after filtering:
total reads: 50087382
total bases: 2552218426
Q20 bases: 2491441034(97.6186%)
Q30 bases: 2438938408(95.5615%)

Filtering result:
reads passed filter: 100174764
reads failed due to low quality: 621728
reads failed due to too many N: 20670
reads failed due to too short: 0
reads with adapter trimmed: 418876
bases trimmed due to adapters: 4489888

Duplication rate: 66.1111%

Insert size peak (evaluated by paired-end reads): 70

JSON report: /home/data/IO_RNA/EGA_OAK/fq/go28915_ngs_rna_wts_rnaaccess_EA_e79544efe4_20170526_fastp.json
HTML report: /home/data/IO_RNA/EGA_OAK/fq/go28915_ngs_rna_wts_rnaaccess_EA_e79544efe4_20170526_fastp.html

/home/circrna/miniconda3/bin/fastp -i /home/data/EGA/OAK/raw/go28915_ngs_rna_wts_rnaaccess_EA_e79544efe4_20170526_1.fastq.gz -I /home/data/EGA/OAK/raw/go28915_ngs_rna_wts_rnaaccess_EA_e79544efe4_20170526_2.fastq.gz -o /home/data/IO_RNA/EGA_OAK/fq/go28915_ngs_rna_wts_rnaaccess_EA_e79544efe4_20170526_1.fastq.gz -O /home/data/IO_RNA/EGA_OAK/fq/go28915_ngs_rna_wts_rnaaccess_EA_e79544efe4_20170526_2.fastq.gz -j /home/data/IO_RNA/EGA_OAK/fq/go28915_ngs_rna_wts_rnaaccess_EA_e79544efe4_20170526_fastp.json -h /home/data/IO_RNA/EGA_OAK/fq/go28915_ngs_rna_wts_rnaaccess_EA_e79544efe4_20170526_fastp.html -w 20 --dont_overwrite 
fastp v0.23.4, time used: 160 seconds
WARNING: fastp uses up to 16 threads although you specified 20
Read1 before filtering:
total reads: 53499188
total bases: 2728458588
Q20 bases: 2660255130(97.5003%)
Q30 bases: 2578118242(94.4899%)

Read2 before filtering:
total reads: 53499188
total bases: 2728458588
Q20 bases: 2621899927(96.0945%)
Q30 bases: 2525504654(92.5616%)

Read1 after filtering:
total reads: 53249410
total bases: 2711316452
Q20 bases: 2645435750(97.5702%)
Q30 bases: 2564820469(94.5969%)

Read2 after filtering:
total reads: 53249410
total bases: 2711316452
Q20 bases: 2614324187(96.4227%)
Q30 bases: 2519179627(92.9135%)

Filtering result:
reads passed filter: 106498820
reads failed due to low quality: 456204
reads failed due to too many N: 43352
reads failed due to too short: 0
reads with adapter trimmed: 784394
bases trimmed due to adapters: 8815974

Duplication rate: 39.1728%

Insert size peak (evaluated by paired-end reads): 71

JSON report: /home/data/IO_RNA/EGA_OAK/fq/go28915_ngs_rna_wts_rnaaccess_EA_44b121568a_20170517_fastp.json
HTML report: /home/data/IO_RNA/EGA_OAK/fq/go28915_ngs_rna_wts_rnaaccess_EA_44b121568a_20170517_fastp.html

/home/circrna/miniconda3/bin/fastp -i /home/data/EGA/OAK/raw/go28915_ngs_rna_wts_rnaaccess_EA_44b121568a_20170517_1.fastq.gz -I /home/data/EGA/OAK/raw/go28915_ngs_rna_wts_rnaaccess_EA_44b121568a_20170517_2.fastq.gz -o /home/data/IO_RNA/EGA_OAK/fq/go28915_ngs_rna_wts_rnaaccess_EA_44b121568a_20170517_1.fastq.gz -O /home/data/IO_RNA/EGA_OAK/fq/go28915_ngs_rna_wts_rnaaccess_EA_44b121568a_20170517_2.fastq.gz -j /home/data/IO_RNA/EGA_OAK/fq/go28915_ngs_rna_wts_rnaaccess_EA_44b121568a_20170517_fastp.json -h /home/data/IO_RNA/EGA_OAK/fq/go28915_ngs_rna_wts_rnaaccess_EA_44b121568a_20170517_fastp.html -w 20 --dont_overwrite 
fastp v0.23.4, time used: 147 seconds
WARNING: fastp uses up to 16 threads although you specified 20
Read1 before filtering:
total reads: 45136303
total bases: 2301951453
Q20 bases: 2263170603(98.3153%)
Q30 bases: 2219161379(96.4035%)

Read2 before filtering:
total reads: 45136303
total bases: 2301951453
Q20 bases: 2226750104(96.7331%)
Q30 bases: 2155333198(93.6307%)

Read1 after filtering:
total reads: 44956910
total bases: 2290980628
Q20 bases: 2254011580(98.3863%)
Q30 bases: 2210721675(96.4967%)

Read2 after filtering:
total reads: 44956910
total bases: 2290980628
Q20 bases: 2221576487(96.9705%)
Q30 bases: 2150920258(93.8864%)

Filtering result:
reads passed filter: 89913820
reads failed due to low quality: 299928
reads failed due to too many N: 58858
reads failed due to too short: 0
reads with adapter trimmed: 368210
bases trimmed due to adapters: 3658220

Duplication rate: 88.5955%

Insert size peak (evaluated by paired-end reads): 71

JSON report: /home/data/IO_RNA/EGA_OAK/fq/go28915_ngs_rna_wts_rnaaccess_EA_c2c0dfe2a6_20170521_fastp.json
HTML report: /home/data/IO_RNA/EGA_OAK/fq/go28915_ngs_rna_wts_rnaaccess_EA_c2c0dfe2a6_20170521_fastp.html

/home/circrna/miniconda3/bin/fastp -i /home/data/EGA/OAK/raw/go28915_ngs_rna_wts_rnaaccess_EA_c2c0dfe2a6_20170521_1.fastq.gz -I /home/data/EGA/OAK/raw/go28915_ngs_rna_wts_rnaaccess_EA_c2c0dfe2a6_20170521_2.fastq.gz -o /home/data/IO_RNA/EGA_OAK/fq/go28915_ngs_rna_wts_rnaaccess_EA_c2c0dfe2a6_20170521_1.fastq.gz -O /home/data/IO_RNA/EGA_OAK/fq/go28915_ngs_rna_wts_rnaaccess_EA_c2c0dfe2a6_20170521_2.fastq.gz -j /home/data/IO_RNA/EGA_OAK/fq/go28915_ngs_rna_wts_rnaaccess_EA_c2c0dfe2a6_20170521_fastp.json -h /home/data/IO_RNA/EGA_OAK/fq/go28915_ngs_rna_wts_rnaaccess_EA_c2c0dfe2a6_20170521_fastp.html -w 20 --dont_overwrite 
fastp v0.23.4, time used: 117 seconds
WARNING: fastp uses up to 16 threads although you specified 20
Read1 before filtering:
total reads: 50906769
total bases: 2596245219
Q20 bases: 2510513242(96.6978%)
Q30 bases: 2415929408(93.0547%)

Read2 before filtering:
total reads: 50906769
total bases: 2596245219
Q20 bases: 2461556551(94.8122%)
Q30 bases: 2333099056(89.8644%)

Read1 after filtering:
total reads: 50683967
total bases: 2581743689
Q20 bases: 2499035492(96.7964%)
Q30 bases: 2406055090(93.195%)

Read2 after filtering:
total reads: 50683967
total bases: 2581743689
Q20 bases: 2455582697(95.1133%)
Q30 bases: 2328492953(90.1907%)

Filtering result:
reads passed filter: 101367934
reads failed due to low quality: 438546
reads failed due to too many N: 7058
reads failed due to too short: 0
reads with adapter trimmed: 596780
bases trimmed due to adapters: 6289516

Duplication rate: 53.51%

Insert size peak (evaluated by paired-end reads): 71

JSON report: /home/data/IO_RNA/EGA_OAK/fq/go28915_ngs_rna_wts_rnaaccess_EA_ed31f645a6_20170512_fastp.json
HTML report: /home/data/IO_RNA/EGA_OAK/fq/go28915_ngs_rna_wts_rnaaccess_EA_ed31f645a6_20170512_fastp.html

/home/circrna/miniconda3/bin/fastp -i /home/data/EGA/OAK/raw/go28915_ngs_rna_wts_rnaaccess_EA_ed31f645a6_20170512_1.fastq.gz -I /home/data/EGA/OAK/raw/go28915_ngs_rna_wts_rnaaccess_EA_ed31f645a6_20170512_2.fastq.gz -o /home/data/IO_RNA/EGA_OAK/fq/go28915_ngs_rna_wts_rnaaccess_EA_ed31f645a6_20170512_1.fastq.gz -O /home/data/IO_RNA/EGA_OAK/fq/go28915_ngs_rna_wts_rnaaccess_EA_ed31f645a6_20170512_2.fastq.gz -j /home/data/IO_RNA/EGA_OAK/fq/go28915_ngs_rna_wts_rnaaccess_EA_ed31f645a6_20170512_fastp.json -h /home/data/IO_RNA/EGA_OAK/fq/go28915_ngs_rna_wts_rnaaccess_EA_ed31f645a6_20170512_fastp.html -w 20 --dont_overwrite 
fastp v0.23.4, time used: 149 seconds
WARNING: fastp uses up to 16 threads although you specified 20
Read1 before filtering:
total reads: 45397644
total bases: 2315279844
Q20 bases: 2276194359(98.3118%)
Q30 bases: 2232316550(96.4167%)

Read2 before filtering:
total reads: 45397644
total bases: 2315279844
Q20 bases: 2247383506(97.0675%)
Q30 bases: 2187121605(94.4647%)

Read1 after filtering:
total reads: 45106259
total bases: 2294519097
Q20 bases: 2257147529(98.3713%)
Q30 bases: 2214191369(96.4991%)

Read2 after filtering:
total reads: 45106259
total bases: 2294519097
Q20 bases: 2233045854(97.3209%)
Q30 bases: 2173730188(94.7358%)

Filtering result:
reads passed filter: 90212518
reads failed due to low quality: 268558
reads failed due to too many N: 314212
reads failed due to too short: 0
reads with adapter trimmed: 1065314
bases trimmed due to adapters: 11812716

Duplication rate: 83.4064%

Insert size peak (evaluated by paired-end reads): 71

JSON report: /home/data/IO_RNA/EGA_OAK/fq/go28915_ngs_rna_wts_rnaaccess_EA_9f4ca88d34_20170521_fastp.json
HTML report: /home/data/IO_RNA/EGA_OAK/fq/go28915_ngs_rna_wts_rnaaccess_EA_9f4ca88d34_20170521_fastp.html

/home/circrna/miniconda3/bin/fastp -i /home/data/EGA/OAK/raw/go28915_ngs_rna_wts_rnaaccess_EA_9f4ca88d34_20170521_1.fastq.gz -I /home/data/EGA/OAK/raw/go28915_ngs_rna_wts_rnaaccess_EA_9f4ca88d34_20170521_2.fastq.gz -o /home/data/IO_RNA/EGA_OAK/fq/go28915_ngs_rna_wts_rnaaccess_EA_9f4ca88d34_20170521_1.fastq.gz -O /home/data/IO_RNA/EGA_OAK/fq/go28915_ngs_rna_wts_rnaaccess_EA_9f4ca88d34_20170521_2.fastq.gz -j /home/data/IO_RNA/EGA_OAK/fq/go28915_ngs_rna_wts_rnaaccess_EA_9f4ca88d34_20170521_fastp.json -h /home/data/IO_RNA/EGA_OAK/fq/go28915_ngs_rna_wts_rnaaccess_EA_9f4ca88d34_20170521_fastp.html -w 20 --dont_overwrite 
fastp v0.23.4, time used: 124 seconds
WARNING: fastp uses up to 16 threads although you specified 20
Read1 before filtering:
total reads: 55533079
total bases: 2832187029
Q20 bases: 2759456927(97.432%)
Q30 bases: 2678679648(94.5799%)

Read2 before filtering:
total reads: 55533079
total bases: 2832187029
Q20 bases: 2694475035(95.1376%)
Q30 bases: 2570359473(90.7553%)

Read1 after filtering:
total reads: 55146612
total bases: 2803099263
Q20 bases: 2733874436(97.5304%)
Q30 bases: 2655237710(94.7251%)

Read2 after filtering:
total reads: 55146612
total bases: 2803099263
Q20 bases: 2680280801(95.6185%)
Q30 bases: 2558194192(91.2631%)

Filtering result:
reads passed filter: 110293224
reads failed due to low quality: 658150
reads failed due to too many N: 114784
reads failed due to too short: 0
reads with adapter trimmed: 1628400
bases trimmed due to adapters: 18767850

Duplication rate: 41.4458%

Insert size peak (evaluated by paired-end reads): 70

JSON report: /home/data/IO_RNA/EGA_OAK/fq/go28915_ngs_rna_wts_rnaaccess_EA_e43db4f4b3_20170522_fastp.json
HTML report: /home/data/IO_RNA/EGA_OAK/fq/go28915_ngs_rna_wts_rnaaccess_EA_e43db4f4b3_20170522_fastp.html

/home/circrna/miniconda3/bin/fastp -i /home/data/EGA/OAK/raw/go28915_ngs_rna_wts_rnaaccess_EA_e43db4f4b3_20170522_1.fastq.gz -I /home/data/EGA/OAK/raw/go28915_ngs_rna_wts_rnaaccess_EA_e43db4f4b3_20170522_2.fastq.gz -o /home/data/IO_RNA/EGA_OAK/fq/go28915_ngs_rna_wts_rnaaccess_EA_e43db4f4b3_20170522_1.fastq.gz -O /home/data/IO_RNA/EGA_OAK/fq/go28915_ngs_rna_wts_rnaaccess_EA_e43db4f4b3_20170522_2.fastq.gz -j /home/data/IO_RNA/EGA_OAK/fq/go28915_ngs_rna_wts_rnaaccess_EA_e43db4f4b3_20170522_fastp.json -h /home/data/IO_RNA/EGA_OAK/fq/go28915_ngs_rna_wts_rnaaccess_EA_e43db4f4b3_20170522_fastp.html -w 20 --dont_overwrite 
fastp v0.23.4, time used: 170 seconds
WARNING: fastp uses up to 16 threads although you specified 20
Read1 before filtering:
total reads: 49041114
total bases: 2501096814
Q20 bases: 2440189562(97.5648%)
Q30 bases: 2366647122(94.6244%)

Read2 before filtering:
total reads: 49041114
total bases: 2501096814
Q20 bases: 2406451346(96.2158%)
Q30 bases: 2324171051(92.9261%)

Read1 after filtering:
total reads: 48733387
total bases: 2482282460
Q20 bases: 2423548641(97.6339%)
Q30 bases: 2351447285(94.7292%)

Read2 after filtering:
total reads: 48733387
total bases: 2482282460
Q20 bases: 2399895606(96.681%)
Q30 bases: 2318892869(93.4178%)

Filtering result:
reads passed filter: 97466774
reads failed due to low quality: 563982
reads failed due to too many N: 51472
reads failed due to too short: 0
reads with adapter trimmed: 557514
bases trimmed due to adapters: 6247332

Duplication rate: 42.0312%

Insert size peak (evaluated by paired-end reads): 71

JSON report: /home/data/IO_RNA/EGA_OAK/fq/go28915_ngs_rna_wts_rnaaccess_EA_6d0dd89017_20170517_fastp.json
HTML report: /home/data/IO_RNA/EGA_OAK/fq/go28915_ngs_rna_wts_rnaaccess_EA_6d0dd89017_20170517_fastp.html

/home/circrna/miniconda3/bin/fastp -i /home/data/EGA/OAK/raw/go28915_ngs_rna_wts_rnaaccess_EA_6d0dd89017_20170517_1.fastq.gz -I /home/data/EGA/OAK/raw/go28915_ngs_rna_wts_rnaaccess_EA_6d0dd89017_20170517_2.fastq.gz -o /home/data/IO_RNA/EGA_OAK/fq/go28915_ngs_rna_wts_rnaaccess_EA_6d0dd89017_20170517_1.fastq.gz -O /home/data/IO_RNA/EGA_OAK/fq/go28915_ngs_rna_wts_rnaaccess_EA_6d0dd89017_20170517_2.fastq.gz -j /home/data/IO_RNA/EGA_OAK/fq/go28915_ngs_rna_wts_rnaaccess_EA_6d0dd89017_20170517_fastp.json -h /home/data/IO_RNA/EGA_OAK/fq/go28915_ngs_rna_wts_rnaaccess_EA_6d0dd89017_20170517_fastp.html -w 20 --dont_overwrite 
fastp v0.23.4, time used: 166 seconds
WARNING: fastp uses up to 16 threads although you specified 20
Read1 before filtering:
total reads: 54231171
total bases: 2765789721
Q20 bases: 2697445251(97.5289%)
Q30 bases: 2621764120(94.7926%)

Read2 before filtering:
total reads: 54231171
total bases: 2765789721
Q20 bases: 2641697023(95.5133%)
Q30 bases: 2529690503(91.4636%)

Read1 after filtering:
total reads: 53861072
total bases: 2744567567
Q20 bases: 2679020701(97.6118%)
Q30 bases: 2604917776(94.9118%)

Read2 after filtering:
total reads: 53861072
total bases: 2744567567
Q20 bases: 2633774563(95.9632%)
Q30 bases: 2523133757(91.9319%)

Filtering result:
reads passed filter: 107722144
reads failed due to low quality: 611756
reads failed due to too many N: 128442
reads failed due to too short: 0
reads with adapter trimmed: 429562
bases trimmed due to adapters: 4702590

Duplication rate: 42.5045%

Insert size peak (evaluated by paired-end reads): 71

JSON report: /home/data/IO_RNA/EGA_OAK/fq/go28915_ngs_rna_wts_rnaaccess_EA_56afd24141_20170522_fastp.json
HTML report: /home/data/IO_RNA/EGA_OAK/fq/go28915_ngs_rna_wts_rnaaccess_EA_56afd24141_20170522_fastp.html

/home/circrna/miniconda3/bin/fastp -i /home/data/EGA/OAK/raw/go28915_ngs_rna_wts_rnaaccess_EA_56afd24141_20170522_1.fastq.gz -I /home/data/EGA/OAK/raw/go28915_ngs_rna_wts_rnaaccess_EA_56afd24141_20170522_2.fastq.gz -o /home/data/IO_RNA/EGA_OAK/fq/go28915_ngs_rna_wts_rnaaccess_EA_56afd24141_20170522_1.fastq.gz -O /home/data/IO_RNA/EGA_OAK/fq/go28915_ngs_rna_wts_rnaaccess_EA_56afd24141_20170522_2.fastq.gz -j /home/data/IO_RNA/EGA_OAK/fq/go28915_ngs_rna_wts_rnaaccess_EA_56afd24141_20170522_fastp.json -h /home/data/IO_RNA/EGA_OAK/fq/go28915_ngs_rna_wts_rnaaccess_EA_56afd24141_20170522_fastp.html -w 20 --dont_overwrite 
fastp v0.23.4, time used: 172 seconds
WARNING: fastp uses up to 16 threads although you specified 20
