Reading GTF annotation data...
Extracting gene and region information...
Checking gtf data...
    chr start   end         gene_id      symbol
1: chr1 11869 14409 ENSG00000223972     DDX11L1
2: chr1 14404 29570 ENSG00000227232      WASH7P
3: chr1 17369 17436 ENSG00000278267   MIR6859-1
4: chr1 29554 31109 ENSG00000243485 MIR1302-2HG
5: chr1 30366 30503 ENSG00000284332   MIR1302-2
6: chr1 34554 36081 ENSG00000237613     FAM138A
Scanning result bed files and extracting sample IDs...
823 sample(s) detected
Reading, joining & annotating circRNAs...
	handling WO29637_ngs_rna_targrna_EA_001b0af504
	=>415 solid circRNAs detected
	handling WO29637_ngs_rna_targrna_EA_0094e087fc
	=>2408 solid circRNAs detected
	handling WO29637_ngs_rna_targrna_EA_00ceb95b5d
	=>4086 solid circRNAs detected
	handling WO29637_ngs_rna_targrna_EA_011a01e2c7
	=>2253 solid circRNAs detected
	handling WO29637_ngs_rna_targrna_EA_01894dac3f
	=>3024 solid circRNAs detected
	handling WO29637_ngs_rna_targrna_EA_02639fba5d
	=>706 solid circRNAs detected
	handling WO29637_ngs_rna_targrna_EA_0291cda20a
	=>1147 solid circRNAs detected
	handling WO29637_ngs_rna_targrna_EA_03005835b4
	=>2942 solid circRNAs detected
	handling WO29637_ngs_rna_targrna_EA_0330a14892
	=>2288 solid circRNAs detected
	handling WO29637_ngs_rna_targrna_EA_033c350ecb
	=>2310 solid circRNAs detected
	handling WO29637_ngs_rna_targrna_EA_044f01800c
