Reading GTF annotation data...
Extracting gene and region information...
Checking gtf data...
    chr start   end         gene_id        gene
1: chr1 11869 14409 ENSG00000223972     DDX11L1
2: chr1 14404 29570 ENSG00000227232      WASH7P
3: chr1 17369 17436 ENSG00000278267   MIR6859-1
4: chr1 29554 31109 ENSG00000243485 MIR1302-2HG
5: chr1 30366 30503 ENSG00000284332   MIR1302-2
6: chr1 34554 36081 ENSG00000237613     FAM138A
Scanning result bed files and extracting sample IDs...
28 sample(s) detected
Reading, joining & annotating circRNAs...
	handling SRR3184279
	handling SRR3184280
	handling SRR3184281
	handling SRR3184282
	handling SRR3184283
	handling SRR3184284
	handling SRR3184285
	handling SRR3184286
	handling SRR3184287
	handling SRR3184288
	handling SRR3184289
	handling SRR3184290
	handling SRR3184291
	handling SRR3184292
	handling SRR3184293
	handling SRR3184294
	handling SRR3184295
	handling SRR3184296
	handling SRR3184297
	handling SRR3184298
	=>98 solid circRNAs detected
	handling SRR3184305
	=>466 solid circRNAs detected
	handling SRR3184306
	=>162 solid circRNAs detected
	=>529 solid circRNAs detected
	=>220 solid circRNAs detected
	handling SRR3184302
	=>165 solid circRNAs detected
	handling SRR3184300
	=>753 solid circRNAs detected
	=>360 solid circRNAs detected
	=>155 solid circRNAs detected
	=>219 solid circRNAs detected
	handling SRR3184304
	=>285 solid circRNAs detected
	handling SRR3184299
	=>385 solid circRNAs detected
	=>212 solid circRNAs detected
	=>312 solid circRNAs detected
	=>242 solid circRNAs detected
	=>230 solid circRNAs detected
	=>472 solid circRNAs detected
	=>470 solid circRNAs detected
	=>774 solid circRNAs detected
	=>503 solid circRNAs detected
	=>200 solid circRNAs detected
	=>327 solid circRNAs detected
	=>306 solid circRNAs detected
	handling SRR3184301
	=>184 solid circRNAs detected
	=>481 solid circRNAs detected
	=>492 solid circRNAs detected
	=>500 solid circRNAs detected
	handling SRR3184303
	=>734 solid circRNAs detected
Done. Please check result *.aggr.txt in /home/zhou/raid/IO_RNA/circRNA/PRJNA312948/aggr
Scanning result aggr files...
Checking if all sample result data files could be found...
Merging result aggr files...
Outputing
Done. Check /home/zhou/raid/IO_RNA/circRNA/PRJNA312948/aggr/aggr_circRNA.tsv.gz
