Reading GTF annotation data...
Extracting gene and region information...
Checking gtf data...
    chr start   end         gene_id        gene
1: chr1 11869 14409 ENSG00000223972     DDX11L1
2: chr1 14404 29570 ENSG00000227232      WASH7P
3: chr1 17369 17436 ENSG00000278267   MIR6859-1
4: chr1 29554 31109 ENSG00000243485 MIR1302-2HG
5: chr1 30366 30503 ENSG00000284332   MIR1302-2
6: chr1 34554 36081 ENSG00000237613     FAM138A
Scanning result bed files and extracting sample IDs...
263 sample(s) detected
Reading, joining & annotating circRNAs...
	handling EGAN00001749284
	handling EGAN00001749285
	handling EGAN00001749286
	handling EGAN00001749287
	handling EGAN00001749288
	handling EGAN00001749289
	handling EGAN00001749290
	handling EGAN00001749291
	handling EGAN00001749292
	handling EGAN00001749293
	handling EGAN00001749294
	handling EGAN00001749295
	handling EGAN00001749296
	handling EGAN00001749297
	handling EGAN00001749298
	handling EGAN00001749299
	handling EGAN00001749300
	handling EGAN00001749301
	handling EGAN00001749302
	handling EGAN00001749303
	=>1200 solid circRNAs detected
	handling EGAN00001749320
	=>1605 solid circRNAs detected
	handling EGAN00001749305
	=>1555 solid circRNAs detected
	handling EGAN00001749310
	=>1728 solid circRNAs detected
	handling EGAN00001749314
	=>1724 solid circRNAs detected
	handling EGAN00001749319
	=>2242 solid circRNAs detected
	handling EGAN00001749304
	=>3249 solid circRNAs detected
	handling EGAN00001749311
	=>2944 solid circRNAs detected
	handling EGAN00001749309
	=>2490 solid circRNAs detected
	handling EGAN00001749307
	=>2270 solid circRNAs detected
	handling EGAN00001749322
	=>2921 solid circRNAs detected
	=>3971 solid circRNAs detected
	handling EGAN00001749315
	handling EGAN00001749323
	=>3418 solid circRNAs detected
	handling EGAN00001749306
	=>4054 solid circRNAs detected
	handling EGAN00001749317
	=>3966 solid circRNAs detected
	=>3909 solid circRNAs detected
	handling EGAN00001749318
	handling EGAN00001749313
	=>3143 solid circRNAs detected
	handling EGAN00001749321
	=>4514 solid circRNAs detected
	=>6561 solid circRNAs detected
	handling EGAN00001749316
	handling EGAN00001749312
	=>5270 solid circRNAs detected
	handling EGAN00001749308
	=>1242 solid circRNAs detected
	handling EGAN00001749336
	=>2004 solid circRNAs detected
	handling EGAN00001749340
	=>1295 solid circRNAs detected
	handling EGAN00001749324
	=>1957 solid circRNAs detected
	handling EGAN00001749339
	=>3465 solid circRNAs detected
	handling EGAN00001749335
	=>1943 solid circRNAs detected
	handling EGAN00001749341
	=>2206 solid circRNAs detected
	handling EGAN00001749450
	=>2538 solid circRNAs detected
	=>2572 solid circRNAs detected
	handling EGAN00001749334
	handling EGAN00001749329
	=>3576 solid circRNAs detected
	handling EGAN00001749343
	=>2856 solid circRNAs detected
	=>3599 solid circRNAs detected
	=>3089 solid circRNAs detected
	handling EGAN00001749330
	handling EGAN00001749342
	handling EGAN00001749331
	=>3273 solid circRNAs detected
	handling EGAN00001749454
	=>1856 solid circRNAs detected
	handling EGAN00001749470
	=>3155 solid circRNAs detected
	handling EGAN00001749325
	=>3069 solid circRNAs detected
	handling EGAN00001749338
	=>1874 solid circRNAs detected
	handling EGAN00001749445
	=>2904 solid circRNAs detected
	handling EGAN00001749453
	=>3014 solid circRNAs detected
	handling EGAN00001749344
	=>89 solid circRNAs detected
	handling EGAN00001749473
	=>3364 solid circRNAs detected
	handling EGAN00001749327
	=>3599 solid circRNAs detected
	handling EGAN00001749449
	=>5552 solid circRNAs detected
	handling EGAN00001749332
	=>5355 solid circRNAs detected
	handling EGAN00001749333
	=>1751 solid circRNAs detected
	handling EGAN00001749456
	=>3523 solid circRNAs detected
	handling EGAN00001749444
	=>2824 solid circRNAs detected
	handling EGAN00001749448
	=>3500 solid circRNAs detected
	handling EGAN00001749455
	=>3315 solid circRNAs detected
	handling EGAN00001749452
	=>3770 solid circRNAs detected
	handling EGAN00001749345
	=>3784 solid circRNAs detected
	handling EGAN00001749443
	=>4868 solid circRNAs detected
	=>5367 solid circRNAs detected
	handling EGAN00001749326
	handling EGAN00001749328
	=>3427 solid circRNAs detected
	handling EGAN00001749474
	=>4667 solid circRNAs detected
	handling EGAN00001749337
	=>2338 solid circRNAs detected
	handling EGAN00001749447
	=>2837 solid circRNAs detected
	handling EGAN00001749493
	=>1217 solid circRNAs detected
	handling EGAN00001749494
	=>2302 solid circRNAs detected
	handling EGAN00001749469
	=>1207 solid circRNAs detected
	handling EGAN00001749440
	=>1402 solid circRNAs detected
	handling EGAN00001749459
	=>4068 solid circRNAs detected
	handling EGAN00001749490
	=>3268 solid circRNAs detected
	handling EGAN00001749476
	=>3872 solid circRNAs detected
	handling EGAN00001749457
	=>1896 solid circRNAs detected
	handling EGAN00001749442
	=>207 solid circRNAs detected
	handling EGAN00001749462
	=>2157 solid circRNAs detected
	handling EGAN00001749475
	=>3341 solid circRNAs detected
	handling EGAN00001749464
	=>3865 solid circRNAs detected
	handling EGAN00001749458
	=>4493 solid circRNAs detected
	handling EGAN00001749465
	=>1313 solid circRNAs detected
	handling EGAN00001749513
	=>3320 solid circRNAs detected
	handling EGAN00001749472
	=>2010 solid circRNAs detected
	handling EGAN00001749468
	=>2821 solid circRNAs detected
	handling EGAN00001749477
	=>3054 solid circRNAs detected
	handling EGAN00001749467
	=>3146 solid circRNAs detected
	handling EGAN00001749463
	=>3072 solid circRNAs detected
	handling EGAN00001749460
	=>1950 solid circRNAs detected
	handling EGAN00001749488
	=>3643 solid circRNAs detected
	handling EGAN00001749479
	=>1961 solid circRNAs detected
	handling EGAN00001749484
	=>2873 solid circRNAs detected
	handling EGAN00001749496
	=>1202 solid circRNAs detected
	handling EGAN00001749483
	=>2653 solid circRNAs detected
	handling EGAN00001749514
	=>2981 solid circRNAs detected
	handling EGAN00001749478
	=>4176 solid circRNAs detected
	handling EGAN00001749495
	=>1162 solid circRNAs detected
	handling EGAN00001749516
	=>5049 solid circRNAs detected
	handling EGAN00001749446
	=>2350 solid circRNAs detected
	handling EGAN00001749504
	=>5008 solid circRNAs detected
	handling EGAN00001749510
	=>2330 solid circRNAs detected
	handling EGAN00001749508
	=>3690 solid circRNAs detected
	handling EGAN00001749485
	=>3460 solid circRNAs detected
	handling EGAN00001749451
	=>486 solid circRNAs detected
	handling EGAN00001749530
	=>2731 solid circRNAs detected
	handling EGAN00001749533
	=>3420 solid circRNAs detected
	handling EGAN00001749482
	=>1315 solid circRNAs detected
	handling EGAN00001749536
	=>3299 solid circRNAs detected
	handling EGAN00001749499
	=>4022 solid circRNAs detected
	=>2981 solid circRNAs detected
	=>817 solid circRNAs detected
	handling EGAN00001749487
	handling EGAN00001749519
	handling EGAN00001749492
	=>1581 solid circRNAs detected
	handling EGAN00001749471
	=>4621 solid circRNAs detected
	handling EGAN00001749489
	=>6727 solid circRNAs detected
	handling EGAN00001749441
	=>2962 solid circRNAs detected
	handling EGAN00001749498
	=>1790 solid circRNAs detected
	handling EGAN00001749505
	=>2508 solid circRNAs detected
	=>1597 solid circRNAs detected
	handling EGAN00001749503
	handling EGAN00001749502
	=>2314 solid circRNAs detected
	handling EGAN00001749491
	=>3021 solid circRNAs detected
	handling EGAN00001749528
	=>3246 solid circRNAs detected
	handling EGAN00001749556
	=>2741 solid circRNAs detected
	handling EGAN00001749466
	=>3077 solid circRNAs detected
	handling EGAN00001749524
	=>2824 solid circRNAs detected
	handling EGAN00001749512
	=>3022 solid circRNAs detected
	handling EGAN00001749509
	=>2010 solid circRNAs detected
	handling EGAN00001749525
	=>3184 solid circRNAs detected
	=>1608 solid circRNAs detected
	handling EGAN00001749548
	handling EGAN00001749550
	=>2647 solid circRNAs detected
	handling EGAN00001749523
	=>5326 solid circRNAs detected
	handling EGAN00001749497
	=>1173 solid circRNAs detected
	handling EGAN00001749529
	=>1200 solid circRNAs detected
	handling EGAN00001749568
	=>4313 solid circRNAs detected
	handling EGAN00001749480
	=>2310 solid circRNAs detected
	handling EGAN00001749511
	=>2065 solid circRNAs detected
	handling EGAN00001749545
	=>4020 solid circRNAs detected
	handling EGAN00001749534
	=>3484 solid circRNAs detected
	handling EGAN00001749507
	=>1381 solid circRNAs detected
	handling EGAN00001749549
	=>3589 solid circRNAs detected
	handling EGAN00001749518
	=>1826 solid circRNAs detected
	handling EGAN00001749517
	=>1990 solid circRNAs detected
	handling EGAN00001749565
	=>620 solid circRNAs detected
	handling EGAN00001749537
	=>1047 solid circRNAs detected
	=>2921 solid circRNAs detected
	handling EGAN00001749554
	handling EGAN00001749486
	=>4769 solid circRNAs detected
	handling EGAN00001749553
	=>1817 solid circRNAs detected
	handling EGAN00001749569
	=>1963 solid circRNAs detected
	handling EGAN00001749531
	=>2576 solid circRNAs detected
	handling EGAN00001749576
	=>1498 solid circRNAs detected
	handling EGAN00001749585
	=>2015 solid circRNAs detected
	handling EGAN00001749527
	=>2178 solid circRNAs detected
	handling EGAN00001749589
	=>3447 solid circRNAs detected
	handling EGAN00001749543
	=>4187 solid circRNAs detected
	handling EGAN00001749522
	=>4662 solid circRNAs detected
	handling EGAN00001749461
	=>3772 solid circRNAs detected
	handling EGAN00001749532
	=>2298 solid circRNAs detected
	=>8741 solid circRNAs detected
	handling EGAN00001749574
	handling EGAN00001749515
	=>1967 solid circRNAs detected
	handling EGAN00001749538
	=>2275 solid circRNAs detected
	handling EGAN00001749551
	=>2282 solid circRNAs detected
	handling EGAN00001749547
	=>4241 solid circRNAs detected
	handling EGAN00001749570
	=>2565 solid circRNAs detected
	handling EGAN00001749542
	=>2820 solid circRNAs detected
	handling EGAN00001749573
	=>1435 solid circRNAs detected
	handling EGAN00001749558
	=>4876 solid circRNAs detected
	handling EGAN00001749544
	=>3945 solid circRNAs detected
	handling EGAN00001749588
	=>1737 solid circRNAs detected
	handling EGAN00001749571
	=>4257 solid circRNAs detected
	handling EGAN00001749506
	=>974 solid circRNAs detected
	handling EGAN00001749564
	=>3759 solid circRNAs detected
	handling EGAN00001749481
	=>1027 solid circRNAs detected
	handling EGAN00001749608
	=>6105 solid circRNAs detected
	handling EGAN00001749539
	=>2611 solid circRNAs detected
	handling EGAN00001749535
	=>3609 solid circRNAs detected
	handling EGAN00001749563
	=>3179 solid circRNAs detected
	handling EGAN00001749594
	=>2103 solid circRNAs detected
	handling EGAN00001749591
	=>4914 solid circRNAs detected
	handling EGAN00001749500
	=>4834 solid circRNAs detected
	handling EGAN00001749609
	=>3651 solid circRNAs detected
	handling EGAN00001749552
	=>2677 solid circRNAs detected
	=>2440 solid circRNAs detected
	handling EGAN00001749526
	handling EGAN00001749593
	=>2229 solid circRNAs detected
	handling EGAN00001749584
	=>2074 solid circRNAs detected
	handling EGAN00001749583
	=>2251 solid circRNAs detected
	handling EGAN00001749559
	=>3794 solid circRNAs detected
	handling EGAN00001749578
	=>2309 solid circRNAs detected
	handling EGAN00001749562
	=>684 solid circRNAs detected
	handling EGAN00001749572
	=>1829 solid circRNAs detected
	handling EGAN00001749555
	=>5039 solid circRNAs detected
	handling EGAN00001749596
	=>1095 solid circRNAs detected
	handling EGAN00001749579
	=>2171 solid circRNAs detected
	handling EGAN00001749604
	=>825 solid circRNAs detected
	handling EGAN00001749582
	=>3206 solid circRNAs detected
	handling EGAN00001749567
	=>3426 solid circRNAs detected
	=>2297 solid circRNAs detected
	handling EGAN00001749628
	handling EGAN00001749611
	=>1734 solid circRNAs detected
	handling EGAN00001749614
	=>3060 solid circRNAs detected
	handling EGAN00001749501
	=>1940 solid circRNAs detected
	handling EGAN00001749575
	=>1702 solid circRNAs detected
	handling EGAN00001749587
	=>2863 solid circRNAs detected
	handling EGAN00001749598
	=>2335 solid circRNAs detected
	handling EGAN00001749616
	=>2926 solid circRNAs detected
	handling EGAN00001749603
	=>2344 solid circRNAs detected
	handling EGAN00001749602
	=>1782 solid circRNAs detected
	handling EGAN00001749521
	=>2630 solid circRNAs detected
	handling EGAN00001749613
	=>2760 solid circRNAs detected
	handling EGAN00001749631
	=>3072 solid circRNAs detected
	handling EGAN00001749592
	=>4209 solid circRNAs detected
	handling EGAN00001749590
	=>3556 solid circRNAs detected
	handling EGAN00001749629
	=>3433 solid circRNAs detected
	=>683 solid circRNAs detected
	handling EGAN00001749599
	=>2268 solid circRNAs detected
	handling EGAN00001749634
	=>7033 solid circRNAs detected
	handling EGAN00001749557
	=>1058 solid circRNAs detected
	handling EGAN00001749619
	=>7366 solid circRNAs detected
	handling EGAN00001749605
	=>5302 solid circRNAs detected
	handling EGAN00001749546
	=>1903 solid circRNAs detected
	handling EGAN00001749633
	=>2561 solid circRNAs detected
	handling EGAN00001749639
	=>3190 solid circRNAs detected
	handling EGAN00001749595
	=>2822 solid circRNAs detected
	handling EGAN00001749622
	=>3618 solid circRNAs detected
	handling EGAN00001749618
	=>4998 solid circRNAs detected
	=>3507 solid circRNAs detected
	handling EGAN00001749623
	=>5359 solid circRNAs detected
	handling EGAN00001749520
	=>601 solid circRNAs detected
	=>2707 solid circRNAs detected
	handling EGAN00001749610
	=>2915 solid circRNAs detected
	handling EGAN00001749612
	=>1691 solid circRNAs detected
	=>4330 solid circRNAs detected
	handling EGAN00001749624
	=>2452 solid circRNAs detected
	handling EGAN00001749566
	=>3369 solid circRNAs detected
	handling EGAN00001749625
	=>3083 solid circRNAs detected
	handling EGAN00001749577
	=>3324 solid circRNAs detected
	handling EGAN00001749638
	=>2571 solid circRNAs detected
	handling EGAN00001749615
	=>2182 solid circRNAs detected
	handling EGAN00001749632
	=>2151 solid circRNAs detected
	handling EGAN00001749597
	=>4330 solid circRNAs detected
	handling EGAN00001749636
	=>3761 solid circRNAs detected
	=>273 solid circRNAs detected
	=>4441 solid circRNAs detected
	=>2598 solid circRNAs detected
	=>6466 solid circRNAs detected
	handling EGAN00001749607
	=>1796 solid circRNAs detected
	=>4205 solid circRNAs detected
	=>4816 solid circRNAs detected
	handling EGAN00001749541
	=>3754 solid circRNAs detected
	handling EGAN00001749540
	=>1246 solid circRNAs detected
	handling EGAN00001749627
	=>3124 solid circRNAs detected
	handling EGAN00001749635
	=>2731 solid circRNAs detected
	handling EGAN00001749561
	=>3773 solid circRNAs detected
	handling EGAN00001749617
	=>5108 solid circRNAs detected
	handling EGAN00001749630
	=>4140 solid circRNAs detected
	handling EGAN00001749586
	=>394 solid circRNAs detected
	handling EGAN00001749606
	=>5781 solid circRNAs detected
	=>4155 solid circRNAs detected
	=>2647 solid circRNAs detected
	=>1991 solid circRNAs detected
	handling EGAN00001749626
	=>3244 solid circRNAs detected
	handling EGAN00001749581
	=>4319 solid circRNAs detected
	handling EGAN00001749560
	=>4403 solid circRNAs detected
	=>5778 solid circRNAs detected
	=>5059 solid circRNAs detected
	handling EGAN00001749637
	=>2077 solid circRNAs detected
	=>2359 solid circRNAs detected
	handling EGAN00001749601
	=>2966 solid circRNAs detected
	handling EGAN00001749580
	=>3178 solid circRNAs detected
	=>1932 solid circRNAs detected
	handling EGAN00001749600
	=>1554 solid circRNAs detected
	handling EGAN00001749620
	=>3898 solid circRNAs detected
	handling EGAN00001749621
	=>10341 solid circRNAs detected
	=>2686 solid circRNAs detected
	handling EGAN00001749640
	=>1658 solid circRNAs detected
	=>4806 solid circRNAs detected
Done. Please check result *.aggr.txt in /home/zhou/raid/IO_RNA/circRNA/EGA_IMmotion150/aggr
Scanning result aggr files...
Checking if all sample result data files could be found...
Merging result aggr files...
Outputing
Done. Check /home/zhou/raid/IO_RNA/circRNA/EGA_IMmotion150/aggr/aggr_circRNA.tsv.gz
