nohup: ignoring input
handling PHS000452
..aggr...
..copying results...
..done..
handling PHS003284
..aggr...
..copying results...
..done..
handling PHS003316
..aggr...
..copying results...
..done..
handling PHS001427
..aggr...
..copying results...
..done..
handling PHS001919
..aggr...
..copying results...
..done..
handling EGA_IMmotion150
..aggr...
..copying results...
..done..
handling PHS001493
..aggr...
..copying results...
..done..
handling PHS002176
..aggr...
..copying results...
..done..
handling PRJEB25780
..aggr...
..copying results...
..done..
handling PRJNA356761
..aggr...
..copying results...
..done..
handling PRJNA744780
..aggr...
..copying results...
..done..
handling EGAD00001006282
..aggr...
..copying results...
..done..
handling EGA_POPLAR
..aggr...
..copying results...
..done..
handling HRA000524
..aggr...
..copying results...
..done..
handling PHS001038
..aggr...
..copying results...
..done..
handling PHS001464
..aggr...
..copying results...
..done..
handling PRJEB23709
..aggr...
..copying results...
..done..
handling PRJNA312948
..aggr...
..copying results...
..done..
handling PRJNA476140
..aggr...
..copying results...
..done..
handling PRJNA940989
..aggr...
..copying results...
..done..
Done
