Read1 before filtering:
total reads: 36463389
total bases: 2736545539
Q20 bases: 2736545539(100%)
Q30 bases: 2736545539(100%)

Read2 before filtering:
total reads: 36463389
total bases: 2741103241
Q20 bases: 2741103241(100%)
Q30 bases: 2741103241(100%)

Read1 after filtering:
total reads: 36454817
total bases: 2732060905
Q20 bases: 2732060905(100%)
Q30 bases: 2732060905(100%)

Read2 after filtering:
total reads: 36454817
total bases: 2736394285
Q20 bases: 2736394285(100%)
Q30 bases: 2736394285(100%)

Filtering result:
reads passed filter: 72909634
reads failed due to low quality: 0
reads failed due to too many N: 17144
reads failed due to too short: 0
reads with adapter trimmed: 347782
bases trimmed due to adapters: 7902979

Duplication rate: 29.6762%

Insert size peak (evaluated by paired-end reads): 109

JSON report: /home/zhou/raid/IO_RNA/PHS002270/fq/SRR13059465_fastp.json
HTML report: /home/zhou/raid/IO_RNA/PHS002270/fq/SRR13059465_fastp.html

/home/circrna/miniconda3/bin/fastp -i /home/zhou/raid/ncbi/dbGaP-24835/RNA_phs002270/raw/SRR13059465_1.fastq.gz -I /home/zhou/raid/ncbi/dbGaP-24835/RNA_phs002270/raw/SRR13059465_2.fastq.gz -o /home/zhou/raid/IO_RNA/PHS002270/fq/SRR13059465_1.fastq.gz -O /home/zhou/raid/IO_RNA/PHS002270/fq/SRR13059465_2.fastq.gz -j /home/zhou/raid/IO_RNA/PHS002270/fq/SRR13059465_fastp.json -h /home/zhou/raid/IO_RNA/PHS002270/fq/SRR13059465_fastp.html -w 4 
fastp v0.23.4, time used: 99 seconds
Read1 before filtering:
total reads: 66574509
total bases: 5007181924
Q20 bases: 5007181924(100%)
Q30 bases: 5007181924(100%)

Read2 before filtering:
total reads: 66574509
total bases: 5014406468
Q20 bases: 5014406468(100%)
Q30 bases: 5014406468(100%)

Read1 after filtering:
total reads: 66550814
total bases: 5000574003
Q20 bases: 5000574003(100%)
Q30 bases: 5000574003(100%)

Read2 after filtering:
total reads: 66550814
total bases: 5007588198
Q20 bases: 5007588198(100%)
Q30 bases: 5007588198(100%)

Filtering result:
reads passed filter: 133101628
reads failed due to low quality: 0
reads failed due to too many N: 47390
reads failed due to too short: 0
reads with adapter trimmed: 436150
bases trimmed due to adapters: 9864011

Duplication rate: 26.334%

Insert size peak (evaluated by paired-end reads): 115

JSON report: /home/zhou/raid/IO_RNA/PHS002270/fq/SRR13059508_fastp.json
HTML report: /home/zhou/raid/IO_RNA/PHS002270/fq/SRR13059508_fastp.html

/home/circrna/miniconda3/bin/fastp -i /home/zhou/raid/ncbi/dbGaP-24835/RNA_phs002270/raw/SRR13059508_1.fastq.gz -I /home/zhou/raid/ncbi/dbGaP-24835/RNA_phs002270/raw/SRR13059508_2.fastq.gz -o /home/zhou/raid/IO_RNA/PHS002270/fq/SRR13059508_1.fastq.gz -O /home/zhou/raid/IO_RNA/PHS002270/fq/SRR13059508_2.fastq.gz -j /home/zhou/raid/IO_RNA/PHS002270/fq/SRR13059508_fastp.json -h /home/zhou/raid/IO_RNA/PHS002270/fq/SRR13059508_fastp.html -w 4 
fastp v0.23.4, time used: 189 seconds
Read1 before filtering:
total reads: 39671910
total bases: 2976598365
Q20 bases: 2976598365(100%)
Q30 bases: 2976598365(100%)

Read2 before filtering:
total reads: 39671910
total bases: 2981162129
Q20 bases: 2981162129(100%)
Q30 bases: 2981162129(100%)

Read1 after filtering:
total reads: 39663466
total bases: 2972059826
Q20 bases: 2972059826(100%)
Q30 bases: 2972059826(100%)

Read2 after filtering:
total reads: 39663466
total bases: 2976443399
Q20 bases: 2976443399(100%)
Q30 bases: 2976443399(100%)

Filtering result:
reads passed filter: 79326932
reads failed due to low quality: 0
reads failed due to too many N: 16888
reads failed due to too short: 0
reads with adapter trimmed: 360684
bases trimmed due to adapters: 7988630

Duplication rate: 24.1955%

Insert size peak (evaluated by paired-end reads): 115

JSON report: /home/zhou/raid/IO_RNA/PHS002270/fq/SRR13059458_fastp.json
HTML report: /home/zhou/raid/IO_RNA/PHS002270/fq/SRR13059458_fastp.html

/home/circrna/miniconda3/bin/fastp -i /home/zhou/raid/ncbi/dbGaP-24835/RNA_phs002270/raw/SRR13059458_1.fastq.gz -I /home/zhou/raid/ncbi/dbGaP-24835/RNA_phs002270/raw/SRR13059458_2.fastq.gz -o /home/zhou/raid/IO_RNA/PHS002270/fq/SRR13059458_1.fastq.gz -O /home/zhou/raid/IO_RNA/PHS002270/fq/SRR13059458_2.fastq.gz -j /home/zhou/raid/IO_RNA/PHS002270/fq/SRR13059458_fastp.json -h /home/zhou/raid/IO_RNA/PHS002270/fq/SRR13059458_fastp.html -w 4 
fastp v0.23.4, time used: 111 seconds
Read1 before filtering:
total reads: 63707232
total bases: 4788244095
Q20 bases: 4788244095(100%)
Q30 bases: 4788244095(100%)

Read2 before filtering:
total reads: 63707232
total bases: 4796350792
Q20 bases: 4796350792(100%)
Q30 bases: 4796350792(100%)

Read1 after filtering:
total reads: 63692786
total bases: 4781232112
Q20 bases: 4781232112(100%)
Q30 bases: 4781232112(100%)

Read2 after filtering:
total reads: 63692786
total bases: 4789045076
Q20 bases: 4789045076(100%)
Q30 bases: 4789045076(100%)

Filtering result:
reads passed filter: 127385572
reads failed due to low quality: 0
reads failed due to too many N: 28892
reads failed due to too short: 0
reads with adapter trimmed: 525860
bases trimmed due to adapters: 12142163

Duplication rate: 31.9206%

Insert size peak (evaluated by paired-end reads): 116

JSON report: /home/zhou/raid/IO_RNA/PHS002270/fq/SRR13059468_fastp.json
HTML report: /home/zhou/raid/IO_RNA/PHS002270/fq/SRR13059468_fastp.html

/home/circrna/miniconda3/bin/fastp -i /home/zhou/raid/ncbi/dbGaP-24835/RNA_phs002270/raw/SRR13059468_1.fastq.gz -I /home/zhou/raid/ncbi/dbGaP-24835/RNA_phs002270/raw/SRR13059468_2.fastq.gz -o /home/zhou/raid/IO_RNA/PHS002270/fq/SRR13059468_1.fastq.gz -O /home/zhou/raid/IO_RNA/PHS002270/fq/SRR13059468_2.fastq.gz -j /home/zhou/raid/IO_RNA/PHS002270/fq/SRR13059468_fastp.json -h /home/zhou/raid/IO_RNA/PHS002270/fq/SRR13059468_fastp.html -w 4 
fastp v0.23.4, time used: 175 seconds
Read1 before filtering:
total reads: 69653385
total bases: 5249309916
Q20 bases: 5249309916(100%)
Q30 bases: 5249309916(100%)

Read2 before filtering:
total reads: 69653385
total bases: 5258976505
Q20 bases: 5258976505(100%)
Q30 bases: 5258976505(100%)

Read1 after filtering:
total reads: 69613051
total bases: 5240882706
Q20 bases: 5240882706(100%)
Q30 bases: 5240882706(100%)

Read2 after filtering:
total reads: 69613051
total bases: 5250289754
Q20 bases: 5250289754(100%)
Q30 bases: 5250289754(100%)

Filtering result:
reads passed filter: 139226102
reads failed due to low quality: 0
reads failed due to too many N: 80668
reads failed due to too short: 0
reads with adapter trimmed: 476026
bases trimmed due to adapters: 11029278

Duplication rate: 31.7764%

Insert size peak (evaluated by paired-end reads): 117

JSON report: /home/zhou/raid/IO_RNA/PHS002270/fq/SRR13059477_fastp.json
HTML report: /home/zhou/raid/IO_RNA/PHS002270/fq/SRR13059477_fastp.html

/home/circrna/miniconda3/bin/fastp -i /home/zhou/raid/ncbi/dbGaP-24835/RNA_phs002270/raw/SRR13059477_1.fastq.gz -I /home/zhou/raid/ncbi/dbGaP-24835/RNA_phs002270/raw/SRR13059477_2.fastq.gz -o /home/zhou/raid/IO_RNA/PHS002270/fq/SRR13059477_1.fastq.gz -O /home/zhou/raid/IO_RNA/PHS002270/fq/SRR13059477_2.fastq.gz -j /home/zhou/raid/IO_RNA/PHS002270/fq/SRR13059477_fastp.json -h /home/zhou/raid/IO_RNA/PHS002270/fq/SRR13059477_fastp.html -w 4 
fastp v0.23.4, time used: 179 seconds
Read1 before filtering:
total reads: 67769096
total bases: 5109182291
Q20 bases: 5109182291(100%)
Q30 bases: 5109182291(100%)

Read2 before filtering:
total reads: 67769096
total bases: 5116842989
Q20 bases: 5116842989(100%)
Q30 bases: 5116842989(100%)

Read1 after filtering:
total reads: 67747165
total bases: 5102998695
Q20 bases: 5102998695(100%)
Q30 bases: 5102998695(100%)

Read2 after filtering:
total reads: 67747165
total bases: 5110427753
Q20 bases: 5110427753(100%)
Q30 bases: 5110427753(100%)

Filtering result:
reads passed filter: 135494330
reads failed due to low quality: 0
reads failed due to too many N: 43862
reads failed due to too short: 0
reads with adapter trimmed: 406144
bases trimmed due to adapters: 9293000

Duplication rate: 33.5757%

Insert size peak (evaluated by paired-end reads): 117

JSON report: /home/zhou/raid/IO_RNA/PHS002270/fq/SRR13059486_fastp.json
HTML report: /home/zhou/raid/IO_RNA/PHS002270/fq/SRR13059486_fastp.html

/home/circrna/miniconda3/bin/fastp -i /home/zhou/raid/ncbi/dbGaP-24835/RNA_phs002270/raw/SRR13059486_1.fastq.gz -I /home/zhou/raid/ncbi/dbGaP-24835/RNA_phs002270/raw/SRR13059486_2.fastq.gz -o /home/zhou/raid/IO_RNA/PHS002270/fq/SRR13059486_1.fastq.gz -O /home/zhou/raid/IO_RNA/PHS002270/fq/SRR13059486_2.fastq.gz -j /home/zhou/raid/IO_RNA/PHS002270/fq/SRR13059486_fastp.json -h /home/zhou/raid/IO_RNA/PHS002270/fq/SRR13059486_fastp.html -w 4 
fastp v0.23.4, time used: 163 seconds
Read1 before filtering:
total reads: 57295520
total bases: 4305803298
Q20 bases: 4305803298(100%)
Q30 bases: 4305803298(100%)

Read2 before filtering:
total reads: 57295520
total bases: 4312495428
Q20 bases: 4312495428(100%)
Q30 bases: 4312495428(100%)

Read1 after filtering:
total reads: 57274227
total bases: 4299730709
Q20 bases: 4299730709(100%)
Q30 bases: 4299730709(100%)

Read2 after filtering:
total reads: 57274227
total bases: 4306123982
Q20 bases: 4306123982(100%)
Q30 bases: 4306123982(100%)

Filtering result:
reads passed filter: 114548454
reads failed due to low quality: 0
reads failed due to too many N: 42586
reads failed due to too short: 0
reads with adapter trimmed: 410614
bases trimmed due to adapters: 9243421

Duplication rate: 27.6003%

Insert size peak (evaluated by paired-end reads): 115

JSON report: /home/zhou/raid/IO_RNA/PHS002270/fq/SRR13059491_fastp.json
HTML report: /home/zhou/raid/IO_RNA/PHS002270/fq/SRR13059491_fastp.html

/home/circrna/miniconda3/bin/fastp -i /home/zhou/raid/ncbi/dbGaP-24835/RNA_phs002270/raw/SRR13059491_1.fastq.gz -I /home/zhou/raid/ncbi/dbGaP-24835/RNA_phs002270/raw/SRR13059491_2.fastq.gz -o /home/zhou/raid/IO_RNA/PHS002270/fq/SRR13059491_1.fastq.gz -O /home/zhou/raid/IO_RNA/PHS002270/fq/SRR13059491_2.fastq.gz -j /home/zhou/raid/IO_RNA/PHS002270/fq/SRR13059491_fastp.json -h /home/zhou/raid/IO_RNA/PHS002270/fq/SRR13059491_fastp.html -w 4 
fastp v0.23.4, time used: 153 seconds
Read1 before filtering:
total reads: 42342989
total bases: 3187550130
Q20 bases: 3187550130(100%)
Q30 bases: 3187550130(100%)

Read2 before filtering:
total reads: 42342989
total bases: 3192159085
Q20 bases: 3192159085(100%)
Q30 bases: 3192159085(100%)

Read1 after filtering:
total reads: 42333335
total bases: 3183906908
Q20 bases: 3183906908(100%)
Q30 bases: 3183906908(100%)

Read2 after filtering:
total reads: 42333335
total bases: 3188370111
Q20 bases: 3188370111(100%)
Q30 bases: 3188370111(100%)

Filtering result:
reads passed filter: 84666670
reads failed due to low quality: 0
reads failed due to too many N: 19308
reads failed due to too short: 0
reads with adapter trimmed: 260808
bases trimmed due to adapters: 5977053

Duplication rate: 27.5171%

Insert size peak (evaluated by paired-end reads): 115

JSON report: /home/zhou/raid/IO_RNA/PHS002270/fq/SRR13059494_fastp.json
HTML report: /home/zhou/raid/IO_RNA/PHS002270/fq/SRR13059494_fastp.html

/home/circrna/miniconda3/bin/fastp -i /home/zhou/raid/ncbi/dbGaP-24835/RNA_phs002270/raw/SRR13059494_1.fastq.gz -I /home/zhou/raid/ncbi/dbGaP-24835/RNA_phs002270/raw/SRR13059494_2.fastq.gz -o /home/zhou/raid/IO_RNA/PHS002270/fq/SRR13059494_1.fastq.gz -O /home/zhou/raid/IO_RNA/PHS002270/fq/SRR13059494_2.fastq.gz -j /home/zhou/raid/IO_RNA/PHS002270/fq/SRR13059494_fastp.json -h /home/zhou/raid/IO_RNA/PHS002270/fq/SRR13059494_fastp.html -w 4 
fastp v0.23.4, time used: 116 seconds
Read1 before filtering:
total reads: 63644157
total bases: 4795576394
Q20 bases: 4795576394(100%)
Q30 bases: 4795576394(100%)

Read2 before filtering:
total reads: 63644157
total bases: 4802928408
Q20 bases: 4802928408(100%)
Q30 bases: 4802928408(100%)

Read1 after filtering:
total reads: 63621125
total bases: 4789504859
Q20 bases: 4789504859(100%)
Q30 bases: 4789504859(100%)

Read2 after filtering:
total reads: 63621125
total bases: 4796571367
Q20 bases: 4796571367(100%)
Q30 bases: 4796571367(100%)

Filtering result:
reads passed filter: 127242250
reads failed due to low quality: 0
reads failed due to too many N: 46064
reads failed due to too short: 0
reads with adapter trimmed: 385728
bases trimmed due to adapters: 8960512

Duplication rate: 26.7727%

Insert size peak (evaluated by paired-end reads): 116

JSON report: /home/zhou/raid/IO_RNA/PHS002270/fq/SRR13059502_fastp.json
HTML report: /home/zhou/raid/IO_RNA/PHS002270/fq/SRR13059502_fastp.html

/home/circrna/miniconda3/bin/fastp -i /home/zhou/raid/ncbi/dbGaP-24835/RNA_phs002270/raw/SRR13059502_1.fastq.gz -I /home/zhou/raid/ncbi/dbGaP-24835/RNA_phs002270/raw/SRR13059502_2.fastq.gz -o /home/zhou/raid/IO_RNA/PHS002270/fq/SRR13059502_1.fastq.gz -O /home/zhou/raid/IO_RNA/PHS002270/fq/SRR13059502_2.fastq.gz -j /home/zhou/raid/IO_RNA/PHS002270/fq/SRR13059502_fastp.json -h /home/zhou/raid/IO_RNA/PHS002270/fq/SRR13059502_fastp.html -w 4 
fastp v0.23.4, time used: 185 seconds
Read1 before filtering:
total reads: 97084549
total bases: 7222998682
Q20 bases: 7222998682(100%)
Q30 bases: 7222998682(100%)

Read2 before filtering:
total reads: 97084549
total bases: 7236767953
Q20 bases: 7236767953(100%)
Q30 bases: 7236767953(100%)

Read1 after filtering:
total reads: 97018070
total bases: 7209843563
Q20 bases: 7209843563(100%)
Q30 bases: 7209843563(100%)

Read2 after filtering:
total reads: 97018070
total bases: 7222724427
Q20 bases: 7222724427(100%)
Q30 bases: 7222724427(100%)

Filtering result:
reads passed filter: 194036140
reads failed due to low quality: 0
reads failed due to too many N: 132958
reads failed due to too short: 0
reads with adapter trimmed: 856930
bases trimmed due to adapters: 17275476

Duplication rate: 37.2616%

Insert size peak (evaluated by paired-end reads): 97

JSON report: /home/zhou/raid/IO_RNA/PHS002270/fq/SRR13059505_fastp.json
HTML report: /home/zhou/raid/IO_RNA/PHS002270/fq/SRR13059505_fastp.html

/home/circrna/miniconda3/bin/fastp -i /home/zhou/raid/ncbi/dbGaP-24835/RNA_phs002270/raw/SRR13059505_1.fastq.gz -I /home/zhou/raid/ncbi/dbGaP-24835/RNA_phs002270/raw/SRR13059505_2.fastq.gz -o /home/zhou/raid/IO_RNA/PHS002270/fq/SRR13059505_1.fastq.gz -O /home/zhou/raid/IO_RNA/PHS002270/fq/SRR13059505_2.fastq.gz -j /home/zhou/raid/IO_RNA/PHS002270/fq/SRR13059505_fastp.json -h /home/zhou/raid/IO_RNA/PHS002270/fq/SRR13059505_fastp.html -w 4 
fastp v0.23.4, time used: 221 seconds
Read1 before filtering:
total reads: 43747622
total bases: 3274146814
Q20 bases: 3274146814(100%)
Q30 bases: 3274146814(100%)

Read2 before filtering:
total reads: 43747622
total bases: 3279819337
Q20 bases: 3279819337(100%)
Q30 bases: 3279819337(100%)

Read1 after filtering:
total reads: 43737038
total bases: 3270712582
Q20 bases: 3270712582(100%)
Q30 bases: 3270712582(100%)

Read2 after filtering:
total reads: 43737038
total bases: 3276158923
Q20 bases: 3276158923(100%)
Q30 bases: 3276158923(100%)

Filtering result:
reads passed filter: 87474076
reads failed due to low quality: 0
reads failed due to too many N: 21168
reads failed due to too short: 0
reads with adapter trimmed: 261650
bases trimmed due to adapters: 5504089

Duplication rate: 32.5478%

Insert size peak (evaluated by paired-end reads): 106

JSON report: /home/zhou/raid/IO_RNA/PHS002270/fq/SRR13059515_fastp.json
HTML report: /home/zhou/raid/IO_RNA/PHS002270/fq/SRR13059515_fastp.html

/home/circrna/miniconda3/bin/fastp -i /home/zhou/raid/ncbi/dbGaP-24835/RNA_phs002270/raw/SRR13059515_1.fastq.gz -I /home/zhou/raid/ncbi/dbGaP-24835/RNA_phs002270/raw/SRR13059515_2.fastq.gz -o /home/zhou/raid/IO_RNA/PHS002270/fq/SRR13059515_1.fastq.gz -O /home/zhou/raid/IO_RNA/PHS002270/fq/SRR13059515_2.fastq.gz -j /home/zhou/raid/IO_RNA/PHS002270/fq/SRR13059515_fastp.json -h /home/zhou/raid/IO_RNA/PHS002270/fq/SRR13059515_fastp.html -w 4 
fastp v0.23.4, time used: 103 seconds
Read1 before filtering:
total reads: 38932313
total bases: 2924660684
Q20 bases: 2924660684(100%)
Q30 bases: 2924660684(100%)

Read2 before filtering:
total reads: 38932313
total bases: 2929028732
Q20 bases: 2929028732(100%)
Q30 bases: 2929028732(100%)

Read1 after filtering:
total reads: 38917515
total bases: 2919450868
Q20 bases: 2919450868(100%)
Q30 bases: 2919450868(100%)

Read2 after filtering:
total reads: 38917515
total bases: 2923579004
Q20 bases: 2923579004(100%)
Q30 bases: 2923579004(100%)

Filtering result:
reads passed filter: 77835030
reads failed due to low quality: 0
reads failed due to too many N: 29596
reads failed due to too short: 0
reads with adapter trimmed: 366848
bases trimmed due to adapters: 8436088

Duplication rate: 29.2909%

Insert size peak (evaluated by paired-end reads): 115

JSON report: /home/zhou/raid/IO_RNA/PHS002270/fq/SRR13059526_fastp.json
HTML report: /home/zhou/raid/IO_RNA/PHS002270/fq/SRR13059526_fastp.html

/home/circrna/miniconda3/bin/fastp -i /home/zhou/raid/ncbi/dbGaP-24835/RNA_phs002270/raw/SRR13059526_1.fastq.gz -I /home/zhou/raid/ncbi/dbGaP-24835/RNA_phs002270/raw/SRR13059526_2.fastq.gz -o /home/zhou/raid/IO_RNA/PHS002270/fq/SRR13059526_1.fastq.gz -O /home/zhou/raid/IO_RNA/PHS002270/fq/SRR13059526_2.fastq.gz -j /home/zhou/raid/IO_RNA/PHS002270/fq/SRR13059526_fastp.json -h /home/zhou/raid/IO_RNA/PHS002270/fq/SRR13059526_fastp.html -w 4 
fastp v0.23.4, time used: 90 seconds
Read1 before filtering:
total reads: 69277240
total bases: 5203387658
Q20 bases: 5203387658(100%)
Q30 bases: 5203387658(100%)

Read2 before filtering:
total reads: 69277240
total bases: 5212186201
Q20 bases: 5212186201(100%)
Q30 bases: 5212186201(100%)

Read1 after filtering:
total reads: 69260976
total bases: 5195813896
Q20 bases: 5195813896(100%)
Q30 bases: 5195813896(100%)

Read2 after filtering:
total reads: 69260976
total bases: 5204207090
Q20 bases: 5204207090(100%)
Q30 bases: 5204207090(100%)

Filtering result:
reads passed filter: 138521952
reads failed due to low quality: 0
reads failed due to too many N: 32528
reads failed due to too short: 0
reads with adapter trimmed: 591058
bases trimmed due to adapters: 13104360

Duplication rate: 26.9258%

Insert size peak (evaluated by paired-end reads): 115

JSON report: /home/zhou/raid/IO_RNA/PHS002270/fq/SRR13059529_fastp.json
HTML report: /home/zhou/raid/IO_RNA/PHS002270/fq/SRR13059529_fastp.html

/home/circrna/miniconda3/bin/fastp -i /home/zhou/raid/ncbi/dbGaP-24835/RNA_phs002270/raw/SRR13059529_1.fastq.gz -I /home/zhou/raid/ncbi/dbGaP-24835/RNA_phs002270/raw/SRR13059529_2.fastq.gz -o /home/zhou/raid/IO_RNA/PHS002270/fq/SRR13059529_1.fastq.gz -O /home/zhou/raid/IO_RNA/PHS002270/fq/SRR13059529_2.fastq.gz -j /home/zhou/raid/IO_RNA/PHS002270/fq/SRR13059529_fastp.json -h /home/zhou/raid/IO_RNA/PHS002270/fq/SRR13059529_fastp.html -w 4 
fastp v0.23.4, time used: 156 seconds
Read1 before filtering:
total reads: 49883121
total bases: 3757583998
Q20 bases: 3757583998(100%)
Q30 bases: 3757583998(100%)

Read2 before filtering:
total reads: 49883121
total bases: 3763427247
Q20 bases: 3763427247(100%)
Q30 bases: 3763427247(100%)

Read1 after filtering:
total reads: 49865036
total bases: 3752412480
Q20 bases: 3752412480(100%)
Q30 bases: 3752412480(100%)

Read2 after filtering:
total reads: 49865036
total bases: 3758008826
Q20 bases: 3758008826(100%)
Q30 bases: 3758008826(100%)

Filtering result:
reads passed filter: 99730072
reads failed due to low quality: 0
reads failed due to too many N: 36170
reads failed due to too short: 0
reads with adapter trimmed: 338316
bases trimmed due to adapters: 7867319

Duplication rate: 24.4262%

Insert size peak (evaluated by paired-end reads): 117

JSON report: /home/zhou/raid/IO_RNA/PHS002270/fq/SRR13059497_fastp.json
HTML report: /home/zhou/raid/IO_RNA/PHS002270/fq/SRR13059497_fastp.html

/home/circrna/miniconda3/bin/fastp -i /home/zhou/raid/ncbi/dbGaP-24835/RNA_phs002270/raw/SRR13059497_1.fastq.gz -I /home/zhou/raid/ncbi/dbGaP-24835/RNA_phs002270/raw/SRR13059497_2.fastq.gz -o /home/zhou/raid/IO_RNA/PHS002270/fq/SRR13059497_1.fastq.gz -O /home/zhou/raid/IO_RNA/PHS002270/fq/SRR13059497_2.fastq.gz -j /home/zhou/raid/IO_RNA/PHS002270/fq/SRR13059497_fastp.json -h /home/zhou/raid/IO_RNA/PHS002270/fq/SRR13059497_fastp.html -w 4 
fastp v0.23.4, time used: 118 seconds

  /// MultiQC 🔍 | v1.14

|           multiqc | MultiQC Version v1.15 now available!
|           multiqc | Search path : /home/zhou/raid/IO_RNA/PHS002270/fq
|         searching | ━━━━━━━━━━━━━━━━━━━━━━━━━━━━━━━━━━━━━━━━ 100% 56/56  
|             fastp | Found 14 reports
|           multiqc | Compressing plot data
|           multiqc | Report      : ../../../../zhou/raid/IO_RNA/PHS002270/fq/multiqc_report.html
|           multiqc | Data        : ../../../../zhou/raid/IO_RNA/PHS002270/fq/multiqc_data
|           multiqc | MultiQC complete
