Reading GTF annotation data...
Extracting gene and region information...
Checking gtf data...
    chr start   end         gene_id      symbol
1: chr1 11869 14409 ENSG00000223972     DDX11L1
2: chr1 14404 29570 ENSG00000227232      WASH7P
3: chr1 17369 17436 ENSG00000278267   MIR6859-1
4: chr1 29554 31109 ENSG00000243485 MIR1302-2HG
5: chr1 30366 30503 ENSG00000284332   MIR1302-2
6: chr1 34554 36081 ENSG00000237613     FAM138A
Scanning result bed files and extracting sample IDs...
14 sample(s) detected
Reading, joining & annotating circRNAs...
	handling SRR13059458
	handling SRR13059465
	handling SRR13059468
	handling SRR13059477
	handling SRR13059486
	handling SRR13059491
	handling SRR13059494
	handling SRR13059497
	handling SRR13059502
	handling SRR13059505
	handling SRR13059508
	handling SRR13059515
	handling SRR13059526
	handling SRR13059529
	=>2897 solid circRNAs detected
	=>2891 solid circRNAs detected
	=>3354 solid circRNAs detected
	=>4460 solid circRNAs detected
	=>4391 solid circRNAs detected
	=>2903 solid circRNAs detected
	=>4160 solid circRNAs detected
	=>4473 solid circRNAs detected
	=>4872 solid circRNAs detected
	=>4939 solid circRNAs detected
	=>5964 solid circRNAs detected
	=>7776 solid circRNAs detected
	=>7047 solid circRNAs detected
	=>8725 solid circRNAs detected
Done. Please check result *.aggr.txt in /home/zhou/raid/IO_RNA/circRNA/PHS002270/aggr
Scanning result aggr files...
Checking if all sample result data files could be found...
Merging result aggr files...
Outputing
Done. Check /home/zhou/raid/IO_RNA/circRNA/PHS002270/aggr/aggr_circRNA.tsv.gz
