Reading GTF annotation data...
Extracting gene and region information...
Checking gtf data...
    chr start   end         gene_id        gene
1: chr1 11869 14409 ENSG00000223972     DDX11L1
2: chr1 14404 29570 ENSG00000227232      WASH7P
3: chr1 17369 17436 ENSG00000278267   MIR6859-1
4: chr1 29554 31109 ENSG00000243485 MIR1302-2HG
5: chr1 30366 30503 ENSG00000284332   MIR1302-2
6: chr1 34554 36081 ENSG00000237613     FAM138A
Scanning result bed files and extracting sample IDs...
20 sample(s) detected
Reading, joining & annotating circRNAs...
	handling SRR13559787
	handling SRR13559794
	handling SRR13559810
	handling SRR13559826
	handling SRR13559827
	handling SRR13559828
	handling SRR13559829
	handling SRR13559874
	handling SRR13559900
	handling SRR13559901
	handling SRR13559906
	handling SRR13559919
	handling SRR13559920
	handling SRR13559921
	handling SRR13559922
	handling SRR13559923
	handling SRR13559924
	handling SRR13559925
	handling SRR13559927
	handling SRR13559928
	=>39 solid circRNAs detected
	=>172 solid circRNAs detected
	=>2934 solid circRNAs detected
	=>3508 solid circRNAs detected
	=>3349 solid circRNAs detected
	=>3965 solid circRNAs detected
	=>4129 solid circRNAs detected
	=>3785 solid circRNAs detected
	=>4925 solid circRNAs detected
	=>4234 solid circRNAs detected
	=>4404 solid circRNAs detected
	=>4456 solid circRNAs detected
	=>4864 solid circRNAs detected
	=>4578 solid circRNAs detected
	=>4993 solid circRNAs detected
	=>4953 solid circRNAs detected
	=>4513 solid circRNAs detected
	=>4654 solid circRNAs detected
	=>5256 solid circRNAs detected
	=>5258 solid circRNAs detected
Done. Please check result *.aggr.txt in /home/zhou/raid/IO_RNA/circRNA/PHS001427/aggr
Scanning result aggr files...
Checking if all sample result data files could be found...
Merging result aggr files...
Outputing
Done. Check /home/zhou/raid/IO_RNA/circRNA/PHS001427/aggr/aggr_circRNA.tsv.gz
