Reading GTF annotation data...
Extracting gene and region information...
Checking gtf data...
    chr start   end         gene_id      symbol
1: chr1 11869 14409 ENSG00000223972     DDX11L1
2: chr1 14404 29570 ENSG00000227232      WASH7P
3: chr1 17369 17436 ENSG00000278267   MIR6859-1
4: chr1 29554 31109 ENSG00000243485 MIR1302-2HG
5: chr1 30366 30503 ENSG00000284332   MIR1302-2
6: chr1 34554 36081 ENSG00000237613     FAM138A
Scanning result bed files and extracting sample IDs...
192 sample(s) detected
Reading, joining & annotating circRNAs...
	handling GO28753_ngs_rna_targrna_rnaaccess_EA_00b68d2219_20150813
	handling GO28753_ngs_rna_targrna_rnaaccess_EA_02352606b6_20150820
	handling GO28753_ngs_rna_targrna_rnaaccess_EA_07354b32b5_20150813
	handling GO28753_ngs_rna_targrna_rnaaccess_EA_09628821d7_20160209
	handling GO28753_ngs_rna_targrna_rnaaccess_EA_0a9bdfa898_20150813
	handling GO28753_ngs_rna_targrna_rnaaccess_EA_0c3d9511a9_20150813
	handling GO28753_ngs_rna_targrna_rnaaccess_EA_0c41f7a172_20150813
	handling GO28753_ngs_rna_targrna_rnaaccess_EA_0c979151be_20150813
	handling GO28753_ngs_rna_targrna_rnaaccess_EA_0ecabf26ae_20150813
	handling GO28753_ngs_rna_targrna_rnaaccess_EA_0ef77bd35a_20160209
	handling GO28753_ngs_rna_targrna_rnaaccess_EA_0f0fda909f_20150820
	handling GO28753_ngs_rna_targrna_rnaaccess_EA_1068ae9951_20150813
	handling GO28753_ngs_rna_targrna_rnaaccess_EA_11007fabbf_20150813
	handling GO28753_ngs_rna_targrna_rnaaccess_EA_11060d60d9_20150813
	handling GO28753_ngs_rna_targrna_rnaaccess_EA_11521178c5_20150820
	handling GO28753_ngs_rna_targrna_rnaaccess_EA_117571a128_20150820
	handling GO28753_ngs_rna_targrna_rnaaccess_EA_119d009c88_20150813
	handling GO28753_ngs_rna_targrna_rnaaccess_EA_1374b16386_20150813
	handling GO28753_ngs_rna_targrna_rnaaccess_EA_1380aee480_20150813
	handling GO28753_ngs_rna_targrna_rnaaccess_EA_138f5ae0a0_20150813
	=>931 solid circRNAs detected
	handling GO28753_ngs_rna_targrna_rnaaccess_EA_1ef488918d_20150820
	=>497 solid circRNAs detected
	handling GO28753_ngs_rna_targrna_rnaaccess_EA_17a5b5a151_20150813
	=>1071 solid circRNAs detected
	handling GO28753_ngs_rna_targrna_rnaaccess_EA_191b2e84a9_20160209
	=>1661 solid circRNAs detected
	handling GO28753_ngs_rna_targrna_rnaaccess_EA_22bfc5aabe_20150813
	=>1356 solid circRNAs detected
	handling GO28753_ngs_rna_targrna_rnaaccess_EA_1d92342e87_20150820
	=>2118 solid circRNAs detected
	handling GO28753_ngs_rna_targrna_rnaaccess_EA_1ac6c65020_20150813
	=>2696 solid circRNAs detected
	=>726 solid circRNAs detected
	handling GO28753_ngs_rna_targrna_rnaaccess_EA_1a7869db33_20150813
	handling GO28753_ngs_rna_targrna_rnaaccess_EA_4e64ab2760_20150813
	=>2058 solid circRNAs detected
	=>2283 solid circRNAs detected
	handling GO28753_ngs_rna_targrna_rnaaccess_EA_2872022186_20150813
	handling GO28753_ngs_rna_targrna_rnaaccess_EA_25f931e662_20160209
	=>2305 solid circRNAs detected
	handling GO28753_ngs_rna_targrna_rnaaccess_EA_166689ae3e_20150820
	=>2471 solid circRNAs detected
	=>2252 solid circRNAs detected
	handling GO28753_ngs_rna_targrna_rnaaccess_EA_255f1a742e_20150813
	handling GO28753_ngs_rna_targrna_rnaaccess_EA_177c304419_20150813
	=>2246 solid circRNAs detected
	=>2895 solid circRNAs detected
	handling GO28753_ngs_rna_targrna_rnaaccess_EA_288e918b18_20150813
	handling GO28753_ngs_rna_targrna_rnaaccess_EA_28acd3ebc7_20150820
	=>3375 solid circRNAs detected
	handling GO28753_ngs_rna_targrna_rnaaccess_EA_224340ddca_20150813
	=>2573 solid circRNAs detected
	handling GO28753_ngs_rna_targrna_rnaaccess_EA_1c12dd3cac_20150813
	=>2736 solid circRNAs detected
	handling GO28753_ngs_rna_targrna_rnaaccess_EA_17f3272f69_20150820
	=>3206 solid circRNAs detected
	handling GO28753_ngs_rna_targrna_rnaaccess_EA_242e0f38cd_20150820
	=>2386 solid circRNAs detected
	handling GO28753_ngs_rna_targrna_rnaaccess_EA_4cb471e9c9_20150813
	=>921 solid circRNAs detected
	handling GO28753_ngs_rna_targrna_rnaaccess_EA_55b284724b_20150813
	=>1093 solid circRNAs detected
	handling GO28753_ngs_rna_targrna_rnaaccess_EA_3f677991fc_20150813
	=>1580 solid circRNAs detected
	handling GO28753_ngs_rna_targrna_rnaaccess_EA_364712a3c3_20150813
	=>1713 solid circRNAs detected
	handling GO28753_ngs_rna_targrna_rnaaccess_EA_54a1c951c1_20150813
	=>1364 solid circRNAs detected
	handling GO28753_ngs_rna_targrna_rnaaccess_EA_68a1925dbb_20150820
	=>1708 solid circRNAs detected
	handling GO28753_ngs_rna_targrna_rnaaccess_EA_5484dc8714_20150813
	=>1326 solid circRNAs detected
	handling GO28753_ngs_rna_targrna_rnaaccess_EA_721acbd5e7_20150813
	=>1728 solid circRNAs detected
	handling GO28753_ngs_rna_targrna_rnaaccess_EA_4ebc9f4c08_20150820
	=>1499 solid circRNAs detected
	handling GO28753_ngs_rna_targrna_rnaaccess_EA_60db5697d7_20150813
	=>1586 solid circRNAs detected
	handling GO28753_ngs_rna_targrna_rnaaccess_EA_500c46d341_20150820
	=>1408 solid circRNAs detected
	handling GO28753_ngs_rna_targrna_rnaaccess_EA_3289a312c1_20150813
	=>10799 solid circRNAs detected
	handling GO28753_ngs_rna_targrna_rnaaccess_EA_15fca43434_20150813
	=>2007 solid circRNAs detected
	handling GO28753_ngs_rna_targrna_rnaaccess_EA_465e0159e5_20150813
	=>2158 solid circRNAs detected
	=>1678 solid circRNAs detected
	handling GO28753_ngs_rna_targrna_rnaaccess_EA_50758fc46e_20150813
	handling GO28753_ngs_rna_targrna_rnaaccess_EA_6a8fc0b809_20150813
	=>2075 solid circRNAs detected
	handling GO28753_ngs_rna_targrna_rnaaccess_EA_49c8b75172_20150813
	=>1590 solid circRNAs detected
	handling GO28753_ngs_rna_targrna_rnaaccess_EA_5e3ffd09a3_20150813
	=>3099 solid circRNAs detected
	handling GO28753_ngs_rna_targrna_rnaaccess_EA_6384f024c9_20150813
	=>2843 solid circRNAs detected
	handling GO28753_ngs_rna_targrna_rnaaccess_EA_44204122b7_20150820
	=>2736 solid circRNAs detected
	handling GO28753_ngs_rna_targrna_rnaaccess_EA_4e0f4395a5_20150813
	=>1464 solid circRNAs detected
	handling GO28753_ngs_rna_targrna_rnaaccess_EA_66bbd94f89_20150813
	=>1860 solid circRNAs detected
	handling GO28753_ngs_rna_targrna_rnaaccess_EA_849b335ce3_20150820
	=>971 solid circRNAs detected
	handling GO28753_ngs_rna_targrna_rnaaccess_EA_791d554603_20150813
	=>2458 solid circRNAs detected
	handling GO28753_ngs_rna_targrna_rnaaccess_EA_775c7644f7_20150813
	=>2194 solid circRNAs detected
	handling GO28753_ngs_rna_targrna_rnaaccess_EA_8bf508ea91_20150813
	=>2090 solid circRNAs detected
	handling GO28753_ngs_rna_targrna_rnaaccess_EA_6ab24a6aa5_20150813
	=>165 solid circRNAs detected
	handling GO28753_ngs_rna_targrna_rnaaccess_EA_9e108edb9e_20150813
	=>1989 solid circRNAs detected
	handling GO28753_ngs_rna_targrna_rnaaccess_EA_6c5ac35dae_20150813
	=>3158 solid circRNAs detected
	handling GO28753_ngs_rna_targrna_rnaaccess_EA_6f38296772_20150813
	=>967 solid circRNAs detected
	handling GO28753_ngs_rna_targrna_rnaaccess_EA_b987a23aa4_20150820
	=>2027 solid circRNAs detected
	handling GO28753_ngs_rna_targrna_rnaaccess_EA_85533b88f5_20150813
	=>2837 solid circRNAs detected
	handling GO28753_ngs_rna_targrna_rnaaccess_EA_28ccff3d82_20150813
	=>4571 solid circRNAs detected
	handling GO28753_ngs_rna_targrna_rnaaccess_EA_292a509296_20150813
	=>4113 solid circRNAs detected
	handling GO28753_ngs_rna_targrna_rnaaccess_EA_3f2e9c67b4_20150813
	=>2349 solid circRNAs detected
	handling GO28753_ngs_rna_targrna_rnaaccess_EA_a7ad2a03b9_20150813
	=>3651 solid circRNAs detected
	handling GO28753_ngs_rna_targrna_rnaaccess_EA_6f17c727d0_20150813
	=>1619 solid circRNAs detected
	handling GO28753_ngs_rna_targrna_rnaaccess_EA_587beb5eec_20150813
	=>1616 solid circRNAs detected
	handling GO28753_ngs_rna_targrna_rnaaccess_EA_89b9b44dd0_20150813
	=>2409 solid circRNAs detected
	handling GO28753_ngs_rna_targrna_rnaaccess_EA_69c1d694de_20150813
	=>2601 solid circRNAs detected
	handling GO28753_ngs_rna_targrna_rnaaccess_EA_9a039d1bb1_20150813
	=>3166 solid circRNAs detected
	handling GO28753_ngs_rna_targrna_rnaaccess_EA_64eb5edaf6_20150813
	=>689 solid circRNAs detected
	handling GO28753_ngs_rna_targrna_rnaaccess_EA_84b2d1874a_20150813
	=>3694 solid circRNAs detected
	handling GO28753_ngs_rna_targrna_rnaaccess_EA_6ccafda1a9_20150813
	=>4017 solid circRNAs detected
	handling GO28753_ngs_rna_targrna_rnaaccess_EA_819aa0aae0_20150813
	=>96 solid circRNAs detected
	handling GO28753_ngs_rna_targrna_rnaaccess_EA_9d5f0b23a1_20150813
	=>2856 solid circRNAs detected
	handling GO28753_ngs_rna_targrna_rnaaccess_EA_87117e42e9_20150820
	=>1987 solid circRNAs detected
	handling GO28753_ngs_rna_targrna_rnaaccess_EA_75b63f12f5_20150813
	=>1734 solid circRNAs detected
	handling GO28753_ngs_rna_targrna_rnaaccess_EA_b33d529873_20150813
	=>2424 solid circRNAs detected
	handling GO28753_ngs_rna_targrna_rnaaccess_EA_8827fa15c2_20150813
	=>2888 solid circRNAs detected
	handling GO28753_ngs_rna_targrna_rnaaccess_EA_5d75921333_20150813
	=>2977 solid circRNAs detected
	handling GO28753_ngs_rna_targrna_rnaaccess_EA_64a3dc6b87_20150813
	=>4496 solid circRNAs detected
	handling GO28753_ngs_rna_targrna_rnaaccess_EA_761216c890_20150813
	=>4097 solid circRNAs detected
	handling GO28753_ngs_rna_targrna_rnaaccess_EA_9895b0d1ad_20150813
	=>2128 solid circRNAs detected
	handling GO28753_ngs_rna_targrna_rnaaccess_EA_7db3ad49e1_20150813
	=>2670 solid circRNAs detected
	handling GO28753_ngs_rna_targrna_rnaaccess_EA_ca2aad8bdb_20150813
	=>2477 solid circRNAs detected
	handling GO28753_ngs_rna_targrna_rnaaccess_EA_8827b290ed_20150813
	=>5715 solid circRNAs detected
	handling GO28753_ngs_rna_targrna_rnaaccess_EA_4030e6c848_20150813
	=>1173 solid circRNAs detected
	handling GO28753_ngs_rna_targrna_rnaaccess_EA_a9ac3f9ac3_20150813
	=>3761 solid circRNAs detected
	handling GO28753_ngs_rna_targrna_rnaaccess_EA_856ba8bf88_20150813
	=>3464 solid circRNAs detected
	=>1448 solid circRNAs detected
	handling GO28753_ngs_rna_targrna_rnaaccess_EA_e91a7d6148_20150813
	handling GO28753_ngs_rna_targrna_rnaaccess_EA_636ed33e87_20150813
	=>2137 solid circRNAs detected
	handling GO28753_ngs_rna_targrna_rnaaccess_EA_a4c70ff372_20150813
	=>2571 solid circRNAs detected
	handling GO28753_ngs_rna_targrna_rnaaccess_EA_a009226564_20150813
	=>2802 solid circRNAs detected
	handling GO28753_ngs_rna_targrna_rnaaccess_EA_7610106a41_20150813
	=>3063 solid circRNAs detected
	handling GO28753_ngs_rna_targrna_rnaaccess_EA_8f83abaa96_20150813
	=>3951 solid circRNAs detected
	handling GO28753_ngs_rna_targrna_rnaaccess_EA_c0f86ccb0d_20150813
	=>3001 solid circRNAs detected
	handling GO28753_ngs_rna_targrna_rnaaccess_EA_a761874343_20150813
	=>3668 solid circRNAs detected
	handling GO28753_ngs_rna_targrna_rnaaccess_EA_b959778319_20150820
	=>1806 solid circRNAs detected
	handling GO28753_ngs_rna_targrna_rnaaccess_EA_a1914c717d_20160209
	=>2463 solid circRNAs detected
	handling GO28753_ngs_rna_targrna_rnaaccess_EA_94f2196850_20150820
	=>2481 solid circRNAs detected
	handling GO28753_ngs_rna_targrna_rnaaccess_EA_63e7c5ecce_20150820
	=>202 solid circRNAs detected
	handling GO28753_ngs_rna_targrna_rnaaccess_EA_79d3d99afa_20150813
	=>2186 solid circRNAs detected
	handling GO28753_ngs_rna_targrna_rnaaccess_EA_c34f950fa2_20150813
	=>3492 solid circRNAs detected
	=>828 solid circRNAs detected
	handling GO28753_ngs_rna_targrna_rnaaccess_EA_a2714bb09f_20150813
	handling GO28753_ngs_rna_targrna_rnaaccess_EA_d4c8b72ba2_20150813
	=>3167 solid circRNAs detected
	handling GO28753_ngs_rna_targrna_rnaaccess_EA_9cf1d1cc72_20150813
	=>3540 solid circRNAs detected
	handling GO28753_ngs_rna_targrna_rnaaccess_EA_c4f91780a8_20150813
	=>3246 solid circRNAs detected
	handling GO28753_ngs_rna_targrna_rnaaccess_EA_77dfb45762_20150813
	=>1795 solid circRNAs detected
	handling GO28753_ngs_rna_targrna_rnaaccess_EA_ba9f80796c_20150813
	=>3063 solid circRNAs detected
	handling GO28753_ngs_rna_targrna_rnaaccess_EA_bc35070dc0_20150813
	=>2997 solid circRNAs detected
	handling GO28753_ngs_rna_targrna_rnaaccess_EA_b9b3644a3f_20150813
	=>2372 solid circRNAs detected
	handling GO28753_ngs_rna_targrna_rnaaccess_EA_bb3c31eb10_20150813
	=>2984 solid circRNAs detected
	handling GO28753_ngs_rna_targrna_rnaaccess_EA_a82aeb57b5_20150813
	=>1234 solid circRNAs detected
	handling GO28753_ngs_rna_targrna_rnaaccess_EA_e229f7cfac_20150813
	=>1702 solid circRNAs detected
	handling GO28753_ngs_rna_targrna_rnaaccess_EA_a96e1c1a12_20150820
	=>2571 solid circRNAs detected
	=>3102 solid circRNAs detected
	handling GO28753_ngs_rna_targrna_rnaaccess_EA_f21cbe9d0c_20150813
	handling GO28753_ngs_rna_targrna_rnaaccess_EA_ff30a13d85_20150813
	=>1149 solid circRNAs detected
	handling GO28753_ngs_rna_targrna_rnaaccess_EA_d1688a9f43_20151124
	=>2318 solid circRNAs detected
	handling GO28753_ngs_rna_targrna_rnaaccess_EA_c7aa1bbb3c_20150813
	=>343 solid circRNAs detected
	=>1397 solid circRNAs detected
	handling GO28753_ngs_rna_targrna_rnaaccess_EA_f4f29ce02b_20150813
	=>425 solid circRNAs detected
	handling GO28753_ngs_rna_targrna_rnaaccess_EA_c1c9f75248_20150813
	=>551 solid circRNAs detected
	handling GO28753_ngs_rna_targrna_rnaaccess_EA_d9824f1ef6_20150813
	=>1540 solid circRNAs detected
	handling GO28753_ngs_rna_targrna_rnaaccess_EA_c115033b04_20150813
	=>2806 solid circRNAs detected
	handling GO28753_ngs_rna_targrna_rnaaccess_EA_bcd18e11ff_20150813
	=>2567 solid circRNAs detected
	handling GO28753_ngs_rna_targrna_rnaaccess_EA_9a56d96fc7_20150813
	=>2027 solid circRNAs detected
	handling GO28753_ngs_rna_targrna_rnaaccess_EA_e57263272f_20150813
	=>1511 solid circRNAs detected
	handling GO28753_ngs_rna_targrna_rnaaccess_EA_f3db306201_20150813
	=>2172 solid circRNAs detected
	handling GO28753_ngs_rna_targrna_rnaaccess_EA_cafffa6867_20150813
	=>3156 solid circRNAs detected
	handling GO28753_ngs_rna_targrna_rnaaccess_EA_994bf5a93d_20150813
	=>3797 solid circRNAs detected
	handling GO28753_ngs_rna_targrna_rnaaccess_EA_ceb735dbbd_20150813
	=>3028 solid circRNAs detected
	handling GO28753_ngs_rna_targrna_rnaaccess_EA_f06a185968_20150813
	=>4321 solid circRNAs detected
	handling GO28753_ngs_rna_targrna_rnaaccess_EA_dcc952b7e7_20150813
	=>1902 solid circRNAs detected
	handling GO28753_ngs_rna_targrna_rnaaccess_EA_e94d0597e9_20150813
	=>2108 solid circRNAs detected
	handling GO28753_ngs_rna_targrna_rnaaccess_EA_fef0ed63e0_20150813
	=>2339 solid circRNAs detected
	handling GO28753_ngs_rna_targrna_rnaaccess_EA_b79138f591_20150813
	=>1980 solid circRNAs detected
	=>3978 solid circRNAs detected
	=>7209 solid circRNAs detected
	handling GO28753_ngs_rna_targrna_rnaaccess_EA_a14bed6382_20150813
	=>2271 solid circRNAs detected
	handling GO28753_ngs_rna_targrna_rnaaccess_EA_f482568c5e_20150813
	=>4003 solid circRNAs detected
	handling GO28753_ngs_rna_targrna_rnaaccess_EA_d8916f9b9b_20150813
	=>4319 solid circRNAs detected
	=>6672 solid circRNAs detected
	handling GO28753_ngs_rna_targrna_rnaaccess_EA_90204c7e6a_20150813
	=>2078 solid circRNAs detected
	handling GO28753_ngs_rna_targrna_rnaaccess_EA_c565e3ec9c_20150813
	=>3074 solid circRNAs detected
	handling GO28753_ngs_rna_targrna_rnaaccess_EA_ae056416f4_20151124
	=>483 solid circRNAs detected
	handling GO28753_ngs_rna_targrna_rnaaccess_EA_c412f95101_20150813
	=>3710 solid circRNAs detected
	handling GO28753_ngs_rna_targrna_rnaaccess_EA_ea74d52434_20150813
	=>3209 solid circRNAs detected
	handling go28753_ngs_rna_wts_rnaaccess_EA_f04c74af22_20160625
	=>2145 solid circRNAs detected
	=>4970 solid circRNAs detected
	=>3719 solid circRNAs detected
	=>2836 solid circRNAs detected
	handling GO28753_ngs_rna_targrna_rnaaccess_EA_b9e57f11ad_20150813
	=>3114 solid circRNAs detected
	handling GO28753_ngs_rna_targrna_rnaaccess_EA_f3251ce553_20150820
	=>3580 solid circRNAs detected
	handling GO28753_ngs_rna_targrna_rnaaccess_EA_e2b66c2b42_20160209
	=>3189 solid circRNAs detected
	handling GO28753_ngs_rna_targrna_rnaaccess_EA_a8a7dbd40e_20150820
	=>440 solid circRNAs detected
	handling GO28753_ngs_rna_targrna_rnaaccess_EA_f75c219f49_20150813
	=>4434 solid circRNAs detected
	=>3870 solid circRNAs detected
	=>2797 solid circRNAs detected
	handling GO28753_ngs_rna_targrna_rnaaccess_EA_cb04721a16_20150813
	=>2340 solid circRNAs detected
	=>1039 solid circRNAs detected
	=>6880 solid circRNAs detected
	handling GO28753_ngs_rna_targrna_rnaaccess_EA_b90b58e730_20150813
	=>5992 solid circRNAs detected
	handling GO28753_ngs_rna_targrna_rnaaccess_EA_a395dd1934_20150813
	=>2230 solid circRNAs detected
	handling GO28753_ngs_rna_targrna_rnaaccess_EA_c126d613fd_20150813
	=>8685 solid circRNAs detected
	handling GO28753_ngs_rna_targrna_rnaaccess_EA_d244d2ddaa_20150813
	=>4633 solid circRNAs detected
	handling GO28753_ngs_rna_targrna_rnaaccess_EA_e1b5906f69_20150813
	=>1341 solid circRNAs detected
	handling GO28753_ngs_rna_targrna_rnaaccess_EA_bc22d5fe71_20150813
	=>2814 solid circRNAs detected
	handling GO28753_ngs_rna_targrna_rnaaccess_EA_e95c798179_20150813
	=>1968 solid circRNAs detected
	handling GO28753_ngs_rna_targrna_rnaaccess_EA_f4b3e3454d_20150820
	=>2320 solid circRNAs detected
	=>2665 solid circRNAs detected
	handling GO28753_ngs_rna_targrna_rnaaccess_EA_d1b2e516f5_20150820
	=>2835 solid circRNAs detected
	handling GO28753_ngs_rna_targrna_rnaaccess_EA_d8d1f79966_20150820
	=>1963 solid circRNAs detected
	=>4610 solid circRNAs detected
	handling GO28753_ngs_rna_targrna_rnaaccess_EA_c6184093c3_20150813
	=>2305 solid circRNAs detected
	handling GO28753_ngs_rna_targrna_rnaaccess_EA_f33738e9e7_20150820
	=>1469 solid circRNAs detected
	=>10056 solid circRNAs detected
	handling GO28753_ngs_rna_targrna_rnaaccess_EA_7b4e228da0_20150813
	=>2396 solid circRNAs detected
	handling GO28753_ngs_rna_targrna_rnaaccess_EA_e56c563f1c_20150813
	=>5831 solid circRNAs detected
	handling GO28753_ngs_rna_targrna_rnaaccess_EA_f0b701f2f7_20150813
	=>3861 solid circRNAs detected
	handling GO28753_ngs_rna_targrna_rnaaccess_EA_f08cdae2e4_20150820
	=>887 solid circRNAs detected
	handling GO28753_ngs_rna_targrna_rnaaccess_EA_fc2b70f21c_20150813
	=>2126 solid circRNAs detected
	handling GO28753_ngs_rna_targrna_rnaaccess_EA_9badb6ade5_20150813
	=>2925 solid circRNAs detected
	handling GO28753_ngs_rna_targrna_rnaaccess_EA_b8b4fc3371_20150813
	=>3153 solid circRNAs detected
	=>4684 solid circRNAs detected
	=>2821 solid circRNAs detected
	handling GO28753_ngs_rna_targrna_rnaaccess_EA_c605984d4c_20150813
	=>9046 solid circRNAs detected
	handling GO28753_ngs_rna_targrna_rnaaccess_EA_d2a0cd5ad8_20150813
	=>1167 solid circRNAs detected
	handling GO28753_ngs_rna_targrna_rnaaccess_EA_f1383cf167_20150813
	=>2435 solid circRNAs detected
	=>10593 solid circRNAs detected
	handling GO28753_ngs_rna_targrna_rnaaccess_EA_e3164c819f_20150813
	=>12452 solid circRNAs detected
	=>2656 solid circRNAs detected
	handling GO28753_ngs_rna_targrna_rnaaccess_EA_fc20e584ca_20150820
	=>2580 solid circRNAs detected
Warning message:
In parallel::mclapply(sample_ids, function(sample) { :
  scheduled core 15 encountered error in user code, all values of the job will be affected
Done. Please check result *.aggr.txt in /home/zhou/raid/IO_RNA/circRNA/EGA_POPLAR/aggr
Scanning result aggr files...
Checking if all sample result data files could be found...
  No. Print all non-detectable samples...
[1] "GO28753_ngs_rna_targrna_rnaaccess_EA_4ebd09823c_20150813"
[2] "GO28753_ngs_rna_targrna_rnaaccess_EA_86bd5c9b5f_20150813"
[3] "GO28753_ngs_rna_targrna_rnaaccess_EA_ebd75f25fd_20150813"
[4] "GO28753_ngs_rna_targrna_rnaaccess_EA_a1a289d9c3_20150813"
[5] "GO28753_ngs_rna_targrna_rnaaccess_EA_d12bfcef0a_20150813"
[6] "GO28753_ngs_rna_targrna_rnaaccess_EA_24a5583075_20150813"
[7] "GO28753_ngs_rna_targrna_rnaaccess_EA_6c1a92db6f_20150813"
[8] "GO28753_ngs_rna_targrna_rnaaccess_EA_11521178c5_20150820"
[9] "GO28753_ngs_rna_targrna_rnaaccess_EA_baf9853ae4_20150813"
Merging result aggr files...
Filling non-detectable samples with 0...
Outputing
Done. Check /home/zhou/raid/IO_RNA/circRNA/EGA_POPLAR/aggr/aggr_circRNA.tsv.gz
