Start CIRIquant for GO28753_ngs_rna_targrna_rnaaccess_EA_84b2d1874a_20150813 at Wed Aug  2 22:50:10 CST 2023
Final result exists and is not empty, skipped this sample.
Start circexplorer2 for GO28753_ngs_rna_targrna_rnaaccess_EA_84b2d1874a_20150813 at Wed Aug  2 22:50:08 CST 2023
Final result exists and is not empty, skipped this sample.
Start circRNA_finder for GO28753_ngs_rna_targrna_rnaaccess_EA_84b2d1874a_20150813 at Wed Aug  2 22:50:08 CST 2023
Final result exists and is not empty, skipped this sample.
Start find_circ for GO28753_ngs_rna_targrna_rnaaccess_EA_84b2d1874a_20150813 at Wed Aug  2 22:50:08 CST 2023
Final result exists and is not empty, skipped this sample.
Start CIRIquant for GO28753_ngs_rna_targrna_rnaaccess_EA_f3251ce553_20150820 at Wed Aug  2 22:50:12 CST 2023
Final result exists and is not empty, skipped this sample.
Start circexplorer2 for GO28753_ngs_rna_targrna_rnaaccess_EA_f3251ce553_20150820 at Wed Aug  2 22:50:10 CST 2023
Final result exists and is not empty, skipped this sample.
Start circRNA_finder for GO28753_ngs_rna_targrna_rnaaccess_EA_f3251ce553_20150820 at Wed Aug  2 22:50:10 CST 2023
Final result exists and is not empty, skipped this sample.
Start find_circ for GO28753_ngs_rna_targrna_rnaaccess_EA_f3251ce553_20150820 at Wed Aug  2 22:50:10 CST 2023
Final result exists and is not empty, skipped this sample.
Start CIRIquant for GO28753_ngs_rna_targrna_rnaaccess_EA_8827fa15c2_20150813 at Wed Aug  2 22:50:15 CST 2023
Final result exists and is not empty, skipped this sample.
Start circexplorer2 for GO28753_ngs_rna_targrna_rnaaccess_EA_8827fa15c2_20150813 at Wed Aug  2 22:50:12 CST 2023
Final result exists and is not empty, skipped this sample.
Start circRNA_finder for GO28753_ngs_rna_targrna_rnaaccess_EA_8827fa15c2_20150813 at Wed Aug  2 22:50:12 CST 2023
Final result exists and is not empty, skipped this sample.
Start find_circ for GO28753_ngs_rna_targrna_rnaaccess_EA_8827fa15c2_20150813 at Wed Aug  2 22:50:12 CST 2023
Final result exists and is not empty, skipped this sample.
Start CIRIquant for GO28753_ngs_rna_targrna_rnaaccess_EA_0f0fda909f_20150820 at Wed Aug  2 22:50:17 CST 2023
Final result exists and is not empty, skipped this sample.
Start circexplorer2 for GO28753_ngs_rna_targrna_rnaaccess_EA_0f0fda909f_20150820 at Wed Aug  2 22:50:15 CST 2023
Final result exists and is not empty, skipped this sample.
Start circRNA_finder for GO28753_ngs_rna_targrna_rnaaccess_EA_0f0fda909f_20150820 at Wed Aug  2 22:50:15 CST 2023
Final result exists and is not empty, skipped this sample.
Start find_circ for GO28753_ngs_rna_targrna_rnaaccess_EA_0f0fda909f_20150820 at Wed Aug  2 22:50:15 CST 2023
Final result exists and is not empty, skipped this sample.
Start CIRIquant for GO28753_ngs_rna_targrna_rnaaccess_EA_4e0f4395a5_20150813 at Wed Aug  2 22:50:19 CST 2023
Final result exists and is not empty, skipped this sample.
Start circexplorer2 for GO28753_ngs_rna_targrna_rnaaccess_EA_4e0f4395a5_20150813 at Wed Aug  2 22:50:17 CST 2023
Final result exists and is not empty, skipped this sample.
Start circRNA_finder for GO28753_ngs_rna_targrna_rnaaccess_EA_4e0f4395a5_20150813 at Wed Aug  2 22:50:17 CST 2023
Final result exists and is not empty, skipped this sample.
Start find_circ for GO28753_ngs_rna_targrna_rnaaccess_EA_4e0f4395a5_20150813 at Wed Aug  2 22:50:17 CST 2023
Final result exists and is not empty, skipped this sample.
Start CIRIquant for GO28753_ngs_rna_targrna_rnaaccess_EA_d244d2ddaa_20150813 at Wed Aug  2 22:50:21 CST 2023
Final result exists and is not empty, skipped this sample.
Start circexplorer2 for GO28753_ngs_rna_targrna_rnaaccess_EA_d244d2ddaa_20150813 at Wed Aug  2 22:50:19 CST 2023
Final result exists and is not empty, skipped this sample.
Start circRNA_finder for GO28753_ngs_rna_targrna_rnaaccess_EA_d244d2ddaa_20150813 at Wed Aug  2 22:50:19 CST 2023
Final result exists and is not empty, skipped this sample.
Start find_circ for GO28753_ngs_rna_targrna_rnaaccess_EA_d244d2ddaa_20150813 at Wed Aug  2 22:50:19 CST 2023
Final result exists and is not empty, skipped this sample.
