Read1 before filtering:
total reads: 66594303
total bases: 6659430300
Q20 bases: 6503013509(97.6512%)
Q30 bases: 6180287268(92.805%)

Read2 before filtering:
total reads: 66594303
total bases: 6659430300
Q20 bases: 6304488847(94.6701%)
Q30 bases: 5909751058(88.7426%)

Read1 after filtering:
total reads: 63598418
total bases: 6353148101
Q20 bases: 6262624696(98.5751%)
Q30 bases: 5991798016(94.3123%)

Read2 after filtering:
total reads: 63598418
total bases: 6353148101
Q20 bases: 6206093791(97.6853%)
Q30 bases: 5841232946(91.9423%)

Filtering result:
reads passed filter: 127196836
reads failed due to low quality: 5954756
reads failed due to too many N: 37014
reads failed due to too short: 0
reads with adapter trimmed: 788308
bases trimmed due to adapters: 13672436

Duplication rate: 16.6151%

Insert size peak (evaluated by paired-end reads): 156

JSON report: /home/zhou/raid/IO_RNA/PHS001919/fq/SRR10486033_fastp.json
HTML report: /home/zhou/raid/IO_RNA/PHS001919/fq/SRR10486033_fastp.html

/home/circrna/miniconda3/bin/fastp -i /home/zhou/raid/ncbi/dbGaP-24835/RNA_phs001919_PRJNA578193/raw/SRR10486033_1.fastq.gz -I /home/zhou/raid/ncbi/dbGaP-24835/RNA_phs001919_PRJNA578193/raw/SRR10486033_2.fastq.gz -o /home/zhou/raid/IO_RNA/PHS001919/fq/SRR10486033_1.fastq.gz -O /home/zhou/raid/IO_RNA/PHS001919/fq/SRR10486033_2.fastq.gz -j /home/zhou/raid/IO_RNA/PHS001919/fq/SRR10486033_fastp.json -h /home/zhou/raid/IO_RNA/PHS001919/fq/SRR10486033_fastp.html -w 4 
fastp v0.23.4, time used: 295 seconds
Read1 before filtering:
total reads: 61680455
total bases: 6168045500
Q20 bases: 6035142354(97.8453%)
Q30 bases: 5753915595(93.2859%)

Read2 before filtering:
total reads: 61680455
total bases: 6168045500
Q20 bases: 5898603346(95.6316%)
Q30 bases: 5572751855(90.3487%)

Read1 after filtering:
total reads: 59433643
total bases: 5936956343
Q20 bases: 5855018290(98.6199%)
Q30 bases: 5610787912(94.5061%)

Read2 after filtering:
total reads: 59433643
total bases: 5936956343
Q20 bases: 5819187206(98.0163%)
Q30 bases: 5515897807(92.9078%)

Filtering result:
reads passed filter: 118867286
reads failed due to low quality: 4459316
reads failed due to too many N: 34308
reads failed due to too short: 0
reads with adapter trimmed: 914276
bases trimmed due to adapters: 13058376

Duplication rate: 16.717%

Insert size peak (evaluated by paired-end reads): 145

JSON report: /home/zhou/raid/IO_RNA/PHS001919/fq/SRR10486034_fastp.json
HTML report: /home/zhou/raid/IO_RNA/PHS001919/fq/SRR10486034_fastp.html

/home/circrna/miniconda3/bin/fastp -i /home/zhou/raid/ncbi/dbGaP-24835/RNA_phs001919_PRJNA578193/raw/SRR10486034_1.fastq.gz -I /home/zhou/raid/ncbi/dbGaP-24835/RNA_phs001919_PRJNA578193/raw/SRR10486034_2.fastq.gz -o /home/zhou/raid/IO_RNA/PHS001919/fq/SRR10486034_1.fastq.gz -O /home/zhou/raid/IO_RNA/PHS001919/fq/SRR10486034_2.fastq.gz -j /home/zhou/raid/IO_RNA/PHS001919/fq/SRR10486034_fastp.json -h /home/zhou/raid/IO_RNA/PHS001919/fq/SRR10486034_fastp.html -w 4 
fastp v0.23.4, time used: 272 seconds
Read1 before filtering:
total reads: 80288259
total bases: 7952159280
Q20 bases: 7660540583(96.3328%)
Q30 bases: 7058840512(88.7663%)

Read2 before filtering:
total reads: 80288259
total bases: 7975321482
Q20 bases: 7357292761(92.2507%)
Q30 bases: 6567132494(82.3432%)

Read1 after filtering:
total reads: 77460567
total bases: 7693840208
Q20 bases: 7450370682(96.8355%)
Q30 bases: 6879010613(89.4093%)

Read2 after filtering:
total reads: 77460567
total bases: 7691757714
Q20 bases: 7283548335(94.6929%)
Q30 bases: 6537094665(84.9883%)

Filtering result:
reads passed filter: 154921134
reads failed due to low quality: 5548124
reads failed due to too many N: 107260
reads failed due to too short: 0
reads with adapter trimmed: 157962
bases trimmed due to adapters: 3463611

Duplication rate: 22.3187%

Insert size peak (evaluated by paired-end reads): 153

JSON report: /home/zhou/raid/IO_RNA/PHS001919/fq/SRR10486047_fastp.json
HTML report: /home/zhou/raid/IO_RNA/PHS001919/fq/SRR10486047_fastp.html

/home/circrna/miniconda3/bin/fastp -i /home/zhou/raid/ncbi/dbGaP-24835/RNA_phs001919_PRJNA578193/raw/SRR10486047_1.fastq.gz -I /home/zhou/raid/ncbi/dbGaP-24835/RNA_phs001919_PRJNA578193/raw/SRR10486047_2.fastq.gz -o /home/zhou/raid/IO_RNA/PHS001919/fq/SRR10486047_1.fastq.gz -O /home/zhou/raid/IO_RNA/PHS001919/fq/SRR10486047_2.fastq.gz -j /home/zhou/raid/IO_RNA/PHS001919/fq/SRR10486047_fastp.json -h /home/zhou/raid/IO_RNA/PHS001919/fq/SRR10486047_fastp.html -w 4 
fastp v0.23.4, time used: 329 seconds
Read1 before filtering:
total reads: 36566270
total bases: 3656627000
Q20 bases: 3529717499(96.5293%)
Q30 bases: 3327731070(91.0055%)

Read2 before filtering:
total reads: 36566270
total bases: 3656627000
Q20 bases: 3485804330(95.3284%)
Q30 bases: 3272969586(89.5079%)

Read1 after filtering:
total reads: 34982629
total bases: 3483987462
Q20 bases: 3407619119(97.808%)
Q30 bases: 3230345290(92.7198%)

Read2 after filtering:
total reads: 34982629
total bases: 3483987462
Q20 bases: 3407506973(97.8048%)
Q30 bases: 3213397610(92.2333%)

Filtering result:
reads passed filter: 69965258
reads failed due to low quality: 3165048
reads failed due to too many N: 2234
reads failed due to too short: 0
reads with adapter trimmed: 2472104
bases trimmed due to adapters: 29084586

Duplication rate: 18.4539%

Insert size peak (evaluated by paired-end reads): 134

JSON report: /home/zhou/raid/IO_RNA/PHS001919/fq/SRR10486048_fastp.json
HTML report: /home/zhou/raid/IO_RNA/PHS001919/fq/SRR10486048_fastp.html

/home/circrna/miniconda3/bin/fastp -i /home/zhou/raid/ncbi/dbGaP-24835/RNA_phs001919_PRJNA578193/raw/SRR10486048_1.fastq.gz -I /home/zhou/raid/ncbi/dbGaP-24835/RNA_phs001919_PRJNA578193/raw/SRR10486048_2.fastq.gz -o /home/zhou/raid/IO_RNA/PHS001919/fq/SRR10486048_1.fastq.gz -O /home/zhou/raid/IO_RNA/PHS001919/fq/SRR10486048_2.fastq.gz -j /home/zhou/raid/IO_RNA/PHS001919/fq/SRR10486048_fastp.json -h /home/zhou/raid/IO_RNA/PHS001919/fq/SRR10486048_fastp.html -w 4 
fastp v0.23.4, time used: 139 seconds
Read1 before filtering:
total reads: 85507223
total bases: 8500689577
Q20 bases: 8127953228(95.6152%)
Q30 bases: 7545756595(88.7664%)

Read2 before filtering:
total reads: 85507223
total bases: 8498269243
Q20 bases: 8144151806(95.8331%)
Q30 bases: 7602179116(89.4556%)

Read1 after filtering:
total reads: 84620902
total bases: 8410121624
Q20 bases: 8067261774(95.9232%)
Q30 bases: 7498895821(89.1651%)

Read2 after filtering:
total reads: 84620902
total bases: 8407568504
Q20 bases: 8098058720(96.3187%)
Q30 bases: 7570442078(90.0432%)

Filtering result:
reads passed filter: 169241804
reads failed due to low quality: 1723562
reads failed due to too many N: 49080
reads failed due to too short: 0
reads with adapter trimmed: 180072
bases trimmed due to adapters: 4879488

Duplication rate: 12.3797%

Insert size peak (evaluated by paired-end reads): 153

JSON report: /home/zhou/raid/IO_RNA/PHS001919/fq/SRR10486049_fastp.json
HTML report: /home/zhou/raid/IO_RNA/PHS001919/fq/SRR10486049_fastp.html

/home/circrna/miniconda3/bin/fastp -i /home/zhou/raid/ncbi/dbGaP-24835/RNA_phs001919_PRJNA578193/raw/SRR10486049_1.fastq.gz -I /home/zhou/raid/ncbi/dbGaP-24835/RNA_phs001919_PRJNA578193/raw/SRR10486049_2.fastq.gz -o /home/zhou/raid/IO_RNA/PHS001919/fq/SRR10486049_1.fastq.gz -O /home/zhou/raid/IO_RNA/PHS001919/fq/SRR10486049_2.fastq.gz -j /home/zhou/raid/IO_RNA/PHS001919/fq/SRR10486049_fastp.json -h /home/zhou/raid/IO_RNA/PHS001919/fq/SRR10486049_fastp.html -w 4 
fastp v0.23.4, time used: 344 seconds
Read1 before filtering:
total reads: 84731396
total bases: 8374712287
Q20 bases: 8097849023(96.6941%)
Q30 bases: 7612900063(90.9034%)

Read2 before filtering:
total reads: 84731396
total bases: 8388781400
Q20 bases: 7973713078(95.0521%)
Q30 bases: 7399284489(88.2045%)

Read1 after filtering:
total reads: 82926161
total bases: 8208189949
Q20 bases: 7976318208(97.1751%)
Q30 bases: 7510110515(91.4953%)

Read2 after filtering:
total reads: 82926161
total bases: 8206163135
Q20 bases: 7903294170(96.3093%)
Q30 bases: 7356933830(89.6513%)

Filtering result:
reads passed filter: 165852322
reads failed due to low quality: 3437098
reads failed due to too many N: 173372
reads failed due to too short: 0
reads with adapter trimmed: 301396
bases trimmed due to adapters: 5625251

Duplication rate: 25.1783%

Insert size peak (evaluated by paired-end reads): 139

JSON report: /home/zhou/raid/IO_RNA/PHS001919/fq/SRR10486050_fastp.json
HTML report: /home/zhou/raid/IO_RNA/PHS001919/fq/SRR10486050_fastp.html

/home/circrna/miniconda3/bin/fastp -i /home/zhou/raid/ncbi/dbGaP-24835/RNA_phs001919_PRJNA578193/raw/SRR10486050_1.fastq.gz -I /home/zhou/raid/ncbi/dbGaP-24835/RNA_phs001919_PRJNA578193/raw/SRR10486050_2.fastq.gz -o /home/zhou/raid/IO_RNA/PHS001919/fq/SRR10486050_1.fastq.gz -O /home/zhou/raid/IO_RNA/PHS001919/fq/SRR10486050_2.fastq.gz -j /home/zhou/raid/IO_RNA/PHS001919/fq/SRR10486050_fastp.json -h /home/zhou/raid/IO_RNA/PHS001919/fq/SRR10486050_fastp.html -w 4 
fastp v0.23.4, time used: 333 seconds
Read1 before filtering:
total reads: 67364124
total bases: 6658808186
Q20 bases: 6452435666(96.9008%)
Q30 bases: 6039039963(90.6925%)

Read2 before filtering:
total reads: 67364124
total bases: 6680670828
Q20 bases: 6311788414(94.4784%)
Q30 bases: 5788497773(86.6455%)

Read1 after filtering:
total reads: 65923819
total bases: 6537496080
Q20 bases: 6360752809(97.2965%)
Q30 bases: 5961762604(91.1934%)

Read2 after filtering:
total reads: 65923819
total bases: 6535769476
Q20 bases: 6270864562(95.9468%)
Q30 bases: 5770809822(88.2958%)

Filtering result:
reads passed filter: 131847638
reads failed due to low quality: 2791168
reads failed due to too many N: 89442
reads failed due to too short: 0
reads with adapter trimmed: 148576
bases trimmed due to adapters: 2862114

Duplication rate: 22.2688%

Insert size peak (evaluated by paired-end reads): 139

JSON report: /home/zhou/raid/IO_RNA/PHS001919/fq/SRR10486051_fastp.json
HTML report: /home/zhou/raid/IO_RNA/PHS001919/fq/SRR10486051_fastp.html

/home/circrna/miniconda3/bin/fastp -i /home/zhou/raid/ncbi/dbGaP-24835/RNA_phs001919_PRJNA578193/raw/SRR10486051_1.fastq.gz -I /home/zhou/raid/ncbi/dbGaP-24835/RNA_phs001919_PRJNA578193/raw/SRR10486051_2.fastq.gz -o /home/zhou/raid/IO_RNA/PHS001919/fq/SRR10486051_1.fastq.gz -O /home/zhou/raid/IO_RNA/PHS001919/fq/SRR10486051_2.fastq.gz -j /home/zhou/raid/IO_RNA/PHS001919/fq/SRR10486051_fastp.json -h /home/zhou/raid/IO_RNA/PHS001919/fq/SRR10486051_fastp.html -w 4 
fastp v0.23.4, time used: 263 seconds
Read1 before filtering:
total reads: 88746651
total bases: 8815726055
Q20 bases: 8401382949(95.3%)
Q30 bases: 7783426224(88.2902%)

Read2 before filtering:
total reads: 88746651
total bases: 8813117130
Q20 bases: 8465732821(96.0583%)
Q30 bases: 7927987218(89.9567%)

Read1 after filtering:
total reads: 87751529
total bases: 8714039466
Q20 bases: 8337000082(95.6732%)
Q30 bases: 7732398388(88.7349%)

Read2 after filtering:
total reads: 87751529
total bases: 8711219509
Q20 bases: 8408002277(96.5192%)
Q30 bases: 7884667051(90.5116%)

Filtering result:
reads passed filter: 175503058
reads failed due to low quality: 1940494
reads failed due to too many N: 49750
reads failed due to too short: 0
reads with adapter trimmed: 233432
bases trimmed due to adapters: 5628986

Duplication rate: 18.6745%

Insert size peak (evaluated by paired-end reads): 139

JSON report: /home/zhou/raid/IO_RNA/PHS001919/fq/SRR10486052_fastp.json
HTML report: /home/zhou/raid/IO_RNA/PHS001919/fq/SRR10486052_fastp.html

/home/circrna/miniconda3/bin/fastp -i /home/zhou/raid/ncbi/dbGaP-24835/RNA_phs001919_PRJNA578193/raw/SRR10486052_1.fastq.gz -I /home/zhou/raid/ncbi/dbGaP-24835/RNA_phs001919_PRJNA578193/raw/SRR10486052_2.fastq.gz -o /home/zhou/raid/IO_RNA/PHS001919/fq/SRR10486052_1.fastq.gz -O /home/zhou/raid/IO_RNA/PHS001919/fq/SRR10486052_2.fastq.gz -j /home/zhou/raid/IO_RNA/PHS001919/fq/SRR10486052_fastp.json -h /home/zhou/raid/IO_RNA/PHS001919/fq/SRR10486052_fastp.html -w 4 
fastp v0.23.4, time used: 346 seconds
Read1 before filtering:
total reads: 73990268
total bases: 7289188075
Q20 bases: 7042063452(96.6097%)
Q30 bases: 6583372133(90.3169%)

Read2 before filtering:
total reads: 73990268
total bases: 7339058222
Q20 bases: 6810158244(92.7934%)
Q30 bases: 6205558043(84.5552%)

Read1 after filtering:
total reads: 71066006
total bases: 7048321105
Q20 bases: 6852495569(97.2217%)
Q30 bases: 6416028136(91.0292%)

Read2 after filtering:
total reads: 71066006
total bases: 7046285602
Q20 bases: 6743823900(95.7075%)
Q30 bases: 6182771950(87.7451%)

Filtering result:
reads passed filter: 142132012
reads failed due to low quality: 5751788
reads failed due to too many N: 96736
reads failed due to too short: 0
reads with adapter trimmed: 162044
bases trimmed due to adapters: 3052161

Duplication rate: 16.5685%

Insert size peak (evaluated by paired-end reads): 137

JSON report: /home/zhou/raid/IO_RNA/PHS001919/fq/SRR10486053_fastp.json
HTML report: /home/zhou/raid/IO_RNA/PHS001919/fq/SRR10486053_fastp.html

/home/circrna/miniconda3/bin/fastp -i /home/zhou/raid/ncbi/dbGaP-24835/RNA_phs001919_PRJNA578193/raw/SRR10486053_1.fastq.gz -I /home/zhou/raid/ncbi/dbGaP-24835/RNA_phs001919_PRJNA578193/raw/SRR10486053_2.fastq.gz -o /home/zhou/raid/IO_RNA/PHS001919/fq/SRR10486053_1.fastq.gz -O /home/zhou/raid/IO_RNA/PHS001919/fq/SRR10486053_2.fastq.gz -j /home/zhou/raid/IO_RNA/PHS001919/fq/SRR10486053_fastp.json -h /home/zhou/raid/IO_RNA/PHS001919/fq/SRR10486053_fastp.html -w 4 
fastp v0.23.4, time used: 258 seconds
Read1 before filtering:
total reads: 82476159
total bases: 8247615900
Q20 bases: 7985832294(96.8259%)
Q30 bases: 7535947976(91.3712%)

Read2 before filtering:
total reads: 82476159
total bases: 8247615900
Q20 bases: 7828169526(94.9143%)
Q30 bases: 7349843591(89.1148%)

Read1 after filtering:
total reads: 78722235
total bases: 7861343623
Q20 bases: 7710295014(98.0786%)
Q30 bases: 7319687957(93.1099%)

Read2 after filtering:
total reads: 78722235
total bases: 7861343623
Q20 bases: 7683337733(97.7357%)
Q30 bases: 7244693315(92.1559%)

Filtering result:
reads passed filter: 157444470
reads failed due to low quality: 7470960
reads failed due to too many N: 36888
reads failed due to too short: 0
reads with adapter trimmed: 2386208
bases trimmed due to adapters: 22245870

Duplication rate: 16.4565%

Insert size peak (evaluated by paired-end reads): 136

JSON report: /home/zhou/raid/IO_RNA/PHS001919/fq/SRR10486054_fastp.json
HTML report: /home/zhou/raid/IO_RNA/PHS001919/fq/SRR10486054_fastp.html

/home/circrna/miniconda3/bin/fastp -i /home/zhou/raid/ncbi/dbGaP-24835/RNA_phs001919_PRJNA578193/raw/SRR10486054_1.fastq.gz -I /home/zhou/raid/ncbi/dbGaP-24835/RNA_phs001919_PRJNA578193/raw/SRR10486054_2.fastq.gz -o /home/zhou/raid/IO_RNA/PHS001919/fq/SRR10486054_1.fastq.gz -O /home/zhou/raid/IO_RNA/PHS001919/fq/SRR10486054_2.fastq.gz -j /home/zhou/raid/IO_RNA/PHS001919/fq/SRR10486054_fastp.json -h /home/zhou/raid/IO_RNA/PHS001919/fq/SRR10486054_fastp.html -w 4 
fastp v0.23.4, time used: 319 seconds
Read1 before filtering:
total reads: 111622207
total bases: 10996664706
Q20 bases: 10572484184(96.1426%)
Q30 bases: 9760902640(88.7624%)

Read2 before filtering:
total reads: 111622207
total bases: 11089023966
Q20 bases: 10120516129(91.2661%)
Q30 bases: 9002898361(81.1875%)

Read1 after filtering:
total reads: 106485902
total bases: 10579627064
Q20 bases: 10255133871(96.9328%)
Q30 bases: 9487789120(89.6798%)

Read2 after filtering:
total reads: 106485902
total bases: 10575353954
Q20 bases: 10003263709(94.5903%)
Q30 bases: 8962471248(84.7487%)

Filtering result:
reads passed filter: 212971804
reads failed due to low quality: 10124024
reads failed due to too many N: 148586
reads failed due to too short: 0
reads with adapter trimmed: 204008
bases trimmed due to adapters: 4168747

Duplication rate: 27.0164%

Insert size peak (evaluated by paired-end reads): 142

JSON report: /home/zhou/raid/IO_RNA/PHS001919/fq/SRR10486055_fastp.json
HTML report: /home/zhou/raid/IO_RNA/PHS001919/fq/SRR10486055_fastp.html

/home/circrna/miniconda3/bin/fastp -i /home/zhou/raid/ncbi/dbGaP-24835/RNA_phs001919_PRJNA578193/raw/SRR10486055_1.fastq.gz -I /home/zhou/raid/ncbi/dbGaP-24835/RNA_phs001919_PRJNA578193/raw/SRR10486055_2.fastq.gz -o /home/zhou/raid/IO_RNA/PHS001919/fq/SRR10486055_1.fastq.gz -O /home/zhou/raid/IO_RNA/PHS001919/fq/SRR10486055_2.fastq.gz -j /home/zhou/raid/IO_RNA/PHS001919/fq/SRR10486055_fastp.json -h /home/zhou/raid/IO_RNA/PHS001919/fq/SRR10486055_fastp.html -w 4 
fastp v0.23.4, time used: 746 seconds
Read1 before filtering:
total reads: 87727770
total bases: 8772777000
Q20 bases: 8461587951(96.4528%)
Q30 bases: 7953623861(90.6626%)

Read2 before filtering:
total reads: 87727770
total bases: 8772777000
Q20 bases: 8279056701(94.3721%)
Q30 bases: 7758554379(88.439%)

Read1 after filtering:
total reads: 83398128
total bases: 8320982321
Q20 bases: 8133537510(97.7473%)
Q30 bases: 7698331575(92.5171%)

Read2 after filtering:
total reads: 83398128
total bases: 8320982321
Q20 bases: 8130880073(97.7154%)
Q30 bases: 7654937736(91.9956%)

Filtering result:
reads passed filter: 166796256
reads failed due to low quality: 8557352
reads failed due to too many N: 101932
reads failed due to too short: 0
reads with adapter trimmed: 2138710
bases trimmed due to adapters: 38358816

Duplication rate: 18.4148%

Insert size peak (evaluated by paired-end reads): 145

JSON report: /home/zhou/raid/IO_RNA/PHS001919/fq/SRR10486056_fastp.json
HTML report: /home/zhou/raid/IO_RNA/PHS001919/fq/SRR10486056_fastp.html

/home/circrna/miniconda3/bin/fastp -i /home/zhou/raid/ncbi/dbGaP-24835/RNA_phs001919_PRJNA578193/raw/SRR10486056_1.fastq.gz -I /home/zhou/raid/ncbi/dbGaP-24835/RNA_phs001919_PRJNA578193/raw/SRR10486056_2.fastq.gz -o /home/zhou/raid/IO_RNA/PHS001919/fq/SRR10486056_1.fastq.gz -O /home/zhou/raid/IO_RNA/PHS001919/fq/SRR10486056_2.fastq.gz -j /home/zhou/raid/IO_RNA/PHS001919/fq/SRR10486056_fastp.json -h /home/zhou/raid/IO_RNA/PHS001919/fq/SRR10486056_fastp.html -w 4 
fastp v0.23.4, time used: 448 seconds
Read1 before filtering:
total reads: 127257684
total bases: 12581554868
Q20 bases: 12123070306(96.3559%)
Q30 bases: 11197930662(89.0028%)

Read2 before filtering:
total reads: 127257684
total bases: 12623748922
Q20 bases: 11669746860(92.4428%)
Q30 bases: 10445555607(82.7453%)

Read1 after filtering:
total reads: 122932089
total bases: 12194083453
Q20 bases: 11816257014(96.9016%)
Q30 bases: 10937354319(89.6939%)

Read2 after filtering:
total reads: 122932089
total bases: 12190077332
Q20 bases: 11552380122(94.7687%)
Q30 bases: 10395579298(85.279%)

Filtering result:
reads passed filter: 245864178
reads failed due to low quality: 8473296
reads failed due to too many N: 177894
reads failed due to too short: 0
reads with adapter trimmed: 314554
bases trimmed due to adapters: 5649590

Duplication rate: 27.465%

Insert size peak (evaluated by paired-end reads): 144

JSON report: /home/zhou/raid/IO_RNA/PHS001919/fq/SRR10486057_fastp.json
HTML report: /home/zhou/raid/IO_RNA/PHS001919/fq/SRR10486057_fastp.html

/home/circrna/miniconda3/bin/fastp -i /home/zhou/raid/ncbi/dbGaP-24835/RNA_phs001919_PRJNA578193/raw/SRR10486057_1.fastq.gz -I /home/zhou/raid/ncbi/dbGaP-24835/RNA_phs001919_PRJNA578193/raw/SRR10486057_2.fastq.gz -o /home/zhou/raid/IO_RNA/PHS001919/fq/SRR10486057_1.fastq.gz -O /home/zhou/raid/IO_RNA/PHS001919/fq/SRR10486057_2.fastq.gz -j /home/zhou/raid/IO_RNA/PHS001919/fq/SRR10486057_fastp.json -h /home/zhou/raid/IO_RNA/PHS001919/fq/SRR10486057_fastp.html -w 4 
fastp v0.23.4, time used: 645 seconds
Read1 before filtering:
total reads: 89399694
total bases: 8869773061
Q20 bases: 8497585170(95.8039%)
Q30 bases: 7878940592(88.8291%)

Read2 before filtering:
total reads: 89399694
total bases: 8866752419
Q20 bases: 8498017462(95.8414%)
Q30 bases: 7933161109(89.4709%)

Read1 after filtering:
total reads: 88509598
total bases: 8780073711
Q20 bases: 8432989041(96.0469%)
Q30 bases: 7828270570(89.1595%)

Read2 after filtering:
total reads: 88509598
total bases: 8776338803
Q20 bases: 8457937075(96.372%)
Q30 bases: 7908502506(90.1116%)

Filtering result:
reads passed filter: 177019196
reads failed due to low quality: 1728976
reads failed due to too many N: 51216
reads failed due to too short: 0
reads with adapter trimmed: 144556
bases trimmed due to adapters: 3551960

Duplication rate: 14.9876%

Insert size peak (evaluated by paired-end reads): 139

JSON report: /home/zhou/raid/IO_RNA/PHS001919/fq/SRR10486058_fastp.json
HTML report: /home/zhou/raid/IO_RNA/PHS001919/fq/SRR10486058_fastp.html

/home/circrna/miniconda3/bin/fastp -i /home/zhou/raid/ncbi/dbGaP-24835/RNA_phs001919_PRJNA578193/raw/SRR10486058_1.fastq.gz -I /home/zhou/raid/ncbi/dbGaP-24835/RNA_phs001919_PRJNA578193/raw/SRR10486058_2.fastq.gz -o /home/zhou/raid/IO_RNA/PHS001919/fq/SRR10486058_1.fastq.gz -O /home/zhou/raid/IO_RNA/PHS001919/fq/SRR10486058_2.fastq.gz -j /home/zhou/raid/IO_RNA/PHS001919/fq/SRR10486058_fastp.json -h /home/zhou/raid/IO_RNA/PHS001919/fq/SRR10486058_fastp.html -w 4 
fastp v0.23.4, time used: 431 seconds
Read1 before filtering:
total reads: 102291757
total bases: 10161360193
Q20 bases: 9717629804(95.6332%)
Q30 bases: 9039181849(88.9564%)

Read2 before filtering:
total reads: 102291757
total bases: 10158231718
Q20 bases: 9721707578(95.7028%)
Q30 bases: 9085627879(89.441%)

Read1 after filtering:
total reads: 101055271
total bases: 10035522312
Q20 bases: 9629875662(95.9579%)
Q30 bases: 8968638108(89.3689%)

Read2 after filtering:
total reads: 101055271
total bases: 10032106008
Q20 bases: 9658933975(96.2802%)
Q30 bases: 9042175851(90.1324%)

Filtering result:
reads passed filter: 202110542
reads failed due to low quality: 2414476
reads failed due to too many N: 58496
reads failed due to too short: 0
reads with adapter trimmed: 225254
bases trimmed due to adapters: 5928604

Duplication rate: 13.061%

Insert size peak (evaluated by paired-end reads): 142

JSON report: /home/zhou/raid/IO_RNA/PHS001919/fq/SRR10486059_fastp.json
HTML report: /home/zhou/raid/IO_RNA/PHS001919/fq/SRR10486059_fastp.html

/home/circrna/miniconda3/bin/fastp -i /home/zhou/raid/ncbi/dbGaP-24835/RNA_phs001919_PRJNA578193/raw/SRR10486059_1.fastq.gz -I /home/zhou/raid/ncbi/dbGaP-24835/RNA_phs001919_PRJNA578193/raw/SRR10486059_2.fastq.gz -o /home/zhou/raid/IO_RNA/PHS001919/fq/SRR10486059_1.fastq.gz -O /home/zhou/raid/IO_RNA/PHS001919/fq/SRR10486059_2.fastq.gz -j /home/zhou/raid/IO_RNA/PHS001919/fq/SRR10486059_fastp.json -h /home/zhou/raid/IO_RNA/PHS001919/fq/SRR10486059_fastp.html -w 4 
fastp v0.23.4, time used: 471 seconds
Read1 before filtering:
total reads: 110349389
total bases: 10957213711
Q20 bases: 10475704330(95.6055%)
Q30 bases: 9723092843(88.7369%)

Read2 before filtering:
total reads: 110349389
total bases: 10952629123
Q20 bases: 10500617956(95.873%)
Q30 bases: 9818150312(89.6419%)

Read1 after filtering:
total reads: 109172487
total bases: 10837100622
Q20 bases: 10393971263(95.911%)
Q30 bases: 9658439996(89.1238%)

Read2 after filtering:
total reads: 109172487
total bases: 10832136687
Q20 bases: 10440524809(96.3847%)
Q30 bases: 9776539434(90.2549%)

Filtering result:
reads passed filter: 218344974
reads failed due to low quality: 2291066
reads failed due to too many N: 62738
reads failed due to too short: 0
reads with adapter trimmed: 262960
bases trimmed due to adapters: 6620001

Duplication rate: 14.1306%

Insert size peak (evaluated by paired-end reads): 139

JSON report: /home/zhou/raid/IO_RNA/PHS001919/fq/SRR10486060_fastp.json
HTML report: /home/zhou/raid/IO_RNA/PHS001919/fq/SRR10486060_fastp.html

/home/circrna/miniconda3/bin/fastp -i /home/zhou/raid/ncbi/dbGaP-24835/RNA_phs001919_PRJNA578193/raw/SRR10486060_1.fastq.gz -I /home/zhou/raid/ncbi/dbGaP-24835/RNA_phs001919_PRJNA578193/raw/SRR10486060_2.fastq.gz -o /home/zhou/raid/IO_RNA/PHS001919/fq/SRR10486060_1.fastq.gz -O /home/zhou/raid/IO_RNA/PHS001919/fq/SRR10486060_2.fastq.gz -j /home/zhou/raid/IO_RNA/PHS001919/fq/SRR10486060_fastp.json -h /home/zhou/raid/IO_RNA/PHS001919/fq/SRR10486060_fastp.html -w 4 
fastp v0.23.4, time used: 451 seconds
Read1 before filtering:
total reads: 90617985
total bases: 9061798500
Q20 bases: 8713017952(96.1511%)
Q30 bases: 8163573544(90.0878%)

Read2 before filtering:
total reads: 90617985
total bases: 9061798500
Q20 bases: 8437444997(93.11%)
Q30 bases: 7836216008(86.4753%)

Read1 after filtering:
total reads: 84890379
total bases: 8476895222
Q20 bases: 8290224540(97.7979%)
Q30 bases: 7823725912(92.2947%)

Read2 after filtering:
total reads: 84890379
total bases: 8476895222
Q20 bases: 8241588476(97.2241%)
Q30 bases: 7696686117(90.7961%)

Filtering result:
reads passed filter: 169780758
reads failed due to low quality: 11288866
reads failed due to too many N: 166346
reads failed due to too short: 0
reads with adapter trimmed: 1348620
bases trimmed due to adapters: 25076606

Duplication rate: 18.7852%

Insert size peak (evaluated by paired-end reads): 156

JSON report: /home/zhou/raid/IO_RNA/PHS001919/fq/SRR10486061_fastp.json
HTML report: /home/zhou/raid/IO_RNA/PHS001919/fq/SRR10486061_fastp.html

/home/circrna/miniconda3/bin/fastp -i /home/zhou/raid/ncbi/dbGaP-24835/RNA_phs001919_PRJNA578193/raw/SRR10486061_1.fastq.gz -I /home/zhou/raid/ncbi/dbGaP-24835/RNA_phs001919_PRJNA578193/raw/SRR10486061_2.fastq.gz -o /home/zhou/raid/IO_RNA/PHS001919/fq/SRR10486061_1.fastq.gz -O /home/zhou/raid/IO_RNA/PHS001919/fq/SRR10486061_2.fastq.gz -j /home/zhou/raid/IO_RNA/PHS001919/fq/SRR10486061_fastp.json -h /home/zhou/raid/IO_RNA/PHS001919/fq/SRR10486061_fastp.html -w 4 
fastp v0.23.4, time used: 324 seconds
Read1 before filtering:
total reads: 63320771
total bases: 6332077100
Q20 bases: 6112416467(96.531%)
Q30 bases: 5749196171(90.7948%)

Read2 before filtering:
total reads: 63320771
total bases: 6332077100
Q20 bases: 5907321114(93.292%)
Q30 bases: 5502332641(86.8962%)

Read1 after filtering:
total reads: 59430212
total bases: 5935471560
Q20 bases: 5814836407(97.9676%)
Q30 bases: 5503278455(92.7185%)

Read2 after filtering:
total reads: 59430212
total bases: 5935471560
Q20 bases: 5777164440(97.3329%)
Q30 bases: 5407206087(91.0999%)

Filtering result:
reads passed filter: 118860424
reads failed due to low quality: 7667096
reads failed due to too many N: 114022
reads failed due to too short: 0
reads with adapter trimmed: 752596
bases trimmed due to adapters: 15542918

Duplication rate: 19.9811%

Insert size peak (evaluated by paired-end reads): 156

JSON report: /home/zhou/raid/IO_RNA/PHS001919/fq/SRR10486062_fastp.json
HTML report: /home/zhou/raid/IO_RNA/PHS001919/fq/SRR10486062_fastp.html

/home/circrna/miniconda3/bin/fastp -i /home/zhou/raid/ncbi/dbGaP-24835/RNA_phs001919_PRJNA578193/raw/SRR10486062_1.fastq.gz -I /home/zhou/raid/ncbi/dbGaP-24835/RNA_phs001919_PRJNA578193/raw/SRR10486062_2.fastq.gz -o /home/zhou/raid/IO_RNA/PHS001919/fq/SRR10486062_1.fastq.gz -O /home/zhou/raid/IO_RNA/PHS001919/fq/SRR10486062_2.fastq.gz -j /home/zhou/raid/IO_RNA/PHS001919/fq/SRR10486062_fastp.json -h /home/zhou/raid/IO_RNA/PHS001919/fq/SRR10486062_fastp.html -w 4 
fastp v0.23.4, time used: 265 seconds
Read1 before filtering:
total reads: 68584414
total bases: 6858441400
Q20 bases: 6631525600(96.6914%)
Q30 bases: 6246886358(91.0832%)

Read2 before filtering:
total reads: 68584414
total bases: 6858441400
Q20 bases: 6502313022(94.8074%)
Q30 bases: 6096618775(88.8922%)

Read1 after filtering:
total reads: 65365472
total bases: 6526549457
Q20 bases: 6395694401(97.995%)
Q30 bases: 6060942636(92.866%)

Read2 after filtering:
total reads: 65365472
total bases: 6526549457
Q20 bases: 6375119553(97.6798%)
Q30 bases: 6003275830(91.9824%)

Filtering result:
reads passed filter: 130730944
reads failed due to low quality: 6407562
reads failed due to too many N: 30322
reads failed due to too short: 0
reads with adapter trimmed: 2240056
bases trimmed due to adapters: 20458878

Duplication rate: 20.7359%

Insert size peak (evaluated by paired-end reads): 136

JSON report: /home/zhou/raid/IO_RNA/PHS001919/fq/SRR10486063_fastp.json
HTML report: /home/zhou/raid/IO_RNA/PHS001919/fq/SRR10486063_fastp.html

/home/circrna/miniconda3/bin/fastp -i /home/zhou/raid/ncbi/dbGaP-24835/RNA_phs001919_PRJNA578193/raw/SRR10486063_1.fastq.gz -I /home/zhou/raid/ncbi/dbGaP-24835/RNA_phs001919_PRJNA578193/raw/SRR10486063_2.fastq.gz -o /home/zhou/raid/IO_RNA/PHS001919/fq/SRR10486063_1.fastq.gz -O /home/zhou/raid/IO_RNA/PHS001919/fq/SRR10486063_2.fastq.gz -j /home/zhou/raid/IO_RNA/PHS001919/fq/SRR10486063_fastp.json -h /home/zhou/raid/IO_RNA/PHS001919/fq/SRR10486063_fastp.html -w 4 
fastp v0.23.4, time used: 284 seconds
Read1 before filtering:
total reads: 87391514
total bases: 8681208448
Q20 bases: 8291968078(95.5163%)
Q30 bases: 7692803277(88.6144%)

Read2 before filtering:
total reads: 87391514
total bases: 8681464122
Q20 bases: 8319492776(95.8305%)
Q30 bases: 7770037193(89.5015%)

Read1 after filtering:
total reads: 86374493
total bases: 8581792434
Q20 bases: 8227778103(95.8748%)
Q30 bases: 7642665973(89.0568%)

Read2 after filtering:
total reads: 86374493
total bases: 8577887248
Q20 bases: 8267394546(96.3803%)
Q30 bases: 7733870840(90.1606%)

Filtering result:
reads passed filter: 172748986
reads failed due to low quality: 1984866
reads failed due to too many N: 49176
reads failed due to too short: 0
reads with adapter trimmed: 180156
bases trimmed due to adapters: 4661309

Duplication rate: 13.9913%

Insert size peak (evaluated by paired-end reads): 144

JSON report: /home/zhou/raid/IO_RNA/PHS001919/fq/SRR10486064_fastp.json
HTML report: /home/zhou/raid/IO_RNA/PHS001919/fq/SRR10486064_fastp.html

/home/circrna/miniconda3/bin/fastp -i /home/zhou/raid/ncbi/dbGaP-24835/RNA_phs001919_PRJNA578193/raw/SRR10486064_1.fastq.gz -I /home/zhou/raid/ncbi/dbGaP-24835/RNA_phs001919_PRJNA578193/raw/SRR10486064_2.fastq.gz -o /home/zhou/raid/IO_RNA/PHS001919/fq/SRR10486064_1.fastq.gz -O /home/zhou/raid/IO_RNA/PHS001919/fq/SRR10486064_2.fastq.gz -j /home/zhou/raid/IO_RNA/PHS001919/fq/SRR10486064_fastp.json -h /home/zhou/raid/IO_RNA/PHS001919/fq/SRR10486064_fastp.html -w 4 
fastp v0.23.4, time used: 389 seconds
Read1 before filtering:
total reads: 49392086
total bases: 4939208600
Q20 bases: 4744403082(96.0559%)
Q30 bases: 4409732627(89.2801%)

Read2 before filtering:
total reads: 49392086
total bases: 4939208600
Q20 bases: 4585433779(92.8374%)
Q30 bases: 4216387934(85.3657%)

Read1 after filtering:
total reads: 46223734
total bases: 4615438943
Q20 bases: 4503717865(97.5794%)
Q30 bases: 4219521482(91.4219%)

Read2 after filtering:
total reads: 46223734
total bases: 4615438943
Q20 bases: 4454687501(96.5171%)
Q30 bases: 4120563271(89.2778%)

Filtering result:
reads passed filter: 92447468
reads failed due to low quality: 6296370
reads failed due to too many N: 40334
reads failed due to too short: 0
reads with adapter trimmed: 1353064
bases trimmed due to adapters: 14297698

Duplication rate: 12.5443%

Insert size peak (evaluated by paired-end reads): 145

JSON report: /home/zhou/raid/IO_RNA/PHS001919/fq/SRR10486065_fastp.json
HTML report: /home/zhou/raid/IO_RNA/PHS001919/fq/SRR10486065_fastp.html

/home/circrna/miniconda3/bin/fastp -i /home/zhou/raid/ncbi/dbGaP-24835/RNA_phs001919_PRJNA578193/raw/SRR10486065_1.fastq.gz -I /home/zhou/raid/ncbi/dbGaP-24835/RNA_phs001919_PRJNA578193/raw/SRR10486065_2.fastq.gz -o /home/zhou/raid/IO_RNA/PHS001919/fq/SRR10486065_1.fastq.gz -O /home/zhou/raid/IO_RNA/PHS001919/fq/SRR10486065_2.fastq.gz -j /home/zhou/raid/IO_RNA/PHS001919/fq/SRR10486065_fastp.json -h /home/zhou/raid/IO_RNA/PHS001919/fq/SRR10486065_fastp.html -w 4 
fastp v0.23.4, time used: 179 seconds
Read1 before filtering:
total reads: 71676395
total bases: 7053341642
Q20 bases: 6788821626(96.2497%)
Q30 bases: 6277251624(88.9968%)

Read2 before filtering:
total reads: 71676395
total bases: 7117029973
Q20 bases: 6563937522(92.2286%)
Q30 bases: 5884305432(82.6792%)

Read1 after filtering:
total reads: 68909529
total bases: 6842763142
Q20 bases: 6639717217(97.0327%)
Q30 bases: 6150596104(89.8847%)

Read2 after filtering:
total reads: 68909529
total bases: 6840394959
Q20 bases: 6498992709(95.009%)
Q30 bases: 5860926520(85.6811%)

Filtering result:
reads passed filter: 137819058
reads failed due to low quality: 5438268
reads failed due to too many N: 95464
reads failed due to too short: 0
reads with adapter trimmed: 137736
bases trimmed due to adapters: 2698912

Duplication rate: 21.9276%

Insert size peak (evaluated by paired-end reads): 139

JSON report: /home/zhou/raid/IO_RNA/PHS001919/fq/SRR10486066_fastp.json
HTML report: /home/zhou/raid/IO_RNA/PHS001919/fq/SRR10486066_fastp.html

/home/circrna/miniconda3/bin/fastp -i /home/zhou/raid/ncbi/dbGaP-24835/RNA_phs001919_PRJNA578193/raw/SRR10486066_1.fastq.gz -I /home/zhou/raid/ncbi/dbGaP-24835/RNA_phs001919_PRJNA578193/raw/SRR10486066_2.fastq.gz -o /home/zhou/raid/IO_RNA/PHS001919/fq/SRR10486066_1.fastq.gz -O /home/zhou/raid/IO_RNA/PHS001919/fq/SRR10486066_2.fastq.gz -j /home/zhou/raid/IO_RNA/PHS001919/fq/SRR10486066_fastp.json -h /home/zhou/raid/IO_RNA/PHS001919/fq/SRR10486066_fastp.html -w 4 
fastp v0.23.4, time used: 300 seconds
Read1 before filtering:
total reads: 110014784
total bases: 10820520888
Q20 bases: 10416388678(96.2651%)
Q30 bases: 9621608308(88.92%)

Read2 before filtering:
total reads: 110014784
total bases: 10887608644
Q20 bases: 10041466003(92.2284%)
Q30 bases: 8986762198(82.5412%)

Read1 after filtering:
total reads: 106008690
total bases: 10489643131
Q20 bases: 10165383503(96.9088%)
Q30 bases: 9408234797(89.6907%)

Read2 after filtering:
total reads: 106008690
total bases: 10486543356
Q20 bases: 9940904912(94.7968%)
Q30 bases: 8948148329(85.3298%)

Filtering result:
reads passed filter: 212017380
reads failed due to low quality: 7832826
reads failed due to too many N: 179362
reads failed due to too short: 0
reads with adapter trimmed: 358826
bases trimmed due to adapters: 5591448

Duplication rate: 23.5966%

Insert size peak (evaluated by paired-end reads): 139

JSON report: /home/zhou/raid/IO_RNA/PHS001919/fq/SRR10486067_fastp.json
HTML report: /home/zhou/raid/IO_RNA/PHS001919/fq/SRR10486067_fastp.html

/home/circrna/miniconda3/bin/fastp -i /home/zhou/raid/ncbi/dbGaP-24835/RNA_phs001919_PRJNA578193/raw/SRR10486067_1.fastq.gz -I /home/zhou/raid/ncbi/dbGaP-24835/RNA_phs001919_PRJNA578193/raw/SRR10486067_2.fastq.gz -o /home/zhou/raid/IO_RNA/PHS001919/fq/SRR10486067_1.fastq.gz -O /home/zhou/raid/IO_RNA/PHS001919/fq/SRR10486067_2.fastq.gz -j /home/zhou/raid/IO_RNA/PHS001919/fq/SRR10486067_fastp.json -h /home/zhou/raid/IO_RNA/PHS001919/fq/SRR10486067_fastp.html -w 4 
fastp v0.23.4, time used: 441 seconds
Read1 before filtering:
total reads: 69142613
total bases: 6454841104
Q20 bases: 5907200717(91.5158%)
Q30 bases: 5475913621(84.8342%)

Read2 before filtering:
total reads: 69142613
total bases: 6822099230
Q20 bases: 5895563234(86.4186%)
Q30 bases: 5308421009(77.8121%)

Read1 after filtering:
total reads: 60941399
total bases: 6007183454
Q20 bases: 5742538719(95.5945%)
Q30 bases: 5341698178(88.9218%)

Read2 after filtering:
total reads: 60941399
total bases: 6004073504
Q20 bases: 5703677698(94.9968%)
Q30 bases: 5235700912(87.2025%)

Filtering result:
reads passed filter: 121882798
reads failed due to low quality: 16318164
reads failed due to too many N: 84264
reads failed due to too short: 0
reads with adapter trimmed: 438666
bases trimmed due to adapters: 6088675

Duplication rate: 46.8466%

Insert size peak (evaluated by paired-end reads): 115

JSON report: /home/zhou/raid/IO_RNA/PHS001919/fq/SRR10486068_fastp.json
HTML report: /home/zhou/raid/IO_RNA/PHS001919/fq/SRR10486068_fastp.html

/home/circrna/miniconda3/bin/fastp -i /home/zhou/raid/ncbi/dbGaP-24835/RNA_phs001919_PRJNA578193/raw/SRR10486068_1.fastq.gz -I /home/zhou/raid/ncbi/dbGaP-24835/RNA_phs001919_PRJNA578193/raw/SRR10486068_2.fastq.gz -o /home/zhou/raid/IO_RNA/PHS001919/fq/SRR10486068_1.fastq.gz -O /home/zhou/raid/IO_RNA/PHS001919/fq/SRR10486068_2.fastq.gz -j /home/zhou/raid/IO_RNA/PHS001919/fq/SRR10486068_fastp.json -h /home/zhou/raid/IO_RNA/PHS001919/fq/SRR10486068_fastp.html -w 4 
fastp v0.23.4, time used: 259 seconds
Read1 before filtering:
total reads: 85492431
total bases: 8549243100
Q20 bases: 8360832793(97.7962%)
Q30 bases: 8030103915(93.9277%)

Read2 before filtering:
total reads: 85492431
total bases: 8549243100
Q20 bases: 8229957825(96.2653%)
Q30 bases: 7861421507(91.9546%)

Read1 after filtering:
total reads: 82632843
total bases: 8076528449
Q20 bases: 7976088778(98.7564%)
Q30 bases: 7689451327(95.2074%)

Read2 after filtering:
total reads: 82632843
total bases: 8076528449
Q20 bases: 7956889162(98.5187%)
Q30 bases: 7626596438(94.4291%)

Filtering result:
reads passed filter: 165265686
reads failed due to low quality: 5671862
reads failed due to too many N: 47314
reads failed due to too short: 0
reads with adapter trimmed: 23679176
bases trimmed due to adapters: 376855538

Duplication rate: 39.1457%

Insert size peak (evaluated by paired-end reads): 114

JSON report: /home/zhou/raid/IO_RNA/PHS001919/fq/SRR10486069_fastp.json
HTML report: /home/zhou/raid/IO_RNA/PHS001919/fq/SRR10486069_fastp.html

/home/circrna/miniconda3/bin/fastp -i /home/zhou/raid/ncbi/dbGaP-24835/RNA_phs001919_PRJNA578193/raw/SRR10486069_1.fastq.gz -I /home/zhou/raid/ncbi/dbGaP-24835/RNA_phs001919_PRJNA578193/raw/SRR10486069_2.fastq.gz -o /home/zhou/raid/IO_RNA/PHS001919/fq/SRR10486069_1.fastq.gz -O /home/zhou/raid/IO_RNA/PHS001919/fq/SRR10486069_2.fastq.gz -j /home/zhou/raid/IO_RNA/PHS001919/fq/SRR10486069_fastp.json -h /home/zhou/raid/IO_RNA/PHS001919/fq/SRR10486069_fastp.html -w 4 
fastp v0.23.4, time used: 302 seconds
Read1 before filtering:
total reads: 72397468
total bases: 7239746800
Q20 bases: 7036908624(97.1983%)
Q30 bases: 6661182666(92.0085%)

Read2 before filtering:
total reads: 72397468
total bases: 7239746800
Q20 bases: 6889194050(95.1579%)
Q30 bases: 6478803502(89.4894%)

Read1 after filtering:
total reads: 69355342
total bases: 6925903435
Q20 bases: 6804653953(98.2493%)
Q30 bases: 6475565315(93.4978%)

Read2 after filtering:
total reads: 69355342
total bases: 6925903435
Q20 bases: 6774659402(97.8163%)
Q30 bases: 6394959027(92.3339%)

Filtering result:
reads passed filter: 138710684
reads failed due to low quality: 6051630
reads failed due to too many N: 32622
reads failed due to too short: 0
reads with adapter trimmed: 2027288
bases trimmed due to adapters: 19603862

Duplication rate: 15.4929%

Insert size peak (evaluated by paired-end reads): 136

JSON report: /home/zhou/raid/IO_RNA/PHS001919/fq/SRR10486070_fastp.json
HTML report: /home/zhou/raid/IO_RNA/PHS001919/fq/SRR10486070_fastp.html

/home/circrna/miniconda3/bin/fastp -i /home/zhou/raid/ncbi/dbGaP-24835/RNA_phs001919_PRJNA578193/raw/SRR10486070_1.fastq.gz -I /home/zhou/raid/ncbi/dbGaP-24835/RNA_phs001919_PRJNA578193/raw/SRR10486070_2.fastq.gz -o /home/zhou/raid/IO_RNA/PHS001919/fq/SRR10486070_1.fastq.gz -O /home/zhou/raid/IO_RNA/PHS001919/fq/SRR10486070_2.fastq.gz -j /home/zhou/raid/IO_RNA/PHS001919/fq/SRR10486070_fastp.json -h /home/zhou/raid/IO_RNA/PHS001919/fq/SRR10486070_fastp.html -w 4 
fastp v0.23.4, time used: 265 seconds
Read1 before filtering:
total reads: 81685413
total bases: 8168541300
Q20 bases: 7915395929(96.901%)
Q30 bases: 7475220835(91.5123%)

Read2 before filtering:
total reads: 81685413
total bases: 8168541300
Q20 bases: 7750463715(94.8819%)
Q30 bases: 7280381418(89.1271%)

Read1 after filtering:
total reads: 77970718
total bases: 7785400393
Q20 bases: 7638876764(98.118%)
Q30 bases: 7257051019(93.2136%)

Read2 after filtering:
total reads: 77970718
total bases: 7785400393
Q20 bases: 7610314564(97.7511%)
Q30 bases: 7178683121(92.207%)

Filtering result:
reads passed filter: 155941436
reads failed due to low quality: 7393062
reads failed due to too many N: 36328
reads failed due to too short: 0
reads with adapter trimmed: 2538586
bases trimmed due to adapters: 23845212

Duplication rate: 13.9759%

Insert size peak (evaluated by paired-end reads): 136

JSON report: /home/zhou/raid/IO_RNA/PHS001919/fq/SRR10486071_fastp.json
HTML report: /home/zhou/raid/IO_RNA/PHS001919/fq/SRR10486071_fastp.html

/home/circrna/miniconda3/bin/fastp -i /home/zhou/raid/ncbi/dbGaP-24835/RNA_phs001919_PRJNA578193/raw/SRR10486071_1.fastq.gz -I /home/zhou/raid/ncbi/dbGaP-24835/RNA_phs001919_PRJNA578193/raw/SRR10486071_2.fastq.gz -o /home/zhou/raid/IO_RNA/PHS001919/fq/SRR10486071_1.fastq.gz -O /home/zhou/raid/IO_RNA/PHS001919/fq/SRR10486071_2.fastq.gz -j /home/zhou/raid/IO_RNA/PHS001919/fq/SRR10486071_fastp.json -h /home/zhou/raid/IO_RNA/PHS001919/fq/SRR10486071_fastp.html -w 4 
fastp v0.23.4, time used: 285 seconds
Read1 before filtering:
total reads: 80622502
total bases: 7951520392
Q20 bases: 7674115468(96.5113%)
Q30 bases: 7182941024(90.3342%)

Read2 before filtering:
total reads: 80622502
total bases: 7986386803
Q20 bases: 7483089937(93.6981%)
Q30 bases: 6840119313(85.6472%)

Read1 after filtering:
total reads: 78254227
total bases: 7751642708
Q20 bases: 7524859355(97.0744%)
Q30 bases: 7055057214(91.0137%)

Read2 after filtering:
total reads: 78254227
total bases: 7748319240
Q20 bases: 7415744893(95.7078%)
Q30 bases: 6809472097(87.8832%)

Filtering result:
reads passed filter: 156508454
reads failed due to low quality: 4630042
reads failed due to too many N: 106508
reads failed due to too short: 0
reads with adapter trimmed: 243162
bases trimmed due to adapters: 4182285

Duplication rate: 27.5753%

Insert size peak (evaluated by paired-end reads): 130

JSON report: /home/zhou/raid/IO_RNA/PHS001919/fq/SRR10486072_fastp.json
HTML report: /home/zhou/raid/IO_RNA/PHS001919/fq/SRR10486072_fastp.html

/home/circrna/miniconda3/bin/fastp -i /home/zhou/raid/ncbi/dbGaP-24835/RNA_phs001919_PRJNA578193/raw/SRR10486072_1.fastq.gz -I /home/zhou/raid/ncbi/dbGaP-24835/RNA_phs001919_PRJNA578193/raw/SRR10486072_2.fastq.gz -o /home/zhou/raid/IO_RNA/PHS001919/fq/SRR10486072_1.fastq.gz -O /home/zhou/raid/IO_RNA/PHS001919/fq/SRR10486072_2.fastq.gz -j /home/zhou/raid/IO_RNA/PHS001919/fq/SRR10486072_fastp.json -h /home/zhou/raid/IO_RNA/PHS001919/fq/SRR10486072_fastp.html -w 4 
fastp v0.23.4, time used: 285 seconds
Read1 before filtering:
total reads: 97028247
total bases: 9640211044
Q20 bases: 9236037769(95.8074%)
Q30 bases: 8602355654(89.2341%)

Read2 before filtering:
total reads: 97028247
total bases: 9636183937
Q20 bases: 9235617634(95.8431%)
Q30 bases: 8629995861(89.5582%)

Read1 after filtering:
total reads: 96036404
total bases: 9539217634
Q20 bases: 9166118318(96.0888%)
Q30 bases: 8547758743(89.6065%)

Read2 after filtering:
total reads: 96036404
total bases: 9534978423
Q20 bases: 9186692021(96.3473%)
Q30 bases: 8597358108(90.1665%)

Filtering result:
reads passed filter: 192072808
reads failed due to low quality: 1928020
reads failed due to too many N: 55666
reads failed due to too short: 0
reads with adapter trimmed: 188562
bases trimmed due to adapters: 4865571

Duplication rate: 10.7153%

Insert size peak (evaluated by paired-end reads): 148

JSON report: /home/zhou/raid/IO_RNA/PHS001919/fq/SRR10486073_fastp.json
HTML report: /home/zhou/raid/IO_RNA/PHS001919/fq/SRR10486073_fastp.html

/home/circrna/miniconda3/bin/fastp -i /home/zhou/raid/ncbi/dbGaP-24835/RNA_phs001919_PRJNA578193/raw/SRR10486073_1.fastq.gz -I /home/zhou/raid/ncbi/dbGaP-24835/RNA_phs001919_PRJNA578193/raw/SRR10486073_2.fastq.gz -o /home/zhou/raid/IO_RNA/PHS001919/fq/SRR10486073_1.fastq.gz -O /home/zhou/raid/IO_RNA/PHS001919/fq/SRR10486073_2.fastq.gz -j /home/zhou/raid/IO_RNA/PHS001919/fq/SRR10486073_fastp.json -h /home/zhou/raid/IO_RNA/PHS001919/fq/SRR10486073_fastp.html -w 4 
fastp v0.23.4, time used: 369 seconds
Read1 before filtering:
total reads: 78720260
total bases: 7774914777
Q20 bases: 7501282539(96.4806%)
Q30 bases: 6942674913(89.2958%)

Read2 before filtering:
total reads: 78720260
total bases: 7817467506
Q20 bases: 7206658710(92.1866%)
Q30 bases: 6457512489(82.6036%)

Read1 after filtering:
total reads: 75700872
total bases: 7517643357
Q20 bases: 7297168022(97.0672%)
Q30 bases: 6766205816(90.0043%)

Read2 after filtering:
total reads: 75700872
total bases: 7515048321
Q20 bases: 7135352408(94.9475%)
Q30 bases: 6431963405(85.5878%)

Filtering result:
reads passed filter: 151401744
reads failed due to low quality: 5934486
reads failed due to too many N: 104290
reads failed due to too short: 0
reads with adapter trimmed: 154654
bases trimmed due to adapters: 3320358

Duplication rate: 22.7456%

Insert size peak (evaluated by paired-end reads): 144

JSON report: /home/zhou/raid/IO_RNA/PHS001919/fq/SRR10486074_fastp.json
HTML report: /home/zhou/raid/IO_RNA/PHS001919/fq/SRR10486074_fastp.html

/home/circrna/miniconda3/bin/fastp -i /home/zhou/raid/ncbi/dbGaP-24835/RNA_phs001919_PRJNA578193/raw/SRR10486074_1.fastq.gz -I /home/zhou/raid/ncbi/dbGaP-24835/RNA_phs001919_PRJNA578193/raw/SRR10486074_2.fastq.gz -o /home/zhou/raid/IO_RNA/PHS001919/fq/SRR10486074_1.fastq.gz -O /home/zhou/raid/IO_RNA/PHS001919/fq/SRR10486074_2.fastq.gz -j /home/zhou/raid/IO_RNA/PHS001919/fq/SRR10486074_fastp.json -h /home/zhou/raid/IO_RNA/PHS001919/fq/SRR10486074_fastp.html -w 4 
fastp v0.23.4, time used: 327 seconds
Read1 before filtering:
total reads: 69055773
total bases: 6722862568
Q20 bases: 6440344288(95.7976%)
Q30 bases: 5957323584(88.6129%)

Read2 before filtering:
total reads: 69055773
total bases: 6848701022
Q20 bases: 6216790957(90.7733%)
Q30 bases: 5577088633(81.4328%)

Read1 after filtering:
total reads: 65039732
total bases: 6448936815
Q20 bases: 6259468719(97.062%)
Q30 bases: 5800032613(89.9378%)

Read2 after filtering:
total reads: 65039732
total bases: 6447807767
Q20 bases: 6137593972(95.1888%)
Q30 bases: 5555316822(86.1582%)

Filtering result:
reads passed filter: 130079464
reads failed due to low quality: 7929712
reads failed due to too many N: 102370
reads failed due to too short: 0
reads with adapter trimmed: 167112
bases trimmed due to adapters: 3112723

Duplication rate: 31.709%

Insert size peak (evaluated by paired-end reads): 139

JSON report: /home/zhou/raid/IO_RNA/PHS001919/fq/SRR10486075_fastp.json
HTML report: /home/zhou/raid/IO_RNA/PHS001919/fq/SRR10486075_fastp.html

/home/circrna/miniconda3/bin/fastp -i /home/zhou/raid/ncbi/dbGaP-24835/RNA_phs001919_PRJNA578193/raw/SRR10486075_1.fastq.gz -I /home/zhou/raid/ncbi/dbGaP-24835/RNA_phs001919_PRJNA578193/raw/SRR10486075_2.fastq.gz -o /home/zhou/raid/IO_RNA/PHS001919/fq/SRR10486075_1.fastq.gz -O /home/zhou/raid/IO_RNA/PHS001919/fq/SRR10486075_2.fastq.gz -j /home/zhou/raid/IO_RNA/PHS001919/fq/SRR10486075_fastp.json -h /home/zhou/raid/IO_RNA/PHS001919/fq/SRR10486075_fastp.html -w 4 
fastp v0.23.4, time used: 332 seconds
Read1 before filtering:
total reads: 98650772
total bases: 9865077200
Q20 bases: 9619704670(97.5127%)
Q30 bases: 9182655229(93.0824%)

Read2 before filtering:
total reads: 98650772
total bases: 9865077200
Q20 bases: 9472099627(96.0165%)
Q30 bases: 8985942931(91.0884%)

Read1 after filtering:
total reads: 95154361
total bases: 9353643325
Q20 bases: 9217327552(98.5426%)
Q30 bases: 8836705580(94.4734%)

Read2 after filtering:
total reads: 95154361
total bases: 9353643325
Q20 bases: 9191733388(98.269%)
Q30 bases: 8752490013(93.5731%)

Filtering result:
reads passed filter: 190308722
reads failed due to low quality: 6941852
reads failed due to too many N: 50970
reads failed due to too short: 0
reads with adapter trimmed: 23363516
bases trimmed due to adapters: 327241598

Duplication rate: 40.9845%

Insert size peak (evaluated by paired-end reads): 124

JSON report: /home/zhou/raid/IO_RNA/PHS001919/fq/SRR10486076_fastp.json
HTML report: /home/zhou/raid/IO_RNA/PHS001919/fq/SRR10486076_fastp.html

/home/circrna/miniconda3/bin/fastp -i /home/zhou/raid/ncbi/dbGaP-24835/RNA_phs001919_PRJNA578193/raw/SRR10486076_1.fastq.gz -I /home/zhou/raid/ncbi/dbGaP-24835/RNA_phs001919_PRJNA578193/raw/SRR10486076_2.fastq.gz -o /home/zhou/raid/IO_RNA/PHS001919/fq/SRR10486076_1.fastq.gz -O /home/zhou/raid/IO_RNA/PHS001919/fq/SRR10486076_2.fastq.gz -j /home/zhou/raid/IO_RNA/PHS001919/fq/SRR10486076_fastp.json -h /home/zhou/raid/IO_RNA/PHS001919/fq/SRR10486076_fastp.html -w 4 
fastp v0.23.4, time used: 452 seconds
Read1 before filtering:
total reads: 206938958
total bases: 20488043106
Q20 bases: 19832348785(96.7996%)
Q30 bases: 18548445899(90.533%)

Read2 before filtering:
total reads: 206938958
total bases: 20540910388
Q20 bases: 19334619393(94.1274%)
Q30 bases: 17764438264(86.4832%)

Read1 after filtering:
total reads: 201287868
total bases: 19977136709
Q20 bases: 19413847137(97.1803%)
Q30 bases: 18182478604(91.0164%)

Read2 after filtering:
total reads: 201287868
total bases: 19973773188
Q20 bases: 19185461109(96.0533%)
Q30 bases: 17702082188(88.6266%)

Filtering result:
reads passed filter: 402575736
reads failed due to low quality: 11026066
reads failed due to too many N: 276114
reads failed due to too short: 0
reads with adapter trimmed: 415158
bases trimmed due to adapters: 8412236

Duplication rate: 33.1175%

Insert size peak (evaluated by paired-end reads): 145

JSON report: /home/zhou/raid/IO_RNA/PHS001919/fq/SRR10486077_fastp.json
HTML report: /home/zhou/raid/IO_RNA/PHS001919/fq/SRR10486077_fastp.html

/home/circrna/miniconda3/bin/fastp -i /home/zhou/raid/ncbi/dbGaP-24835/RNA_phs001919_PRJNA578193/raw/SRR10486077_1.fastq.gz -I /home/zhou/raid/ncbi/dbGaP-24835/RNA_phs001919_PRJNA578193/raw/SRR10486077_2.fastq.gz -o /home/zhou/raid/IO_RNA/PHS001919/fq/SRR10486077_1.fastq.gz -O /home/zhou/raid/IO_RNA/PHS001919/fq/SRR10486077_2.fastq.gz -j /home/zhou/raid/IO_RNA/PHS001919/fq/SRR10486077_fastp.json -h /home/zhou/raid/IO_RNA/PHS001919/fq/SRR10486077_fastp.html -w 4 
fastp v0.23.4, time used: 930 seconds
Read1 before filtering:
total reads: 138805758
total bases: 13639457205
Q20 bases: 13086027656(95.9424%)
Q30 bases: 12205616944(89.4876%)

Read2 before filtering:
total reads: 138805758
total bases: 13773574747
Q20 bases: 12727307505(92.4038%)
Q30 bases: 11593275420(84.1704%)

Read1 after filtering:
total reads: 132836243
total bases: 13180130374
Q20 bases: 12758775902(96.8031%)
Q30 bases: 11921631319(90.4515%)

Read2 after filtering:
total reads: 132836243
total bases: 13175679010
Q20 bases: 12582858593(95.5006%)
Q30 bases: 11538024493(87.5706%)

Filtering result:
reads passed filter: 265672486
reads failed due to low quality: 11749800
reads failed due to too many N: 189230
reads failed due to too short: 0
reads with adapter trimmed: 436144
bases trimmed due to adapters: 7414242

Duplication rate: 38.185%

Insert size peak (evaluated by paired-end reads): 148

JSON report: /home/zhou/raid/IO_RNA/PHS001919/fq/SRR10486078_fastp.json
HTML report: /home/zhou/raid/IO_RNA/PHS001919/fq/SRR10486078_fastp.html

/home/circrna/miniconda3/bin/fastp -i /home/zhou/raid/ncbi/dbGaP-24835/RNA_phs001919_PRJNA578193/raw/SRR10486078_1.fastq.gz -I /home/zhou/raid/ncbi/dbGaP-24835/RNA_phs001919_PRJNA578193/raw/SRR10486078_2.fastq.gz -o /home/zhou/raid/IO_RNA/PHS001919/fq/SRR10486078_1.fastq.gz -O /home/zhou/raid/IO_RNA/PHS001919/fq/SRR10486078_2.fastq.gz -j /home/zhou/raid/IO_RNA/PHS001919/fq/SRR10486078_fastp.json -h /home/zhou/raid/IO_RNA/PHS001919/fq/SRR10486078_fastp.html -w 4 
fastp v0.23.4, time used: 522 seconds
Read1 before filtering:
total reads: 59031115
total bases: 5903111500
Q20 bases: 5773823006(97.8098%)
Q30 bases: 5503830095(93.2361%)

Read2 before filtering:
total reads: 59031115
total bases: 5903111500
Q20 bases: 5632446692(95.4149%)
Q30 bases: 5318265972(90.0926%)

Read1 after filtering:
total reads: 56753606
total bases: 5670282998
Q20 bases: 5591385815(98.6086%)
Q30 bases: 5358962581(94.5096%)

Read2 after filtering:
total reads: 56753606
total bases: 5670282998
Q20 bases: 5554298481(97.9545%)
Q30 bases: 5262378834(92.8063%)

Filtering result:
reads passed filter: 113507212
reads failed due to low quality: 4522260
reads failed due to too many N: 32758
reads failed due to too short: 0
reads with adapter trimmed: 614754
bases trimmed due to adapters: 10334292

Duplication rate: 19.0244%

Insert size peak (evaluated by paired-end reads): 156

JSON report: /home/zhou/raid/IO_RNA/PHS001919/fq/SRR10486080_fastp.json
HTML report: /home/zhou/raid/IO_RNA/PHS001919/fq/SRR10486080_fastp.html

/home/circrna/miniconda3/bin/fastp -i /home/zhou/raid/ncbi/dbGaP-24835/RNA_phs001919_PRJNA578193/raw/SRR10486080_1.fastq.gz -I /home/zhou/raid/ncbi/dbGaP-24835/RNA_phs001919_PRJNA578193/raw/SRR10486080_2.fastq.gz -o /home/zhou/raid/IO_RNA/PHS001919/fq/SRR10486080_1.fastq.gz -O /home/zhou/raid/IO_RNA/PHS001919/fq/SRR10486080_2.fastq.gz -j /home/zhou/raid/IO_RNA/PHS001919/fq/SRR10486080_fastp.json -h /home/zhou/raid/IO_RNA/PHS001919/fq/SRR10486080_fastp.html -w 4 
fastp v0.23.4, time used: 218 seconds
Read1 before filtering:
total reads: 47901563
total bases: 4790156300
Q20 bases: 4680131039(97.7031%)
Q30 bases: 4452582004(92.9527%)

Read2 before filtering:
total reads: 47901563
total bases: 4790156300
Q20 bases: 4568477375(95.3722%)
Q30 bases: 4302733376(89.8245%)

Read1 after filtering:
total reads: 46053859
total bases: 4600521645
Q20 bases: 4534427013(98.5633%)
Q30 bases: 4338336867(94.301%)

Read2 after filtering:
total reads: 46053859
total bases: 4600521645
Q20 bases: 4503946394(97.9008%)
Q30 bases: 4257193306(92.5372%)

Filtering result:
reads passed filter: 92107718
reads failed due to low quality: 3668446
reads failed due to too many N: 26962
reads failed due to too short: 0
reads with adapter trimmed: 630406
bases trimmed due to adapters: 9929360

Duplication rate: 18.7062%

Insert size peak (evaluated by paired-end reads): 145

JSON report: /home/zhou/raid/IO_RNA/PHS001919/fq/SRR10486081_fastp.json
HTML report: /home/zhou/raid/IO_RNA/PHS001919/fq/SRR10486081_fastp.html

/home/circrna/miniconda3/bin/fastp -i /home/zhou/raid/ncbi/dbGaP-24835/RNA_phs001919_PRJNA578193/raw/SRR10486081_1.fastq.gz -I /home/zhou/raid/ncbi/dbGaP-24835/RNA_phs001919_PRJNA578193/raw/SRR10486081_2.fastq.gz -o /home/zhou/raid/IO_RNA/PHS001919/fq/SRR10486081_1.fastq.gz -O /home/zhou/raid/IO_RNA/PHS001919/fq/SRR10486081_2.fastq.gz -j /home/zhou/raid/IO_RNA/PHS001919/fq/SRR10486081_fastp.json -h /home/zhou/raid/IO_RNA/PHS001919/fq/SRR10486081_fastp.html -w 4 
fastp v0.23.4, time used: 171 seconds
Read1 before filtering:
total reads: 107450280
total bases: 10745028000
Q20 bases: 10460650951(97.3534%)
Q30 bases: 9936276308(92.4732%)

Read2 before filtering:
total reads: 107450280
total bases: 10745028000
Q20 bases: 10300731852(95.8651%)
Q30 bases: 9751948331(90.7578%)

Read1 after filtering:
total reads: 103750096
total bases: 10353970970
Q20 bases: 10162223219(98.1481%)
Q30 bases: 9695440168(93.6398%)

Read2 after filtering:
total reads: 103750096
total bases: 10353970970
Q20 bases: 10160527520(98.1317%)
Q30 bases: 9648915614(93.1905%)

Filtering result:
reads passed filter: 207500192
reads failed due to low quality: 7269490
reads failed due to too many N: 130878
reads failed due to too short: 0
reads with adapter trimmed: 2285018
bases trimmed due to adapters: 42574530

Duplication rate: 21.7386%

Insert size peak (evaluated by paired-end reads): 145

JSON report: /home/zhou/raid/IO_RNA/PHS001919/fq/SRR10486082_fastp.json
HTML report: /home/zhou/raid/IO_RNA/PHS001919/fq/SRR10486082_fastp.html

/home/circrna/miniconda3/bin/fastp -i /home/zhou/raid/ncbi/dbGaP-24835/RNA_phs001919_PRJNA578193/raw/SRR10486082_1.fastq.gz -I /home/zhou/raid/ncbi/dbGaP-24835/RNA_phs001919_PRJNA578193/raw/SRR10486082_2.fastq.gz -o /home/zhou/raid/IO_RNA/PHS001919/fq/SRR10486082_1.fastq.gz -O /home/zhou/raid/IO_RNA/PHS001919/fq/SRR10486082_2.fastq.gz -j /home/zhou/raid/IO_RNA/PHS001919/fq/SRR10486082_fastp.json -h /home/zhou/raid/IO_RNA/PHS001919/fq/SRR10486082_fastp.html -w 4 
fastp v0.23.4, time used: 388 seconds
Read1 before filtering:
total reads: 164524110
total bases: 16252010291
Q20 bases: 15724383826(96.7535%)
Q30 bases: 14689545648(90.386%)

Read2 before filtering:
total reads: 164524110
total bases: 16324902801
Q20 bases: 15201495792(93.1184%)
Q30 bases: 13825720240(84.691%)

Read1 after filtering:
total reads: 158935217
total bases: 15769812218
Q20 bases: 15332526537(97.2271%)
Q30 bases: 14346137791(90.9722%)

Read2 after filtering:
total reads: 158935217
total bases: 15764728046
Q20 bases: 15071543194(95.6029%)
Q30 bases: 13780855773(87.4158%)

Filtering result:
reads passed filter: 317870434
reads failed due to low quality: 10960562
reads failed due to too many N: 217224
reads failed due to too short: 0
reads with adapter trimmed: 351918
bases trimmed due to adapters: 6783678

Duplication rate: 27.503%

Insert size peak (evaluated by paired-end reads): 139

JSON report: /home/zhou/raid/IO_RNA/PHS001919/fq/SRR10486083_fastp.json
HTML report: /home/zhou/raid/IO_RNA/PHS001919/fq/SRR10486083_fastp.html

/home/circrna/miniconda3/bin/fastp -i /home/zhou/raid/ncbi/dbGaP-24835/RNA_phs001919_PRJNA578193/raw/SRR10486083_1.fastq.gz -I /home/zhou/raid/ncbi/dbGaP-24835/RNA_phs001919_PRJNA578193/raw/SRR10486083_2.fastq.gz -o /home/zhou/raid/IO_RNA/PHS001919/fq/SRR10486083_1.fastq.gz -O /home/zhou/raid/IO_RNA/PHS001919/fq/SRR10486083_2.fastq.gz -j /home/zhou/raid/IO_RNA/PHS001919/fq/SRR10486083_fastp.json -h /home/zhou/raid/IO_RNA/PHS001919/fq/SRR10486083_fastp.html -w 4 
fastp v0.23.4, time used: 547 seconds
Read1 before filtering:
total reads: 66510747
total bases: 6651074700
Q20 bases: 6381836050(95.952%)
Q30 bases: 5968514980(89.7376%)

Read2 before filtering:
total reads: 66510747
total bases: 6651074700
Q20 bases: 6137695212(92.2813%)
Q30 bases: 5678553453(85.378%)

Read1 after filtering:
total reads: 61753367
total bases: 6165554544
Q20 bases: 6027838853(97.7664%)
Q30 bases: 5683462280(92.1809%)

Read2 after filtering:
total reads: 61753367
total bases: 6165554544
Q20 bases: 5984667443(97.0662%)
Q30 bases: 5570900896(90.3552%)

Filtering result:
reads passed filter: 123506734
reads failed due to low quality: 9394120
reads failed due to too many N: 120640
reads failed due to too short: 0
reads with adapter trimmed: 921256
bases trimmed due to adapters: 20268488

Duplication rate: 15.1413%

Insert size peak (evaluated by paired-end reads): 156

JSON report: /home/zhou/raid/IO_RNA/PHS001919/fq/SRR10486084_fastp.json
HTML report: /home/zhou/raid/IO_RNA/PHS001919/fq/SRR10486084_fastp.html

/home/circrna/miniconda3/bin/fastp -i /home/zhou/raid/ncbi/dbGaP-24835/RNA_phs001919_PRJNA578193/raw/SRR10486084_1.fastq.gz -I /home/zhou/raid/ncbi/dbGaP-24835/RNA_phs001919_PRJNA578193/raw/SRR10486084_2.fastq.gz -o /home/zhou/raid/IO_RNA/PHS001919/fq/SRR10486084_1.fastq.gz -O /home/zhou/raid/IO_RNA/PHS001919/fq/SRR10486084_2.fastq.gz -j /home/zhou/raid/IO_RNA/PHS001919/fq/SRR10486084_fastp.json -h /home/zhou/raid/IO_RNA/PHS001919/fq/SRR10486084_fastp.html -w 4 
fastp v0.23.4, time used: 217 seconds
Read1 before filtering:
total reads: 82141945
total bases: 8164615076
Q20 bases: 7816656135(95.7382%)
Q30 bases: 7266629683(89.0015%)

Read2 before filtering:
total reads: 82141945
total bases: 8161584950
Q20 bases: 7830313325(95.9411%)
Q30 bases: 7318190750(89.6663%)

Read1 after filtering:
total reads: 81356970
total bases: 8084751745
Q20 bases: 7762170204(96.01%)
Q30 bases: 7224234690(89.3563%)

Read2 after filtering:
total reads: 81356970
total bases: 8081607420
Q20 bases: 7790304342(96.3955%)
Q30 bases: 7290862563(90.2155%)

Filtering result:
reads passed filter: 162713940
reads failed due to low quality: 1521518
reads failed due to too many N: 48432
reads failed due to too short: 0
reads with adapter trimmed: 145116
bases trimmed due to adapters: 3609315

Duplication rate: 13.3773%

Insert size peak (evaluated by paired-end reads): 153

JSON report: /home/zhou/raid/IO_RNA/PHS001919/fq/SRR10486085_fastp.json
HTML report: /home/zhou/raid/IO_RNA/PHS001919/fq/SRR10486085_fastp.html

/home/circrna/miniconda3/bin/fastp -i /home/zhou/raid/ncbi/dbGaP-24835/RNA_phs001919_PRJNA578193/raw/SRR10486085_1.fastq.gz -I /home/zhou/raid/ncbi/dbGaP-24835/RNA_phs001919_PRJNA578193/raw/SRR10486085_2.fastq.gz -o /home/zhou/raid/IO_RNA/PHS001919/fq/SRR10486085_1.fastq.gz -O /home/zhou/raid/IO_RNA/PHS001919/fq/SRR10486085_2.fastq.gz -j /home/zhou/raid/IO_RNA/PHS001919/fq/SRR10486085_fastp.json -h /home/zhou/raid/IO_RNA/PHS001919/fq/SRR10486085_fastp.html -w 4 
fastp v0.23.4, time used: 283 seconds
Read1 before filtering:
total reads: 93393402
total bases: 9286905954
Q20 bases: 8876818627(95.5842%)
Q30 bases: 8239740443(88.7243%)

Read2 before filtering:
total reads: 93393402
total bases: 9283084306
Q20 bases: 8878527637(95.642%)
Q30 bases: 8267727380(89.0623%)

Read1 after filtering:
total reads: 92314684
total bases: 9177529904
Q20 bases: 8799871656(95.885%)
Q30 bases: 8178903343(89.1188%)

Read2 after filtering:
total reads: 92314684
total bases: 9173590271
Q20 bases: 8826511452(96.2165%)
Q30 bases: 8233594695(89.7532%)

Filtering result:
reads passed filter: 184629368
reads failed due to low quality: 2103998
reads failed due to too many N: 53438
reads failed due to too short: 0
reads with adapter trimmed: 158770
bases trimmed due to adapters: 4152012

Duplication rate: 13.9293%

Insert size peak (evaluated by paired-end reads): 154

JSON report: /home/zhou/raid/IO_RNA/PHS001919/fq/SRR10486086_fastp.json
HTML report: /home/zhou/raid/IO_RNA/PHS001919/fq/SRR10486086_fastp.html

/home/circrna/miniconda3/bin/fastp -i /home/zhou/raid/ncbi/dbGaP-24835/RNA_phs001919_PRJNA578193/raw/SRR10486086_1.fastq.gz -I /home/zhou/raid/ncbi/dbGaP-24835/RNA_phs001919_PRJNA578193/raw/SRR10486086_2.fastq.gz -o /home/zhou/raid/IO_RNA/PHS001919/fq/SRR10486086_1.fastq.gz -O /home/zhou/raid/IO_RNA/PHS001919/fq/SRR10486086_2.fastq.gz -j /home/zhou/raid/IO_RNA/PHS001919/fq/SRR10486086_fastp.json -h /home/zhou/raid/IO_RNA/PHS001919/fq/SRR10486086_fastp.html -w 4 
fastp v0.23.4, time used: 319 seconds
Read1 before filtering:
total reads: 83417309
total bases: 8341730900
Q20 bases: 8072910079(96.7774%)
Q30 bases: 7620259560(91.3511%)

Read2 before filtering:
total reads: 83417309
total bases: 8341730900
Q20 bases: 7903972649(94.7522%)
Q30 bases: 7436415794(89.1472%)

Read1 after filtering:
total reads: 79587027
total bases: 7943017078
Q20 bases: 7775858672(97.8955%)
Q30 bases: 7384851405(92.9729%)

Read2 after filtering:
total reads: 79587027
total bases: 7943017078
Q20 bases: 7773099608(97.8608%)
Q30 bases: 7343479460(92.452%)

Filtering result:
reads passed filter: 159174054
reads failed due to low quality: 7561388
reads failed due to too many N: 99176
reads failed due to too short: 0
reads with adapter trimmed: 1854972
bases trimmed due to adapters: 31925364

Duplication rate: 20.6694%

Insert size peak (evaluated by paired-end reads): 145

JSON report: /home/zhou/raid/IO_RNA/PHS001919/fq/SRR10486087_fastp.json
HTML report: /home/zhou/raid/IO_RNA/PHS001919/fq/SRR10486087_fastp.html

/home/circrna/miniconda3/bin/fastp -i /home/zhou/raid/ncbi/dbGaP-24835/RNA_phs001919_PRJNA578193/raw/SRR10486087_1.fastq.gz -I /home/zhou/raid/ncbi/dbGaP-24835/RNA_phs001919_PRJNA578193/raw/SRR10486087_2.fastq.gz -o /home/zhou/raid/IO_RNA/PHS001919/fq/SRR10486087_1.fastq.gz -O /home/zhou/raid/IO_RNA/PHS001919/fq/SRR10486087_2.fastq.gz -j /home/zhou/raid/IO_RNA/PHS001919/fq/SRR10486087_fastp.json -h /home/zhou/raid/IO_RNA/PHS001919/fq/SRR10486087_fastp.html -w 4 
fastp v0.23.4, time used: 266 seconds
Read1 before filtering:
total reads: 77508488
total bases: 7611730303
Q20 bases: 7322423248(96.1992%)
Q30 bases: 6838394862(89.8402%)

Read2 before filtering:
total reads: 77508488
total bases: 7652469219
Q20 bases: 7116408496(92.9949%)
Q30 bases: 6500191527(84.9424%)

Read1 after filtering:
total reads: 74149663
total bases: 7360637948
Q20 bases: 7146006551(97.0841%)
Q30 bases: 6684496401(90.8141%)

Read2 after filtering:
total reads: 74149663
total bases: 7358374173
Q20 bases: 7047043555(95.769%)
Q30 bases: 6471798551(87.9515%)

Filtering result:
reads passed filter: 148299326
reads failed due to low quality: 6616944
reads failed due to too many N: 100706
reads failed due to too short: 0
reads with adapter trimmed: 159826
bases trimmed due to adapters: 3272739

Duplication rate: 25.9791%

Insert size peak (evaluated by paired-end reads): 35

JSON report: /home/zhou/raid/IO_RNA/PHS001919/fq/SRR10486088_fastp.json
HTML report: /home/zhou/raid/IO_RNA/PHS001919/fq/SRR10486088_fastp.html

/home/circrna/miniconda3/bin/fastp -i /home/zhou/raid/ncbi/dbGaP-24835/RNA_phs001919_PRJNA578193/raw/SRR10486088_1.fastq.gz -I /home/zhou/raid/ncbi/dbGaP-24835/RNA_phs001919_PRJNA578193/raw/SRR10486088_2.fastq.gz -o /home/zhou/raid/IO_RNA/PHS001919/fq/SRR10486088_1.fastq.gz -O /home/zhou/raid/IO_RNA/PHS001919/fq/SRR10486088_2.fastq.gz -j /home/zhou/raid/IO_RNA/PHS001919/fq/SRR10486088_fastp.json -h /home/zhou/raid/IO_RNA/PHS001919/fq/SRR10486088_fastp.html -w 4 
fastp v0.23.4, time used: 307 seconds
Read1 before filtering:
total reads: 50084443
total bases: 5008444300
Q20 bases: 4901595938(97.8666%)
Q30 bases: 4670651356(93.2555%)

Read2 before filtering:
total reads: 50084443
total bases: 5008444300
Q20 bases: 4790753932(95.6535%)
Q30 bases: 4523936658(90.3262%)

Read1 after filtering:
total reads: 48307526
total bases: 4825867594
Q20 bases: 4759796890(98.6309%)
Q30 bases: 4559619685(94.4829%)

Read2 after filtering:
total reads: 48307526
total bases: 4825867594
Q20 bases: 4730284975(98.0194%)
Q30 bases: 4481789865(92.8701%)

Filtering result:
reads passed filter: 96615052
reads failed due to low quality: 3526262
reads failed due to too many N: 27572
reads failed due to too short: 0
reads with adapter trimmed: 555708
bases trimmed due to adapters: 9926836

Duplication rate: 18.8503%

Insert size peak (evaluated by paired-end reads): 146

JSON report: /home/zhou/raid/IO_RNA/PHS001919/fq/SRR10486089_fastp.json
HTML report: /home/zhou/raid/IO_RNA/PHS001919/fq/SRR10486089_fastp.html

/home/circrna/miniconda3/bin/fastp -i /home/zhou/raid/ncbi/dbGaP-24835/RNA_phs001919_PRJNA578193/raw/SRR10486089_1.fastq.gz -I /home/zhou/raid/ncbi/dbGaP-24835/RNA_phs001919_PRJNA578193/raw/SRR10486089_2.fastq.gz -o /home/zhou/raid/IO_RNA/PHS001919/fq/SRR10486089_1.fastq.gz -O /home/zhou/raid/IO_RNA/PHS001919/fq/SRR10486089_2.fastq.gz -j /home/zhou/raid/IO_RNA/PHS001919/fq/SRR10486089_fastp.json -h /home/zhou/raid/IO_RNA/PHS001919/fq/SRR10486089_fastp.html -w 4 
fastp v0.23.4, time used: 228 seconds
Read1 before filtering:
total reads: 80651371
total bases: 8065137100
Q20 bases: 7802946996(96.7491%)
Q30 bases: 7367976282(91.3559%)

Read2 before filtering:
total reads: 80651371
total bases: 8065137100
Q20 bases: 7656484698(94.9331%)
Q30 bases: 7207849863(89.3705%)

Read1 after filtering:
total reads: 77072728
total bases: 7691732668
Q20 bases: 7529280511(97.888%)
Q30 bases: 7153431497(93.0016%)

Read2 after filtering:
total reads: 77072728
total bases: 7691732668
Q20 bases: 7527065522(97.8592%)
Q30 bases: 7115385290(92.5069%)

Filtering result:
reads passed filter: 154145456
reads failed due to low quality: 7061888
reads failed due to too many N: 95398
reads failed due to too short: 0
reads with adapter trimmed: 1656228
bases trimmed due to adapters: 31601826

Duplication rate: 13.6835%

Insert size peak (evaluated by paired-end reads): 146

JSON report: /home/zhou/raid/IO_RNA/PHS001919/fq/SRR10486090_fastp.json
HTML report: /home/zhou/raid/IO_RNA/PHS001919/fq/SRR10486090_fastp.html

/home/circrna/miniconda3/bin/fastp -i /home/zhou/raid/ncbi/dbGaP-24835/RNA_phs001919_PRJNA578193/raw/SRR10486090_1.fastq.gz -I /home/zhou/raid/ncbi/dbGaP-24835/RNA_phs001919_PRJNA578193/raw/SRR10486090_2.fastq.gz -o /home/zhou/raid/IO_RNA/PHS001919/fq/SRR10486090_1.fastq.gz -O /home/zhou/raid/IO_RNA/PHS001919/fq/SRR10486090_2.fastq.gz -j /home/zhou/raid/IO_RNA/PHS001919/fq/SRR10486090_fastp.json -h /home/zhou/raid/IO_RNA/PHS001919/fq/SRR10486090_fastp.html -w 4 
fastp v0.23.4, time used: 290 seconds
Read1 before filtering:
total reads: 81986128
total bases: 8102077003
Q20 bases: 7826792145(96.6023%)
Q30 bases: 7307122288(90.1883%)

Read2 before filtering:
total reads: 81986128
total bases: 8135661240
Q20 bases: 7587681537(93.2645%)
Q30 bases: 6918025919(85.0334%)

Read1 after filtering:
total reads: 79246677
total bases: 7862981120
Q20 bases: 7635302273(97.1044%)
Q30 bases: 7140410929(90.8105%)

Read2 after filtering:
total reads: 79246677
total bases: 7860889863
Q20 bases: 7519494812(95.657%)
Q30 bases: 6891655134(87.6702%)

Filtering result:
reads passed filter: 158493354
reads failed due to low quality: 5371488
reads failed due to too many N: 107414
reads failed due to too short: 0
reads with adapter trimmed: 193048
bases trimmed due to adapters: 3637629

Duplication rate: 22.4989%

Insert size peak (evaluated by paired-end reads): 144

JSON report: /home/zhou/raid/IO_RNA/PHS001919/fq/SRR10486091_fastp.json
HTML report: /home/zhou/raid/IO_RNA/PHS001919/fq/SRR10486091_fastp.html

/home/circrna/miniconda3/bin/fastp -i /home/zhou/raid/ncbi/dbGaP-24835/RNA_phs001919_PRJNA578193/raw/SRR10486091_1.fastq.gz -I /home/zhou/raid/ncbi/dbGaP-24835/RNA_phs001919_PRJNA578193/raw/SRR10486091_2.fastq.gz -o /home/zhou/raid/IO_RNA/PHS001919/fq/SRR10486091_1.fastq.gz -O /home/zhou/raid/IO_RNA/PHS001919/fq/SRR10486091_2.fastq.gz -j /home/zhou/raid/IO_RNA/PHS001919/fq/SRR10486091_fastp.json -h /home/zhou/raid/IO_RNA/PHS001919/fq/SRR10486091_fastp.html -w 4 
fastp v0.23.4, time used: 312 seconds
Read1 before filtering:
total reads: 99809390
total bases: 9918720976
Q20 bases: 9501706008(95.7957%)
Q30 bases: 8837092833(89.0951%)

Read2 before filtering:
total reads: 99809390
total bases: 9915214893
Q20 bases: 9497075063(95.7828%)
Q30 bases: 8864183751(89.3998%)

Read1 after filtering:
total reads: 98789694
total bases: 9815236727
Q20 bases: 9429401741(96.069%)
Q30 bases: 8781269079(89.4657%)

Read2 after filtering:
total reads: 98789694
total bases: 9811545939
Q20 bases: 9448060753(96.2953%)
Q30 bases: 8832425084(90.0207%)

Filtering result:
reads passed filter: 197579388
reads failed due to low quality: 1981464
reads failed due to too many N: 57928
reads failed due to too short: 0
reads with adapter trimmed: 157576
bases trimmed due to adapters: 4219980

Duplication rate: 13.0466%

Insert size peak (evaluated by paired-end reads): 153

JSON report: /home/zhou/raid/IO_RNA/PHS001919/fq/SRR10486092_fastp.json
HTML report: /home/zhou/raid/IO_RNA/PHS001919/fq/SRR10486092_fastp.html

/home/circrna/miniconda3/bin/fastp -i /home/zhou/raid/ncbi/dbGaP-24835/RNA_phs001919_PRJNA578193/raw/SRR10486092_1.fastq.gz -I /home/zhou/raid/ncbi/dbGaP-24835/RNA_phs001919_PRJNA578193/raw/SRR10486092_2.fastq.gz -o /home/zhou/raid/IO_RNA/PHS001919/fq/SRR10486092_1.fastq.gz -O /home/zhou/raid/IO_RNA/PHS001919/fq/SRR10486092_2.fastq.gz -j /home/zhou/raid/IO_RNA/PHS001919/fq/SRR10486092_fastp.json -h /home/zhou/raid/IO_RNA/PHS001919/fq/SRR10486092_fastp.html -w 4 
fastp v0.23.4, time used: 376 seconds
Read1 before filtering:
total reads: 100303717
total bases: 9966339008
Q20 bases: 9510009741(95.4213%)
Q30 bases: 8789303622(88.1899%)

Read2 before filtering:
total reads: 100303717
total bases: 9963203832
Q20 bases: 9543781610(95.7903%)
Q30 bases: 8889550590(89.2238%)

Read1 after filtering:
total reads: 99218125
total bases: 9856336342
Q20 bases: 9436677510(95.7422%)
Q30 bases: 8732726242(88.6001%)

Read2 after filtering:
total reads: 99218125
total bases: 9852994998
Q20 bases: 9487652788(96.2921%)
Q30 bases: 8851100989(89.8316%)

Filtering result:
reads passed filter: 198436250
reads failed due to low quality: 2114018
reads failed due to too many N: 57166
reads failed due to too short: 0
reads with adapter trimmed: 172164
bases trimmed due to adapters: 4180355

Duplication rate: 19.1412%

Insert size peak (evaluated by paired-end reads): 143

JSON report: /home/zhou/raid/IO_RNA/PHS001919/fq/SRR10486093_fastp.json
HTML report: /home/zhou/raid/IO_RNA/PHS001919/fq/SRR10486093_fastp.html

/home/circrna/miniconda3/bin/fastp -i /home/zhou/raid/ncbi/dbGaP-24835/RNA_phs001919_PRJNA578193/raw/SRR10486093_1.fastq.gz -I /home/zhou/raid/ncbi/dbGaP-24835/RNA_phs001919_PRJNA578193/raw/SRR10486093_2.fastq.gz -o /home/zhou/raid/IO_RNA/PHS001919/fq/SRR10486093_1.fastq.gz -O /home/zhou/raid/IO_RNA/PHS001919/fq/SRR10486093_2.fastq.gz -j /home/zhou/raid/IO_RNA/PHS001919/fq/SRR10486093_fastp.json -h /home/zhou/raid/IO_RNA/PHS001919/fq/SRR10486093_fastp.html -w 4 
fastp v0.23.4, time used: 340 seconds
Read1 before filtering:
total reads: 60745831
total bases: 6074583100
Q20 bases: 5803328728(95.5346%)
Q30 bases: 5407568620(89.0196%)

Read2 before filtering:
total reads: 60745831
total bases: 6074583100
Q20 bases: 5441142993(89.5723%)
Q30 bases: 5018922264(82.6217%)

Read1 after filtering:
total reads: 54614918
total bases: 5453467126
Q20 bases: 5319617838(97.5456%)
Q30 bases: 4996682684(91.624%)

Read2 after filtering:
total reads: 54614918
total bases: 5453467126
Q20 bases: 5286763316(96.9432%)
Q30 bases: 4908964718(90.0155%)

Filtering result:
reads passed filter: 109229836
reads failed due to low quality: 12157632
reads failed due to too many N: 104194
reads failed due to too short: 0
reads with adapter trimmed: 944332
bases trimmed due to adapters: 16688182

Duplication rate: 22.7846%

Insert size peak (evaluated by paired-end reads): 156

JSON report: /home/zhou/raid/IO_RNA/PHS001919/fq/SRR10486094_fastp.json
HTML report: /home/zhou/raid/IO_RNA/PHS001919/fq/SRR10486094_fastp.html

/home/circrna/miniconda3/bin/fastp -i /home/zhou/raid/ncbi/dbGaP-24835/RNA_phs001919_PRJNA578193/raw/SRR10486094_1.fastq.gz -I /home/zhou/raid/ncbi/dbGaP-24835/RNA_phs001919_PRJNA578193/raw/SRR10486094_2.fastq.gz -o /home/zhou/raid/IO_RNA/PHS001919/fq/SRR10486094_1.fastq.gz -O /home/zhou/raid/IO_RNA/PHS001919/fq/SRR10486094_2.fastq.gz -j /home/zhou/raid/IO_RNA/PHS001919/fq/SRR10486094_fastp.json -h /home/zhou/raid/IO_RNA/PHS001919/fq/SRR10486094_fastp.html -w 4 
fastp v0.23.4, time used: 184 seconds
Read1 before filtering:
total reads: 76472375
total bases: 7647237500
Q20 bases: 7348340188(96.0914%)
Q30 bases: 6870911332(89.8483%)

Read2 before filtering:
total reads: 76472375
total bases: 7647237500
Q20 bases: 7066170184(92.4016%)
Q30 bases: 6545957833(85.599%)

Read1 after filtering:
total reads: 71141115
total bases: 7104053411
Q20 bases: 6941751590(97.7154%)
Q30 bases: 6537890266(92.0304%)

Read2 after filtering:
total reads: 71141115
total bases: 7104053411
Q20 bases: 6898609550(97.1081%)
Q30 bases: 6426735014(90.4657%)

Filtering result:
reads passed filter: 142282230
reads failed due to low quality: 10526494
reads failed due to too many N: 136026
reads failed due to too short: 0
reads with adapter trimmed: 1182652
bases trimmed due to adapters: 20781600

Duplication rate: 22.9323%

Insert size peak (evaluated by paired-end reads): 146

JSON report: /home/zhou/raid/IO_RNA/PHS001919/fq/SRR10486035_fastp.json
HTML report: /home/zhou/raid/IO_RNA/PHS001919/fq/SRR10486035_fastp.html

/home/circrna/miniconda3/bin/fastp -i /home/zhou/raid/ncbi/dbGaP-24835/RNA_phs001919_PRJNA578193/raw/SRR10486035_1.fastq.gz -I /home/zhou/raid/ncbi/dbGaP-24835/RNA_phs001919_PRJNA578193/raw/SRR10486035_2.fastq.gz -o /home/zhou/raid/IO_RNA/PHS001919/fq/SRR10486035_1.fastq.gz -O /home/zhou/raid/IO_RNA/PHS001919/fq/SRR10486035_2.fastq.gz -j /home/zhou/raid/IO_RNA/PHS001919/fq/SRR10486035_fastp.json -h /home/zhou/raid/IO_RNA/PHS001919/fq/SRR10486035_fastp.html -w 4 
fastp v0.23.4, time used: 240 seconds
Read1 before filtering:
total reads: 70932969
total bases: 7093296900
Q20 bases: 6841222237(96.4463%)
Q30 bases: 6437625091(90.7565%)

Read2 before filtering:
total reads: 70932969
total bases: 7093296900
Q20 bases: 6690075318(94.3155%)
Q30 bases: 6262911141(88.2934%)

Read1 after filtering:
total reads: 67206327
total bases: 6705423443
Q20 bases: 6566605326(97.9298%)
Q30 bases: 6217812941(92.7281%)

Read2 after filtering:
total reads: 67206327
total bases: 6705423443
Q20 bases: 6545469056(97.6146%)
Q30 bases: 6157103675(91.8227%)

Filtering result:
reads passed filter: 134412654
reads failed due to low quality: 7422452
reads failed due to too many N: 30832
reads failed due to too short: 0
reads with adapter trimmed: 2731402
bases trimmed due to adapters: 31263110

Duplication rate: 14.1443%

Insert size peak (evaluated by paired-end reads): 136

JSON report: /home/zhou/raid/IO_RNA/PHS001919/fq/SRR10486036_fastp.json
HTML report: /home/zhou/raid/IO_RNA/PHS001919/fq/SRR10486036_fastp.html

/home/circrna/miniconda3/bin/fastp -i /home/zhou/raid/ncbi/dbGaP-24835/RNA_phs001919_PRJNA578193/raw/SRR10486036_1.fastq.gz -I /home/zhou/raid/ncbi/dbGaP-24835/RNA_phs001919_PRJNA578193/raw/SRR10486036_2.fastq.gz -o /home/zhou/raid/IO_RNA/PHS001919/fq/SRR10486036_1.fastq.gz -O /home/zhou/raid/IO_RNA/PHS001919/fq/SRR10486036_2.fastq.gz -j /home/zhou/raid/IO_RNA/PHS001919/fq/SRR10486036_fastp.json -h /home/zhou/raid/IO_RNA/PHS001919/fq/SRR10486036_fastp.html -w 4 
fastp v0.23.4, time used: 224 seconds
Read1 before filtering:
total reads: 92701616
total bases: 9270161600
Q20 bases: 8980806473(96.8786%)
Q30 bases: 8477534448(91.4497%)

Read2 before filtering:
total reads: 92701616
total bases: 9270161600
Q20 bases: 8756728358(94.4614%)
Q30 bases: 8218599576(88.6565%)

Read1 after filtering:
total reads: 88109954
total bases: 8799617486
Q20 bases: 8633909105(98.1169%)
Q30 bases: 8200843523(93.1955%)

Read2 after filtering:
total reads: 88109954
total bases: 8799617486
Q20 bases: 8599321823(97.7238%)
Q30 bases: 8105833641(92.1157%)

Filtering result:
reads passed filter: 176219908
reads failed due to low quality: 9142022
reads failed due to too many N: 41302
reads failed due to too short: 0
reads with adapter trimmed: 2313276
bases trimmed due to adapters: 23274352

Duplication rate: 17.6527%

Insert size peak (evaluated by paired-end reads): 136

JSON report: /home/zhou/raid/IO_RNA/PHS001919/fq/SRR10486037_fastp.json
HTML report: /home/zhou/raid/IO_RNA/PHS001919/fq/SRR10486037_fastp.html

/home/circrna/miniconda3/bin/fastp -i /home/zhou/raid/ncbi/dbGaP-24835/RNA_phs001919_PRJNA578193/raw/SRR10486037_1.fastq.gz -I /home/zhou/raid/ncbi/dbGaP-24835/RNA_phs001919_PRJNA578193/raw/SRR10486037_2.fastq.gz -o /home/zhou/raid/IO_RNA/PHS001919/fq/SRR10486037_1.fastq.gz -O /home/zhou/raid/IO_RNA/PHS001919/fq/SRR10486037_2.fastq.gz -j /home/zhou/raid/IO_RNA/PHS001919/fq/SRR10486037_fastp.json -h /home/zhou/raid/IO_RNA/PHS001919/fq/SRR10486037_fastp.html -w 4 
fastp v0.23.4, time used: 293 seconds
Read1 before filtering:
total reads: 49397016
total bases: 4874373643
Q20 bases: 4712993996(96.6892%)
Q30 bases: 4407591626(90.4238%)

Read2 before filtering:
total reads: 49397016
total bases: 4904629867
Q20 bases: 4558034155(92.9333%)
Q30 bases: 4150083444(84.6156%)

Read1 after filtering:
total reads: 47567882
total bases: 4723234013
Q20 bases: 4594343349(97.2711%)
Q30 bases: 4303656814(91.1167%)

Read2 after filtering:
total reads: 47567882
total bases: 4721463366
Q20 bases: 4515773711(95.6435%)
Q30 bases: 4135639109(87.5923%)

Filtering result:
reads passed filter: 95135764
reads failed due to low quality: 3592872
reads failed due to too many N: 65396
reads failed due to too short: 0
reads with adapter trimmed: 92688
bases trimmed due to adapters: 2006537

Duplication rate: 13.834%

Insert size peak (evaluated by paired-end reads): 149

JSON report: /home/zhou/raid/IO_RNA/PHS001919/fq/SRR10486038_fastp.json
HTML report: /home/zhou/raid/IO_RNA/PHS001919/fq/SRR10486038_fastp.html

/home/circrna/miniconda3/bin/fastp -i /home/zhou/raid/ncbi/dbGaP-24835/RNA_phs001919_PRJNA578193/raw/SRR10486038_1.fastq.gz -I /home/zhou/raid/ncbi/dbGaP-24835/RNA_phs001919_PRJNA578193/raw/SRR10486038_2.fastq.gz -o /home/zhou/raid/IO_RNA/PHS001919/fq/SRR10486038_1.fastq.gz -O /home/zhou/raid/IO_RNA/PHS001919/fq/SRR10486038_2.fastq.gz -j /home/zhou/raid/IO_RNA/PHS001919/fq/SRR10486038_fastp.json -h /home/zhou/raid/IO_RNA/PHS001919/fq/SRR10486038_fastp.html -w 4 
fastp v0.23.4, time used: 164 seconds
Read1 before filtering:
total reads: 105392870
total bases: 10539287000
Q20 bases: 10262328436(97.3721%)
Q30 bases: 9769253716(92.6937%)

Read2 before filtering:
total reads: 105392870
total bases: 10539287000
Q20 bases: 10022727947(95.0987%)
Q30 bases: 9436357437(89.5351%)

Read1 after filtering:
total reads: 100822472
total bases: 10033278927
Q20 bases: 9879412188(98.4664%)
Q30 bases: 9461666415(94.3028%)

Read2 after filtering:
total reads: 100822472
total bases: 10033278927
Q20 bases: 9815865336(97.8331%)
Q30 bases: 9280176947(92.494%)

Filtering result:
reads passed filter: 201644944
reads failed due to low quality: 9088556
reads failed due to too many N: 52240
reads failed due to too short: 0
reads with adapter trimmed: 8343210
bases trimmed due to adapters: 99503642

Duplication rate: 18.3071%

Insert size peak (evaluated by paired-end reads): 135

JSON report: /home/zhou/raid/IO_RNA/PHS001919/fq/SRR10486039_fastp.json
HTML report: /home/zhou/raid/IO_RNA/PHS001919/fq/SRR10486039_fastp.html

/home/circrna/miniconda3/bin/fastp -i /home/zhou/raid/ncbi/dbGaP-24835/RNA_phs001919_PRJNA578193/raw/SRR10486039_1.fastq.gz -I /home/zhou/raid/ncbi/dbGaP-24835/RNA_phs001919_PRJNA578193/raw/SRR10486039_2.fastq.gz -o /home/zhou/raid/IO_RNA/PHS001919/fq/SRR10486039_1.fastq.gz -O /home/zhou/raid/IO_RNA/PHS001919/fq/SRR10486039_2.fastq.gz -j /home/zhou/raid/IO_RNA/PHS001919/fq/SRR10486039_fastp.json -h /home/zhou/raid/IO_RNA/PHS001919/fq/SRR10486039_fastp.html -w 4 
fastp v0.23.4, time used: 350 seconds
Read1 before filtering:
total reads: 60266273
total bases: 5944713023
Q20 bases: 5707385091(96.0077%)
Q30 bases: 5342216717(89.865%)

Read2 before filtering:
total reads: 60266273
total bases: 5977480408
Q20 bases: 5577456999(93.3078%)
Q30 bases: 5099243577(85.3076%)

Read1 after filtering:
total reads: 58190612
total bases: 5770014301
Q20 bases: 5586447254(96.8186%)
Q30 bases: 5239373367(90.8035%)

Read2 after filtering:
total reads: 58190612
total bases: 5767816782
Q20 bases: 5505435164(95.4509%)
Q30 bases: 5060288221(87.7332%)

Filtering result:
reads passed filter: 116381224
reads failed due to low quality: 4032058
reads failed due to too many N: 119264
reads failed due to too short: 0
reads with adapter trimmed: 274802
bases trimmed due to adapters: 5868238

Duplication rate: 19.8963%

Insert size peak (evaluated by paired-end reads): 149

JSON report: /home/zhou/raid/IO_RNA/PHS001919/fq/SRR10486040_fastp.json
HTML report: /home/zhou/raid/IO_RNA/PHS001919/fq/SRR10486040_fastp.html

/home/circrna/miniconda3/bin/fastp -i /home/zhou/raid/ncbi/dbGaP-24835/RNA_phs001919_PRJNA578193/raw/SRR10486040_1.fastq.gz -I /home/zhou/raid/ncbi/dbGaP-24835/RNA_phs001919_PRJNA578193/raw/SRR10486040_2.fastq.gz -o /home/zhou/raid/IO_RNA/PHS001919/fq/SRR10486040_1.fastq.gz -O /home/zhou/raid/IO_RNA/PHS001919/fq/SRR10486040_2.fastq.gz -j /home/zhou/raid/IO_RNA/PHS001919/fq/SRR10486040_fastp.json -h /home/zhou/raid/IO_RNA/PHS001919/fq/SRR10486040_fastp.html -w 4 
fastp v0.23.4, time used: 194 seconds
Read1 before filtering:
total reads: 58770657
total bases: 5786831398
Q20 bases: 5476249373(94.633%)
Q30 bases: 5081496851(87.8114%)

Read2 before filtering:
total reads: 58770657
total bases: 5813989395
Q20 bases: 5410771000(93.0647%)
Q30 bases: 4922243732(84.6621%)

Read1 after filtering:
total reads: 56490418
total bases: 5584429875
Q20 bases: 5348714418(95.7791%)
Q30 bases: 4975675811(89.0991%)

Read2 after filtering:
total reads: 56490418
total bases: 5581347758
Q20 bases: 5314462228(95.2183%)
Q30 bases: 4860525580(87.0852%)

Filtering result:
reads passed filter: 112980836
reads failed due to low quality: 4444162
reads failed due to too many N: 116316
reads failed due to too short: 0
reads with adapter trimmed: 584880
bases trimmed due to adapters: 10994008

Duplication rate: 23.6113%

Insert size peak (evaluated by paired-end reads): 99

JSON report: /home/zhou/raid/IO_RNA/PHS001919/fq/SRR10486041_fastp.json
HTML report: /home/zhou/raid/IO_RNA/PHS001919/fq/SRR10486041_fastp.html

/home/circrna/miniconda3/bin/fastp -i /home/zhou/raid/ncbi/dbGaP-24835/RNA_phs001919_PRJNA578193/raw/SRR10486041_1.fastq.gz -I /home/zhou/raid/ncbi/dbGaP-24835/RNA_phs001919_PRJNA578193/raw/SRR10486041_2.fastq.gz -o /home/zhou/raid/IO_RNA/PHS001919/fq/SRR10486041_1.fastq.gz -O /home/zhou/raid/IO_RNA/PHS001919/fq/SRR10486041_2.fastq.gz -j /home/zhou/raid/IO_RNA/PHS001919/fq/SRR10486041_fastp.json -h /home/zhou/raid/IO_RNA/PHS001919/fq/SRR10486041_fastp.html -w 4 
fastp v0.23.4, time used: 187 seconds
Read1 before filtering:
total reads: 60299574
total bases: 5952732034
Q20 bases: 5667129809(95.2022%)
Q30 bases: 5310756896(89.2155%)

Read2 before filtering:
total reads: 60299574
total bases: 5955907316
Q20 bases: 5626760158(94.4736%)
Q30 bases: 5189133690(87.1258%)

Read1 after filtering:
total reads: 58691265
total bases: 5794555360
Q20 bases: 5564743634(96.034%)
Q30 bases: 5224191449(90.1569%)

Read2 after filtering:
total reads: 58691265
total bases: 5789414122
Q20 bases: 5544368786(95.7674%)
Q30 bases: 5129441454(88.6004%)

Filtering result:
reads passed filter: 117382530
reads failed due to low quality: 3099762
reads failed due to too many N: 116856
reads failed due to too short: 0
reads with adapter trimmed: 614682
bases trimmed due to adapters: 12371089

Duplication rate: 15.6569%

Insert size peak (evaluated by paired-end reads): 99

JSON report: /home/zhou/raid/IO_RNA/PHS001919/fq/SRR10486042_fastp.json
HTML report: /home/zhou/raid/IO_RNA/PHS001919/fq/SRR10486042_fastp.html

/home/circrna/miniconda3/bin/fastp -i /home/zhou/raid/ncbi/dbGaP-24835/RNA_phs001919_PRJNA578193/raw/SRR10486042_1.fastq.gz -I /home/zhou/raid/ncbi/dbGaP-24835/RNA_phs001919_PRJNA578193/raw/SRR10486042_2.fastq.gz -o /home/zhou/raid/IO_RNA/PHS001919/fq/SRR10486042_1.fastq.gz -O /home/zhou/raid/IO_RNA/PHS001919/fq/SRR10486042_2.fastq.gz -j /home/zhou/raid/IO_RNA/PHS001919/fq/SRR10486042_fastp.json -h /home/zhou/raid/IO_RNA/PHS001919/fq/SRR10486042_fastp.html -w 4 
fastp v0.23.4, time used: 195 seconds
Read1 before filtering:
total reads: 61696400
total bases: 6095949597
Q20 bases: 5897002681(96.7364%)
Q30 bases: 5546725801(90.9903%)

Read2 before filtering:
total reads: 61696400
total bases: 6100169097
Q20 bases: 5794545166(94.9899%)
Q30 bases: 5357169297(87.82%)

Read1 after filtering:
total reads: 60477883
total bases: 5978229403
Q20 bases: 5809995739(97.1859%)
Q30 bases: 5473461594(91.5566%)

Read2 after filtering:
total reads: 60477883
total bases: 5975435865
Q20 bases: 5745820430(96.1573%)
Q30 bases: 5327697183(89.16%)

Filtering result:
reads passed filter: 120955766
reads failed due to low quality: 2311776
reads failed due to too many N: 125258
reads failed due to too short: 0
reads with adapter trimmed: 334344
bases trimmed due to adapters: 6553774

Duplication rate: 16.4893%

Insert size peak (evaluated by paired-end reads): 127

JSON report: /home/zhou/raid/IO_RNA/PHS001919/fq/SRR10486043_fastp.json
HTML report: /home/zhou/raid/IO_RNA/PHS001919/fq/SRR10486043_fastp.html

/home/circrna/miniconda3/bin/fastp -i /home/zhou/raid/ncbi/dbGaP-24835/RNA_phs001919_PRJNA578193/raw/SRR10486043_1.fastq.gz -I /home/zhou/raid/ncbi/dbGaP-24835/RNA_phs001919_PRJNA578193/raw/SRR10486043_2.fastq.gz -o /home/zhou/raid/IO_RNA/PHS001919/fq/SRR10486043_1.fastq.gz -O /home/zhou/raid/IO_RNA/PHS001919/fq/SRR10486043_2.fastq.gz -j /home/zhou/raid/IO_RNA/PHS001919/fq/SRR10486043_fastp.json -h /home/zhou/raid/IO_RNA/PHS001919/fq/SRR10486043_fastp.html -w 4 
fastp v0.23.4, time used: 204 seconds
Read1 before filtering:
total reads: 58664872
total bases: 5760843669
Q20 bases: 5514482741(95.7235%)
Q30 bases: 5156753598(89.5139%)

Read2 before filtering:
total reads: 58664872
total bases: 5806850217
Q20 bases: 5443339388(93.74%)
Q30 bases: 4996940165(86.0525%)

Read1 after filtering:
total reads: 56693509
total bases: 5610413157
Q20 bases: 5425558431(96.7051%)
Q30 bases: 5082702530(90.5941%)

Read2 after filtering:
total reads: 56693509
total bases: 5607046440
Q20 bases: 5375782681(95.8755%)
Q30 bases: 4959778447(88.4562%)

Filtering result:
reads passed filter: 113387018
reads failed due to low quality: 3825752
reads failed due to too many N: 116974
reads failed due to too short: 0
reads with adapter trimmed: 342296
bases trimmed due to adapters: 7335785

Duplication rate: 21.1904%

Insert size peak (evaluated by paired-end reads): 139

JSON report: /home/zhou/raid/IO_RNA/PHS001919/fq/SRR10486044_fastp.json
HTML report: /home/zhou/raid/IO_RNA/PHS001919/fq/SRR10486044_fastp.html

/home/circrna/miniconda3/bin/fastp -i /home/zhou/raid/ncbi/dbGaP-24835/RNA_phs001919_PRJNA578193/raw/SRR10486044_1.fastq.gz -I /home/zhou/raid/ncbi/dbGaP-24835/RNA_phs001919_PRJNA578193/raw/SRR10486044_2.fastq.gz -o /home/zhou/raid/IO_RNA/PHS001919/fq/SRR10486044_1.fastq.gz -O /home/zhou/raid/IO_RNA/PHS001919/fq/SRR10486044_2.fastq.gz -j /home/zhou/raid/IO_RNA/PHS001919/fq/SRR10486044_fastp.json -h /home/zhou/raid/IO_RNA/PHS001919/fq/SRR10486044_fastp.html -w 4 
fastp v0.23.4, time used: 191 seconds
Read1 before filtering:
total reads: 62472286
total bases: 6171348066
Q20 bases: 5906391391(95.7067%)
Q30 bases: 5536646213(89.7153%)

Read2 before filtering:
total reads: 62472286
total bases: 6177974508
Q20 bases: 5830553668(94.3765%)
Q30 bases: 5369061225(86.9065%)

Read1 after filtering:
total reads: 60840781
total bases: 6013713562
Q20 bases: 5802376401(96.4857%)
Q30 bases: 5449657819(90.6205%)

Read2 after filtering:
total reads: 60840781
total bases: 6009361605
Q20 bases: 5755164807(95.77%)
Q30 bases: 5317951927(88.4945%)

Filtering result:
reads passed filter: 121681562
reads failed due to low quality: 3138250
reads failed due to too many N: 124760
reads failed due to too short: 0
reads with adapter trimmed: 556852
bases trimmed due to adapters: 11941496

Duplication rate: 16.693%

Insert size peak (evaluated by paired-end reads): 99

JSON report: /home/zhou/raid/IO_RNA/PHS001919/fq/SRR10486046_fastp.json
HTML report: /home/zhou/raid/IO_RNA/PHS001919/fq/SRR10486046_fastp.html

/home/circrna/miniconda3/bin/fastp -i /home/zhou/raid/ncbi/dbGaP-24835/RNA_phs001919_PRJNA578193/raw/SRR10486046_1.fastq.gz -I /home/zhou/raid/ncbi/dbGaP-24835/RNA_phs001919_PRJNA578193/raw/SRR10486046_2.fastq.gz -o /home/zhou/raid/IO_RNA/PHS001919/fq/SRR10486046_1.fastq.gz -O /home/zhou/raid/IO_RNA/PHS001919/fq/SRR10486046_2.fastq.gz -j /home/zhou/raid/IO_RNA/PHS001919/fq/SRR10486046_fastp.json -h /home/zhou/raid/IO_RNA/PHS001919/fq/SRR10486046_fastp.html -w 4 
fastp v0.23.4, time used: 208 seconds

  /// MultiQC  | v1.14

|           multiqc | MultiQC Version v1.15 now available!
|           multiqc | Search path : /home/zhou/raid/IO_RNA/PHS001919/fq
|         searching |  100% 240/240  
|             fastp | Found 60 reports
|           multiqc | Compressing plot data
|           multiqc | Report      : ../../../../zhou/raid/IO_RNA/PHS001919/fq/multiqc_report.html
|           multiqc | Data        : ../../../../zhou/raid/IO_RNA/PHS001919/fq/multiqc_data
|           multiqc | MultiQC complete
