Start CIRIquant for SRR10486033 at Tue Oct 17 23:15:55 CST 2023
Final result exists and is not empty, skipped this sample.
Start circexplorer2 for SRR10486033 at Tue Oct 17 23:15:53 CST 2023
Final result exists and is not empty, skipped this sample.
Start circRNA_finder for SRR10486033 at Tue Oct 17 23:15:53 CST 2023
Final result exists and is not empty, skipped this sample.
Start find_circ for SRR10486033 at Tue Oct 17 23:15:53 CST 2023
Final result exists and is not empty, skipped this sample.
Start CIRIquant for SRR10486034 at Tue Oct 17 23:15:57 CST 2023
Final result exists and is not empty, skipped this sample.
Start circexplorer2 for SRR10486034 at Tue Oct 17 23:15:55 CST 2023
Final result exists and is not empty, skipped this sample.
Start circRNA_finder for SRR10486034 at Tue Oct 17 23:15:55 CST 2023
Final result exists and is not empty, skipped this sample.
Start find_circ for SRR10486034 at Tue Oct 17 23:15:55 CST 2023
Final result exists and is not empty, skipped this sample.
Start CIRIquant for SRR10486047 at Tue Oct 17 23:15:59 CST 2023
Final result exists and is not empty, skipped this sample.
Start circexplorer2 for SRR10486047 at Tue Oct 17 23:15:57 CST 2023
Final result exists and is not empty, skipped this sample.
Start circRNA_finder for SRR10486047 at Tue Oct 17 23:15:57 CST 2023
Final result exists and is not empty, skipped this sample.
Start find_circ for SRR10486047 at Tue Oct 17 23:15:57 CST 2023
Final result exists and is not empty, skipped this sample.
Start CIRIquant for SRR10486048 at Tue Oct 17 23:16:01 CST 2023
Final result exists and is not empty, skipped this sample.
Start circexplorer2 for SRR10486048 at Tue Oct 17 23:15:59 CST 2023
Final result exists and is not empty, skipped this sample.
Start circRNA_finder for SRR10486048 at Tue Oct 17 23:15:59 CST 2023
Final result exists and is not empty, skipped this sample.
Start find_circ for SRR10486048 at Tue Oct 17 23:15:59 CST 2023
Final result exists and is not empty, skipped this sample.
Start CIRIquant for SRR10486049 at Tue Oct 17 23:16:04 CST 2023
Final result exists and is not empty, skipped this sample.
