Reading GTF annotation data...
Extracting gene and region information...
Checking gtf data...
    chr start   end         gene_id        gene
1: chr1 11869 14409 ENSG00000223972     DDX11L1
2: chr1 14404 29570 ENSG00000227232      WASH7P
3: chr1 17369 17436 ENSG00000278267   MIR6859-1
4: chr1 29554 31109 ENSG00000243485 MIR1302-2HG
5: chr1 30366 30503 ENSG00000284332   MIR1302-2
6: chr1 34554 36081 ENSG00000237613     FAM138A
Scanning result bed files and extracting sample IDs...
60 sample(s) detected
Reading, joining & annotating circRNAs...
	handling SRR10486033
	handling SRR10486034
	handling SRR10486035
	handling SRR10486036
	handling SRR10486037
	handling SRR10486038
	handling SRR10486039
	handling SRR10486040
	handling SRR10486041
	handling SRR10486042
	handling SRR10486043
	handling SRR10486044
	handling SRR10486046
	handling SRR10486047
	handling SRR10486048
	handling SRR10486049
	handling SRR10486050
	handling SRR10486051
	handling SRR10486052
	handling SRR10486053
	=>133 solid circRNAs detected
	handling SRR10486059
	=>185 solid circRNAs detected
	handling SRR10486071
	=>320 solid circRNAs detected
Warning in FUN(X[[i]], ...) :
  invalid (character) count detected for SRR10486049 with method circexplorer2
	handling SRR10486067
	=>95 solid circRNAs detected
	handling SRR10486068
	=>531 solid circRNAs detected
	handling SRR10486065
Warning in FUN(X[[i]], ...) :
  invalid (character) count detected for SRR10486052 with method circexplorer2
	=>344 solid circRNAs detected
	handling SRR10486073
	=>469 solid circRNAs detected
	handling SRR10486062
	=>172 solid circRNAs detected
	handling SRR10486069
	=>503 solid circRNAs detected
	handling SRR10486064
	=>442 solid circRNAs detected
	handling SRR10486072
	=>771 solid circRNAs detected
	handling SRR10486066
	=>737 solid circRNAs detected
	handling SRR10486063
	=>759 solid circRNAs detected
	handling SRR10486061
	=>436 solid circRNAs detected
	handling SRR10486070
	=>188 solid circRNAs detected
	handling SRR10486055
	=>313 solid circRNAs detected
	handling SRR10486058
	=>397 solid circRNAs detected
	handling SRR10486089
	=>245 solid circRNAs detected
	handling SRR10486054
	=>229 solid circRNAs detected
	handling SRR10486056
	=>427 solid circRNAs detected
	handling SRR10486057
	=>466 solid circRNAs detected
	handling SRR10486060
	=>340 solid circRNAs detected
	handling SRR10486087
	=>627 solid circRNAs detected
	handling SRR10486093
	=>386 solid circRNAs detected
	handling SRR10486075
	=>397 solid circRNAs detected
	handling SRR10486088
	=>194 solid circRNAs detected
	=>153 solid circRNAs detected
	handling SRR10486086
	=>463 solid circRNAs detected
	handling SRR10486090
	=>452 solid circRNAs detected
	=>417 solid circRNAs detected
	handling SRR10486085
	=>213 solid circRNAs detected
	handling SRR10486084
	=>551 solid circRNAs detected
	handling SRR10486077
	=>309 solid circRNAs detected
	handling SRR10486078
	=>217 solid circRNAs detected
	handling SRR10486091
	=>325 solid circRNAs detected
	=>364 solid circRNAs detected
	handling SRR10486094
	=>162 solid circRNAs detected
	=>365 solid circRNAs detected
	=>231 solid circRNAs detected
Warning in FUN(X[[i]], ...) :
  invalid (character) count detected for SRR10486078 with method circexplorer2
	=>850 solid circRNAs detected
	=>283 solid circRNAs detected
	=>284 solid circRNAs detected
	handling SRR10486074
	=>282 solid circRNAs detected
	handling SRR10486092
	=>215 solid circRNAs detected
	handling SRR10486083
	=>269 solid circRNAs detected
	=>668 solid circRNAs detected
	handling SRR10486081
	=>217 solid circRNAs detected
	=>542 solid circRNAs detected
	handling SRR10486080
	=>607 solid circRNAs detected
	=>780 solid circRNAs detected
	=>163 solid circRNAs detected
	=>332 solid circRNAs detected
	=>261 solid circRNAs detected
	=>156 solid circRNAs detected
	=>382 solid circRNAs detected
	handling SRR10486082
	=>313 solid circRNAs detected
	=>485 solid circRNAs detected
	=>506 solid circRNAs detected
	handling SRR10486076
Warning in FUN(X[[i]], ...) :
  invalid (character) count detected for SRR10486076 with method circexplorer2
	=>463 solid circRNAs detected
	=>502 solid circRNAs detected
Done. Please check result *.aggr.txt in /home/zhou/raid/IO_RNA/circRNA/PHS001919/aggr
Scanning result aggr files...
Checking if all sample result data files could be found...
Merging result aggr files...
Outputing
Done. Check /home/zhou/raid/IO_RNA/circRNA/PHS001919/aggr/aggr_circRNA.tsv.gz
