WARNING: fastp uses up to 16 threads although you specified 20
Read1 before filtering:
total reads: 35783624
total bases: 3552170298
Q20 bases: 3458566642(97.3649%)
Q30 bases: 3349600280(94.2973%)

Read2 before filtering:
total reads: 35783624
total bases: 3551913440
Q20 bases: 3400429895(95.7352%)
Q30 bases: 3282897003(92.4262%)

Read1 after filtering:
total reads: 35597114
total bases: 3532952030
Q20 bases: 3440905846(97.3946%)
Q30 bases: 3332847595(94.3361%)

Read2 after filtering:
total reads: 35597114
total bases: 3532834694
Q20 bases: 3392270931(96.0212%)
Q30 bases: 3278250814(92.7938%)

Filtering result:
reads passed filter: 71194228
reads failed due to low quality: 309800
reads failed due to too many N: 54418
reads failed due to too short: 8802
reads with adapter trimmed: 708990
bases trimmed due to adapters: 2111774

Duplication rate: 31.8596%

Insert size peak (evaluated by paired-end reads): 127

JSON report: /home/zhou/raid/IO_RNA/EGAD00001005501/fq/EGAF00003490962_fastp.json
HTML report: /home/zhou/raid/IO_RNA/EGAD00001005501/fq/EGAF00003490962_fastp.html

/home/circrna/miniconda3/bin/fastp -i /home/zhou/raid/EGA/EGAD00001005501/raw/EGAF00003490962_1.fq.gz -I /home/zhou/raid/EGA/EGAD00001005501/raw/EGAF00003490962_2.fq.gz -o /home/zhou/raid/IO_RNA/EGAD00001005501/fq/EGAF00003490962_1.fastq.gz -O /home/zhou/raid/IO_RNA/EGAD00001005501/fq/EGAF00003490962_2.fastq.gz -j /home/zhou/raid/IO_RNA/EGAD00001005501/fq/EGAF00003490962_fastp.json -h /home/zhou/raid/IO_RNA/EGAD00001005501/fq/EGAF00003490962_fastp.html -w 20 
fastp v0.23.4, time used: 107 seconds
WARNING: fastp uses up to 16 threads although you specified 20
Read1 before filtering:
total reads: 45030166
total bases: 4478515222
Q20 bases: 4373528178(97.6558%)
Q30 bases: 4257574605(95.0667%)

Read2 before filtering:
total reads: 45030166
total bases: 4469650279
Q20 bases: 4295890826(96.1125%)
Q30 bases: 4146420475(92.7683%)

Read1 after filtering:
total reads: 44695643
total bases: 4445047278
Q20 bases: 4342408774(97.6909%)
Q30 bases: 4228108433(95.1195%)

Read2 after filtering:
total reads: 44695643
total bases: 4445494127
Q20 bases: 4282668070(96.3373%)
Q30 bases: 4137179729(93.0646%)

Filtering result:
reads passed filter: 89391286
reads failed due to low quality: 508558
reads failed due to too many N: 160092
reads failed due to too short: 396
reads with adapter trimmed: 560456
bases trimmed due to adapters: 1803177

Duplication rate: 19.3223%

Insert size peak (evaluated by paired-end reads): 131

JSON report: /home/zhou/raid/IO_RNA/EGAD00001005501/fq/EGAF00003490924_fastp.json
HTML report: /home/zhou/raid/IO_RNA/EGAD00001005501/fq/EGAF00003490924_fastp.html

/home/circrna/miniconda3/bin/fastp -i /home/zhou/raid/EGA/EGAD00001005501/raw/EGAF00003490924_1.fq.gz -I /home/zhou/raid/EGA/EGAD00001005501/raw/EGAF00003490924_2.fq.gz -o /home/zhou/raid/IO_RNA/EGAD00001005501/fq/EGAF00003490924_1.fastq.gz -O /home/zhou/raid/IO_RNA/EGAD00001005501/fq/EGAF00003490924_2.fastq.gz -j /home/zhou/raid/IO_RNA/EGAD00001005501/fq/EGAF00003490924_fastp.json -h /home/zhou/raid/IO_RNA/EGAD00001005501/fq/EGAF00003490924_fastp.html -w 20 
fastp v0.23.4, time used: 134 seconds
WARNING: fastp uses up to 16 threads although you specified 20
Read1 before filtering:
total reads: 33150210
total bases: 3292636564
Q20 bases: 3205991753(97.3685%)
Q30 bases: 3103797318(94.2648%)

Read2 before filtering:
total reads: 33150210
total bases: 3293068351
Q20 bases: 3146072549(95.5362%)
Q30 bases: 3032751274(92.095%)

Read1 after filtering:
total reads: 32988969
total bases: 3275805248
Q20 bases: 3190776955(97.4044%)
Q30 bases: 3089450754(94.3112%)

Read2 after filtering:
total reads: 32988969
total bases: 3275949516
Q20 bases: 3138435719(95.8023%)
Q30 bases: 3028164109(92.4362%)

Filtering result:
reads passed filter: 65977938
reads failed due to low quality: 272462
reads failed due to too many N: 46734
reads failed due to too short: 3286
reads with adapter trimmed: 688902
bases trimmed due to adapters: 2276928

Duplication rate: 23.1186%

Insert size peak (evaluated by paired-end reads): 127

JSON report: /home/zhou/raid/IO_RNA/EGAD00001005501/fq/EGAF00003490945_fastp.json
HTML report: /home/zhou/raid/IO_RNA/EGAD00001005501/fq/EGAF00003490945_fastp.html

/home/circrna/miniconda3/bin/fastp -i /home/zhou/raid/EGA/EGAD00001005501/raw/EGAF00003490945_1.fq.gz -I /home/zhou/raid/EGA/EGAD00001005501/raw/EGAF00003490945_2.fq.gz -o /home/zhou/raid/IO_RNA/EGAD00001005501/fq/EGAF00003490945_1.fastq.gz -O /home/zhou/raid/IO_RNA/EGAD00001005501/fq/EGAF00003490945_2.fastq.gz -j /home/zhou/raid/IO_RNA/EGAD00001005501/fq/EGAF00003490945_fastp.json -h /home/zhou/raid/IO_RNA/EGAD00001005501/fq/EGAF00003490945_fastp.html -w 20 
fastp v0.23.4, time used: 95 seconds
WARNING: fastp uses up to 16 threads although you specified 20
Read1 before filtering:
total reads: 32542873
total bases: 3225078423
Q20 bases: 3149436593(97.6546%)
Q30 bases: 3060754417(94.9048%)

Read2 before filtering:
total reads: 32542873
total bases: 3225430167
Q20 bases: 3082717459(95.5754%)
Q30 bases: 2974777288(92.2289%)

Read1 after filtering:
total reads: 32355641
total bases: 3205644404
Q20 bases: 3131629442(97.6911%)
Q30 bases: 3043846489(94.9527%)

Read2 after filtering:
total reads: 32355641
total bases: 3205658080
Q20 bases: 3074203404(95.8993%)
Q30 bases: 2969833540(92.6435%)

Filtering result:
reads passed filter: 64711282
reads failed due to low quality: 319430
reads failed due to too many N: 50738
reads failed due to too short: 4296
reads with adapter trimmed: 829572
bases trimmed due to adapters: 2532438

Duplication rate: 19.1582%

Insert size peak (evaluated by paired-end reads): 123

JSON report: /home/zhou/raid/IO_RNA/EGAD00001005501/fq/EGAF00003490954_fastp.json
HTML report: /home/zhou/raid/IO_RNA/EGAD00001005501/fq/EGAF00003490954_fastp.html

/home/circrna/miniconda3/bin/fastp -i /home/zhou/raid/EGA/EGAD00001005501/raw/EGAF00003490954_1.fq.gz -I /home/zhou/raid/EGA/EGAD00001005501/raw/EGAF00003490954_2.fq.gz -o /home/zhou/raid/IO_RNA/EGAD00001005501/fq/EGAF00003490954_1.fastq.gz -O /home/zhou/raid/IO_RNA/EGAD00001005501/fq/EGAF00003490954_2.fastq.gz -j /home/zhou/raid/IO_RNA/EGAD00001005501/fq/EGAF00003490954_fastp.json -h /home/zhou/raid/IO_RNA/EGAD00001005501/fq/EGAF00003490954_fastp.html -w 20 
fastp v0.23.4, time used: 93 seconds
WARNING: fastp uses up to 16 threads although you specified 20
Read1 before filtering:
total reads: 30392306
total bases: 3020071940
Q20 bases: 2943873876(97.4769%)
Q30 bases: 2854735303(94.5254%)

Read2 before filtering:
total reads: 30392306
total bases: 3019532759
Q20 bases: 2888845858(95.6719%)
Q30 bases: 2791586478(92.4509%)

Read1 after filtering:
total reads: 30239231
total bases: 3004275827
Q20 bases: 2929542953(97.5124%)
Q30 bases: 2841222704(94.5726%)

Read2 after filtering:
total reads: 30239231
total bases: 3003944142
Q20 bases: 2882340945(95.9519%)
Q30 bases: 2788024622(92.8121%)

Filtering result:
reads passed filter: 60478462
reads failed due to low quality: 267544
reads failed due to too many N: 34616
reads failed due to too short: 3990
reads with adapter trimmed: 583570
bases trimmed due to adapters: 1813814

Duplication rate: 27.0146%

Insert size peak (evaluated by paired-end reads): 124

JSON report: /home/zhou/raid/IO_RNA/EGAD00001005501/fq/EGAF00003096344_fastp.json
HTML report: /home/zhou/raid/IO_RNA/EGAD00001005501/fq/EGAF00003096344_fastp.html

/home/circrna/miniconda3/bin/fastp -i /home/zhou/raid/EGA/EGAD00001005501/raw/EGAF00003096344_1.fq.gz -I /home/zhou/raid/EGA/EGAD00001005501/raw/EGAF00003096344_2.fq.gz -o /home/zhou/raid/IO_RNA/EGAD00001005501/fq/EGAF00003096344_1.fastq.gz -O /home/zhou/raid/IO_RNA/EGAD00001005501/fq/EGAF00003096344_2.fastq.gz -j /home/zhou/raid/IO_RNA/EGAD00001005501/fq/EGAF00003096344_fastp.json -h /home/zhou/raid/IO_RNA/EGAD00001005501/fq/EGAF00003096344_fastp.html -w 20 
fastp v0.23.4, time used: 86 seconds
WARNING: fastp uses up to 16 threads although you specified 20
Read1 before filtering:
total reads: 34585808
total bases: 3429806527
Q20 bases: 3386315918(98.732%)
Q30 bases: 3335454161(97.249%)

Read2 before filtering:
total reads: 34585808
total bases: 3429875406
Q20 bases: 3321840949(96.8502%)
Q30 bases: 3233728697(94.2812%)

Read1 after filtering:
total reads: 34515148
total bases: 3422058394
Q20 bases: 3379048625(98.7432%)
Q30 bases: 3328524320(97.2667%)

Read2 after filtering:
total reads: 34515148
total bases: 3422182056
Q20 bases: 3318294199(96.9643%)
Q30 bases: 3231503089(94.4281%)

Filtering result:
reads passed filter: 69030296
reads failed due to low quality: 113074
reads failed due to too many N: 20794
reads failed due to too short: 7452
reads with adapter trimmed: 620348
bases trimmed due to adapters: 1969223

Duplication rate: 19.6036%

Insert size peak (evaluated by paired-end reads): 127

JSON report: /home/zhou/raid/IO_RNA/EGAD00001005501/fq/EGAF00003094520_fastp.json
HTML report: /home/zhou/raid/IO_RNA/EGAD00001005501/fq/EGAF00003094520_fastp.html

/home/circrna/miniconda3/bin/fastp -i /home/zhou/raid/EGA/EGAD00001005501/raw/EGAF00003094520_1.fq.gz -I /home/zhou/raid/EGA/EGAD00001005501/raw/EGAF00003094520_2.fq.gz -o /home/zhou/raid/IO_RNA/EGAD00001005501/fq/EGAF00003094520_1.fastq.gz -O /home/zhou/raid/IO_RNA/EGAD00001005501/fq/EGAF00003094520_2.fastq.gz -j /home/zhou/raid/IO_RNA/EGAD00001005501/fq/EGAF00003094520_fastp.json -h /home/zhou/raid/IO_RNA/EGAD00001005501/fq/EGAF00003094520_fastp.html -w 20 
fastp v0.23.4, time used: 98 seconds
WARNING: fastp uses up to 16 threads although you specified 20
Read1 before filtering:
total reads: 34936684
total bases: 3470139105
Q20 bases: 3388898798(97.6589%)
Q30 bases: 3291362456(94.8481%)

Read2 before filtering:
total reads: 34936684
total bases: 3470472019
Q20 bases: 3331180793(95.9864%)
Q30 bases: 3218830856(92.7491%)

Read1 after filtering:
total reads: 34765333
total bases: 3452424000
Q20 bases: 3372447246(97.6835%)
Q30 bases: 3275662048(94.8801%)

Read2 after filtering:
total reads: 34765333
total bases: 3452480811
Q20 bases: 3323436210(96.2623%)
Q30 bases: 3214435168(93.1051%)

Filtering result:
reads passed filter: 69530666
reads failed due to low quality: 290160
reads failed due to too many N: 47340
reads failed due to too short: 5202
reads with adapter trimmed: 714792
bases trimmed due to adapters: 2208794

Duplication rate: 33.3876%

Insert size peak (evaluated by paired-end reads): 124

JSON report: /home/zhou/raid/IO_RNA/EGAD00001005501/fq/EGAF00003094031_fastp.json
HTML report: /home/zhou/raid/IO_RNA/EGAD00001005501/fq/EGAF00003094031_fastp.html

/home/circrna/miniconda3/bin/fastp -i /home/zhou/raid/EGA/EGAD00001005501/raw/EGAF00003094031_1.fq.gz -I /home/zhou/raid/EGA/EGAD00001005501/raw/EGAF00003094031_2.fq.gz -o /home/zhou/raid/IO_RNA/EGAD00001005501/fq/EGAF00003094031_1.fastq.gz -O /home/zhou/raid/IO_RNA/EGAD00001005501/fq/EGAF00003094031_2.fastq.gz -j /home/zhou/raid/IO_RNA/EGAD00001005501/fq/EGAF00003094031_fastp.json -h /home/zhou/raid/IO_RNA/EGAD00001005501/fq/EGAF00003094031_fastp.html -w 20 
fastp v0.23.4, time used: 100 seconds
WARNING: fastp uses up to 16 threads although you specified 20
Read1 before filtering:
total reads: 36376564
total bases: 3609605207
Q20 bases: 3486321600(96.5846%)
Q30 bases: 3360807238(93.1073%)

Read2 before filtering:
total reads: 36376564
total bases: 3610139729
Q20 bases: 3416619388(94.6395%)
Q30 bases: 3279342590(90.837%)

Read1 after filtering:
total reads: 36233869
total bases: 3594565242
Q20 bases: 3472625626(96.6077%)
Q30 bases: 3347944311(93.1391%)

Read2 after filtering:
total reads: 36233869
total bases: 3594747199
Q20 bases: 3411004813(94.8886%)
Q30 bases: 3276469718(91.146%)

Filtering result:
reads passed filter: 72467738
reads failed due to low quality: 261694
reads failed due to too many N: 23494
reads failed due to too short: 202
reads with adapter trimmed: 702774
bases trimmed due to adapters: 2084398

Duplication rate: 17.8201%

Insert size peak (evaluated by paired-end reads): 127

JSON report: /home/zhou/raid/IO_RNA/EGAD00001005501/fq/EGAF00003094276_fastp.json
HTML report: /home/zhou/raid/IO_RNA/EGAD00001005501/fq/EGAF00003094276_fastp.html

/home/circrna/miniconda3/bin/fastp -i /home/zhou/raid/EGA/EGAD00001005501/raw/EGAF00003094276_1.fq.gz -I /home/zhou/raid/EGA/EGAD00001005501/raw/EGAF00003094276_2.fq.gz -o /home/zhou/raid/IO_RNA/EGAD00001005501/fq/EGAF00003094276_1.fastq.gz -O /home/zhou/raid/IO_RNA/EGAD00001005501/fq/EGAF00003094276_2.fastq.gz -j /home/zhou/raid/IO_RNA/EGAD00001005501/fq/EGAF00003094276_fastp.json -h /home/zhou/raid/IO_RNA/EGAD00001005501/fq/EGAF00003094276_fastp.html -w 20 
fastp v0.23.4, time used: 111 seconds
WARNING: fastp uses up to 16 threads although you specified 20
Read1 before filtering:
total reads: 39154075
total bases: 3887714288
Q20 bases: 3762778811(96.7864%)
Q30 bases: 3633336275(93.4569%)

Read2 before filtering:
total reads: 39154075
total bases: 3888409889
Q20 bases: 3695133057(95.0294%)
Q30 bases: 3553967919(91.399%)

Read1 after filtering:
total reads: 39021726
total bases: 3873636073
Q20 bases: 3750027666(96.809%)
Q30 bases: 3621383998(93.488%)

Read2 after filtering:
total reads: 39021726
total bases: 3874041135
Q20 bases: 3689648545(95.2403%)
Q30 bases: 3550983027(91.661%)

Filtering result:
reads passed filter: 78043452
reads failed due to low quality: 239142
reads failed due to too many N: 25402
reads failed due to too short: 154
reads with adapter trimmed: 688542
bases trimmed due to adapters: 2146720

Duplication rate: 18.2172%

Insert size peak (evaluated by paired-end reads): 128

JSON report: /home/zhou/raid/IO_RNA/EGAD00001005501/fq/EGAF00003094032_fastp.json
HTML report: /home/zhou/raid/IO_RNA/EGAD00001005501/fq/EGAF00003094032_fastp.html

/home/circrna/miniconda3/bin/fastp -i /home/zhou/raid/EGA/EGAD00001005501/raw/EGAF00003094032_1.fq.gz -I /home/zhou/raid/EGA/EGAD00001005501/raw/EGAF00003094032_2.fq.gz -o /home/zhou/raid/IO_RNA/EGAD00001005501/fq/EGAF00003094032_1.fastq.gz -O /home/zhou/raid/IO_RNA/EGAD00001005501/fq/EGAF00003094032_2.fastq.gz -j /home/zhou/raid/IO_RNA/EGAD00001005501/fq/EGAF00003094032_fastp.json -h /home/zhou/raid/IO_RNA/EGAD00001005501/fq/EGAF00003094032_fastp.html -w 20 
fastp v0.23.4, time used: 119 seconds
WARNING: fastp uses up to 16 threads although you specified 20
Read1 before filtering:
total reads: 39323014
total bases: 3902280190
Q20 bases: 3775181575(96.743%)
Q30 bases: 3644243501(93.3875%)

Read2 before filtering:
total reads: 39323014
total bases: 3903380411
Q20 bases: 3690250910(94.5399%)
Q30 bases: 3532230029(90.4916%)

Read1 after filtering:
total reads: 39188874
total bases: 3888073646
Q20 bases: 3762369718(96.7669%)
Q30 bases: 3632216832(93.4194%)

Read2 after filtering:
total reads: 39188874
total bases: 3888862914
Q20 bases: 3684853430(94.754%)
Q30 bases: 3529286689(90.7537%)

Filtering result:
reads passed filter: 78377748
reads failed due to low quality: 242944
reads failed due to too many N: 25172
reads failed due to too short: 164
reads with adapter trimmed: 669224
bases trimmed due to adapters: 2075640

Duplication rate: 28.1291%

Insert size peak (evaluated by paired-end reads): 130

JSON report: /home/zhou/raid/IO_RNA/EGAD00001005501/fq/EGAF00003096078_fastp.json
HTML report: /home/zhou/raid/IO_RNA/EGAD00001005501/fq/EGAF00003096078_fastp.html

/home/circrna/miniconda3/bin/fastp -i /home/zhou/raid/EGA/EGAD00001005501/raw/EGAF00003096078_1.fq.gz -I /home/zhou/raid/EGA/EGAD00001005501/raw/EGAF00003096078_2.fq.gz -o /home/zhou/raid/IO_RNA/EGAD00001005501/fq/EGAF00003096078_1.fastq.gz -O /home/zhou/raid/IO_RNA/EGAD00001005501/fq/EGAF00003096078_2.fastq.gz -j /home/zhou/raid/IO_RNA/EGAD00001005501/fq/EGAF00003096078_fastp.json -h /home/zhou/raid/IO_RNA/EGAD00001005501/fq/EGAF00003096078_fastp.html -w 20 
fastp v0.23.4, time used: 119 seconds
WARNING: fastp uses up to 16 threads although you specified 20
Read1 before filtering:
total reads: 38236546
total bases: 3798047710
Q20 bases: 3666884867(96.5466%)
Q30 bases: 3532918616(93.0193%)

Read2 before filtering:
total reads: 38236546
total bases: 3798792286
Q20 bases: 3592465698(94.5686%)
Q30 bases: 3444132560(90.6639%)

Read1 after filtering:
total reads: 38057105
total bases: 3779292181
Q20 bases: 3649677420(96.5704%)
Q30 bases: 3516696738(93.0517%)

Read2 after filtering:
total reads: 38057105
total bases: 3779698419
Q20 bases: 3586017150(94.8757%)
Q30 bases: 3441050979(91.0404%)

Filtering result:
reads passed filter: 76114210
reads failed due to low quality: 334238
reads failed due to too many N: 24488
reads failed due to too short: 156
reads with adapter trimmed: 656122
bases trimmed due to adapters: 2160035

Duplication rate: 17.9398%

Insert size peak (evaluated by paired-end reads): 124

JSON report: /home/zhou/raid/IO_RNA/EGAD00001005501/fq/EGAF00003095287_fastp.json
HTML report: /home/zhou/raid/IO_RNA/EGAD00001005501/fq/EGAF00003095287_fastp.html

/home/circrna/miniconda3/bin/fastp -i /home/zhou/raid/EGA/EGAD00001005501/raw/EGAF00003095287_1.fq.gz -I /home/zhou/raid/EGA/EGAD00001005501/raw/EGAF00003095287_2.fq.gz -o /home/zhou/raid/IO_RNA/EGAD00001005501/fq/EGAF00003095287_1.fastq.gz -O /home/zhou/raid/IO_RNA/EGAD00001005501/fq/EGAF00003095287_2.fastq.gz -j /home/zhou/raid/IO_RNA/EGAD00001005501/fq/EGAF00003095287_fastp.json -h /home/zhou/raid/IO_RNA/EGAD00001005501/fq/EGAF00003095287_fastp.html -w 20 
fastp v0.23.4, time used: 116 seconds
WARNING: fastp uses up to 16 threads although you specified 20
