WARNING: fastp uses up to 16 threads although you specified 20
Read1 before filtering:
total reads: 23187854
total bases: 3249862479
Q20 bases: 3199801219(98.4596%)
Q30 bases: 3118013292(95.9429%)

Read2 before filtering:
total reads: 23187854
total bases: 3253585541
Q20 bases: 3179309579(97.7171%)
Q30 bases: 3064744732(94.1959%)

Read1 after filtering:
total reads: 22944281
total bases: 3216723358
Q20 bases: 3174908846(98.7001%)
Q30 bases: 3095829311(96.2417%)

Read2 after filtering:
total reads: 22944281
total bases: 3215212108
Q20 bases: 3157157008(98.1944%)
Q30 bases: 3047184442(94.774%)

Filtering result:
reads passed filter: 45888562
reads failed due to low quality: 441594
reads failed due to too many N: 41602
reads failed due to too short: 3950
reads with adapter trimmed: 214002
bases trimmed due to adapters: 3743057

Duplication rate: 41.0665%

Insert size peak (evaluated by paired-end reads): 129

JSON report: /home/zhou/raid/IO_RNA/HRA000524/fq/HRR179775_fastp.json
HTML report: /home/zhou/raid/IO_RNA/HRA000524/fq/HRR179775_fastp.html

/home/circrna/miniconda3/bin/fastp -i /home/zhou/t12a/HRA000524/raw/HRR179775_f1.fastq.gz -I /home/zhou/t12a/HRA000524/raw/HRR179775_r2.fastq.gz -o /home/zhou/raid/IO_RNA/HRA000524/fq/HRR179775_1.fastq.gz -O /home/zhou/raid/IO_RNA/HRA000524/fq/HRR179775_2.fastq.gz -j /home/zhou/raid/IO_RNA/HRA000524/fq/HRR179775_fastp.json -h /home/zhou/raid/IO_RNA/HRA000524/fq/HRR179775_fastp.html -w 20 
fastp v0.23.4, time used: 95 seconds
WARNING: fastp uses up to 16 threads although you specified 20
Read1 before filtering:
total reads: 21692585
total bases: 2992586379
Q20 bases: 2948963826(98.5423%)
Q30 bases: 2870611529(95.9241%)

Read2 before filtering:
total reads: 21692585
total bases: 2995907854
Q20 bases: 2934994706(97.9668%)
Q30 bases: 2834174811(94.6015%)

Read1 after filtering:
total reads: 21456890
total bases: 2966289943
Q20 bases: 2929144168(98.7477%)
Q30 bases: 2852697570(96.1706%)

Read2 after filtering:
total reads: 21456890
total bases: 2965363743
Q20 bases: 2917426278(98.3834%)
Q30 bases: 2820111855(95.1017%)

Filtering result:
reads passed filter: 42913780
reads failed due to low quality: 352708
reads failed due to too many N: 115620
reads failed due to too short: 3062
reads with adapter trimmed: 228504
bases trimmed due to adapters: 3715775

Duplication rate: 28.6463%

Insert size peak (evaluated by paired-end reads): 132

JSON report: /home/zhou/raid/IO_RNA/HRA000524/fq/HRR179770_fastp.json
HTML report: /home/zhou/raid/IO_RNA/HRA000524/fq/HRR179770_fastp.html

/home/circrna/miniconda3/bin/fastp -i /home/zhou/t12a/HRA000524/raw/HRR179770_f1.fastq.gz -I /home/zhou/t12a/HRA000524/raw/HRR179770_r2.fastq.gz -o /home/zhou/raid/IO_RNA/HRA000524/fq/HRR179770_1.fastq.gz -O /home/zhou/raid/IO_RNA/HRA000524/fq/HRR179770_2.fastq.gz -j /home/zhou/raid/IO_RNA/HRA000524/fq/HRR179770_fastp.json -h /home/zhou/raid/IO_RNA/HRA000524/fq/HRR179770_fastp.html -w 20 
fastp v0.23.4, time used: 83 seconds
WARNING: fastp uses up to 16 threads although you specified 20
Read1 before filtering:
total reads: 20880443
total bases: 2895783919
Q20 bases: 2860622349(98.7858%)
Q30 bases: 2791477124(96.398%)

Read2 before filtering:
total reads: 20880443
total bases: 2898951398
Q20 bases: 2846734697(98.1988%)
Q30 bases: 2754464836(95.0159%)

Read1 after filtering:
total reads: 20704417
total bases: 2875108590
Q20 bases: 2844500791(98.9354%)
Q30 bases: 2776774509(96.5798%)

Read2 after filtering:
total reads: 20704417
total bases: 2873890448
Q20 bases: 2832645976(98.5649%)
Q30 bases: 2743401446(95.4595%)

Filtering result:
reads passed filter: 41408834
reads failed due to low quality: 283370
reads failed due to too many N: 65544
reads failed due to too short: 3138
reads with adapter trimmed: 209966
bases trimmed due to adapters: 2913164

Duplication rate: 27.326%

Insert size peak (evaluated by paired-end reads): 133

JSON report: /home/zhou/raid/IO_RNA/HRA000524/fq/HRR179766_fastp.json
HTML report: /home/zhou/raid/IO_RNA/HRA000524/fq/HRR179766_fastp.html

/home/circrna/miniconda3/bin/fastp -i /home/zhou/t12a/HRA000524/raw/HRR179766_f1.fastq.gz -I /home/zhou/t12a/HRA000524/raw/HRR179766_r2.fastq.gz -o /home/zhou/raid/IO_RNA/HRA000524/fq/HRR179766_1.fastq.gz -O /home/zhou/raid/IO_RNA/HRA000524/fq/HRR179766_2.fastq.gz -j /home/zhou/raid/IO_RNA/HRA000524/fq/HRR179766_fastp.json -h /home/zhou/raid/IO_RNA/HRA000524/fq/HRR179766_fastp.html -w 20 
fastp v0.23.4, time used: 94 seconds
WARNING: fastp uses up to 16 threads although you specified 20
Read1 before filtering:
total reads: 19614389
total bases: 2758006674
Q20 bases: 2724223053(98.7751%)
Q30 bases: 2656477569(96.3188%)

Read2 before filtering:
total reads: 19614389
total bases: 2761031069
Q20 bases: 2701785999(97.8542%)
Q30 bases: 2603917491(94.3096%)

Read1 after filtering:
total reads: 19384253
total bases: 2734022300
Q20 bases: 2704555524(98.9222%)
Q30 bases: 2638163254(96.4938%)

Read2 after filtering:
total reads: 19384253
total bases: 2733113891
Q20 bases: 2686225803(98.2844%)
Q30 bases: 2591780688(94.8289%)

Filtering result:
reads passed filter: 38768506
reads failed due to low quality: 317242
reads failed due to too many N: 140922
reads failed due to too short: 2108
reads with adapter trimmed: 164760
bases trimmed due to adapters: 2339438

Duplication rate: 19.3409%

Insert size peak (evaluated by paired-end reads): 150

JSON report: /home/zhou/raid/IO_RNA/HRA000524/fq/HRR179727_fastp.json
HTML report: /home/zhou/raid/IO_RNA/HRA000524/fq/HRR179727_fastp.html

/home/circrna/miniconda3/bin/fastp -i /home/zhou/t12a/HRA000524/raw/HRR179727_f1.fastq.gz -I /home/zhou/t12a/HRA000524/raw/HRR179727_r2.fastq.gz -o /home/zhou/raid/IO_RNA/HRA000524/fq/HRR179727_1.fastq.gz -O /home/zhou/raid/IO_RNA/HRA000524/fq/HRR179727_2.fastq.gz -j /home/zhou/raid/IO_RNA/HRA000524/fq/HRR179727_fastp.json -h /home/zhou/raid/IO_RNA/HRA000524/fq/HRR179727_fastp.html -w 20 
fastp v0.23.4, time used: 94 seconds
WARNING: fastp uses up to 16 threads although you specified 20
Read1 before filtering:
total reads: 23317768
total bases: 3190352085
Q20 bases: 3082154676(96.6086%)
Q30 bases: 2972508706(93.1718%)

Read2 before filtering:
total reads: 23317768
total bases: 3197053683
Q20 bases: 3067629343(95.9518%)
Q30 bases: 2933429588(91.7542%)

Read1 after filtering:
total reads: 22774594
total bases: 3112989621
Q20 bases: 3031608167(97.3857%)
Q30 bases: 2929391169(94.1022%)

Read2 after filtering:
total reads: 22774594
total bases: 3110844109
Q20 bases: 3018143559(97.0201%)
Q30 bases: 2893580837(93.0159%)

Filtering result:
reads passed filter: 45549188
reads failed due to low quality: 995714
reads failed due to too many N: 87778
reads failed due to too short: 2856
reads with adapter trimmed: 379688
bases trimmed due to adapters: 8114589

Duplication rate: 57.4904%

Insert size peak (evaluated by paired-end reads): 129

JSON report: /home/zhou/raid/IO_RNA/HRA000524/fq/HRR179740_fastp.json
HTML report: /home/zhou/raid/IO_RNA/HRA000524/fq/HRR179740_fastp.html

/home/circrna/miniconda3/bin/fastp -i /home/zhou/t12a/HRA000524/raw/HRR179740_f1.fastq.gz -I /home/zhou/t12a/HRA000524/raw/HRR179740_r2.fastq.gz -o /home/zhou/raid/IO_RNA/HRA000524/fq/HRR179740_1.fastq.gz -O /home/zhou/raid/IO_RNA/HRA000524/fq/HRR179740_2.fastq.gz -j /home/zhou/raid/IO_RNA/HRA000524/fq/HRR179740_fastp.json -h /home/zhou/raid/IO_RNA/HRA000524/fq/HRR179740_fastp.html -w 20 
fastp v0.23.4, time used: 110 seconds
WARNING: fastp uses up to 16 threads although you specified 20
Read1 before filtering:
total reads: 18152742
total bases: 2421963087
Q20 bases: 2378397254(98.2012%)
Q30 bases: 2314413830(95.5594%)

Read2 before filtering:
total reads: 18152742
total bases: 2425755187
Q20 bases: 2366728262(97.5667%)
Q30 bases: 2284178039(94.1636%)

Read1 after filtering:
total reads: 17853207
total bases: 2388524308
Q20 bases: 2354621964(98.5806%)
Q30 bases: 2293105541(96.0051%)

Read2 after filtering:
total reads: 17853207
total bases: 2387209832
Q20 bases: 2344684528(98.2186%)
Q30 bases: 2266357135(94.9375%)

Filtering result:
reads passed filter: 35706414
reads failed due to low quality: 430516
reads failed due to too many N: 166546
reads failed due to too short: 2008
reads with adapter trimmed: 208300
bases trimmed due to adapters: 3803559

Duplication rate: 34.7564%

Insert size peak (evaluated by paired-end reads): 128

JSON report: /home/zhou/raid/IO_RNA/HRA000524/fq/HRR179745_fastp.json
HTML report: /home/zhou/raid/IO_RNA/HRA000524/fq/HRR179745_fastp.html

/home/circrna/miniconda3/bin/fastp -i /home/zhou/t12a/HRA000524/raw/HRR179745_f1.fastq.gz -I /home/zhou/t12a/HRA000524/raw/HRR179745_r2.fastq.gz -o /home/zhou/raid/IO_RNA/HRA000524/fq/HRR179745_1.fastq.gz -O /home/zhou/raid/IO_RNA/HRA000524/fq/HRR179745_2.fastq.gz -j /home/zhou/raid/IO_RNA/HRA000524/fq/HRR179745_fastp.json -h /home/zhou/raid/IO_RNA/HRA000524/fq/HRR179745_fastp.html -w 20 
fastp v0.23.4, time used: 78 seconds
WARNING: fastp uses up to 16 threads although you specified 20
Read1 before filtering:
total reads: 15851825
total bases: 2282255240
Q20 bases: 2151537608(94.2724%)
Q30 bases: 2040758762(89.4185%)

Read2 before filtering:
total reads: 15851825
total bases: 2283488521
Q20 bases: 2147067427(94.0258%)
Q30 bases: 2022651748(88.5773%)

Read1 after filtering:
total reads: 15328753
total bases: 2205752080
Q20 bases: 2102346386(95.312%)
Q30 bases: 2000450463(90.6924%)

Read2 after filtering:
total reads: 15328753
total bases: 2203057913
Q20 bases: 2098538284(95.2557%)
Q30 bases: 1983530872(90.0353%)

Filtering result:
reads passed filter: 30657506
reads failed due to low quality: 967600
reads failed due to too many N: 76594
reads failed due to too short: 1950
reads with adapter trimmed: 206776
bases trimmed due to adapters: 5363478

Duplication rate: 43.3973%

Insert size peak (evaluated by paired-end reads): 158

JSON report: /home/zhou/raid/IO_RNA/HRA000524/fq/HRR179755_fastp.json
HTML report: /home/zhou/raid/IO_RNA/HRA000524/fq/HRR179755_fastp.html

/home/circrna/miniconda3/bin/fastp -i /home/zhou/t12a/HRA000524/raw/HRR179755_f1.fastq.gz -I /home/zhou/t12a/HRA000524/raw/HRR179755_r2.fastq.gz -o /home/zhou/raid/IO_RNA/HRA000524/fq/HRR179755_1.fastq.gz -O /home/zhou/raid/IO_RNA/HRA000524/fq/HRR179755_2.fastq.gz -j /home/zhou/raid/IO_RNA/HRA000524/fq/HRR179755_fastp.json -h /home/zhou/raid/IO_RNA/HRA000524/fq/HRR179755_fastp.html -w 20 
fastp v0.23.4, time used: 84 seconds
WARNING: fastp uses up to 16 threads although you specified 20
Read1 before filtering:
total reads: 17040652
total bases: 2399137328
Q20 bases: 2367014100(98.6611%)
Q30 bases: 2306691948(96.1467%)

Read2 before filtering:
total reads: 17040652
total bases: 2402863650
Q20 bases: 2350386312(97.8161%)
Q30 bases: 2270178250(94.478%)

Read1 after filtering:
total reads: 16812569
total bases: 2374764630
Q20 bases: 2347239018(98.8409%)
Q30 bases: 2288374556(96.3622%)

Read2 after filtering:
total reads: 16812569
total bases: 2373963977
Q20 bases: 2333809542(98.3085%)
Q30 bases: 2257068744(95.0759%)

Filtering result:
reads passed filter: 33625138
reads failed due to low quality: 332198
reads failed due to too many N: 122072
reads failed due to too short: 1896
reads with adapter trimmed: 141868
bases trimmed due to adapters: 2077453

Duplication rate: 19.8921%

Insert size peak (evaluated by paired-end reads): 150

JSON report: /home/zhou/raid/IO_RNA/HRA000524/fq/HRR179732_fastp.json
HTML report: /home/zhou/raid/IO_RNA/HRA000524/fq/HRR179732_fastp.html

/home/circrna/miniconda3/bin/fastp -i /home/zhou/t12a/HRA000524/raw/HRR179732_f1.fastq.gz -I /home/zhou/t12a/HRA000524/raw/HRR179732_r2.fastq.gz -o /home/zhou/raid/IO_RNA/HRA000524/fq/HRR179732_1.fastq.gz -O /home/zhou/raid/IO_RNA/HRA000524/fq/HRR179732_2.fastq.gz -j /home/zhou/raid/IO_RNA/HRA000524/fq/HRR179732_fastp.json -h /home/zhou/raid/IO_RNA/HRA000524/fq/HRR179732_fastp.html -w 20 
fastp v0.23.4, time used: 116 seconds
WARNING: fastp uses up to 16 threads although you specified 20
Read1 before filtering:
total reads: 18191065
total bases: 2507367746
Q20 bases: 2446624097(97.5774%)
Q30 bases: 2367242626(94.4115%)

Read2 before filtering:
total reads: 18191065
total bases: 2510176938
Q20 bases: 2438242556(97.1343%)
Q30 bases: 2345639165(93.4452%)

Read1 after filtering:
total reads: 17893391
total bases: 2469555858
Q20 bases: 2420900256(98.0298%)
Q30 bases: 2344929286(94.9535%)

Read2 after filtering:
total reads: 17893391
total bases: 2467342899
Q20 bases: 2413397903(97.8136%)
Q30 bases: 2325540393(94.2528%)

Filtering result:
reads passed filter: 35786782
reads failed due to low quality: 477400
reads failed due to too many N: 114424
reads failed due to too short: 3524
reads with adapter trimmed: 258442
bases trimmed due to adapters: 5397820

Duplication rate: 48.2348%

Insert size peak (evaluated by paired-end reads): 134

JSON report: /home/zhou/raid/IO_RNA/HRA000524/fq/HRR179739_fastp.json
HTML report: /home/zhou/raid/IO_RNA/HRA000524/fq/HRR179739_fastp.html

/home/circrna/miniconda3/bin/fastp -i /home/zhou/t12a/HRA000524/raw/HRR179739_f1.fastq.gz -I /home/zhou/t12a/HRA000524/raw/HRR179739_r2.fastq.gz -o /home/zhou/raid/IO_RNA/HRA000524/fq/HRR179739_1.fastq.gz -O /home/zhou/raid/IO_RNA/HRA000524/fq/HRR179739_2.fastq.gz -j /home/zhou/raid/IO_RNA/HRA000524/fq/HRR179739_fastp.json -h /home/zhou/raid/IO_RNA/HRA000524/fq/HRR179739_fastp.html -w 20 
fastp v0.23.4, time used: 151 seconds
WARNING: fastp uses up to 16 threads although you specified 20
Read1 before filtering:
total reads: 17986289
total bases: 2590933763
Q20 bases: 2526146539(97.4995%)
Q30 bases: 2445250867(94.3772%)

Read2 before filtering:
total reads: 17986289
total bases: 2595306818
Q20 bases: 2507947537(96.634%)
Q30 bases: 2402261642(92.5618%)

Read1 after filtering:
total reads: 17661494
total bases: 2545422077
Q20 bases: 2494327700(97.9927%)
Q30 bases: 2417585532(94.9778%)

Read2 after filtering:
total reads: 17661494
total bases: 2543809057
Q20 bases: 2478136402(97.4183%)
Q30 bases: 2378529895(93.5027%)

Filtering result:
reads passed filter: 35322988
reads failed due to low quality: 579058
reads failed due to too many N: 66818
reads failed due to too short: 3714
reads with adapter trimmed: 228566
bases trimmed due to adapters: 5125002

Duplication rate: 57.323%

Insert size peak (evaluated by paired-end reads): 160

JSON report: /home/zhou/raid/IO_RNA/HRA000524/fq/HRR179767_fastp.json
HTML report: /home/zhou/raid/IO_RNA/HRA000524/fq/HRR179767_fastp.html

/home/circrna/miniconda3/bin/fastp -i /home/zhou/t12a/HRA000524/raw/HRR179767_f1.fastq.gz -I /home/zhou/t12a/HRA000524/raw/HRR179767_r2.fastq.gz -o /home/zhou/raid/IO_RNA/HRA000524/fq/HRR179767_1.fastq.gz -O /home/zhou/raid/IO_RNA/HRA000524/fq/HRR179767_2.fastq.gz -j /home/zhou/raid/IO_RNA/HRA000524/fq/HRR179767_fastp.json -h /home/zhou/raid/IO_RNA/HRA000524/fq/HRR179767_fastp.html -w 20 
fastp v0.23.4, time used: 244 seconds
WARNING: fastp uses up to 16 threads although you specified 20
