Reading GTF annotation data...
Extracting gene and region information...
Checking gtf data...
    chr start   end         gene_id        gene
1: chr1 11869 14409 ENSG00000223972     DDX11L1
2: chr1 14404 29570 ENSG00000227232      WASH7P
3: chr1 17369 17436 ENSG00000278267   MIR6859-1
4: chr1 29554 31109 ENSG00000243485 MIR1302-2HG
5: chr1 30366 30503 ENSG00000284332   MIR1302-2
6: chr1 34554 36081 ENSG00000237613     FAM138A
Scanning result bed files and extracting sample IDs...
59 sample(s) detected
Reading, joining & annotating circRNAs...
	handling HRR179719
	handling HRR179720
	handling HRR179721
	handling HRR179722
	handling HRR179723
	handling HRR179724
	handling HRR179725
	handling HRR179726
	handling HRR179727
	handling HRR179728
	handling HRR179729
	handling HRR179730
	handling HRR179731
	handling HRR179732
	handling HRR179733
	handling HRR179734
	handling HRR179735
	handling HRR179736
	handling HRR179737
	handling HRR179738
Warning in FUN(X[[i]], ...) :
  void data detected for HRR179726 with method circRNA_finder
Warning in FUN(X[[i]], ...) :
  void data detected for HRR179723 with method find_circ
Warning in FUN(X[[i]], ...) :
  void data detected for HRR179726 with method find_circ
Warning in FUN(X[[i]], ...) :
  void data detected for HRR179724 with method find_circ
Warning in FUN(X[[i]], ...) :
  void data detected for HRR179720 with method circRNA_finder
Warning in FUN(X[[i]], ...) :
  void data detected for HRR179720 with method find_circ
	=>61 solid circRNAs detected
	handling HRR179743
Warning in FUN(X[[i]], ...) :
  void data detected for HRR179733 with method circRNA_finder
	=>35 solid circRNAs detected
	=>293 solid circRNAs detected
Warning in FUN(X[[i]], ...) :
  void data detected for HRR179737 with method circRNA_finder
	handling HRR179746
	handling HRR179744
Warning in FUN(X[[i]], ...) :
  void data detected for HRR179730 with method circRNA_finder
Warning in FUN(X[[i]], ...) :
  void data detected for HRR179733 with method find_circ
Warning in FUN(X[[i]], ...) :
  void data detected for HRR179734 with method circRNA_finder
Warning in FUN(X[[i]], ...) :
  void data detected for HRR179719 with method find_circ
Warning in FUN(X[[i]], ...) :
  void data detected for HRR179730 with method find_circ
Warning in FUN(X[[i]], ...) :
  void data detected for HRR179728 with method find_circ
Warning in FUN(X[[i]], ...) :
  void data detected for HRR179734 with method find_circ
Warning in FUN(X[[i]], ...) :
  void data detected for HRR179736 with method find_circ
Warning in FUN(X[[i]], ...) :
  void data detected for HRR179731 with method find_circ
Warning in FUN(X[[i]], ...) :
  void data detected for HRR179738 with method find_circ
	=>162 solid circRNAs detected
	handling HRR179740
Warning in FUN(X[[i]], ...) :
  void data detected for HRR179732 with method find_circ
Warning in FUN(X[[i]], ...) :
  void data detected for HRR179721 with method find_circ
Warning in FUN(X[[i]], ...) :
  void data detected for HRR179729 with method find_circ
	=>194 solid circRNAs detected
	handling HRR179757
	=>511 solid circRNAs detected
	=>221 solid circRNAs detected
	handling HRR179753
	handling HRR179739
Warning in FUN(X[[i]], ...) :
  void data detected for HRR179735 with method find_circ
	=>593 solid circRNAs detected
	=>233 solid circRNAs detected
	handling HRR179756
	=>583 solid circRNAs detected
	handling HRR179758
	=>641 solid circRNAs detected
	=>372 solid circRNAs detected
	=>607 solid circRNAs detected
	=>481 solid circRNAs detected
	handling HRR179751
	handling HRR179742
	handling HRR179754
	handling HRR179748
	handling HRR179750
	=>955 solid circRNAs detected
	=>835 solid circRNAs detected
	=>997 solid circRNAs detected
	handling HRR179741
	handling HRR179752
	handling HRR179749
	=>1225 solid circRNAs detected
	=>1183 solid circRNAs detected
	handling HRR179747
	handling HRR179755
	=>1572 solid circRNAs detected
	handling HRR179745
Warning in FUN(X[[i]], ...) :
  void data detected for HRR179746 with method find_circ
Warning in FUN(X[[i]], ...) :
  void data detected for HRR179749 with method circRNA_finder
Warning in FUN(X[[i]], ...) :
  void data detected for HRR179758 with method circRNA_finder
Warning in FUN(X[[i]], ...) :
  void data detected for HRR179749 with method find_circ
Warning in FUN(X[[i]], ...) :
  void data detected for HRR179758 with method find_circ
	=>121 solid circRNAs detected
	handling HRR179766
	=>124 solid circRNAs detected
	handling HRR179769
	=>321 solid circRNAs detected
Warning in FUN(X[[i]], ...) :
  void data detected for HRR179740 with method circRNA_finder
	=>95 solid circRNAs detected
	handling HRR179760
Warning in FUN(X[[i]], ...) :
  void data detected for HRR179755 with method find_circ
Warning in FUN(X[[i]], ...) :
  void data detected for HRR179739 with method circRNA_finder
Warning in FUN(X[[i]], ...) :
  void data detected for HRR179739 with method find_circ
	=>746 solid circRNAs detected
	handling HRR179775
	=>287 solid circRNAs detected
	handling HRR179759
Warning in FUN(X[[i]], ...) :
  void data detected for HRR179745 with method circRNA_finder
Warning in FUN(X[[i]], ...) :
  void data detected for HRR179745 with method find_circ
	=>409 solid circRNAs detected
Warning in FUN(X[[i]], ...) :
  void data detected for HRR179756 with method find_circ
	handling HRR179765
	=>820 solid circRNAs detected
	handling HRR179764
	=>631 solid circRNAs detected
	handling HRR179776
	=>1003 solid circRNAs detected
	handling HRR179777
Warning in FUN(X[[i]], ...) :
  void data detected for HRR179742 with method find_circ
Warning in FUN(X[[i]], ...) :
  void data detected for HRR179751 with method find_circ
	=>1198 solid circRNAs detected
	handling HRR179763
	=>1021 solid circRNAs detected
	=>1086 solid circRNAs detected
	handling HRR179770
	=>1516 solid circRNAs detected
	handling HRR179762
	handling HRR179771
	=>1383 solid circRNAs detected
	handling HRR179768
Warning in FUN(X[[i]], ...) :
  void data detected for HRR179759 with method find_circ
	=>1403 solid circRNAs detected
	handling HRR179761
Warning in FUN(X[[i]], ...) :
  void data detected for HRR179775 with method find_circ
	=>520 solid circRNAs detected
	=>679 solid circRNAs detected
Warning in FUN(X[[i]], ...) :
  void data detected for HRR179753 with method find_circ
	=>1561 solid circRNAs detected
	handling HRR179773
Warning in FUN(X[[i]], ...) :
  void data detected for HRR179776 with method find_circ
	=>701 solid circRNAs detected
Warning in FUN(X[[i]], ...) :
  void data detected for HRR179765 with method find_circ
Warning in FUN(X[[i]], ...) :
  void data detected for HRR179777 with method find_circ
	=>945 solid circRNAs detected
	=>493 solid circRNAs detected
Warning in FUN(X[[i]], ...) :
  void data detected for HRR179754 with method find_circ
Warning in FUN(X[[i]], ...) :
  void data detected for HRR179771 with method circRNA_finder
	=>1972 solid circRNAs detected
	handling HRR179774
Warning in FUN(X[[i]], ...) :
  void data detected for HRR179771 with method find_circ
	=>746 solid circRNAs detected
	=>1044 solid circRNAs detected
	=>1764 solid circRNAs detected
	=>639 solid circRNAs detected
	=>723 solid circRNAs detected
	=>2032 solid circRNAs detected
	=>1277 solid circRNAs detected
	=>1404 solid circRNAs detected
	=>2107 solid circRNAs detected
	=>2967 solid circRNAs detected
	handling HRR179767
	=>2899 solid circRNAs detected
Warning in FUN(X[[i]], ...) :
  void data detected for HRR179767 with method find_circ
	=>2268 solid circRNAs detected
	=>186 solid circRNAs detected
	=>4032 solid circRNAs detected
	handling HRR179772
Warning in FUN(X[[i]], ...) :
  void data detected for HRR179768 with method find_circ
	=>3257 solid circRNAs detected
	=>1999 solid circRNAs detected
Done. Please check result *.aggr.txt in /home/zhou/raid/IO_RNA/circRNA/HRA000524/aggr
Scanning result aggr files...
Checking if all sample result data files could be found...
Merging result aggr files...
Outputing
Done. Check /home/zhou/raid/IO_RNA/circRNA/HRA000524/aggr/aggr_circRNA.tsv.gz
