Start CIRIquant for ERR3262563 at Wed Oct 11 16:20:52 CST 2023
Final result exists and is not empty, skipped this sample.
Start circexplorer2 for ERR3262563 at Wed Oct 11 16:20:50 CST 2023
Final result exists and is not empty, skipped this sample.
Start circRNA_finder for ERR3262563 at Wed Oct 11 16:20:50 CST 2023
Final result exists and is not empty, skipped this sample.
Start find_circ for ERR3262563 at Wed Oct 11 16:20:50 CST 2023
Final result exists and is not empty, skipped this sample.
Start CIRIquant for ERR2208933 at Wed Oct 11 16:20:55 CST 2023
Final result exists and is not empty, skipped this sample.
Start circexplorer2 for ERR2208933 at Wed Oct 11 16:20:53 CST 2023
Final result exists and is not empty, skipped this sample.
Start circRNA_finder for ERR2208933 at Wed Oct 11 16:20:53 CST 2023
Final result exists and is not empty, skipped this sample.
Start find_circ for ERR2208933 at Wed Oct 11 16:20:53 CST 2023
Final result exists and is not empty, skipped this sample.
Start CIRIquant for ERR2208887 at Wed Oct 11 16:20:57 CST 2023
Final result exists and is not empty, skipped this sample.
Start circexplorer2 for ERR2208887 at Wed Oct 11 16:20:55 CST 2023
Final result exists and is not empty, skipped this sample.
Start circRNA_finder for ERR2208887 at Wed Oct 11 16:20:55 CST 2023
Final result exists and is not empty, skipped this sample.
Start find_circ for ERR2208887 at Wed Oct 11 16:20:55 CST 2023
Final result exists and is not empty, skipped this sample.
Start CIRIquant for ERR2208924 at Wed Oct 11 16:21:00 CST 2023
Final result exists and is not empty, skipped this sample.
Start circexplorer2 for ERR2208924 at Wed Oct 11 16:20:57 CST 2023
Final result exists and is not empty, skipped this sample.
Start circRNA_finder for ERR2208924 at Wed Oct 11 16:20:57 CST 2023
Final result exists and is not empty, skipped this sample.
Start find_circ for ERR2208924 at Wed Oct 11 16:20:57 CST 2023
Final result exists and is not empty, skipped this sample.
Start CIRIquant for ERR2208969 at Wed Oct 11 16:21:02 CST 2023
Final result exists and is not empty, skipped this sample.
Start circexplorer2 for ERR2208969 at Wed Oct 11 16:21:00 CST 2023
Final result exists and is not empty, skipped this sample.
Start circRNA_finder for ERR2208969 at Wed Oct 11 16:21:00 CST 2023
Final result exists and is not empty, skipped this sample.
Start find_circ for ERR2208969 at Wed Oct 11 16:21:00 CST 2023
Final result exists and is not empty, skipped this sample.
Start CIRIquant for ERR2208895 at Wed Oct 11 16:21:05 CST 2023
Final result exists and is not empty, skipped this sample.
Start circexplorer2 for ERR2208895 at Wed Oct 11 16:21:02 CST 2023
Final result exists and is not empty, skipped this sample.
Start circRNA_finder for ERR2208895 at Wed Oct 11 16:21:02 CST 2023
Final result exists and is not empty, skipped this sample.
Start find_circ for ERR2208895 at Wed Oct 11 16:21:02 CST 2023
Final result exists and is not empty, skipped this sample.
Start CIRIquant for ERR3262564 at Wed Oct 11 16:21:07 CST 2023
Final result exists and is not empty, skipped this sample.
Start circexplorer2 for ERR3262564 at Wed Oct 11 16:21:05 CST 2023
Final result exists and is not empty, skipped this sample.
Start circRNA_finder for ERR3262564 at Wed Oct 11 16:21:05 CST 2023
Final result exists and is not empty, skipped this sample.
Start find_circ for ERR3262564 at Wed Oct 11 16:21:05 CST 2023
Final result exists and is not empty, skipped this sample.
Start CIRIquant for ERR2208956 at Wed Oct 11 16:21:09 CST 2023
Final result exists and is not empty, skipped this sample.
Start circexplorer2 for ERR2208956 at Wed Oct 11 16:21:07 CST 2023
Final result exists and is not empty, skipped this sample.
Start circRNA_finder for ERR2208956 at Wed Oct 11 16:21:07 CST 2023
Final result exists and is not empty, skipped this sample.
Start find_circ for ERR2208956 at Wed Oct 11 16:21:07 CST 2023
Final result exists and is not empty, skipped this sample.
Start CIRIquant for ERR2208943 at Wed Oct 11 16:21:12 CST 2023
Final result exists and is not empty, skipped this sample.
Start circexplorer2 for ERR2208943 at Wed Oct 11 16:21:09 CST 2023
Final result exists and is not empty, skipped this sample.
Start circRNA_finder for ERR2208943 at Wed Oct 11 16:21:10 CST 2023
Final result exists and is not empty, skipped this sample.
Start find_circ for ERR2208943 at Wed Oct 11 16:21:10 CST 2023
Final result exists and is not empty, skipped this sample.
Start CIRIquant for ERR2208930 at Wed Oct 11 16:21:14 CST 2023
Final result exists and is not empty, skipped this sample.
Start circexplorer2 for ERR2208930 at Wed Oct 11 16:21:12 CST 2023
Final result exists and is not empty, skipped this sample.
Start circRNA_finder for ERR2208930 at Wed Oct 11 16:21:12 CST 2023
Final result exists and is not empty, skipped this sample.
Start find_circ for ERR2208930 at Wed Oct 11 16:21:12 CST 2023
Final result exists and is not empty, skipped this sample.
Start CIRIquant for ERR2208929 at Wed Oct 11 16:21:16 CST 2023
Final result exists and is not empty, skipped this sample.
Start circexplorer2 for ERR2208929 at Wed Oct 11 16:21:14 CST 2023
Final result exists and is not empty, skipped this sample.
Start circRNA_finder for ERR2208929 at Wed Oct 11 16:21:14 CST 2023
Final result exists and is not empty, skipped this sample.
Start find_circ for ERR2208929 at Wed Oct 11 16:21:14 CST 2023
Final result exists and is not empty, skipped this sample.
Start CIRIquant for ERR2208939 at Wed Oct 11 16:21:19 CST 2023
Final result exists and is not empty, skipped this sample.
Start circexplorer2 for ERR2208939 at Wed Oct 11 16:21:17 CST 2023
Final result exists and is not empty, skipped this sample.
Start circRNA_finder for ERR2208939 at Wed Oct 11 16:21:16 CST 2023
Final result exists and is not empty, skipped this sample.
Start find_circ for ERR2208939 at Wed Oct 11 16:21:17 CST 2023
Final result exists and is not empty, skipped this sample.
Start CIRIquant for ERR2208964 at Wed Oct 11 16:21:21 CST 2023
Final result exists and is not empty, skipped this sample.
Start circexplorer2 for ERR2208964 at Wed Oct 11 16:21:19 CST 2023
Final result exists and is not empty, skipped this sample.
Start circRNA_finder for ERR2208964 at Wed Oct 11 16:21:19 CST 2023
Final result exists and is not empty, skipped this sample.
Start find_circ for ERR2208964 at Wed Oct 11 16:21:19 CST 2023
Final result exists and is not empty, skipped this sample.
Start CIRIquant for ERR2208970 at Wed Oct 11 16:21:24 CST 2023
Final result exists and is not empty, skipped this sample.
Start circexplorer2 for ERR2208970 at Wed Oct 11 16:21:21 CST 2023
Final result exists and is not empty, skipped this sample.
Start circRNA_finder for ERR2208970 at Wed Oct 11 16:21:21 CST 2023
Final result exists and is not empty, skipped this sample.
Start find_circ for ERR2208970 at Wed Oct 11 16:21:21 CST 2023
Final result exists and is not empty, skipped this sample.
Start CIRIquant for ERR2208896 at Wed Oct 11 16:21:26 CST 2023
Final result exists and is not empty, skipped this sample.
Start circexplorer2 for ERR2208896 at Wed Oct 11 16:21:24 CST 2023
Final result exists and is not empty, skipped this sample.
Start circRNA_finder for ERR2208896 at Wed Oct 11 16:21:24 CST 2023
Final result exists and is not empty, skipped this sample.
Start find_circ for ERR2208896 at Wed Oct 11 16:21:24 CST 2023
Final result exists and is not empty, skipped this sample.
Start CIRIquant for ERR2208965 at Wed Oct 11 16:21:29 CST 2023
Final result exists and is not empty, skipped this sample.
Start circexplorer2 for ERR2208965 at Wed Oct 11 16:21:26 CST 2023
Final result exists and is not empty, skipped this sample.
Start circRNA_finder for ERR2208965 at Wed Oct 11 16:21:26 CST 2023
Final result exists and is not empty, skipped this sample.
Start find_circ for ERR2208965 at Wed Oct 11 16:21:26 CST 2023
Final result exists and is not empty, skipped this sample.
Start CIRIquant for ERR2208927 at Wed Oct 11 16:21:31 CST 2023
Final result exists and is not empty, skipped this sample.
Start circexplorer2 for ERR2208927 at Wed Oct 11 16:21:29 CST 2023
Final result exists and is not empty, skipped this sample.
Start circRNA_finder for ERR2208927 at Wed Oct 11 16:21:29 CST 2023
Final result exists and is not empty, skipped this sample.
Start find_circ for ERR2208927 at Wed Oct 11 16:21:29 CST 2023
Final result exists and is not empty, skipped this sample.
Start CIRIquant for ERR2208959 at Wed Oct 11 16:21:34 CST 2023
Final result exists and is not empty, skipped this sample.
Start circexplorer2 for ERR2208959 at Wed Oct 11 16:21:31 CST 2023
Final result exists and is not empty, skipped this sample.
Start circRNA_finder for ERR2208959 at Wed Oct 11 16:21:31 CST 2023
Final result exists and is not empty, skipped this sample.
Start find_circ for ERR2208959 at Wed Oct 11 16:21:31 CST 2023
Final result exists and is not empty, skipped this sample.
Start CIRIquant for ERR2208892 at Wed Oct 11 16:21:37 CST 2023
Final result exists and is not empty, skipped this sample.
Start circexplorer2 for ERR2208892 at Wed Oct 11 16:21:34 CST 2023
Final result exists and is not empty, skipped this sample.
Start circRNA_finder for ERR2208892 at Wed Oct 11 16:21:34 CST 2023
Final result exists and is not empty, skipped this sample.
Start find_circ for ERR2208892 at Wed Oct 11 16:21:34 CST 2023
Final result exists and is not empty, skipped this sample.
Start CIRIquant for ERR2208901 at Wed Oct 11 16:21:39 CST 2023
Final result exists and is not empty, skipped this sample.
Start circexplorer2 for ERR2208901 at Wed Oct 11 16:21:37 CST 2023
Final result exists and is not empty, skipped this sample.
Start circRNA_finder for ERR2208901 at Wed Oct 11 16:21:37 CST 2023
Final result exists and is not empty, skipped this sample.
Start find_circ for ERR2208901 at Wed Oct 11 16:21:37 CST 2023
Final result exists and is not empty, skipped this sample.
Start CIRIquant for ERR2208938 at Wed Oct 11 16:21:42 CST 2023
Final result exists and is not empty, skipped this sample.
Start circexplorer2 for ERR2208938 at Wed Oct 11 16:21:40 CST 2023
Final result exists and is not empty, skipped this sample.
Start circRNA_finder for ERR2208938 at Wed Oct 11 16:21:40 CST 2023
Final result exists and is not empty, skipped this sample.
Start find_circ for ERR2208938 at Wed Oct 11 16:21:40 CST 2023
Final result exists and is not empty, skipped this sample.
Start CIRIquant for ERR2208916 at Wed Oct 11 16:21:45 CST 2023
Final result exists and is not empty, skipped this sample.
Start circexplorer2 for ERR2208916 at Wed Oct 11 16:21:42 CST 2023
Final result exists and is not empty, skipped this sample.
Start circRNA_finder for ERR2208916 at Wed Oct 11 16:21:42 CST 2023
Final result exists and is not empty, skipped this sample.
Start find_circ for ERR2208916 at Wed Oct 11 16:21:42 CST 2023
Final result exists and is not empty, skipped this sample.
Start CIRIquant for ERR2208975 at Wed Oct 11 16:21:48 CST 2023
Final result exists and is not empty, skipped this sample.
Start circexplorer2 for ERR2208975 at Wed Oct 11 16:21:45 CST 2023
Final result exists and is not empty, skipped this sample.
Start circRNA_finder for ERR2208975 at Wed Oct 11 16:21:45 CST 2023
Final result exists and is not empty, skipped this sample.
Start find_circ for ERR2208975 at Wed Oct 11 16:21:45 CST 2023
Final result exists and is not empty, skipped this sample.
Start CIRIquant for ERR2208926 at Wed Oct 11 16:21:51 CST 2023
Final result exists and is not empty, skipped this sample.
Start circexplorer2 for ERR2208926 at Wed Oct 11 16:21:48 CST 2023
Final result exists and is not empty, skipped this sample.
Start circRNA_finder for ERR2208926 at Wed Oct 11 16:21:48 CST 2023
Final result exists and is not empty, skipped this sample.
Start find_circ for ERR2208926 at Wed Oct 11 16:21:48 CST 2023
Final result exists and is not empty, skipped this sample.
Start CIRIquant for ERR2208888 at Wed Oct 11 16:21:54 CST 2023
Final result exists and is not empty, skipped this sample.
Start circexplorer2 for ERR2208888 at Wed Oct 11 16:21:51 CST 2023
Final result exists and is not empty, skipped this sample.
Start circRNA_finder for ERR2208888 at Wed Oct 11 16:21:51 CST 2023
Final result exists and is not empty, skipped this sample.
Start find_circ for ERR2208888 at Wed Oct 11 16:21:51 CST 2023
Final result exists and is not empty, skipped this sample.
Start CIRIquant for ERR2208961 at Wed Oct 11 16:21:57 CST 2023
Final result exists and is not empty, skipped this sample.
Start circexplorer2 for ERR2208961 at Wed Oct 11 16:21:54 CST 2023
Final result exists and is not empty, skipped this sample.
Start circRNA_finder for ERR2208961 at Wed Oct 11 16:21:54 CST 2023
Final result exists and is not empty, skipped this sample.
Start find_circ for ERR2208961 at Wed Oct 11 16:21:54 CST 2023
Final result exists and is not empty, skipped this sample.
Start CIRIquant for ERR2208951 at Wed Oct 11 16:22:00 CST 2023
Final result exists and is not empty, skipped this sample.
Start circexplorer2 for ERR2208951 at Wed Oct 11 16:21:57 CST 2023
Final result exists and is not empty, skipped this sample.
Start circRNA_finder for ERR2208951 at Wed Oct 11 16:21:57 CST 2023
Final result exists and is not empty, skipped this sample.
Start find_circ for ERR2208951 at Wed Oct 11 16:21:57 CST 2023
Final result exists and is not empty, skipped this sample.
Start CIRIquant for ERR2208913 at Wed Oct 11 16:22:03 CST 2023
Final result exists and is not empty, skipped this sample.
Start circexplorer2 for ERR2208913 at Wed Oct 11 16:22:00 CST 2023
Final result exists and is not empty, skipped this sample.
Start circRNA_finder for ERR2208913 at Wed Oct 11 16:22:00 CST 2023
Final result exists and is not empty, skipped this sample.
Start find_circ for ERR2208913 at Wed Oct 11 16:22:00 CST 2023
Final result exists and is not empty, skipped this sample.
Start CIRIquant for ERR2208890 at Wed Oct 11 16:22:06 CST 2023
Final result exists and is not empty, skipped this sample.
Start circexplorer2 for ERR2208890 at Wed Oct 11 16:22:03 CST 2023
Final result exists and is not empty, skipped this sample.
Start circRNA_finder for ERR2208890 at Wed Oct 11 16:22:03 CST 2023
Final result exists and is not empty, skipped this sample.
Start find_circ for ERR2208890 at Wed Oct 11 16:22:03 CST 2023
Final result exists and is not empty, skipped this sample.
Start CIRIquant for ERR2208905 at Wed Oct 11 16:22:09 CST 2023
Final result exists and is not empty, skipped this sample.
Start circexplorer2 for ERR2208905 at Wed Oct 11 16:22:06 CST 2023
Final result exists and is not empty, skipped this sample.
Start circRNA_finder for ERR2208905 at Wed Oct 11 16:22:06 CST 2023
Final result exists and is not empty, skipped this sample.
Start find_circ for ERR2208905 at Wed Oct 11 16:22:06 CST 2023
Final result exists and is not empty, skipped this sample.
Start CIRIquant for ERR2208906 at Wed Oct 11 16:22:12 CST 2023
Final result exists and is not empty, skipped this sample.
Start circexplorer2 for ERR2208906 at Wed Oct 11 16:22:09 CST 2023
Final result exists and is not empty, skipped this sample.
Start circRNA_finder for ERR2208906 at Wed Oct 11 16:22:09 CST 2023
Final result exists and is not empty, skipped this sample.
Start find_circ for ERR2208906 at Wed Oct 11 16:22:09 CST 2023
Final result exists and is not empty, skipped this sample.
Start CIRIquant for ERR2208946 at Wed Oct 11 16:22:14 CST 2023
Final result exists and is not empty, skipped this sample.
Start circexplorer2 for ERR2208946 at Wed Oct 11 16:22:12 CST 2023
Final result exists and is not empty, skipped this sample.
Start circRNA_finder for ERR2208946 at Wed Oct 11 16:22:12 CST 2023
Final result exists and is not empty, skipped this sample.
Start find_circ for ERR2208946 at Wed Oct 11 16:22:12 CST 2023
Final result exists and is not empty, skipped this sample.
Start CIRIquant for ERR2208904 at Wed Oct 11 16:22:17 CST 2023
Final result exists and is not empty, skipped this sample.
Start circexplorer2 for ERR2208904 at Wed Oct 11 16:22:15 CST 2023
Final result exists and is not empty, skipped this sample.
Start circRNA_finder for ERR2208904 at Wed Oct 11 16:22:15 CST 2023
Final result exists and is not empty, skipped this sample.
Start find_circ for ERR2208904 at Wed Oct 11 16:22:15 CST 2023
Final result exists and is not empty, skipped this sample.
Start CIRIquant for ERR2208889 at Wed Oct 11 16:22:20 CST 2023
Final result exists and is not empty, skipped this sample.
Start circexplorer2 for ERR2208889 at Wed Oct 11 16:22:17 CST 2023
Final result exists and is not empty, skipped this sample.
Start circRNA_finder for ERR2208889 at Wed Oct 11 16:22:17 CST 2023
Final result exists and is not empty, skipped this sample.
Start find_circ for ERR2208889 at Wed Oct 11 16:22:17 CST 2023
Final result exists and is not empty, skipped this sample.
Start CIRIquant for ERR2208907 at Wed Oct 11 16:22:23 CST 2023
Final result exists and is not empty, skipped this sample.
Start circexplorer2 for ERR2208907 at Wed Oct 11 16:22:20 CST 2023
Final result exists and is not empty, skipped this sample.
Start circRNA_finder for ERR2208907 at Wed Oct 11 16:22:20 CST 2023
Final result exists and is not empty, skipped this sample.
Start find_circ for ERR2208907 at Wed Oct 11 16:22:20 CST 2023
Final result exists and is not empty, skipped this sample.
Start CIRIquant for ERR2208918 at Wed Oct 11 16:22:26 CST 2023
Final result exists and is not empty, skipped this sample.
Start circexplorer2 for ERR2208918 at Wed Oct 11 16:22:23 CST 2023
Final result exists and is not empty, skipped this sample.
Start circRNA_finder for ERR2208918 at Wed Oct 11 16:22:23 CST 2023
Final result exists and is not empty, skipped this sample.
Start find_circ for ERR2208918 at Wed Oct 11 16:22:23 CST 2023
Final result exists and is not empty, skipped this sample.
Start CIRIquant for ERR2208898 at Wed Oct 11 16:22:29 CST 2023
Final result exists and is not empty, skipped this sample.
Start circexplorer2 for ERR2208898 at Wed Oct 11 16:22:26 CST 2023
Final result exists and is not empty, skipped this sample.
Start circRNA_finder for ERR2208898 at Wed Oct 11 16:22:26 CST 2023
Final result exists and is not empty, skipped this sample.
Start find_circ for ERR2208898 at Wed Oct 11 16:22:26 CST 2023
Final result exists and is not empty, skipped this sample.
Start CIRIquant for ERR2208921 at Wed Oct 11 16:22:32 CST 2023
Final result exists and is not empty, skipped this sample.
Start circexplorer2 for ERR2208921 at Wed Oct 11 16:22:29 CST 2023
Final result exists and is not empty, skipped this sample.
Start circRNA_finder for ERR2208921 at Wed Oct 11 16:22:29 CST 2023
Final result exists and is not empty, skipped this sample.
Start find_circ for ERR2208921 at Wed Oct 11 16:22:29 CST 2023
Final result exists and is not empty, skipped this sample.
Start CIRIquant for ERR2208920 at Wed Oct 11 16:22:35 CST 2023
Final result exists and is not empty, skipped this sample.
Start circexplorer2 for ERR2208920 at Wed Oct 11 16:22:32 CST 2023
Final result exists and is not empty, skipped this sample.
Start circRNA_finder for ERR2208920 at Wed Oct 11 16:22:32 CST 2023
Final result exists and is not empty, skipped this sample.
Start find_circ for ERR2208920 at Wed Oct 11 16:22:32 CST 2023
Final result exists and is not empty, skipped this sample.
Start CIRIquant for ERR2208928 at Wed Oct 11 16:22:38 CST 2023
Final result exists and is not empty, skipped this sample.
Start circexplorer2 for ERR2208928 at Wed Oct 11 16:22:35 CST 2023
Final result exists and is not empty, skipped this sample.
Start circRNA_finder for ERR2208928 at Wed Oct 11 16:22:35 CST 2023
Final result exists and is not empty, skipped this sample.
Start find_circ for ERR2208928 at Wed Oct 11 16:22:35 CST 2023
Final result exists and is not empty, skipped this sample.
Start CIRIquant for ERR2208954 at Wed Oct 11 16:22:41 CST 2023
Final result exists and is not empty, skipped this sample.
Start circexplorer2 for ERR2208954 at Wed Oct 11 16:22:38 CST 2023
Final result exists and is not empty, skipped this sample.
Start circRNA_finder for ERR2208954 at Wed Oct 11 16:22:38 CST 2023
Final result exists and is not empty, skipped this sample.
Start find_circ for ERR2208954 at Wed Oct 11 16:22:38 CST 2023
Final result exists and is not empty, skipped this sample.
Start CIRIquant for ERR2208935 at Wed Oct 11 16:22:44 CST 2023
Final result exists and is not empty, skipped this sample.
Start circexplorer2 for ERR2208935 at Wed Oct 11 16:22:41 CST 2023
Final result exists and is not empty, skipped this sample.
Start circRNA_finder for ERR2208935 at Wed Oct 11 16:22:41 CST 2023
Final result exists and is not empty, skipped this sample.
Start find_circ for ERR2208935 at Wed Oct 11 16:22:41 CST 2023
Final result exists and is not empty, skipped this sample.
Start CIRIquant for ERR2208972 at Wed Oct 11 16:22:47 CST 2023
Final result exists and is not empty, skipped this sample.
Start circexplorer2 for ERR2208972 at Wed Oct 11 16:22:44 CST 2023
Final result exists and is not empty, skipped this sample.
Start circRNA_finder for ERR2208972 at Wed Oct 11 16:22:44 CST 2023
Final result exists and is not empty, skipped this sample.
Start find_circ for ERR2208972 at Wed Oct 11 16:22:44 CST 2023
Final result exists and is not empty, skipped this sample.
Start CIRIquant for ERR2208891 at Wed Oct 11 16:22:50 CST 2023
Final result exists and is not empty, skipped this sample.
Start circexplorer2 for ERR2208891 at Wed Oct 11 16:22:47 CST 2023
Final result exists and is not empty, skipped this sample.
Start circRNA_finder for ERR2208891 at Wed Oct 11 16:22:47 CST 2023
Final result exists and is not empty, skipped this sample.
Start find_circ for ERR2208891 at Wed Oct 11 16:22:47 CST 2023
Final result exists and is not empty, skipped this sample.
Start CIRIquant for ERR2208912 at Wed Oct 11 16:22:52 CST 2023
Final result exists and is not empty, skipped this sample.
Start circexplorer2 for ERR2208912 at Wed Oct 11 16:22:50 CST 2023
Final result exists and is not empty, skipped this sample.
Start circRNA_finder for ERR2208912 at Wed Oct 11 16:22:50 CST 2023
Final result exists and is not empty, skipped this sample.
Start find_circ for ERR2208912 at Wed Oct 11 16:22:50 CST 2023
Final result exists and is not empty, skipped this sample.
Start CIRIquant for ERR2208910 at Wed Oct 11 16:22:55 CST 2023
Final result exists and is not empty, skipped this sample.
Start circexplorer2 for ERR2208910 at Wed Oct 11 16:22:53 CST 2023
Final result exists and is not empty, skipped this sample.
Start circRNA_finder for ERR2208910 at Wed Oct 11 16:22:53 CST 2023
Final result exists and is not empty, skipped this sample.
Start find_circ for ERR2208910 at Wed Oct 11 16:22:53 CST 2023
Final result exists and is not empty, skipped this sample.
Start CIRIquant for ERR2208974 at Wed Oct 11 16:22:58 CST 2023
Final result exists and is not empty, skipped this sample.
Start circexplorer2 for ERR2208974 at Wed Oct 11 16:22:56 CST 2023
Final result exists and is not empty, skipped this sample.
Start circRNA_finder for ERR2208974 at Wed Oct 11 16:22:56 CST 2023
Final result exists and is not empty, skipped this sample.
Start find_circ for ERR2208974 at Wed Oct 11 16:22:56 CST 2023
Final result exists and is not empty, skipped this sample.
[Wed 2023-10-11 16:23:02] [INFO ] Input reads: ERR2208966_1.fastq.gz,ERR2208966_2.fastq.gz
[Wed 2023-10-11 16:23:02] [INFO ] Library type: unstranded
[Wed 2023-10-11 16:23:02] [INFO ] Output directory: /home/zhou/raid/IO_RNA/circRNA/PRJEB23709/ERR2208966.CIRI, Output prefix: ERR2208966
[Wed 2023-10-11 16:23:02] [INFO ] Config: hg38 Loaded
[Wed 2023-10-11 16:23:02] [INFO ] 96 CPU cores availble, using 1
[Wed 2023-10-11 16:23:02] [INFO ] Align RNA-seq reads to reference genome ..
[Wed 2023-10-11 16:23:02] [DEBUG] /home/circrna/miniconda3/envs/CIRIquant/bin/hisat2 -p 1 --dta -q -x /home/zhou/t12b/reference/hg38_ek12/GRCh38.primary_assembly.genome.fa -1 /home/zhou/raid/IO_RNA/PRJEB23709/fq/ERR2208966_1.fastq.gz -2 /home/zhou/raid/IO_RNA/PRJEB23709/fq/ERR2208966_2.fastq.gz -t | /home/circrna/miniconda3/envs/CIRIquant/bin/samtools view -bS > /home/zhou/raid/IO_RNA/circRNA/PRJEB23709/ERR2208966.CIRI/align/ERR2208966.bam
