Reading GTF annotation data...
Extracting gene and region information...
Checking gtf data...
    chr start   end         gene_id      symbol
1: chr1 11869 14409 ENSG00000223972     DDX11L1
2: chr1 14404 29570 ENSG00000227232      WASH7P
3: chr1 17369 17436 ENSG00000278267   MIR6859-1
4: chr1 29554 31109 ENSG00000243485 MIR1302-2HG
5: chr1 30366 30503 ENSG00000284332   MIR1302-2
6: chr1 34554 36081 ENSG00000237613     FAM138A
Scanning result bed files and extracting sample IDs...
91 sample(s) detected
Reading, joining & annotating circRNAs...
	handling ERR2208887
	handling ERR2208888
	handling ERR2208889
	handling ERR2208890
	handling ERR2208891
	handling ERR2208892
	handling ERR2208893
	handling ERR2208894
	handling ERR2208895
	handling ERR2208896
	handling ERR2208897
	handling ERR2208898
	handling ERR2208899
	handling ERR2208900
	handling ERR2208901
	handling ERR2208902
	handling ERR2208903
	handling ERR2208904
	handling ERR2208905
	handling ERR2208906
	=>1802 solid circRNAs detected
	handling ERR2208919
	=>4033 solid circRNAs detected
	handling ERR2208909
	=>5195 solid circRNAs detected
	handling ERR2208915
	=>4675 solid circRNAs detected
	handling ERR2208923
	=>9175 solid circRNAs detected
	handling ERR2208920
	=>6789 solid circRNAs detected
	handling ERR2208916
	=>5836 solid circRNAs detected
	=>11133 solid circRNAs detected
	handling ERR2208928
	handling ERR2208922
	=>5836 solid circRNAs detected
	handling ERR2208927
	=>9186 solid circRNAs detected
	handling ERR2208908
	=>10092 solid circRNAs detected
	=>5574 solid circRNAs detected
	handling ERR2208926
	handling ERR2208913
	=>7283 solid circRNAs detected
	handling ERR2208918
	=>11350 solid circRNAs detected
	handling ERR2208910
	=>6072 solid circRNAs detected
	handling ERR2208912
	=>11051 solid circRNAs detected
	handling ERR2208907
	=>9239 solid circRNAs detected
	handling ERR2208914
	=>13153 solid circRNAs detected
	=>8235 solid circRNAs detected
	handling ERR2208924
	handling ERR2208911
	=>20027 solid circRNAs detected
	handling ERR2208921
	=>2438 solid circRNAs detected
	handling ERR2208945
	=>3375 solid circRNAs detected
	handling ERR2208938
	=>4084 solid circRNAs detected
	handling ERR2208943
	=>4202 solid circRNAs detected
	handling ERR2208939
	=>4438 solid circRNAs detected
	handling ERR2208934
	=>5640 solid circRNAs detected
	handling ERR2208932
	=>6356 solid circRNAs detected
	handling ERR2208940
	=>2842 solid circRNAs detected
	handling ERR2208956
	=>3933 solid circRNAs detected
	handling ERR2208931
	=>6802 solid circRNAs detected
	handling ERR2208929
	=>5121 solid circRNAs detected
	handling ERR2208946
	=>2374 solid circRNAs detected
	handling ERR2208952
	=>3396 solid circRNAs detected
	handling ERR2208977
	=>7956 solid circRNAs detected
	handling ERR2208941
	=>2131 solid circRNAs detected
	=>5315 solid circRNAs detected
	handling ERR2208930
	=>3265 solid circRNAs detected
	handling ERR2208973
	=>3511 solid circRNAs detected
	=>5339 solid circRNAs detected
	handling ERR2208948
	=>4509 solid circRNAs detected
	handling ERR2208965
	=>6541 solid circRNAs detected
	handling ERR2208942
	=>5360 solid circRNAs detected
	handling ERR2208933
	=>4679 solid circRNAs detected
	handling ERR2208960
	=>5091 solid circRNAs detected
	handling ERR2208953
	=>2261 solid circRNAs detected
	handling ERR2208970
	=>4902 solid circRNAs detected
	handling ERR2208962
	=>6566 solid circRNAs detected
	handling ERR2208947
	=>5771 solid circRNAs detected
	handling ERR2208936
	=>3725 solid circRNAs detected
	handling ERR3262564
	=>6974 solid circRNAs detected
	handling ERR2208937
	=>8203 solid circRNAs detected
	handling ERR2208961
	=>3237 solid circRNAs detected
	handling ERR2208958
	=>2973 solid circRNAs detected
	handling ERR2208969
	=>5694 solid circRNAs detected
	handling ERR2208963
	=>5356 solid circRNAs detected
	handling ERR2208949
	=>4952 solid circRNAs detected
	handling ERR2208974
	=>6527 solid circRNAs detected
	handling ERR2208967
	=>3328 solid circRNAs detected
	handling ERR3262565
	=>4262 solid circRNAs detected
	=>6177 solid circRNAs detected
	=>4636 solid circRNAs detected
	handling ERR2208951
	=>7697 solid circRNAs detected
	handling ERR2208944
	=>6374 solid circRNAs detected
	handling ERR2208964
	=>5008 solid circRNAs detected
	handling ERR2208954
	=>7705 solid circRNAs detected
	handling ERR2208968
	=>5751 solid circRNAs detected
	=>6169 solid circRNAs detected
	=>7201 solid circRNAs detected
	handling ERR2208959
	=>5040 solid circRNAs detected
	=>5935 solid circRNAs detected
	=>6693 solid circRNAs detected
	=>5802 solid circRNAs detected
	=>5607 solid circRNAs detected
	handling ERR2208972
	=>5824 solid circRNAs detected
	handling ERR3262562
	=>3906 solid circRNAs detected
	handling ERR3262563
	=>9125 solid circRNAs detected
	handling ERR2208935
	=>6442 solid circRNAs detected
	handling ERR2208971
	=>6581 solid circRNAs detected
	handling ERR2208975
	=>4513 solid circRNAs detected
	=>2748 solid circRNAs detected
	handling ERR2208957
	=>5878 solid circRNAs detected
	handling ERR2208966
	=>3025 solid circRNAs detected
	=>11904 solid circRNAs detected
	=>7932 solid circRNAs detected
	=>8691 solid circRNAs detected
	=>7195 solid circRNAs detected
	=>5419 solid circRNAs detected
	handling ERR3262561
	=>6289 solid circRNAs detected
	=>19318 solid circRNAs detected
	=>15754 solid circRNAs detected
	=>20221 solid circRNAs detected
Done. Please check result *.aggr.txt in /home/zhou/raid/IO_RNA/circRNA/PRJEB23709/aggr
Scanning result aggr files...
Checking if all sample result data files could be found...
Merging result aggr files...
Outputing
Done. Check /home/zhou/raid/IO_RNA/circRNA/PRJEB23709/aggr/aggr_circRNA.tsv.gz
