Reading GTF annotation data...
Extracting gene and region information...
Checking gtf data...
    chr start   end         gene_id        gene
1: chr1 11869 14409 ENSG00000223972     DDX11L1
2: chr1 14404 29570 ENSG00000227232      WASH7P
3: chr1 17369 17436 ENSG00000278267   MIR6859-1
4: chr1 29554 31109 ENSG00000243485 MIR1302-2HG
5: chr1 30366 30503 ENSG00000284332   MIR1302-2
6: chr1 34554 36081 ENSG00000237613     FAM138A
Scanning result bed files and extracting sample IDs...
109 sample(s) detected
Reading, joining & annotating circRNAs...
	handling SRR5088813
	handling SRR5088814
	handling SRR5088815
	handling SRR5088816
	handling SRR5088817
	handling SRR5088818
	handling SRR5088819
	handling SRR5088820
	handling SRR5088821
	handling SRR5088822
	handling SRR5088823
	handling SRR5088824
	handling SRR5088825
	handling SRR5088826
	handling SRR5088827
	handling SRR5088828
	handling SRR5088829
	handling SRR5088830
	handling SRR5088831
	handling SRR5088832
	=>30 solid circRNAs detected
	=>29 solid circRNAs detected
	=>38 solid circRNAs detected
	=>30 solid circRNAs detected
	=>28 solid circRNAs detected
	handling SRR5088833
	handling SRR5088835
	handling SRR5088834
	=>24 solid circRNAs detected
	handling SRR5088839
	handling SRR5088837
	=>20 solid circRNAs detected
	=>27 solid circRNAs detected
	=>43 solid circRNAs detected
	=>29 solid circRNAs detected
	=>36 solid circRNAs detected
	=>25 solid circRNAs detected
	=>22 solid circRNAs detected
	handling SRR5088847
	handling SRR5088844
	handling SRR5088838
	handling SRR5088836
	handling SRR5088843
	handling SRR5088845
	handling SRR5088840
	handling SRR5088841
	=>21 solid circRNAs detected
	=>25 solid circRNAs detected
	handling SRR5088842
	=>30 solid circRNAs detected
	=>28 solid circRNAs detected
	handling SRR5088848
	handling SRR5088846
	handling SRR5088850
	=>43 solid circRNAs detected
	=>34 solid circRNAs detected
	handling SRR5088849
	handling SRR5088851
	=>40 solid circRNAs detected
	handling SRR5088852
	=>20 solid circRNAs detected
	=>20 solid circRNAs detected
	=>24 solid circRNAs detected
	=>17 solid circRNAs detected
	=>28 solid circRNAs detected
	=>28 solid circRNAs detected
	=>18 solid circRNAs detected
	handling SRR5088859
	handling SRR5088854
	handling SRR5088866
	=>38 solid circRNAs detected
	handling SRR5088861
	handling SRR5088860
	handling SRR5088853
	handling SRR5088867
	handling SRR5088856
	=>22 solid circRNAs detected
	=>28 solid circRNAs detected
	=>29 solid circRNAs detected
	handling SRR5088873
	handling SRR5088870
	=>31 solid circRNAs detected
	handling SRR5088862
	=>24 solid circRNAs detected
	handling SRR5088864
	handling SRR5088858
	=>37 solid circRNAs detected
	=>30 solid circRNAs detected
	handling SRR5088857
	=>43 solid circRNAs detected
	handling SRR5088855
	handling SRR5088865
	=>29 solid circRNAs detected
	handling SRR5088874
	=>32 solid circRNAs detected
	handling SRR5088877
	=>30 solid circRNAs detected
	handling SRR5088872
	=>31 solid circRNAs detected
	handling SRR5088871
	=>24 solid circRNAs detected
	=>12 solid circRNAs detected
	=>26 solid circRNAs detected
	=>33 solid circRNAs detected
	=>16 solid circRNAs detected
	=>24 solid circRNAs detected
	=>18 solid circRNAs detected
	=>45 solid circRNAs detected
	=>19 solid circRNAs detected
	handling SRR5088888
	=>37 solid circRNAs detected
	handling SRR5088880
	handling SRR5088882
	handling SRR5088879
	handling SRR5088890
	handling SRR5088887
	handling SRR5088892
	handling SRR5088878
	handling SRR5088889
	handling SRR5088886
	=>30 solid circRNAs detected
	=>27 solid circRNAs detected
	=>35 solid circRNAs detected
	handling SRR5088893
	handling SRR5088885
	handling SRR5088894
	=>23 solid circRNAs detected
	=>37 solid circRNAs detected
	handling SRR5088896
	=>35 solid circRNAs detected
	=>45 solid circRNAs detected
	handling SRR5088898
	handling SRR5088883
	handling SRR5088897
	=>22 solid circRNAs detected
	handling SRR5088899
	=>39 solid circRNAs detected
	handling SRR5088891
	=>23 solid circRNAs detected
	handling SRR5088895
	=>33 solid circRNAs detected
	=>38 solid circRNAs detected
	=>31 solid circRNAs detected
	=>34 solid circRNAs detected
	=>25 solid circRNAs detected
	=>22 solid circRNAs detected
	=>19 solid circRNAs detected
	handling SRR5088905
	handling SRR5088910
	handling SRR5088911
	handling SRR5088903
	handling SRR5088914
	handling SRR5088904
	handling SRR5088900
	=>26 solid circRNAs detected
	handling SRR5088906
	=>33 solid circRNAs detected
	=>42 solid circRNAs detected
	=>32 solid circRNAs detected
	=>28 solid circRNAs detected
	handling SRR5088915
	handling SRR5088907
	=>21 solid circRNAs detected
	handling SRR5088909
	handling SRR5088908
	=>32 solid circRNAs detected
	=>45 solid circRNAs detected
	=>39 solid circRNAs detected
	=>31 solid circRNAs detected
	=>38 solid circRNAs detected
	=>20 solid circRNAs detected
	=>32 solid circRNAs detected
	handling SRR5088912
	handling SRR5088919
	handling SRR5088916
	handling SRR5088920
	handling SRR5088918
	handling SRR5088921
	handling SRR5088913
	handling SRR5088917
	=>11 solid circRNAs detected
	=>19 solid circRNAs detected
	handling SRR5088928
	handling SRR5088925
	=>30 solid circRNAs detected
	=>35 solid circRNAs detected
	handling SRR5088922
	=>21 solid circRNAs detected
	=>33 solid circRNAs detected
	=>32 solid circRNAs detected
	handling SRR5088923
	=>37 solid circRNAs detected
	handling SRR5088927
	handling SRR5088924
	=>36 solid circRNAs detected
	handling SRR5088929
	=>42 solid circRNAs detected
	=>24 solid circRNAs detected
	=>32 solid circRNAs detected
	=>22 solid circRNAs detected
	handling SRR5088930
	=>31 solid circRNAs detected
	=>25 solid circRNAs detected
	=>35 solid circRNAs detected
	=>24 solid circRNAs detected
	=>26 solid circRNAs detected
	handling SRR5088926
	=>18 solid circRNAs detected
	=>28 solid circRNAs detected
	=>26 solid circRNAs detected
	=>16 solid circRNAs detected
	=>29 solid circRNAs detected
	=>47 solid circRNAs detected
	=>46 solid circRNAs detected
	=>35 solid circRNAs detected
	=>26 solid circRNAs detected
	=>28 solid circRNAs detected
	=>37 solid circRNAs detected
Done. Please check result *.aggr.txt in /home/zhou/raid/IO_RNA/circRNA/PRJNA356761/aggr
Scanning result aggr files...
Checking if all sample result data files could be found...
Merging result aggr files...
Outputing
Done. Check /home/zhou/raid/IO_RNA/circRNA/PRJNA356761/aggr/aggr_circRNA.tsv.gz
