Reading GTF annotation data...
Extracting gene and region information...
Checking gtf data...
    chr start   end         gene_id        gene
1: chr1 11869 14409 ENSG00000223972     DDX11L1
2: chr1 14404 29570 ENSG00000227232      WASH7P
3: chr1 17369 17436 ENSG00000278267   MIR6859-1
4: chr1 29554 31109 ENSG00000243485 MIR1302-2HG
5: chr1 30366 30503 ENSG00000284332   MIR1302-2
6: chr1 34554 36081 ENSG00000237613     FAM138A
Scanning result bed files and extracting sample IDs...
20 sample(s) detected
Reading, joining & annotating circRNAs...
	handling SRR3033326
	handling SRR3033327
	handling SRR3033328
	handling SRR3033329
	handling SRR3033330
	handling SRR3033331
	handling SRR3033332
	handling SRR3033333
	handling SRR3033334
	handling SRR3033335
	handling SRR3033336
	handling SRR3033337
	handling SRR3033338
	handling SRR3033339
	handling SRR3033340
	handling SRR3033341
	handling SRR3033342
	handling SRR3033343
	handling SRR3033344
	handling SRR3033345
	=>52 solid circRNAs detected
	=>54 solid circRNAs detected
	=>49 solid circRNAs detected
	=>40 solid circRNAs detected
	=>53 solid circRNAs detected
	=>51 solid circRNAs detected
	=>34 solid circRNAs detected
	=>60 solid circRNAs detected
	=>62 solid circRNAs detected
	=>45 solid circRNAs detected
	=>46 solid circRNAs detected
	=>25 solid circRNAs detected
	=>39 solid circRNAs detected
	=>48 solid circRNAs detected
	=>39 solid circRNAs detected
	=>39 solid circRNAs detected
	=>54 solid circRNAs detected
	=>45 solid circRNAs detected
	=>39 solid circRNAs detected
	=>59 solid circRNAs detected
Done. Please check result *.aggr.txt in /home/zhou/raid/IO_RNA/circRNA/PHS001038/aggr
Scanning result aggr files...
Checking if all sample result data files could be found...
Merging result aggr files...
Outputing
Done. Check /home/zhou/raid/IO_RNA/circRNA/PHS001038/aggr/aggr_circRNA.tsv.gz
