QC file for SRR3033344 has been detected, skip this sample
QC file for SRR3033329 has been detected, skip this sample
QC file for SRR3033332 has been detected, skip this sample
QC file for SRR3033337 has been detected, skip this sample
QC file for SRR3033340 has been detected, skip this sample
QC file for SRR3033330 has been detected, skip this sample
QC file for SRR3033338 has been detected, skip this sample
QC file for SRR3033345 has been detected, skip this sample
QC file for SRR3033343 has been detected, skip this sample
QC file for SRR3033335 has been detected, skip this sample
QC file for SRR3033341 has been detected, skip this sample
WARNING: fastp uses up to 16 threads although you specified 20
Read1 before filtering:
total reads: 55742500
total bases: 2787125000
Q20 bases: 2742183802(98.3875%)
Q30 bases: 2686595596(96.3931%)

Read2 before filtering:
total reads: 55742500
total bases: 2787125000
Q20 bases: 2722667095(97.6873%)
Q30 bases: 2653027268(95.1887%)

Read1 after filtering:
total reads: 54858261
total bases: 2742522803
Q20 bases: 2715965858(99.0317%)
Q30 bases: 2669815601(97.3489%)

Read2 after filtering:
total reads: 54858261
total bases: 2742522803
Q20 bases: 2703960372(98.5939%)
Q30 bases: 2643976209(96.4067%)

Filtering result:
reads passed filter: 109716522
reads failed due to low quality: 1732812
reads failed due to too many N: 35666
reads failed due to too short: 0
reads with adapter trimmed: 77084
bases trimmed due to adapters: 790136

Duplication rate: 13.5957%

Insert size peak (evaluated by paired-end reads): 66

JSON report: /home/zhou/raid/IO_RNA/PHS001038/fq/SRR3033328_fastp.json
HTML report: /home/zhou/raid/IO_RNA/PHS001038/fq/SRR3033328_fastp.html

/home/circrna/miniconda3/bin/fastp -i /home/zhou/raid/ncbi/dbGaP-24835/RNA_phs001038_PRJNA305077/raw/SRR3033328_1.fastq.gz -I /home/zhou/raid/ncbi/dbGaP-24835/RNA_phs001038_PRJNA305077/raw/SRR3033328_2.fastq.gz -o /home/zhou/raid/IO_RNA/PHS001038/fq/SRR3033328_1.fastq.gz -O /home/zhou/raid/IO_RNA/PHS001038/fq/SRR3033328_2.fastq.gz -j /home/zhou/raid/IO_RNA/PHS001038/fq/SRR3033328_fastp.json -h /home/zhou/raid/IO_RNA/PHS001038/fq/SRR3033328_fastp.html -w 20 
fastp v0.23.4, time used: 179 seconds
WARNING: fastp uses up to 16 threads although you specified 20
Read1 before filtering:
total reads: 50596893
total bases: 2529844650
Q20 bases: 2478228305(97.9597%)
Q30 bases: 2421695799(95.7251%)

Read2 before filtering:
total reads: 50596893
total bases: 2529844650
Q20 bases: 2460312759(97.2515%)
Q30 bases: 2391083878(94.515%)

Read1 after filtering:
total reads: 49533834
total bases: 2476317573
Q20 bases: 2450243880(98.9471%)
Q30 bases: 2405884885(97.1557%)

Read2 after filtering:
total reads: 49533834
total bases: 2476317573
Q20 bases: 2439110472(98.4975%)
Q30 bases: 2381858653(96.1855%)

Filtering result:
reads passed filter: 99067668
reads failed due to low quality: 2093882
reads failed due to too many N: 32236
reads failed due to too short: 0
reads with adapter trimmed: 73960
bases trimmed due to adapters: 758334

Duplication rate: 12.9555%

Insert size peak (evaluated by paired-end reads): 69

JSON report: /home/zhou/raid/IO_RNA/PHS001038/fq/SRR3033326_fastp.json
HTML report: /home/zhou/raid/IO_RNA/PHS001038/fq/SRR3033326_fastp.html

/home/circrna/miniconda3/bin/fastp -i /home/zhou/raid/ncbi/dbGaP-24835/RNA_phs001038_PRJNA305077/raw/SRR3033326_1.fastq.gz -I /home/zhou/raid/ncbi/dbGaP-24835/RNA_phs001038_PRJNA305077/raw/SRR3033326_2.fastq.gz -o /home/zhou/raid/IO_RNA/PHS001038/fq/SRR3033326_1.fastq.gz -O /home/zhou/raid/IO_RNA/PHS001038/fq/SRR3033326_2.fastq.gz -j /home/zhou/raid/IO_RNA/PHS001038/fq/SRR3033326_fastp.json -h /home/zhou/raid/IO_RNA/PHS001038/fq/SRR3033326_fastp.html -w 20 
fastp v0.23.4, time used: 125 seconds
WARNING: fastp uses up to 16 threads although you specified 20
Read1 before filtering:
total reads: 48990711
total bases: 2449535550
Q20 bases: 2399264730(97.9477%)
Q30 bases: 2344336704(95.7054%)

Read2 before filtering:
total reads: 48990711
total bases: 2449535550
Q20 bases: 2381417861(97.2192%)
Q30 bases: 2313798790(94.4587%)

Read1 after filtering:
total reads: 47947878
total bases: 2397047986
Q20 bases: 2372009304(98.9554%)
Q30 bases: 2329076617(97.1644%)

Read2 after filtering:
total reads: 47947878
total bases: 2397047986
Q20 bases: 2360860828(98.4903%)
Q30 bases: 2305000266(96.16%)

Filtering result:
reads passed filter: 95895756
reads failed due to low quality: 2054472
reads failed due to too many N: 31194
reads failed due to too short: 0
reads with adapter trimmed: 68884
bases trimmed due to adapters: 702346

Duplication rate: 12.3737%

Insert size peak (evaluated by paired-end reads): 69

JSON report: /home/zhou/raid/IO_RNA/PHS001038/fq/SRR3033342_fastp.json
HTML report: /home/zhou/raid/IO_RNA/PHS001038/fq/SRR3033342_fastp.html

/home/circrna/miniconda3/bin/fastp -i /home/zhou/raid/ncbi/dbGaP-24835/RNA_phs001038_PRJNA305077/raw/SRR3033342_1.fastq.gz -I /home/zhou/raid/ncbi/dbGaP-24835/RNA_phs001038_PRJNA305077/raw/SRR3033342_2.fastq.gz -o /home/zhou/raid/IO_RNA/PHS001038/fq/SRR3033342_1.fastq.gz -O /home/zhou/raid/IO_RNA/PHS001038/fq/SRR3033342_2.fastq.gz -j /home/zhou/raid/IO_RNA/PHS001038/fq/SRR3033342_fastp.json -h /home/zhou/raid/IO_RNA/PHS001038/fq/SRR3033342_fastp.html -w 20 
fastp v0.23.4, time used: 127 seconds
WARNING: fastp uses up to 16 threads although you specified 20
Read1 before filtering:
total reads: 56649567
total bases: 2832478350
Q20 bases: 2779151734(98.1173%)
Q30 bases: 2717949921(95.9566%)

Read2 before filtering:
total reads: 56649567
total bases: 2832478350
Q20 bases: 2759807917(97.4344%)
Q30 bases: 2685251195(94.8022%)

Read1 after filtering:
total reads: 55564909
total bases: 2777845494
Q20 bases: 2749141349(98.9667%)
Q30 bases: 2699656674(97.1853%)

Read2 after filtering:
total reads: 55564909
total bases: 2777845494
Q20 bases: 2737841737(98.5599%)
Q30 bases: 2675400847(96.3121%)

Filtering result:
reads passed filter: 111129818
reads failed due to low quality: 2132084
reads failed due to too many N: 37232
reads failed due to too short: 0
reads with adapter trimmed: 79844
bases trimmed due to adapters: 809454

Duplication rate: 26.4825%

Insert size peak (evaluated by paired-end reads): 69

JSON report: /home/zhou/raid/IO_RNA/PHS001038/fq/SRR3033339_fastp.json
HTML report: /home/zhou/raid/IO_RNA/PHS001038/fq/SRR3033339_fastp.html

/home/circrna/miniconda3/bin/fastp -i /home/zhou/raid/ncbi/dbGaP-24835/RNA_phs001038_PRJNA305077/raw/SRR3033339_1.fastq.gz -I /home/zhou/raid/ncbi/dbGaP-24835/RNA_phs001038_PRJNA305077/raw/SRR3033339_2.fastq.gz -o /home/zhou/raid/IO_RNA/PHS001038/fq/SRR3033339_1.fastq.gz -O /home/zhou/raid/IO_RNA/PHS001038/fq/SRR3033339_2.fastq.gz -j /home/zhou/raid/IO_RNA/PHS001038/fq/SRR3033339_fastp.json -h /home/zhou/raid/IO_RNA/PHS001038/fq/SRR3033339_fastp.html -w 20 
fastp v0.23.4, time used: 109 seconds
WARNING: fastp uses up to 16 threads although you specified 20
Read1 before filtering:
total reads: 48613253
total bases: 2430662650
Q20 bases: 2381142234(97.9627%)
Q30 bases: 2326440564(95.7122%)

Read2 before filtering:
total reads: 48613253
total bases: 2430662650
Q20 bases: 2364858939(97.2928%)
Q30 bases: 2298512157(94.5632%)

Read1 after filtering:
total reads: 47619855
total bases: 2380629408
Q20 bases: 2355141277(98.9294%)
Q30 bases: 2311859237(97.1113%)

Read2 after filtering:
total reads: 47619855
total bases: 2380629408
Q20 bases: 2344716034(98.4914%)
Q30 bases: 2289549579(96.1741%)

Filtering result:
reads passed filter: 95239710
reads failed due to low quality: 1956030
reads failed due to too many N: 30766
reads failed due to too short: 0
reads with adapter trimmed: 71738
bases trimmed due to adapters: 736304

Duplication rate: 11.4081%

Insert size peak (evaluated by paired-end reads): 69

JSON report: /home/zhou/raid/IO_RNA/PHS001038/fq/SRR3033331_fastp.json
HTML report: /home/zhou/raid/IO_RNA/PHS001038/fq/SRR3033331_fastp.html

/home/circrna/miniconda3/bin/fastp -i /home/zhou/raid/ncbi/dbGaP-24835/RNA_phs001038_PRJNA305077/raw/SRR3033331_1.fastq.gz -I /home/zhou/raid/ncbi/dbGaP-24835/RNA_phs001038_PRJNA305077/raw/SRR3033331_2.fastq.gz -o /home/zhou/raid/IO_RNA/PHS001038/fq/SRR3033331_1.fastq.gz -O /home/zhou/raid/IO_RNA/PHS001038/fq/SRR3033331_2.fastq.gz -j /home/zhou/raid/IO_RNA/PHS001038/fq/SRR3033331_fastp.json -h /home/zhou/raid/IO_RNA/PHS001038/fq/SRR3033331_fastp.html -w 20 
fastp v0.23.4, time used: 92 seconds
WARNING: fastp uses up to 16 threads although you specified 20
Read1 before filtering:
total reads: 52493406
total bases: 2624670300
Q20 bases: 2571937115(97.9909%)
Q30 bases: 2514271362(95.7938%)

Read2 before filtering:
total reads: 52493406
total bases: 2624670300
Q20 bases: 2553676099(97.2951%)
Q30 bases: 2483054903(94.6045%)

Read1 after filtering:
total reads: 51408508
total bases: 2570058264
Q20 bases: 2543365327(98.9614%)
Q30 bases: 2498028302(97.1973%)

Read2 after filtering:
total reads: 51408508
total bases: 2570058264
Q20 bases: 2532040098(98.5207%)
Q30 bases: 2473615863(96.2475%)

Filtering result:
reads passed filter: 102817016
reads failed due to low quality: 2135988
reads failed due to too many N: 33808
reads failed due to too short: 0
reads with adapter trimmed: 73094
bases trimmed due to adapters: 744258

Duplication rate: 13.1705%

Insert size peak (evaluated by paired-end reads): 68

JSON report: /home/zhou/raid/IO_RNA/PHS001038/fq/SRR3033333_fastp.json
HTML report: /home/zhou/raid/IO_RNA/PHS001038/fq/SRR3033333_fastp.html

/home/circrna/miniconda3/bin/fastp -i /home/zhou/raid/ncbi/dbGaP-24835/RNA_phs001038_PRJNA305077/raw/SRR3033333_1.fastq.gz -I /home/zhou/raid/ncbi/dbGaP-24835/RNA_phs001038_PRJNA305077/raw/SRR3033333_2.fastq.gz -o /home/zhou/raid/IO_RNA/PHS001038/fq/SRR3033333_1.fastq.gz -O /home/zhou/raid/IO_RNA/PHS001038/fq/SRR3033333_2.fastq.gz -j /home/zhou/raid/IO_RNA/PHS001038/fq/SRR3033333_fastp.json -h /home/zhou/raid/IO_RNA/PHS001038/fq/SRR3033333_fastp.html -w 20 
fastp v0.23.4, time used: 92 seconds
WARNING: fastp uses up to 16 threads although you specified 20
Read1 before filtering:
total reads: 85455274
total bases: 4272763700
Q20 bases: 3827160509(89.5711%)
Q30 bases: 3497550525(81.8569%)

Read2 before filtering:
total reads: 85455274
total bases: 4272763700
Q20 bases: 3728247541(87.2561%)
Q30 bases: 3359110865(78.6168%)

Read1 after filtering:
total reads: 85335660
total bases: 4266257425
Q20 bases: 3823825912(89.6295%)
Q30 bases: 3495562589(81.9351%)

Read2 after filtering:
total reads: 85335660
total bases: 4266257425
Q20 bases: 3725187814(87.3175%)
Q30 bases: 3357310355(78.6945%)

Filtering result:
reads passed filter: 170671320
reads failed due to low quality: 187246
reads failed due to too many N: 51982
reads failed due to too short: 0
reads with adapter trimmed: 103878
bases trimmed due to adapters: 1052056

Duplication rate: 13.9628%

Insert size peak (evaluated by paired-end reads): 69

JSON report: /home/zhou/raid/IO_RNA/PHS001038/fq/SRR3033336_fastp.json
HTML report: /home/zhou/raid/IO_RNA/PHS001038/fq/SRR3033336_fastp.html

/home/circrna/miniconda3/bin/fastp -i /home/zhou/raid/ncbi/dbGaP-24835/RNA_phs001038_PRJNA305077/raw/SRR3033336_1.fastq.gz -I /home/zhou/raid/ncbi/dbGaP-24835/RNA_phs001038_PRJNA305077/raw/SRR3033336_2.fastq.gz -o /home/zhou/raid/IO_RNA/PHS001038/fq/SRR3033336_1.fastq.gz -O /home/zhou/raid/IO_RNA/PHS001038/fq/SRR3033336_2.fastq.gz -j /home/zhou/raid/IO_RNA/PHS001038/fq/SRR3033336_fastp.json -h /home/zhou/raid/IO_RNA/PHS001038/fq/SRR3033336_fastp.html -w 20 
fastp v0.23.4, time used: 162 seconds
WARNING: fastp uses up to 16 threads although you specified 20
Read1 before filtering:
total reads: 54335135
total bases: 2716756750
Q20 bases: 2662651136(98.0084%)
Q30 bases: 2602328998(95.7881%)

Read2 before filtering:
total reads: 54335135
total bases: 2716756750
Q20 bases: 2643690800(97.3105%)
Q30 bases: 2569655125(94.5854%)

Read1 after filtering:
total reads: 53233371
total bases: 2661276341
Q20 bases: 2633542742(98.9579%)
Q30 bases: 2585831256(97.1651%)

Read2 after filtering:
total reads: 53233371
total bases: 2661276341
Q20 bases: 2621689828(98.5125%)
Q30 bases: 2560113117(96.1987%)

Filtering result:
reads passed filter: 106466742
reads failed due to low quality: 2168798
reads failed due to too many N: 34730
reads failed due to too short: 0
reads with adapter trimmed: 77458
bases trimmed due to adapters: 794284

Duplication rate: 20.7818%

Insert size peak (evaluated by paired-end reads): 69

JSON report: /home/zhou/raid/IO_RNA/PHS001038/fq/SRR3033334_fastp.json
HTML report: /home/zhou/raid/IO_RNA/PHS001038/fq/SRR3033334_fastp.html

/home/circrna/miniconda3/bin/fastp -i /home/zhou/raid/ncbi/dbGaP-24835/RNA_phs001038_PRJNA305077/raw/SRR3033334_1.fastq.gz -I /home/zhou/raid/ncbi/dbGaP-24835/RNA_phs001038_PRJNA305077/raw/SRR3033334_2.fastq.gz -o /home/zhou/raid/IO_RNA/PHS001038/fq/SRR3033334_1.fastq.gz -O /home/zhou/raid/IO_RNA/PHS001038/fq/SRR3033334_2.fastq.gz -j /home/zhou/raid/IO_RNA/PHS001038/fq/SRR3033334_fastp.json -h /home/zhou/raid/IO_RNA/PHS001038/fq/SRR3033334_fastp.html -w 20 
fastp v0.23.4, time used: 90 seconds
WARNING: fastp uses up to 16 threads although you specified 20
Read1 before filtering:
total reads: 83838235
total bases: 4191911750
Q20 bases: 3759631859(89.6878%)
Q30 bases: 3438661266(82.0309%)

Read2 before filtering:
total reads: 83838235
total bases: 4191911750
Q20 bases: 3639961116(86.833%)
Q30 bases: 3270107256(78.0099%)

Read1 after filtering:
total reads: 83679176
total bases: 4183411016
Q20 bases: 3755287074(89.7662%)
Q30 bases: 3436128399(82.137%)

Read2 after filtering:
total reads: 83679176
total bases: 4183411016
Q20 bases: 3636125890(86.9177%)
Q30 bases: 3268005862(78.1182%)

Filtering result:
reads passed filter: 167358352
reads failed due to low quality: 265578
reads failed due to too many N: 52540
reads failed due to too short: 0
reads with adapter trimmed: 109216
bases trimmed due to adapters: 1097632

Duplication rate: 18.4749%

Insert size peak (evaluated by paired-end reads): 69

JSON report: /home/zhou/raid/IO_RNA/PHS001038/fq/SRR3033327_fastp.json
HTML report: /home/zhou/raid/IO_RNA/PHS001038/fq/SRR3033327_fastp.html

/home/circrna/miniconda3/bin/fastp -i /home/zhou/raid/ncbi/dbGaP-24835/RNA_phs001038_PRJNA305077/raw/SRR3033327_1.fastq.gz -I /home/zhou/raid/ncbi/dbGaP-24835/RNA_phs001038_PRJNA305077/raw/SRR3033327_2.fastq.gz -o /home/zhou/raid/IO_RNA/PHS001038/fq/SRR3033327_1.fastq.gz -O /home/zhou/raid/IO_RNA/PHS001038/fq/SRR3033327_2.fastq.gz -j /home/zhou/raid/IO_RNA/PHS001038/fq/SRR3033327_fastp.json -h /home/zhou/raid/IO_RNA/PHS001038/fq/SRR3033327_fastp.html -w 20 
fastp v0.23.4, time used: 141 seconds

  /// MultiQC 🔍 | v1.14

|           multiqc | MultiQC Version v1.16 now available!
|           multiqc | Search path : /home/zhou/raid/IO_RNA/PHS001038/fq
|         searching | ━━━━━━━━━━━━━━━━━━━━━━━━━━━━━━━━━━━━━━━━ 100% 81/81  
|             fastp | Found 20 reports
|           multiqc | Compressing plot data
|           multiqc | Deleting    : ../../../../zhou/raid/IO_RNA/PHS001038/fq/multiqc_report.html   (-f was specified)
|           multiqc | Deleting    : ../../../../zhou/raid/IO_RNA/PHS001038/fq/multiqc_data   (-f was specified)
|           multiqc | Report      : ../../../../zhou/raid/IO_RNA/PHS001038/fq/multiqc_report.html
|           multiqc | Data        : ../../../../zhou/raid/IO_RNA/PHS001038/fq/multiqc_data
|           multiqc | MultiQC complete
