Reading GTF annotation data...
Extracting gene and region information...
Checking gtf data...
    chr start   end         gene_id        gene
1: chr1 11869 14409 ENSG00000223972     DDX11L1
2: chr1 14404 29570 ENSG00000227232      WASH7P
3: chr1 17369 17436 ENSG00000278267   MIR6859-1
4: chr1 29554 31109 ENSG00000243485 MIR1302-2HG
5: chr1 30366 30503 ENSG00000284332   MIR1302-2
6: chr1 34554 36081 ENSG00000237613     FAM138A
Scanning result bed files and extracting sample IDs...
54 sample(s) detected
Reading, joining & annotating circRNAs...
	handling Pt101_SCREEN
	handling Pt101_WEEK4
	handling Pt103_SCREEN
	handling Pt103_WEEK4
	handling Pt109_SCREEN
	handling Pt109_WEEK4
	handling Pt11_SCREEN
	handling Pt11_WEEK4
	handling Pt13_WEEK4
	handling Pt16_WEEK4
	handling Pt20007_SCREEN
	handling Pt20007_WEEK4
	handling Pt20018_WEEK4
	handling Pt20019_SCREEN
	handling Pt20025_SCREEN
	handling Pt20025_WEEK2
	handling Pt20034_SCREEN
	handling Pt20034_WEEK2
	handling Pt20039_SCREEN
	handling Pt26_SCREEN
	=>28 solid circRNAs detected
	handling Pt26_WEEK4
	=>23 solid circRNAs detected
	=>19 solid circRNAs detected
	handling Pt28_WEEK4
	handling Pt44_WEEK4
	=>24 solid circRNAs detected
	handling Pt44_SCREEN
	=>28 solid circRNAs detected
	=>25 solid circRNAs detected
	=>30 solid circRNAs detected
	=>29 solid circRNAs detected
	=>27 solid circRNAs detected
	handling Pt66_SCREEN
	handling Pt49_SCREEN
	=>23 solid circRNAs detected
	=>20 solid circRNAs detected
	handling Pt78_WEEK4
	handling Pt7_SCREEN
	=>38 solid circRNAs detected
	=>26 solid circRNAs detected
	=>32 solid circRNAs detected
	handling Pt30019_SCREEN
	handling Pt77_WEEK4
	handling Pt79_SCREEN
	handling Pt77_SCREEN
	handling Pt30041_SCREEN
	handling Pt79_WEEK4
	=>28 solid circRNAs detected
	=>42 solid circRNAs detected
	handling Pt30041_WEEK2
	handling Pt49_WEEK4
	=>18 solid circRNAs detected
	=>27 solid circRNAs detected
	=>35 solid circRNAs detected
	handling Pt8_SCREEN
	handling Pt78_SCREEN
	=>37 solid circRNAs detected
	handling Pt8_WEEK4
	handling Pt28_SCREEN
	=>28 solid circRNAs detected
	handling Pt80_WEEK4
	=>16 solid circRNAs detected
	=>46 solid circRNAs detected
	handling Pt84_SCREEN
	=>47 solid circRNAs detected
	=>29 solid circRNAs detected
	=>30 solid circRNAs detected
	handling Pt89_WEEK4
	=>34 solid circRNAs detected
	=>38 solid circRNAs detected
	handling Pt90_SCREEN
	handling Pt92_WEEK4
	=>18 solid circRNAs detected
	handling Pt87_WEEK4
	handling Pt93_WEEK4
	handling Pt98_SCREEN
	=>30 solid circRNAs detected
	=>29 solid circRNAs detected
	handling Pt98_WEEK4
	=>26 solid circRNAs detected
	=>36 solid circRNAs detected
	handling Pt85_WEEK4
	handling Pt92_SCREEN
	=>27 solid circRNAs detected
	=>33 solid circRNAs detected
	=>37 solid circRNAs detected
	=>35 solid circRNAs detected
	handling Pt85_SCREEN
	=>17 solid circRNAs detected
	handling Pt84_WEEK4
	=>16 solid circRNAs detected
	handling Pt81_WEEK4
	=>31 solid circRNAs detected
	=>39 solid circRNAs detected
	=>22 solid circRNAs detected
	=>45 solid circRNAs detected
	=>36 solid circRNAs detected
	=>28 solid circRNAs detected
	=>32 solid circRNAs detected
	=>24 solid circRNAs detected
	=>40 solid circRNAs detected
	=>26 solid circRNAs detected
	=>28 solid circRNAs detected
	=>29 solid circRNAs detected
	=>44 solid circRNAs detected
	=>34 solid circRNAs detected
	=>25 solid circRNAs detected
Done. Please check result *.aggr.txt in /home/zhou/raid/IO_RNA/circRNA/EGAD00001006282/aggr
Scanning result aggr files...
Checking if all sample result data files could be found...
Merging result aggr files...
Outputing
Done. Check /home/zhou/raid/IO_RNA/circRNA/EGAD00001006282/aggr/aggr_circRNA.tsv.gz
