Start CIRIquant for Pt103_SCREEN at Tue Aug 29 22:18:19 CST 2023
Final result exists and is not empty, skipped this sample.
Start circexplorer2 for Pt103_SCREEN at Tue Aug 29 22:18:17 CST 2023
Final result exists and is not empty, skipped this sample.
Start circRNA_finder for Pt103_SCREEN at Tue Aug 29 22:18:16 CST 2023
Final result exists and is not empty, skipped this sample.
Start find_circ for Pt103_SCREEN at Tue Aug 29 22:18:17 CST 2023
Final result exists and is not empty, skipped this sample.
Start CIRIquant for Pt11_WEEK4 at Tue Aug 29 22:18:21 CST 2023
Final result exists and is not empty, skipped this sample.
Start circexplorer2 for Pt11_WEEK4 at Tue Aug 29 22:18:19 CST 2023
Final result exists and is not empty, skipped this sample.
Start circRNA_finder for Pt11_WEEK4 at Tue Aug 29 22:18:19 CST 2023
Final result exists and is not empty, skipped this sample.
Start find_circ for Pt11_WEEK4 at Tue Aug 29 22:18:19 CST 2023
Final result exists and is not empty, skipped this sample.
Start CIRIquant for Pt49_SCREEN at Tue Aug 29 22:18:23 CST 2023
Final result exists and is not empty, skipped this sample.
Start circexplorer2 for Pt49_SCREEN at Tue Aug 29 22:18:21 CST 2023
Final result exists and is not empty, skipped this sample.
Start circRNA_finder for Pt49_SCREEN at Tue Aug 29 22:18:21 CST 2023
Final result exists and is not empty, skipped this sample.
Start find_circ for Pt49_SCREEN at Tue Aug 29 22:18:21 CST 2023
Final result exists and is not empty, skipped this sample.
Start CIRIquant for Pt98_SCREEN at Tue Aug 29 22:18:25 CST 2023
Final result exists and is not empty, skipped this sample.
Start circexplorer2 for Pt98_SCREEN at Tue Aug 29 22:18:23 CST 2023
Final result exists and is not empty, skipped this sample.
Start circRNA_finder for Pt98_SCREEN at Tue Aug 29 22:18:23 CST 2023
Final result exists and is not empty, skipped this sample.
Start find_circ for Pt98_SCREEN at Tue Aug 29 22:18:23 CST 2023
Final result exists and is not empty, skipped this sample.
Start CIRIquant for Pt77_WEEK4 at Tue Aug 29 22:18:27 CST 2023
Final result exists and is not empty, skipped this sample.
Start circexplorer2 for Pt77_WEEK4 at Tue Aug 29 22:18:25 CST 2023
Final result exists and is not empty, skipped this sample.
Start circRNA_finder for Pt77_WEEK4 at Tue Aug 29 22:18:25 CST 2023
Final result exists and is not empty, skipped this sample.
Start find_circ for Pt77_WEEK4 at Tue Aug 29 22:18:25 CST 2023
Final result exists and is not empty, skipped this sample.
Start CIRIquant for Pt103_WEEK4 at Tue Aug 29 22:18:30 CST 2023
Final result exists and is not empty, skipped this sample.
Start circexplorer2 for Pt103_WEEK4 at Tue Aug 29 22:18:28 CST 2023
Final result exists and is not empty, skipped this sample.
Start circRNA_finder for Pt103_WEEK4 at Tue Aug 29 22:18:27 CST 2023
Final result exists and is not empty, skipped this sample.
Start find_circ for Pt103_WEEK4 at Tue Aug 29 22:18:27 CST 2023
Final result exists and is not empty, skipped this sample.
Start CIRIquant for Pt77_SCREEN at Tue Aug 29 22:18:31 CST 2023
Final result exists and is not empty, skipped this sample.
Start circexplorer2 for Pt77_SCREEN at Tue Aug 29 22:18:30 CST 2023
Final result exists and is not empty, skipped this sample.
Start circRNA_finder for Pt77_SCREEN at Tue Aug 29 22:18:30 CST 2023
Final result exists and is not empty, skipped this sample.
Start find_circ for Pt77_SCREEN at Tue Aug 29 22:18:30 CST 2023
Final result exists and is not empty, skipped this sample.
Start CIRIquant for Pt85_WEEK4 at Tue Aug 29 22:18:34 CST 2023
Final result exists and is not empty, skipped this sample.
Start circexplorer2 for Pt85_WEEK4 at Tue Aug 29 22:18:32 CST 2023
Final result exists and is not empty, skipped this sample.
Start circRNA_finder for Pt85_WEEK4 at Tue Aug 29 22:18:32 CST 2023
Final result exists and is not empty, skipped this sample.
Start find_circ for Pt85_WEEK4 at Tue Aug 29 22:18:32 CST 2023
Final result exists and is not empty, skipped this sample.
Start CIRIquant for Pt20025_SCREEN at Tue Aug 29 22:18:36 CST 2023
Final result exists and is not empty, skipped this sample.
Start circexplorer2 for Pt20025_SCREEN at Tue Aug 29 22:18:34 CST 2023
Final result exists and is not empty, skipped this sample.
Start circRNA_finder for Pt20025_SCREEN at Tue Aug 29 22:18:34 CST 2023
Final result exists and is not empty, skipped this sample.
Start find_circ for Pt20025_SCREEN at Tue Aug 29 22:18:34 CST 2023
Final result exists and is not empty, skipped this sample.
Start CIRIquant for Pt84_WEEK4 at Tue Aug 29 22:18:38 CST 2023
Final result exists and is not empty, skipped this sample.
Start circexplorer2 for Pt84_WEEK4 at Tue Aug 29 22:18:36 CST 2023
Final result exists and is not empty, skipped this sample.
Start circRNA_finder for Pt84_WEEK4 at Tue Aug 29 22:18:36 CST 2023
Final result exists and is not empty, skipped this sample.
Start find_circ for Pt84_WEEK4 at Tue Aug 29 22:18:36 CST 2023
Final result exists and is not empty, skipped this sample.
Start CIRIquant for Pt30041_SCREEN at Tue Aug 29 22:18:40 CST 2023
Final result exists and is not empty, skipped this sample.
Start circexplorer2 for Pt30041_SCREEN at Tue Aug 29 22:18:38 CST 2023
Final result exists and is not empty, skipped this sample.
Start circRNA_finder for Pt30041_SCREEN at Tue Aug 29 22:18:38 CST 2023
Final result exists and is not empty, skipped this sample.
Start find_circ for Pt30041_SCREEN at Tue Aug 29 22:18:38 CST 2023
Final result exists and is not empty, skipped this sample.
Start CIRIquant for Pt78_WEEK4 at Tue Aug 29 22:18:42 CST 2023
Final result exists and is not empty, skipped this sample.
Start circexplorer2 for Pt78_WEEK4 at Tue Aug 29 22:18:40 CST 2023
Final result exists and is not empty, skipped this sample.
Start circRNA_finder for Pt78_WEEK4 at Tue Aug 29 22:18:40 CST 2023
Final result exists and is not empty, skipped this sample.
Start find_circ for Pt78_WEEK4 at Tue Aug 29 22:18:40 CST 2023
Final result exists and is not empty, skipped this sample.
Start CIRIquant for Pt8_WEEK4 at Tue Aug 29 22:18:44 CST 2023
Final result exists and is not empty, skipped this sample.
Start circexplorer2 for Pt8_WEEK4 at Tue Aug 29 22:18:42 CST 2023
Final result exists and is not empty, skipped this sample.
Start circRNA_finder for Pt8_WEEK4 at Tue Aug 29 22:18:42 CST 2023
Final result exists and is not empty, skipped this sample.
Start find_circ for Pt8_WEEK4 at Tue Aug 29 22:18:42 CST 2023
Final result exists and is not empty, skipped this sample.
Start CIRIquant for Pt81_WEEK4 at Tue Aug 29 22:18:46 CST 2023
Final result exists and is not empty, skipped this sample.
Start circexplorer2 for Pt81_WEEK4 at Tue Aug 29 22:18:44 CST 2023
Final result exists and is not empty, skipped this sample.
Start circRNA_finder for Pt81_WEEK4 at Tue Aug 29 22:18:44 CST 2023
Final result exists and is not empty, skipped this sample.
Start find_circ for Pt81_WEEK4 at Tue Aug 29 22:18:44 CST 2023
Final result exists and is not empty, skipped this sample.
Start CIRIquant for Pt20034_WEEK2 at Tue Aug 29 22:18:48 CST 2023
Final result exists and is not empty, skipped this sample.
Start circexplorer2 for Pt20034_WEEK2 at Tue Aug 29 22:18:46 CST 2023
Final result exists and is not empty, skipped this sample.
Start circRNA_finder for Pt20034_WEEK2 at Tue Aug 29 22:18:46 CST 2023
Final result exists and is not empty, skipped this sample.
Start find_circ for Pt20034_WEEK2 at Tue Aug 29 22:18:46 CST 2023
Final result exists and is not empty, skipped this sample.
Start CIRIquant for Pt20034_SCREEN at Tue Aug 29 22:18:50 CST 2023
Final result exists and is not empty, skipped this sample.
Start circexplorer2 for Pt20034_SCREEN at Tue Aug 29 22:18:48 CST 2023
Final result exists and is not empty, skipped this sample.
Start circRNA_finder for Pt20034_SCREEN at Tue Aug 29 22:18:48 CST 2023
Final result exists and is not empty, skipped this sample.
Start find_circ for Pt20034_SCREEN at Tue Aug 29 22:18:48 CST 2023
Final result exists and is not empty, skipped this sample.
Start CIRIquant for Pt98_WEEK4 at Tue Aug 29 22:18:52 CST 2023
Final result exists and is not empty, skipped this sample.
Start circexplorer2 for Pt98_WEEK4 at Tue Aug 29 22:18:50 CST 2023
Final result exists and is not empty, skipped this sample.
Start circRNA_finder for Pt98_WEEK4 at Tue Aug 29 22:18:50 CST 2023
Final result exists and is not empty, skipped this sample.
Start find_circ for Pt98_WEEK4 at Tue Aug 29 22:18:50 CST 2023
Final result exists and is not empty, skipped this sample.
Start CIRIquant for Pt109_SCREEN at Tue Aug 29 22:18:55 CST 2023
Final result exists and is not empty, skipped this sample.
Start circexplorer2 for Pt109_SCREEN at Tue Aug 29 22:18:53 CST 2023
Final result exists and is not empty, skipped this sample.
Start circRNA_finder for Pt109_SCREEN at Tue Aug 29 22:18:53 CST 2023
Final result exists and is not empty, skipped this sample.
Start find_circ for Pt109_SCREEN at Tue Aug 29 22:18:53 CST 2023
Final result exists and is not empty, skipped this sample.
Start CIRIquant for Pt30041_WEEK2 at Tue Aug 29 22:18:57 CST 2023
Final result exists and is not empty, skipped this sample.
Start circexplorer2 for Pt30041_WEEK2 at Tue Aug 29 22:18:55 CST 2023
Final result exists and is not empty, skipped this sample.
Start circRNA_finder for Pt30041_WEEK2 at Tue Aug 29 22:18:55 CST 2023
Final result exists and is not empty, skipped this sample.
Start find_circ for Pt30041_WEEK2 at Tue Aug 29 22:18:55 CST 2023
Final result exists and is not empty, skipped this sample.
Start CIRIquant for Pt20039_SCREEN at Tue Aug 29 22:18:59 CST 2023
Final result exists and is not empty, skipped this sample.
Start circexplorer2 for Pt20039_SCREEN at Tue Aug 29 22:18:57 CST 2023
Final result exists and is not empty, skipped this sample.
Start circRNA_finder for Pt20039_SCREEN at Tue Aug 29 22:18:57 CST 2023
Final result exists and is not empty, skipped this sample.
Start find_circ for Pt20039_SCREEN at Tue Aug 29 22:18:57 CST 2023
Final result exists and is not empty, skipped this sample.
Start CIRIquant for Pt13_WEEK4 at Tue Aug 29 22:19:01 CST 2023
Final result exists and is not empty, skipped this sample.
Start circexplorer2 for Pt13_WEEK4 at Tue Aug 29 22:18:59 CST 2023
Final result exists and is not empty, skipped this sample.
Start circRNA_finder for Pt13_WEEK4 at Tue Aug 29 22:18:59 CST 2023
Final result exists and is not empty, skipped this sample.
Start find_circ for Pt13_WEEK4 at Tue Aug 29 22:18:59 CST 2023
Final result exists and is not empty, skipped this sample.
Start CIRIquant for Pt7_SCREEN at Tue Aug 29 22:19:03 CST 2023
Final result exists and is not empty, skipped this sample.
Start circexplorer2 for Pt7_SCREEN at Tue Aug 29 22:19:01 CST 2023
Final result exists and is not empty, skipped this sample.
Start circRNA_finder for Pt7_SCREEN at Tue Aug 29 22:19:01 CST 2023
Final result exists and is not empty, skipped this sample.
Start find_circ for Pt7_SCREEN at Tue Aug 29 22:19:01 CST 2023
Final result exists and is not empty, skipped this sample.
Start CIRIquant for Pt30019_SCREEN at Tue Aug 29 22:19:05 CST 2023
Final result exists and is not empty, skipped this sample.
Start circexplorer2 for Pt30019_SCREEN at Tue Aug 29 22:19:03 CST 2023
Final result exists and is not empty, skipped this sample.
Start circRNA_finder for Pt30019_SCREEN at Tue Aug 29 22:19:03 CST 2023
Final result exists and is not empty, skipped this sample.
Start find_circ for Pt30019_SCREEN at Tue Aug 29 22:19:03 CST 2023
Final result exists and is not empty, skipped this sample.
Start CIRIquant for Pt28_WEEK4 at Tue Aug 29 22:19:07 CST 2023
Final result exists and is not empty, skipped this sample.
Start circexplorer2 for Pt28_WEEK4 at Tue Aug 29 22:19:05 CST 2023
Final result exists and is not empty, skipped this sample.
Start circRNA_finder for Pt28_WEEK4 at Tue Aug 29 22:19:05 CST 2023
Final result exists and is not empty, skipped this sample.
Start find_circ for Pt28_WEEK4 at Tue Aug 29 22:19:05 CST 2023
Final result exists and is not empty, skipped this sample.
Start CIRIquant for Pt49_WEEK4 at Tue Aug 29 22:19:09 CST 2023
Final result exists and is not empty, skipped this sample.
Start circexplorer2 for Pt49_WEEK4 at Tue Aug 29 22:19:08 CST 2023
Final result exists and is not empty, skipped this sample.
Start circRNA_finder for Pt49_WEEK4 at Tue Aug 29 22:19:08 CST 2023
Final result exists and is not empty, skipped this sample.
Start find_circ for Pt49_WEEK4 at Tue Aug 29 22:19:08 CST 2023
Final result exists and is not empty, skipped this sample.
Start CIRIquant for Pt20007_WEEK4 at Tue Aug 29 22:19:12 CST 2023
Final result exists and is not empty, skipped this sample.
Start circexplorer2 for Pt20007_WEEK4 at Tue Aug 29 22:19:10 CST 2023
Final result exists and is not empty, skipped this sample.
Start circRNA_finder for Pt20007_WEEK4 at Tue Aug 29 22:19:10 CST 2023
Final result exists and is not empty, skipped this sample.
Start find_circ for Pt20007_WEEK4 at Tue Aug 29 22:19:10 CST 2023
Final result exists and is not empty, skipped this sample.
Start CIRIquant for Pt90_SCREEN at Tue Aug 29 22:19:14 CST 2023
Final result exists and is not empty, skipped this sample.
Start circexplorer2 for Pt90_SCREEN at Tue Aug 29 22:19:12 CST 2023
Final result exists and is not empty, skipped this sample.
Start circRNA_finder for Pt90_SCREEN at Tue Aug 29 22:19:12 CST 2023
Final result exists and is not empty, skipped this sample.
Start find_circ for Pt90_SCREEN at Tue Aug 29 22:19:12 CST 2023
Final result exists and is not empty, skipped this sample.
Start CIRIquant for Pt80_WEEK4 at Tue Aug 29 22:19:16 CST 2023
Final result exists and is not empty, skipped this sample.
Start circexplorer2 for Pt80_WEEK4 at Tue Aug 29 22:19:14 CST 2023
Final result exists and is not empty, skipped this sample.
Start circRNA_finder for Pt80_WEEK4 at Tue Aug 29 22:19:14 CST 2023
Final result exists and is not empty, skipped this sample.
Start find_circ for Pt80_WEEK4 at Tue Aug 29 22:19:14 CST 2023
Final result exists and is not empty, skipped this sample.
Start CIRIquant for Pt101_SCREEN at Tue Aug 29 22:19:18 CST 2023
Final result exists and is not empty, skipped this sample.
Start circexplorer2 for Pt101_SCREEN at Tue Aug 29 22:19:16 CST 2023
Final result exists and is not empty, skipped this sample.
Start circRNA_finder for Pt101_SCREEN at Tue Aug 29 22:19:16 CST 2023
Final result exists and is not empty, skipped this sample.
Start find_circ for Pt101_SCREEN at Tue Aug 29 22:19:16 CST 2023
Final result exists and is not empty, skipped this sample.
Start CIRIquant for Pt44_SCREEN at Tue Aug 29 22:19:20 CST 2023
Final result exists and is not empty, skipped this sample.
Start circexplorer2 for Pt44_SCREEN at Tue Aug 29 22:19:18 CST 2023
Final result exists and is not empty, skipped this sample.
Start circRNA_finder for Pt44_SCREEN at Tue Aug 29 22:19:18 CST 2023
Final result exists and is not empty, skipped this sample.
Start find_circ for Pt44_SCREEN at Tue Aug 29 22:19:18 CST 2023
Final result exists and is not empty, skipped this sample.
Start CIRIquant for Pt66_SCREEN at Tue Aug 29 22:19:22 CST 2023
Final result exists and is not empty, skipped this sample.
Start circexplorer2 for Pt66_SCREEN at Tue Aug 29 22:19:20 CST 2023
Final result exists and is not empty, skipped this sample.
Start circRNA_finder for Pt66_SCREEN at Tue Aug 29 22:19:20 CST 2023
Final result exists and is not empty, skipped this sample.
Start find_circ for Pt66_SCREEN at Tue Aug 29 22:19:20 CST 2023
Final result exists and is not empty, skipped this sample.
Start CIRIquant for Pt101_WEEK4 at Tue Aug 29 22:19:24 CST 2023
Final result exists and is not empty, skipped this sample.
Start circexplorer2 for Pt101_WEEK4 at Tue Aug 29 22:19:22 CST 2023
Final result exists and is not empty, skipped this sample.
Start circRNA_finder for Pt101_WEEK4 at Tue Aug 29 22:19:22 CST 2023
Final result exists and is not empty, skipped this sample.
Start find_circ for Pt101_WEEK4 at Tue Aug 29 22:19:22 CST 2023
Final result exists and is not empty, skipped this sample.
Start CIRIquant for Pt26_WEEK4 at Tue Aug 29 22:19:27 CST 2023
Final result exists and is not empty, skipped this sample.
Start circexplorer2 for Pt26_WEEK4 at Tue Aug 29 22:19:25 CST 2023
Final result exists and is not empty, skipped this sample.
Start circRNA_finder for Pt26_WEEK4 at Tue Aug 29 22:19:25 CST 2023
Final result exists and is not empty, skipped this sample.
Start find_circ for Pt26_WEEK4 at Tue Aug 29 22:19:25 CST 2023
Final result exists and is not empty, skipped this sample.
Start CIRIquant for Pt89_WEEK4 at Tue Aug 29 22:19:29 CST 2023
Final result exists and is not empty, skipped this sample.
Start circexplorer2 for Pt89_WEEK4 at Tue Aug 29 22:19:27 CST 2023
Final result exists and is not empty, skipped this sample.
Start circRNA_finder for Pt89_WEEK4 at Tue Aug 29 22:19:27 CST 2023
Final result exists and is not empty, skipped this sample.
Start find_circ for Pt89_WEEK4 at Tue Aug 29 22:19:27 CST 2023
Final result exists and is not empty, skipped this sample.
Start CIRIquant for Pt85_SCREEN at Tue Aug 29 22:19:31 CST 2023
Final result exists and is not empty, skipped this sample.
Start circexplorer2 for Pt85_SCREEN at Tue Aug 29 22:19:29 CST 2023
Final result exists and is not empty, skipped this sample.
Start circRNA_finder for Pt85_SCREEN at Tue Aug 29 22:19:29 CST 2023
Final result exists and is not empty, skipped this sample.
Start find_circ for Pt85_SCREEN at Tue Aug 29 22:19:29 CST 2023
Final result exists and is not empty, skipped this sample.
Start CIRIquant for Pt84_SCREEN at Tue Aug 29 22:19:33 CST 2023
Final result exists and is not empty, skipped this sample.
Start circexplorer2 for Pt84_SCREEN at Tue Aug 29 22:19:31 CST 2023
Final result exists and is not empty, skipped this sample.
Start circRNA_finder for Pt84_SCREEN at Tue Aug 29 22:19:31 CST 2023
Final result exists and is not empty, skipped this sample.
Start find_circ for Pt84_SCREEN at Tue Aug 29 22:19:31 CST 2023
Final result exists and is not empty, skipped this sample.
Start CIRIquant for Pt20019_SCREEN at Tue Aug 29 22:19:35 CST 2023
Final result exists and is not empty, skipped this sample.
Start circexplorer2 for Pt20019_SCREEN at Tue Aug 29 22:19:33 CST 2023
Final result exists and is not empty, skipped this sample.
Start circRNA_finder for Pt20019_SCREEN at Tue Aug 29 22:19:33 CST 2023
Final result exists and is not empty, skipped this sample.
Start find_circ for Pt20019_SCREEN at Tue Aug 29 22:19:33 CST 2023
Final result exists and is not empty, skipped this sample.
Start CIRIquant for Pt79_SCREEN at Tue Aug 29 22:19:37 CST 2023
Final result exists and is not empty, skipped this sample.
Start circexplorer2 for Pt79_SCREEN at Tue Aug 29 22:19:35 CST 2023
Final result exists and is not empty, skipped this sample.
Start circRNA_finder for Pt79_SCREEN at Tue Aug 29 22:19:35 CST 2023
Final result exists and is not empty, skipped this sample.
Start find_circ for Pt79_SCREEN at Tue Aug 29 22:19:35 CST 2023
Final result exists and is not empty, skipped this sample.
Start CIRIquant for Pt20007_SCREEN at Tue Aug 29 22:19:39 CST 2023
Final result exists and is not empty, skipped this sample.
Start circexplorer2 for Pt20007_SCREEN at Tue Aug 29 22:19:37 CST 2023
Final result exists and is not empty, skipped this sample.
Start circRNA_finder for Pt20007_SCREEN at Tue Aug 29 22:19:37 CST 2023
Final result exists and is not empty, skipped this sample.
Start find_circ for Pt20007_SCREEN at Tue Aug 29 22:19:37 CST 2023
Final result exists and is not empty, skipped this sample.
Start CIRIquant for Pt20025_WEEK2 at Tue Aug 29 22:19:41 CST 2023
Final result exists and is not empty, skipped this sample.
Start circexplorer2 for Pt20025_WEEK2 at Tue Aug 29 22:19:39 CST 2023
Final result exists and is not empty, skipped this sample.
Start circRNA_finder for Pt20025_WEEK2 at Tue Aug 29 22:19:39 CST 2023
Final result exists and is not empty, skipped this sample.
Start find_circ for Pt20025_WEEK2 at Tue Aug 29 22:19:39 CST 2023
Final result exists and is not empty, skipped this sample.
Start CIRIquant for Pt44_WEEK4 at Tue Aug 29 22:19:43 CST 2023
Final result exists and is not empty, skipped this sample.
Start circexplorer2 for Pt44_WEEK4 at Tue Aug 29 22:19:41 CST 2023
Final result exists and is not empty, skipped this sample.
Start circRNA_finder for Pt44_WEEK4 at Tue Aug 29 22:19:41 CST 2023
Final result exists and is not empty, skipped this sample.
Start find_circ for Pt44_WEEK4 at Tue Aug 29 22:19:41 CST 2023
Final result exists and is not empty, skipped this sample.
Start CIRIquant for Pt109_WEEK4 at Tue Aug 29 22:19:45 CST 2023
Final result exists and is not empty, skipped this sample.
Start circexplorer2 for Pt109_WEEK4 at Tue Aug 29 22:19:43 CST 2023
Final result exists and is not empty, skipped this sample.
Start circRNA_finder for Pt109_WEEK4 at Tue Aug 29 22:19:43 CST 2023
Final result exists and is not empty, skipped this sample.
Start find_circ for Pt109_WEEK4 at Tue Aug 29 22:19:43 CST 2023
Final result exists and is not empty, skipped this sample.
Start CIRIquant for Pt93_WEEK4 at Tue Aug 29 22:19:48 CST 2023
Final result exists and is not empty, skipped this sample.
Start circexplorer2 for Pt93_WEEK4 at Tue Aug 29 22:19:45 CST 2023
Final result exists and is not empty, skipped this sample.
Start circRNA_finder for Pt93_WEEK4 at Tue Aug 29 22:19:45 CST 2023
Final result exists and is not empty, skipped this sample.
Start find_circ for Pt93_WEEK4 at Tue Aug 29 22:19:45 CST 2023
Final result exists and is not empty, skipped this sample.
Start CIRIquant for Pt79_WEEK4 at Tue Aug 29 22:19:50 CST 2023
Final result exists and is not empty, skipped this sample.
Start circexplorer2 for Pt79_WEEK4 at Tue Aug 29 22:19:48 CST 2023
Final result exists and is not empty, skipped this sample.
Start circRNA_finder for Pt79_WEEK4 at Tue Aug 29 22:19:48 CST 2023
Final result exists and is not empty, skipped this sample.
Start find_circ for Pt79_WEEK4 at Tue Aug 29 22:19:48 CST 2023
Final result exists and is not empty, skipped this sample.
Start CIRIquant for Pt92_SCREEN at Tue Aug 29 22:19:52 CST 2023
Final result exists and is not empty, skipped this sample.
Start circexplorer2 for Pt92_SCREEN at Tue Aug 29 22:19:50 CST 2023
Final result exists and is not empty, skipped this sample.
Start circRNA_finder for Pt92_SCREEN at Tue Aug 29 22:19:50 CST 2023
Final result exists and is not empty, skipped this sample.
Start find_circ for Pt92_SCREEN at Tue Aug 29 22:19:50 CST 2023
Final result exists and is not empty, skipped this sample.
Start CIRIquant for Pt8_SCREEN at Tue Aug 29 22:19:54 CST 2023
Final result exists and is not empty, skipped this sample.
Start circexplorer2 for Pt8_SCREEN at Tue Aug 29 22:19:52 CST 2023
Final result exists and is not empty, skipped this sample.
Start circRNA_finder for Pt8_SCREEN at Tue Aug 29 22:19:52 CST 2023
Final result exists and is not empty, skipped this sample.
Start find_circ for Pt8_SCREEN at Tue Aug 29 22:19:52 CST 2023
Final result exists and is not empty, skipped this sample.
Start CIRIquant for Pt87_WEEK4 at Tue Aug 29 22:19:56 CST 2023
Final result exists and is not empty, skipped this sample.
Start circexplorer2 for Pt87_WEEK4 at Tue Aug 29 22:19:54 CST 2023
Final result exists and is not empty, skipped this sample.
Start circRNA_finder for Pt87_WEEK4 at Tue Aug 29 22:19:54 CST 2023
Final result exists and is not empty, skipped this sample.
Start find_circ for Pt87_WEEK4 at Tue Aug 29 22:19:54 CST 2023
Final result exists and is not empty, skipped this sample.
Start CIRIquant for Pt26_SCREEN at Tue Aug 29 22:19:58 CST 2023
Final result exists and is not empty, skipped this sample.
Start circexplorer2 for Pt26_SCREEN at Tue Aug 29 22:19:56 CST 2023
Final result exists and is not empty, skipped this sample.
Start circRNA_finder for Pt26_SCREEN at Tue Aug 29 22:19:56 CST 2023
Final result exists and is not empty, skipped this sample.
Start find_circ for Pt26_SCREEN at Tue Aug 29 22:19:56 CST 2023
Final result exists and is not empty, skipped this sample.
Start CIRIquant for Pt92_WEEK4 at Tue Aug 29 22:20:00 CST 2023
Final result exists and is not empty, skipped this sample.
Start circexplorer2 for Pt92_WEEK4 at Tue Aug 29 22:19:58 CST 2023
Final result exists and is not empty, skipped this sample.
Start circRNA_finder for Pt92_WEEK4 at Tue Aug 29 22:19:58 CST 2023
Final result exists and is not empty, skipped this sample.
Start find_circ for Pt92_WEEK4 at Tue Aug 29 22:19:58 CST 2023
Final result exists and is not empty, skipped this sample.
Start CIRIquant for Pt11_SCREEN at Tue Aug 29 22:20:02 CST 2023
Final result exists and is not empty, skipped this sample.
Start circexplorer2 for Pt11_SCREEN at Tue Aug 29 22:20:00 CST 2023
Final result exists and is not empty, skipped this sample.
Start circRNA_finder for Pt11_SCREEN at Tue Aug 29 22:20:00 CST 2023
Final result exists and is not empty, skipped this sample.
Start find_circ for Pt11_SCREEN at Tue Aug 29 22:20:00 CST 2023
Final result exists and is not empty, skipped this sample.
Start CIRIquant for Pt28_SCREEN at Tue Aug 29 22:20:04 CST 2023
Final result exists and is not empty, skipped this sample.
Start circexplorer2 for Pt28_SCREEN at Tue Aug 29 22:20:02 CST 2023
Final result exists and is not empty, skipped this sample.
Start circRNA_finder for Pt28_SCREEN at Tue Aug 29 22:20:02 CST 2023
Final result exists and is not empty, skipped this sample.
Start find_circ for Pt28_SCREEN at Tue Aug 29 22:20:02 CST 2023
Final result exists and is not empty, skipped this sample.
Start CIRIquant for Pt16_WEEK4 at Tue Aug 29 22:20:06 CST 2023
Final result exists and is not empty, skipped this sample.
Start circexplorer2 for Pt16_WEEK4 at Tue Aug 29 22:20:04 CST 2023
Final result exists and is not empty, skipped this sample.
Start circRNA_finder for Pt16_WEEK4 at Tue Aug 29 22:20:04 CST 2023
Final result exists and is not empty, skipped this sample.
Start find_circ for Pt16_WEEK4 at Tue Aug 29 22:20:04 CST 2023
Final result exists and is not empty, skipped this sample.
Start CIRIquant for Pt78_SCREEN at Tue Aug 29 22:20:08 CST 2023
Final result exists and is not empty, skipped this sample.
Start circexplorer2 for Pt78_SCREEN at Tue Aug 29 22:20:06 CST 2023
Final result exists and is not empty, skipped this sample.
Start circRNA_finder for Pt78_SCREEN at Tue Aug 29 22:20:06 CST 2023
Final result exists and is not empty, skipped this sample.
Start find_circ for Pt78_SCREEN at Tue Aug 29 22:20:06 CST 2023
Final result exists and is not empty, skipped this sample.
Start CIRIquant for Pt20018_WEEK4 at Tue Aug 29 22:20:10 CST 2023
Final result exists and is not empty, skipped this sample.
Start circexplorer2 for Pt20018_WEEK4 at Tue Aug 29 22:20:08 CST 2023
Final result exists and is not empty, skipped this sample.
Start circRNA_finder for Pt20018_WEEK4 at Tue Aug 29 22:20:08 CST 2023
Final result exists and is not empty, skipped this sample.
Start find_circ for Pt20018_WEEK4 at Tue Aug 29 22:20:08 CST 2023
Final result exists and is not empty, skipped this sample.
