WARNING: fastp uses up to 16 threads although you specified 20
Read1 before filtering:
total reads: 55161923
total bases: 2813258073
Q20 bases: 2723185384(96.7983%)
Q30 bases: 2626127326(93.3483%)

Read2 before filtering:
total reads: 55161923
total bases: 2813258073
Q20 bases: 2657735235(94.4718%)
Q30 bases: 2517979297(89.504%)

Read1 after filtering:
total reads: 54765401
total bases: 2790580523
Q20 bases: 2703913589(96.8943%)
Q30 bases: 2608796471(93.4858%)

Read2 after filtering:
total reads: 54765401
total bases: 2790580523
Q20 bases: 2650819878(94.9917%)
Q30 bases: 2512562008(90.0373%)

Filtering result:
reads passed filter: 109530802
reads failed due to low quality: 738084
reads failed due to too many N: 54960
reads failed due to too short: 0
reads with adapter trimmed: 523168
bases trimmed due to adapters: 4921610

Duplication rate: 68.3008%

Insert size peak (evaluated by paired-end reads): 71

JSON report: /home/data/IO_RNA/EGA_IMmotion151/redownload_data_fq/WO29637_ngs_rna_targrna_EA-d4d8bcee3a_fastp.json
HTML report: /home/data/IO_RNA/EGA_IMmotion151/redownload_data_fq/WO29637_ngs_rna_targrna_EA-d4d8bcee3a_fastp.html

/home/circrna/miniconda3/bin/fastp -i /home/data/IO_RNA/EGA_IMmotion151/redownload_data/WO29637_ngs_rna_targrna_EA-d4d8bcee3a_1.fastq.gz -I /home/data/IO_RNA/EGA_IMmotion151/redownload_data/WO29637_ngs_rna_targrna_EA-d4d8bcee3a_2.fastq.gz -o /home/data/IO_RNA/EGA_IMmotion151/redownload_data_fq/WO29637_ngs_rna_targrna_EA-d4d8bcee3a_1.fastq.gz -O /home/data/IO_RNA/EGA_IMmotion151/redownload_data_fq/WO29637_ngs_rna_targrna_EA-d4d8bcee3a_2.fastq.gz -j /home/data/IO_RNA/EGA_IMmotion151/redownload_data_fq/WO29637_ngs_rna_targrna_EA-d4d8bcee3a_fastp.json -h /home/data/IO_RNA/EGA_IMmotion151/redownload_data_fq/WO29637_ngs_rna_targrna_EA-d4d8bcee3a_fastp.html -w 20 
fastp v0.23.4, time used: 192 seconds
WARNING: fastp uses up to 16 threads although you specified 20
Read1 before filtering:
total reads: 53026061
total bases: 2704329111
Q20 bases: 2646236734(97.8519%)
Q30 bases: 2581403993(95.4545%)

Read2 before filtering:
total reads: 53026061
total bases: 2704329111
Q20 bases: 2608993838(96.4747%)
Q30 bases: 2526905882(93.4393%)

Read1 after filtering:
total reads: 52682766
total bases: 2684467455
Q20 bases: 2627963445(97.8952%)
Q30 bases: 2564112442(95.5166%)

Read2 after filtering:
total reads: 52682766
total bases: 2684467455
Q20 bases: 2603162487(96.9713%)
Q30 bases: 2522188227(93.9549%)

Filtering result:
reads passed filter: 105365532
reads failed due to low quality: 623508
reads failed due to too many N: 63082
reads failed due to too short: 0
reads with adapter trimmed: 521920
bases trimmed due to adapters: 4723860

Duplication rate: 82.0826%

Insert size peak (evaluated by paired-end reads): 71

JSON report: /home/data/IO_RNA/EGA_IMmotion151/redownload_data_fq/WO29637_ngs_rna_targrna_EA-c5344ae21d_fastp.json
HTML report: /home/data/IO_RNA/EGA_IMmotion151/redownload_data_fq/WO29637_ngs_rna_targrna_EA-c5344ae21d_fastp.html

/home/circrna/miniconda3/bin/fastp -i /home/data/IO_RNA/EGA_IMmotion151/redownload_data/WO29637_ngs_rna_targrna_EA-c5344ae21d_1.fastq.gz -I /home/data/IO_RNA/EGA_IMmotion151/redownload_data/WO29637_ngs_rna_targrna_EA-c5344ae21d_2.fastq.gz -o /home/data/IO_RNA/EGA_IMmotion151/redownload_data_fq/WO29637_ngs_rna_targrna_EA-c5344ae21d_1.fastq.gz -O /home/data/IO_RNA/EGA_IMmotion151/redownload_data_fq/WO29637_ngs_rna_targrna_EA-c5344ae21d_2.fastq.gz -j /home/data/IO_RNA/EGA_IMmotion151/redownload_data_fq/WO29637_ngs_rna_targrna_EA-c5344ae21d_fastp.json -h /home/data/IO_RNA/EGA_IMmotion151/redownload_data_fq/WO29637_ngs_rna_targrna_EA-c5344ae21d_fastp.html -w 20 
fastp v0.23.4, time used: 197 seconds
WARNING: fastp uses up to 16 threads although you specified 20
Read1 before filtering:
total reads: 60443214
total bases: 3082603914
Q20 bases: 2993480722(97.1088%)
Q30 bases: 2894599857(93.9011%)

Read2 before filtering:
total reads: 60443214
total bases: 3082603914
Q20 bases: 2955370989(95.8726%)
Q30 bases: 2826394562(91.6885%)

Read1 after filtering:
total reads: 60254850
total bases: 3070749748
Q20 bases: 2983811443(97.1688%)
Q30 bases: 2886106588(93.987%)

Read2 after filtering:
total reads: 60254850
total bases: 3070749748
Q20 bases: 2950119231(96.0716%)
Q30 bases: 2822237814(91.9071%)

Filtering result:
reads passed filter: 120509700
reads failed due to low quality: 342528
reads failed due to too many N: 34200
reads failed due to too short: 0
reads with adapter trimmed: 452236
bases trimmed due to adapters: 4501496

Duplication rate: 72.2867%

Insert size peak (evaluated by paired-end reads): 71

JSON report: /home/data/IO_RNA/EGA_IMmotion151/redownload_data_fq/WO29637_ngs_rna_targrna_EA-29a39642e8_fastp.json
HTML report: /home/data/IO_RNA/EGA_IMmotion151/redownload_data_fq/WO29637_ngs_rna_targrna_EA-29a39642e8_fastp.html

/home/circrna/miniconda3/bin/fastp -i /home/data/IO_RNA/EGA_IMmotion151/redownload_data/WO29637_ngs_rna_targrna_EA-29a39642e8_1.fastq.gz -I /home/data/IO_RNA/EGA_IMmotion151/redownload_data/WO29637_ngs_rna_targrna_EA-29a39642e8_2.fastq.gz -o /home/data/IO_RNA/EGA_IMmotion151/redownload_data_fq/WO29637_ngs_rna_targrna_EA-29a39642e8_1.fastq.gz -O /home/data/IO_RNA/EGA_IMmotion151/redownload_data_fq/WO29637_ngs_rna_targrna_EA-29a39642e8_2.fastq.gz -j /home/data/IO_RNA/EGA_IMmotion151/redownload_data_fq/WO29637_ngs_rna_targrna_EA-29a39642e8_fastp.json -h /home/data/IO_RNA/EGA_IMmotion151/redownload_data_fq/WO29637_ngs_rna_targrna_EA-29a39642e8_fastp.html -w 20 
fastp v0.23.4, time used: 218 seconds
WARNING: fastp uses up to 16 threads although you specified 20
Read1 before filtering:
total reads: 52964105
total bases: 2701169355
Q20 bases: 2637825954(97.655%)
Q30 bases: 2566614262(95.0186%)

Read2 before filtering:
total reads: 52964105
total bases: 2701169355
Q20 bases: 2578803582(95.4699%)
Q30 bases: 2480549172(91.8324%)

Read1 after filtering:
total reads: 52487483
total bases: 2674965266
Q20 bases: 2614154711(97.7267%)
Q30 bases: 2544519020(95.1234%)

Read2 after filtering:
total reads: 52487483
total bases: 2674965266
Q20 bases: 2572984727(96.1876%)
Q30 bases: 2476450971(92.5788%)

Filtering result:
reads passed filter: 104974966
reads failed due to low quality: 941502
reads failed due to too many N: 11742
reads failed due to too short: 0
reads with adapter trimmed: 388674
bases trimmed due to adapters: 3802568

Duplication rate: 69.4651%

Insert size peak (evaluated by paired-end reads): 71

JSON report: /home/data/IO_RNA/EGA_IMmotion151/redownload_data_fq/WO29637_ngs_rna_targrna_EA-fc8a5243b9_fastp.json
HTML report: /home/data/IO_RNA/EGA_IMmotion151/redownload_data_fq/WO29637_ngs_rna_targrna_EA-fc8a5243b9_fastp.html

/home/circrna/miniconda3/bin/fastp -i /home/data/IO_RNA/EGA_IMmotion151/redownload_data/WO29637_ngs_rna_targrna_EA-fc8a5243b9_1.fastq.gz -I /home/data/IO_RNA/EGA_IMmotion151/redownload_data/WO29637_ngs_rna_targrna_EA-fc8a5243b9_2.fastq.gz -o /home/data/IO_RNA/EGA_IMmotion151/redownload_data_fq/WO29637_ngs_rna_targrna_EA-fc8a5243b9_1.fastq.gz -O /home/data/IO_RNA/EGA_IMmotion151/redownload_data_fq/WO29637_ngs_rna_targrna_EA-fc8a5243b9_2.fastq.gz -j /home/data/IO_RNA/EGA_IMmotion151/redownload_data_fq/WO29637_ngs_rna_targrna_EA-fc8a5243b9_fastp.json -h /home/data/IO_RNA/EGA_IMmotion151/redownload_data_fq/WO29637_ngs_rna_targrna_EA-fc8a5243b9_fastp.html -w 20 
fastp v0.23.4, time used: 197 seconds
WARNING: fastp uses up to 16 threads although you specified 20
Read1 before filtering:
total reads: 56280316
total bases: 2870296116
Q20 bases: 2813307292(98.0145%)
Q30 bases: 2748283581(95.7491%)

Read2 before filtering:
total reads: 56280316
total bases: 2870296116
Q20 bases: 2755781425(96.0104%)
Q30 bases: 2656351062(92.5462%)

Read1 after filtering:
total reads: 55942087
total bases: 2851361012
Q20 bases: 2796474826(98.0751%)
Q30 bases: 2732767380(95.8408%)

Read2 after filtering:
total reads: 55942087
total bases: 2851361012
Q20 bases: 2750371741(96.4582%)
Q30 bases: 2652194763(93.015%)

Filtering result:
reads passed filter: 111884174
reads failed due to low quality: 638556
reads failed due to too many N: 37902
reads failed due to too short: 0
reads with adapter trimmed: 322388
bases trimmed due to adapters: 3376516

Duplication rate: 46.8238%

Insert size peak (evaluated by paired-end reads): 71

JSON report: /home/data/IO_RNA/EGA_IMmotion151/redownload_data_fq/WO29637_ngs_rna_targrna_EA-1f1dc402a6_fastp.json
HTML report: /home/data/IO_RNA/EGA_IMmotion151/redownload_data_fq/WO29637_ngs_rna_targrna_EA-1f1dc402a6_fastp.html

/home/circrna/miniconda3/bin/fastp -i /home/data/IO_RNA/EGA_IMmotion151/redownload_data/WO29637_ngs_rna_targrna_EA-1f1dc402a6_1.fastq.gz -I /home/data/IO_RNA/EGA_IMmotion151/redownload_data/WO29637_ngs_rna_targrna_EA-1f1dc402a6_2.fastq.gz -o /home/data/IO_RNA/EGA_IMmotion151/redownload_data_fq/WO29637_ngs_rna_targrna_EA-1f1dc402a6_1.fastq.gz -O /home/data/IO_RNA/EGA_IMmotion151/redownload_data_fq/WO29637_ngs_rna_targrna_EA-1f1dc402a6_2.fastq.gz -j /home/data/IO_RNA/EGA_IMmotion151/redownload_data_fq/WO29637_ngs_rna_targrna_EA-1f1dc402a6_fastp.json -h /home/data/IO_RNA/EGA_IMmotion151/redownload_data_fq/WO29637_ngs_rna_targrna_EA-1f1dc402a6_fastp.html -w 20 
fastp v0.23.4, time used: 171 seconds
WARNING: fastp uses up to 16 threads although you specified 20
Read1 before filtering:
total reads: 50014179
total bases: 2550723129
Q20 bases: 2480848963(97.2606%)
Q30 bases: 2405934276(94.3236%)

Read2 before filtering:
total reads: 50014179
total bases: 2550723129
Q20 bases: 2436204836(95.5104%)
Q30 bases: 2329530181(91.3282%)

Read1 after filtering:
total reads: 49736236
total bases: 2534618923
Q20 bases: 2467119865(97.3369%)
Q30 bases: 2393655505(94.4385%)

Read2 after filtering:
total reads: 49736236
total bases: 2534618923
Q20 bases: 2430239837(95.8819%)
Q30 bases: 2324685108(91.7173%)

Filtering result:
reads passed filter: 99472472
reads failed due to low quality: 517956
reads failed due to too many N: 37930
reads failed due to too short: 0
reads with adapter trimmed: 406024
bases trimmed due to adapters: 3872448

Duplication rate: 72.014%

Insert size peak (evaluated by paired-end reads): 71

JSON report: /home/data/IO_RNA/EGA_IMmotion151/redownload_data_fq/WO29637_ngs_rna_targrna_EA-f57f80aa06_fastp.json
HTML report: /home/data/IO_RNA/EGA_IMmotion151/redownload_data_fq/WO29637_ngs_rna_targrna_EA-f57f80aa06_fastp.html

/home/circrna/miniconda3/bin/fastp -i /home/data/IO_RNA/EGA_IMmotion151/redownload_data/WO29637_ngs_rna_targrna_EA-f57f80aa06_1.fastq.gz -I /home/data/IO_RNA/EGA_IMmotion151/redownload_data/WO29637_ngs_rna_targrna_EA-f57f80aa06_2.fastq.gz -o /home/data/IO_RNA/EGA_IMmotion151/redownload_data_fq/WO29637_ngs_rna_targrna_EA-f57f80aa06_1.fastq.gz -O /home/data/IO_RNA/EGA_IMmotion151/redownload_data_fq/WO29637_ngs_rna_targrna_EA-f57f80aa06_2.fastq.gz -j /home/data/IO_RNA/EGA_IMmotion151/redownload_data_fq/WO29637_ngs_rna_targrna_EA-f57f80aa06_fastp.json -h /home/data/IO_RNA/EGA_IMmotion151/redownload_data_fq/WO29637_ngs_rna_targrna_EA-f57f80aa06_fastp.html -w 20 
fastp v0.23.4, time used: 144 seconds
WARNING: fastp uses up to 16 threads although you specified 20
Read1 before filtering:
total reads: 50968122
total bases: 2599374222
Q20 bases: 2527841679(97.2481%)
Q30 bases: 2450818808(94.285%)

Read2 before filtering:
total reads: 50968122
total bases: 2599374222
Q20 bases: 2463495376(94.7726%)
Q30 bases: 2343999998(90.1755%)

Read1 after filtering:
total reads: 50611533
total bases: 2579119687
Q20 bases: 2510883441(97.3543%)
Q30 bases: 2435933976(94.4483%)

Read2 after filtering:
total reads: 50611533
total bases: 2579119687
Q20 bases: 2456509817(95.2461%)
Q30 bases: 2338567898(90.6731%)

Filtering result:
reads passed filter: 101223066
reads failed due to low quality: 679610
reads failed due to too many N: 33568
reads failed due to too short: 0
reads with adapter trimmed: 395234
bases trimmed due to adapters: 4145098

Duplication rate: 59.1339%

Insert size peak (evaluated by paired-end reads): 71

JSON report: /home/data/IO_RNA/EGA_IMmotion151/redownload_data_fq/WO29637_ngs_rna_targrna_EA-339120376a_fastp.json
HTML report: /home/data/IO_RNA/EGA_IMmotion151/redownload_data_fq/WO29637_ngs_rna_targrna_EA-339120376a_fastp.html

/home/circrna/miniconda3/bin/fastp -i /home/data/IO_RNA/EGA_IMmotion151/redownload_data/WO29637_ngs_rna_targrna_EA-339120376a_1.fastq.gz -I /home/data/IO_RNA/EGA_IMmotion151/redownload_data/WO29637_ngs_rna_targrna_EA-339120376a_2.fastq.gz -o /home/data/IO_RNA/EGA_IMmotion151/redownload_data_fq/WO29637_ngs_rna_targrna_EA-339120376a_1.fastq.gz -O /home/data/IO_RNA/EGA_IMmotion151/redownload_data_fq/WO29637_ngs_rna_targrna_EA-339120376a_2.fastq.gz -j /home/data/IO_RNA/EGA_IMmotion151/redownload_data_fq/WO29637_ngs_rna_targrna_EA-339120376a_fastp.json -h /home/data/IO_RNA/EGA_IMmotion151/redownload_data_fq/WO29637_ngs_rna_targrna_EA-339120376a_fastp.html -w 20 
fastp v0.23.4, time used: 126 seconds
WARNING: fastp uses up to 16 threads although you specified 20
Read1 before filtering:
total reads: 55263145
total bases: 2818420395
Q20 bases: 2743978949(97.3588%)
Q30 bases: 2657920506(94.3053%)

Read2 before filtering:
total reads: 55263145
total bases: 2818420395
Q20 bases: 2703467391(95.9214%)
Q30 bases: 2587329259(91.8007%)

Read1 after filtering:
total reads: 55063561
total bases: 2804295000
Q20 bases: 2731860010(97.417%)
Q30 bases: 2647071039(94.3935%)

Read2 after filtering:
total reads: 55063561
total bases: 2804295000
Q20 bases: 2696776716(96.1659%)
Q30 bases: 2581949358(92.0712%)

Filtering result:
reads passed filter: 110127122
reads failed due to low quality: 350792
reads failed due to too many N: 48376
reads failed due to too short: 0
reads with adapter trimmed: 769814
bases trimmed due to adapters: 7908676

Duplication rate: 78.254%

Insert size peak (evaluated by paired-end reads): 71

JSON report: /home/data/IO_RNA/EGA_IMmotion151/redownload_data_fq/WO29637_ngs_rna_targrna_EA-2ede7ed4fb_fastp.json
HTML report: /home/data/IO_RNA/EGA_IMmotion151/redownload_data_fq/WO29637_ngs_rna_targrna_EA-2ede7ed4fb_fastp.html

/home/circrna/miniconda3/bin/fastp -i /home/data/IO_RNA/EGA_IMmotion151/redownload_data/WO29637_ngs_rna_targrna_EA-2ede7ed4fb_1.fastq.gz -I /home/data/IO_RNA/EGA_IMmotion151/redownload_data/WO29637_ngs_rna_targrna_EA-2ede7ed4fb_2.fastq.gz -o /home/data/IO_RNA/EGA_IMmotion151/redownload_data_fq/WO29637_ngs_rna_targrna_EA-2ede7ed4fb_1.fastq.gz -O /home/data/IO_RNA/EGA_IMmotion151/redownload_data_fq/WO29637_ngs_rna_targrna_EA-2ede7ed4fb_2.fastq.gz -j /home/data/IO_RNA/EGA_IMmotion151/redownload_data_fq/WO29637_ngs_rna_targrna_EA-2ede7ed4fb_fastp.json -h /home/data/IO_RNA/EGA_IMmotion151/redownload_data_fq/WO29637_ngs_rna_targrna_EA-2ede7ed4fb_fastp.html -w 20 
fastp v0.23.4, time used: 135 seconds
WARNING: fastp uses up to 16 threads although you specified 20
Read1 before filtering:
total reads: 45688627
total bases: 2330119977
Q20 bases: 2277058317(97.7228%)
Q30 bases: 2214015324(95.0172%)

Read2 before filtering:
total reads: 45688627
total bases: 2330119977
Q20 bases: 2240573289(96.157%)
Q30 bases: 2156393912(92.5443%)

Read1 after filtering:
total reads: 45309985
total bases: 2309220171
Q20 bases: 2258206542(97.7909%)
Q30 bases: 2196597493(95.1229%)

Read2 after filtering:
total reads: 45309985
total bases: 2309220171
Q20 bases: 2229842461(96.5626%)
Q30 bases: 2146919405(92.9716%)

Filtering result:
reads passed filter: 90619970
reads failed due to low quality: 417600
reads failed due to too many N: 339684
reads failed due to too short: 0
reads with adapter trimmed: 307892
bases trimmed due to adapters: 3183050

Duplication rate: 40.3255%

Insert size peak (evaluated by paired-end reads): 71

JSON report: /home/data/IO_RNA/EGA_IMmotion151/redownload_data_fq/WO29637_ngs_rna_targrna_EA-9a01ceb8ec_fastp.json
HTML report: /home/data/IO_RNA/EGA_IMmotion151/redownload_data_fq/WO29637_ngs_rna_targrna_EA-9a01ceb8ec_fastp.html

/home/circrna/miniconda3/bin/fastp -i /home/data/IO_RNA/EGA_IMmotion151/redownload_data/WO29637_ngs_rna_targrna_EA-9a01ceb8ec_1.fastq.gz -I /home/data/IO_RNA/EGA_IMmotion151/redownload_data/WO29637_ngs_rna_targrna_EA-9a01ceb8ec_2.fastq.gz -o /home/data/IO_RNA/EGA_IMmotion151/redownload_data_fq/WO29637_ngs_rna_targrna_EA-9a01ceb8ec_1.fastq.gz -O /home/data/IO_RNA/EGA_IMmotion151/redownload_data_fq/WO29637_ngs_rna_targrna_EA-9a01ceb8ec_2.fastq.gz -j /home/data/IO_RNA/EGA_IMmotion151/redownload_data_fq/WO29637_ngs_rna_targrna_EA-9a01ceb8ec_fastp.json -h /home/data/IO_RNA/EGA_IMmotion151/redownload_data_fq/WO29637_ngs_rna_targrna_EA-9a01ceb8ec_fastp.html -w 20 
fastp v0.23.4, time used: 127 seconds
WARNING: fastp uses up to 16 threads although you specified 20
Read1 before filtering:
total reads: 56306294
total bases: 2871620994
Q20 bases: 2806493839(97.732%)
Q30 bases: 2733223514(95.1805%)

Read2 before filtering:
total reads: 56306294
total bases: 2871620994
Q20 bases: 2759745021(96.1041%)
Q30 bases: 2659074504(92.5984%)

Read1 after filtering:
total reads: 56107456
total bases: 2859403165
Q20 bases: 2796454609(97.7985%)
Q30 bases: 2724180245(95.2709%)

Read2 after filtering:
total reads: 56107456
total bases: 2859403165
Q20 bases: 2754782010(96.3412%)
Q30 bases: 2655047572(92.8532%)

Filtering result:
reads passed filter: 112214912
reads failed due to low quality: 380176
reads failed due to too many N: 17500
reads failed due to too short: 0
reads with adapter trimmed: 444640
bases trimmed due to adapters: 4174866

Duplication rate: 80.3102%

Insert size peak (evaluated by paired-end reads): 71

JSON report: /home/data/IO_RNA/EGA_IMmotion151/redownload_data_fq/WO29637_ngs_rna_targrna_EA-3611b2e388_fastp.json
HTML report: /home/data/IO_RNA/EGA_IMmotion151/redownload_data_fq/WO29637_ngs_rna_targrna_EA-3611b2e388_fastp.html

/home/circrna/miniconda3/bin/fastp -i /home/data/IO_RNA/EGA_IMmotion151/redownload_data/WO29637_ngs_rna_targrna_EA-3611b2e388_1.fastq.gz -I /home/data/IO_RNA/EGA_IMmotion151/redownload_data/WO29637_ngs_rna_targrna_EA-3611b2e388_2.fastq.gz -o /home/data/IO_RNA/EGA_IMmotion151/redownload_data_fq/WO29637_ngs_rna_targrna_EA-3611b2e388_1.fastq.gz -O /home/data/IO_RNA/EGA_IMmotion151/redownload_data_fq/WO29637_ngs_rna_targrna_EA-3611b2e388_2.fastq.gz -j /home/data/IO_RNA/EGA_IMmotion151/redownload_data_fq/WO29637_ngs_rna_targrna_EA-3611b2e388_fastp.json -h /home/data/IO_RNA/EGA_IMmotion151/redownload_data_fq/WO29637_ngs_rna_targrna_EA-3611b2e388_fastp.html -w 20 
fastp v0.23.4, time used: 135 seconds
WARNING: fastp uses up to 16 threads although you specified 20
Read1 before filtering:
total reads: 51116923
total bases: 2606963073
Q20 bases: 2538010588(97.3551%)
Q30 bases: 2461202385(94.4088%)

Read2 before filtering:
total reads: 51116923
total bases: 2606963073
Q20 bases: 2507006362(96.1658%)
Q30 bases: 2405654693(92.2781%)

Read1 after filtering:
total reads: 50991473
total bases: 2598592280
Q20 bases: 2531085780(97.4022%)
Q30 bases: 2455056640(94.4764%)

Read2 after filtering:
total reads: 50991473
total bases: 2598592280
Q20 bases: 2503321371(96.3337%)
Q30 bases: 2402697336(92.4615%)

Filtering result:
reads passed filter: 101982946
reads failed due to low quality: 246290
reads failed due to too many N: 4610
reads failed due to too short: 0
reads with adapter trimmed: 385434
bases trimmed due to adapters: 3952974

Duplication rate: 59.4047%

Insert size peak (evaluated by paired-end reads): 71

JSON report: /home/data/IO_RNA/EGA_IMmotion151/redownload_data_fq/WO29637_ngs_rna_targrna_EA-ae5becfa20_fastp.json
HTML report: /home/data/IO_RNA/EGA_IMmotion151/redownload_data_fq/WO29637_ngs_rna_targrna_EA-ae5becfa20_fastp.html

/home/circrna/miniconda3/bin/fastp -i /home/data/IO_RNA/EGA_IMmotion151/redownload_data/WO29637_ngs_rna_targrna_EA-ae5becfa20_1.fastq.gz -I /home/data/IO_RNA/EGA_IMmotion151/redownload_data/WO29637_ngs_rna_targrna_EA-ae5becfa20_2.fastq.gz -o /home/data/IO_RNA/EGA_IMmotion151/redownload_data_fq/WO29637_ngs_rna_targrna_EA-ae5becfa20_1.fastq.gz -O /home/data/IO_RNA/EGA_IMmotion151/redownload_data_fq/WO29637_ngs_rna_targrna_EA-ae5becfa20_2.fastq.gz -j /home/data/IO_RNA/EGA_IMmotion151/redownload_data_fq/WO29637_ngs_rna_targrna_EA-ae5becfa20_fastp.json -h /home/data/IO_RNA/EGA_IMmotion151/redownload_data_fq/WO29637_ngs_rna_targrna_EA-ae5becfa20_fastp.html -w 20 
fastp v0.23.4, time used: 127 seconds
WARNING: fastp uses up to 16 threads although you specified 20
Read1 before filtering:
total reads: 53823003
total bases: 2744973153
Q20 bases: 2671872601(97.3369%)
Q30 bases: 2590263922(94.3639%)

Read2 before filtering:
total reads: 53823003
total bases: 2744973153
Q20 bases: 2604267676(94.8741%)
Q30 bases: 2475704329(90.1905%)

Read1 after filtering:
total reads: 53537558
total bases: 2728471927
Q20 bases: 2657987764(97.4167%)
Q30 bases: 2577979106(94.4844%)

Read2 after filtering:
total reads: 53537558
total bases: 2728471927
Q20 bases: 2597207491(95.1891%)
Q30 bases: 2470132493(90.5317%)

Filtering result:
reads passed filter: 107075116
reads failed due to low quality: 442136
reads failed due to too many N: 128754
reads failed due to too short: 0
reads with adapter trimmed: 366362
bases trimmed due to adapters: 3896808

Duplication rate: 54.2841%

Insert size peak (evaluated by paired-end reads): 71

JSON report: /home/data/IO_RNA/EGA_IMmotion151/redownload_data_fq/WO29637_ngs_rna_targrna_EA-c852ee710e_fastp.json
HTML report: /home/data/IO_RNA/EGA_IMmotion151/redownload_data_fq/WO29637_ngs_rna_targrna_EA-c852ee710e_fastp.html

/home/circrna/miniconda3/bin/fastp -i /home/data/IO_RNA/EGA_IMmotion151/redownload_data/WO29637_ngs_rna_targrna_EA-c852ee710e_1.fastq.gz -I /home/data/IO_RNA/EGA_IMmotion151/redownload_data/WO29637_ngs_rna_targrna_EA-c852ee710e_2.fastq.gz -o /home/data/IO_RNA/EGA_IMmotion151/redownload_data_fq/WO29637_ngs_rna_targrna_EA-c852ee710e_1.fastq.gz -O /home/data/IO_RNA/EGA_IMmotion151/redownload_data_fq/WO29637_ngs_rna_targrna_EA-c852ee710e_2.fastq.gz -j /home/data/IO_RNA/EGA_IMmotion151/redownload_data_fq/WO29637_ngs_rna_targrna_EA-c852ee710e_fastp.json -h /home/data/IO_RNA/EGA_IMmotion151/redownload_data_fq/WO29637_ngs_rna_targrna_EA-c852ee710e_fastp.html -w 20 
fastp v0.23.4, time used: 169 seconds
WARNING: fastp uses up to 16 threads although you specified 20
Read1 before filtering:
total reads: 48040277
total bases: 2450054127
Q20 bases: 2398378733(97.8908%)
Q30 bases: 2339641335(95.4935%)

Read2 before filtering:
total reads: 48040277
total bases: 2450054127
Q20 bases: 2357539769(96.224%)
Q30 bases: 2275147739(92.8611%)

Read1 after filtering:
total reads: 47816684
total bases: 2436960713
Q20 bases: 2386946761(97.9477%)
Q30 bases: 2329086285(95.5734%)

Read2 after filtering:
total reads: 47816684
total bases: 2436960713
Q20 bases: 2353157404(96.5612%)
Q30 bases: 2271590343(93.2141%)

Filtering result:
reads passed filter: 95633368
reads failed due to low quality: 417678
reads failed due to too many N: 29508
reads failed due to too short: 0
reads with adapter trimmed: 371772
bases trimmed due to adapters: 3392388

Duplication rate: 84.9209%

Insert size peak (evaluated by paired-end reads): 71

JSON report: /home/data/IO_RNA/EGA_IMmotion151/redownload_data_fq/WO29637_ngs_rna_targrna_EA-e390ead07c_fastp.json
HTML report: /home/data/IO_RNA/EGA_IMmotion151/redownload_data_fq/WO29637_ngs_rna_targrna_EA-e390ead07c_fastp.html

/home/circrna/miniconda3/bin/fastp -i /home/data/IO_RNA/EGA_IMmotion151/redownload_data/WO29637_ngs_rna_targrna_EA-e390ead07c_1.fastq.gz -I /home/data/IO_RNA/EGA_IMmotion151/redownload_data/WO29637_ngs_rna_targrna_EA-e390ead07c_2.fastq.gz -o /home/data/IO_RNA/EGA_IMmotion151/redownload_data_fq/WO29637_ngs_rna_targrna_EA-e390ead07c_1.fastq.gz -O /home/data/IO_RNA/EGA_IMmotion151/redownload_data_fq/WO29637_ngs_rna_targrna_EA-e390ead07c_2.fastq.gz -j /home/data/IO_RNA/EGA_IMmotion151/redownload_data_fq/WO29637_ngs_rna_targrna_EA-e390ead07c_fastp.json -h /home/data/IO_RNA/EGA_IMmotion151/redownload_data_fq/WO29637_ngs_rna_targrna_EA-e390ead07c_fastp.html -w 20 
fastp v0.23.4, time used: 139 seconds
WARNING: fastp uses up to 16 threads although you specified 20
